.Scenario 'org.eclipse.swt.test.Create composites' (average over 100 samples):
  System Time:             719ms        (95% in [702ms, 737ms])        Measurable effect: 35ms (0.4 SDs)
  Used Java Heap:      -368.61K         (95% in [-2.99M, 2.27M])       Measurable effect: 5.3M (0.4 SDs) (required sample size for an effect of 5% of stdev: 6400)
  Working Set:           17.98M         (95% in [15.86M, 20.11M])      Measurable effect: 4.29M (0.4 SDs) (required sample size for an effect of 5% of mean: 2276)
  Kernel time:              10ms        (95% in [8ms, 11ms])           Measurable effect: 3ms (0.4 SDs) (required sample size for an effect of 5% of mean: 3621)
  CPU Time:                722ms        (95% in [705ms, 739ms])        Measurable effect: 33ms (0.4 SDs)
  Hard Page Faults:          0          (95% in [0, 0])               
  Soft Page Faults:       5.45K         (95% in [4.37K, 6.54K])        Measurable effect: 2.19K (0.4 SDs) (required sample size for an effect of 5% of stdev: 6400)
  Text Size:                 0          (95% in [0, 0])               
  Data Size:                 0          (95% in [0, 0])               
  Library Size:          17.76M         (95% in [15.64M, 19.89M])      Measurable effect: 4.29M (0.4 SDs) (required sample size for an effect of 5% of mean: 2330)

.Scenario 'org.eclipse.swt.test.Create composites and widgets' (average over 10 samples):
  System Time:            3.92s         (95% in [3.56s, 4.27s])        Measurable effect: 629ms (1.3 SDs) (required sample size for an effect of 5% of mean: 104)
  Used Java Heap:        -3.23M         (95% in [-20.3M, 13.85M])      Measurable effect: 30.19M (1.3 SDs) (required sample size for an effect of 5% of stdev: 6401)
  Working Set:           57.46M         (95% in [11.53M, 103.38M])     Measurable effect: 81.2M (1.3 SDs) (required sample size for an effect of 5% of stdev: 6400)
  Kernel time:              33ms        (95% in [10ms, 55ms])          Measurable effect: 40ms (1.3 SDs) (required sample size for an effect of 5% of mean: 6015)
  CPU Time:               4.03s         (95% in [3.61s, 4.45s])        Measurable effect: 738ms (1.3 SDs) (required sample size for an effect of 5% of mean: 135)
  Hard Page Faults:          0          (95% in [0, 0])               
  Soft Page Faults:       19.2K         (95% in [1.94K, 36.47K])       Measurable effect: 30.53K (1.3 SDs) (required sample size for an effect of 5% of stdev: 6401)
  Text Size:                 0          (95% in [0, 0])               
  Data Size:                 0          (95% in [0, 0])               
  Library Size:          57.09M         (95% in [11.1M, 103.09M])      Measurable effect: 81.33M (1.3 SDs) (required sample size for an effect of 5% of stdev: 6400)

.Scenario 'org.eclipse.swt.test.Draw on an image' (average over 10 samples):
  System Time:            1.21s         (95% in [1.17s, 1.24s])        Measurable effect: 63ms (1.3 SDs) (required sample size for an effect of 5% of mean: 12)
  Used Java Heap:       789.95K         (95% in [194.28K, 1.35M])      Measurable effect: 1.03M (1.3 SDs) (required sample size for an effect of 5% of stdev: 6400)
  Working Set:              26K         (95% in [-32.82K, 84.82K])     Measurable effect: 104K (1.3 SDs) (required sample size for an effect of 5% of stdev: 6401)
  Kernel time:               1ms        (95% in [-1ms, 3ms])           Measurable effect: 4ms (1.3 SDs) (required sample size for an effect of 5% of stdev: 6400)
  CPU Time:               1.22s         (95% in [1.17s, 1.26s])        Measurable effect: 79ms (1.3 SDs) (required sample size for an effect of 5% of mean: 18)
  Hard Page Faults:          0          (95% in [0, 0])               
  Soft Page Faults:          3          (95% in [-4, 11])              Measurable effect: 13 (1.3 SDs) (required sample size for an effect of 5% of stdev: 6400)
  Text Size:                 0          (95% in [0, 0])               
  Data Size:                 0          (95% in [0, 0])               
  Library Size:              0          (95% in [0, 0])               

.Scenario 'org.eclipse.swt.test.Draw on a window' (average over 10 samples):
  System Time:              10ms        (95% in [8ms, 12ms])           Measurable effect: 3ms (1.3 SDs) (required sample size for an effect of 5% of mean: 437)
  Used Java Heap:       473.98K         (95% in [-71.98K, 1,019.93K])  Measurable effect: 965.35K (1.3 SDs) (required sample size for an effect of 5% of stdev: 6401)
  Working Set:               0          (95% in [0, 0])               
  Kernel time:               0ms        (95% in [0ms, 0ms])           
  CPU Time:                 15ms        (95% in [5ms, 24ms])           Measurable effect: 16ms (1.3 SDs) (required sample size for an effect of 5% of mean: 4583)
  Hard Page Faults:          0          (95% in [0, 0])               
  Soft Page Faults:          0          (95% in [0, 0])                Measurable effect: 0 (1.3 SDs) (required sample size for an effect of 5% of stdev: 6400)
  Text Size:                 0          (95% in [0, 0])               
  Data Size:                 0          (95% in [0, 0])               
  Library Size:              0          (95% in [0, 0])               

.Scenario 'org.eclipse.swt.test.Draw strings using GC.drawText' (average over 10 samples):
  System Time:            2.34s         (95% in [2.33s, 2.35s])        Measurable effect: 22ms (1.3 SDs)
  Used Java Heap:         3.55M         (95% in [3.02M, 4.08M])        Measurable effect: 965.3K (1.3 SDs) (required sample size for an effect of 5% of mean: 283)
  Working Set:            34.8K         (95% in [-27.95K, 97.55K])     Measurable effect: 110.96K (1.3 SDs) (required sample size for an effect of 5% of stdev: 6401)
  Kernel time:               1ms        (95% in [-1ms, 3ms])           Measurable effect: 4ms (1.3 SDs) (required sample size for an effect of 5% of stdev: 6400)
  CPU Time:               2.36s         (95% in [2.32s, 2.4s])         Measurable effect: 70ms (1.3 SDs)
  Hard Page Faults:          0          (95% in [0, 0])               
  Soft Page Faults:          7          (95% in [-5, 21])              Measurable effect: 23 (1.3 SDs) (required sample size for an effect of 5% of stdev: 6401)
  Text Size:                 0          (95% in [0, 0])               
  Data Size:                 0          (95% in [0, 0])               
  Library Size:           19.6K         (95% in [-11.64K, 50.84K])     Measurable effect: 55.24K (1.3 SDs) (required sample size for an effect of 5% of stdev: 6401)

.Scenario 'org.eclipse.swt.test.Draw strings using GC.drawString()' (average over 10 samples):
  System Time:              63ms        (95% in [61ms, 65ms])          Measurable effect: 3ms (1.3 SDs)
  Used Java Heap:          158K         (95% in [-199.43K, 515.42K])   Measurable effect: 632K (1.3 SDs) (required sample size for an effect of 5% of stdev: 6401)
  Working Set:               0          (95% in [0, 0])               
  Kernel time:               0ms        (95% in [0ms, 0ms])           
  CPU Time:                 64ms        (95% in [60ms, 67ms])          Measurable effect: 6ms (1.3 SDs) (required sample size for an effect of 5% of mean: 42)
  Hard Page Faults:          0          (95% in [0, 0])               
  Soft Page Faults:          0          (95% in [0, 0])                Measurable effect: 0 (1.3 SDs) (required sample size for an effect of 5% of stdev: 6400)
  Text Size:                 0          (95% in [0, 0])               
  Data Size:                 0          (95% in [0, 0])               
  Library Size:              0          (95% in [0, 0])               

.Scenario 'org.eclipse.swt.test.Layout Composites' (average over 10 samples):
  System Time:              50ms        (95% in [43ms, 57ms])          Measurable effect: 12ms (1.3 SDs) (required sample size for an effect of 5% of mean: 231)
  Used Java Heap:       789.94K         (95% in [194.27K, 1.35M])      Measurable effect: 1.03M (1.3 SDs) (required sample size for an effect of 5% of stdev: 6401)
  Working Set:           461.2K         (95% in [-582.13K, 1.47M])     Measurable effect: 1.8M (1.3 SDs) (required sample size for an effect of 5% of stdev: 6401)
  Kernel time:               0ms        (95% in [0ms, 0ms])           
  CPU Time:                 78ms        (95% in [48ms, 107ms])         Measurable effect: 52ms (1.3 SDs) (required sample size for an effect of 5% of mean: 1843)
  Hard Page Faults:          0          (95% in [0, 0])               
  Soft Page Faults:        114          (95% in [-144, 373])           Measurable effect: 458 (1.3 SDs) (required sample size for an effect of 5% of stdev: 6400)
  Text Size:                 0          (95% in [0, 0])               
  Data Size:                 0          (95% in [0, 0])               
  Library Size:          467.2K         (95% in [-589.7K, 1.49M])      Measurable effect: 1.82M (1.3 SDs) (required sample size for an effect of 5% of stdev: 6400)


Time: 422.637

OK (7 tests)

no new datapoints in DB
disconnecting from DB
