.Scenario 'org.eclipse.swt.test.Create composites' (average over 100 samples):
  System Time:             721ms        (95% in [704ms, 739ms])        Measurable effect: 34ms (0.4 SDs)
  Used Java Heap:      -365.64K         (95% in [-2.98M, 2.27M])       Measurable effect: 5.29M (0.4 SDs) (required sample size for an effect of 5% of stdev: 6400)
  Working Set:           17.81M         (95% in [15.63M, 19.99M])      Measurable effect: 4.39M (0.4 SDs) (required sample size for an effect of 5% of mean: 2431)
  Kernel time:               9ms        (95% in [7ms, 10ms])           Measurable effect: 2ms (0.4 SDs) (required sample size for an effect of 5% of mean: 3294)
  CPU Time:                723ms        (95% in [706ms, 740ms])        Measurable effect: 34ms (0.4 SDs)
  Hard Page Faults:          0          (95% in [0, 0])               
  Soft Page Faults:       5.41K         (95% in [4.31K, 6.5K])         Measurable effect: 2.2K (0.4 SDs) (required sample size for an effect of 5% of stdev: 6401)
  Text Size:                 0          (95% in [0, 0])               
  Data Size:                 0          (95% in [0, 0])               
  Library Size:          17.57M         (95% in [15.4M, 19.74M])       Measurable effect: 4.38M (0.4 SDs) (required sample size for an effect of 5% of mean: 2485)

.Scenario 'org.eclipse.swt.test.Create composites and widgets' (average over 10 samples):
  System Time:            4.04s         (95% in [3.68s, 4.4s])         Measurable effect: 636ms (1.3 SDs) (required sample size for an effect of 5% of mean: 100)
  Used Java Heap:        -3.24M         (95% in [-20.33M, 13.86M])     Measurable effect: 30.23M (1.3 SDs) (required sample size for an effect of 5% of stdev: 6400)
  Working Set:           58.33M         (95% in [11.98M, 104.68M])     Measurable effect: 81.95M (1.3 SDs) (required sample size for an effect of 5% of stdev: 6401)
  Kernel time:              40ms        (95% in [14ms, 65ms])          Measurable effect: 45ms (1.3 SDs) (required sample size for an effect of 5% of mean: 5067)
  CPU Time:               4.17s         (95% in [3.71s, 4.63s])        Measurable effect: 821ms (1.3 SDs) (required sample size for an effect of 5% of mean: 156)
  Hard Page Faults:          0          (95% in [0, 0])               
  Soft Page Faults:      19.43K         (95% in [2.13K, 36.74K])       Measurable effect: 30.59K (1.3 SDs) (required sample size for an effect of 5% of stdev: 6401)
  Text Size:                 0          (95% in [0, 0])               
  Data Size:                 0          (95% in [0, 0])               
  Library Size:          56.39M         (95% in [11.94M, 100.84M])     Measurable effect: 78.6M (1.3 SDs) (required sample size for an effect of 5% of stdev: 6400)

.E.E.E.E.Scenario 'org.eclipse.swt.test.Layout Composites' (average over 10 samples):
  System Time:              64ms        (95% in [56ms, 71ms])          Measurable effect: 13ms (1.3 SDs) (required sample size for an effect of 5% of mean: 166)
  Used Java Heap:       653.92K         (95% in [81.78K, 1.2M])        Measurable effect: 1,011.65K (1.3 SDs) (required sample size for an effect of 5% of stdev: 6401)
  Working Set:           372.4K         (95% in [-470.04K, 1.19M])     Measurable effect: 1.45M (1.3 SDs) (required sample size for an effect of 5% of stdev: 6400)
  Kernel time:               0ms        (95% in [0ms, 0ms])           
  CPU Time:                107ms        (95% in [76ms, 137ms])         Measurable effect: 53ms (1.3 SDs) (required sample size for an effect of 5% of mean: 995)
  Hard Page Faults:          0          (95% in [0, 0])               
  Soft Page Faults:         96          (95% in [-120, 312])           Measurable effect: 383 (1.3 SDs) (required sample size for an effect of 5% of stdev: 6400)
  Text Size:                 0          (95% in [0, 0])               
  Data Size:                 0          (95% in [0, 0])               
  Library Size:          399.6K         (95% in [-504.38K, 1.27M])     Measurable effect: 1.56M (1.3 SDs) (required sample size for an effect of 5% of stdev: 6400)


Time: 341.12
There were 4 errors:
1) test_imageDrawing(org.eclipse.swt.tests.junit.performance.Test_situational)java.lang.Error: Unresolved compilation problems: 
	cairo_rectangle_int_t cannot be resolved to a type
	cairo_rectangle_int_t cannot be resolved to a type

	at org.eclipse.swt.graphics.GC.getClippingInPixels(GC.java:2028)
	at org.eclipse.swt.graphics.GC.getClipping(GC.java:2013)
	at org.eclipse.swt.graphics.GC.init(GC.java:2597)
	at org.eclipse.swt.graphics.GC.<init>(GC.java:187)
	at org.eclipse.swt.graphics.GC.<init>(GC.java:146)
	at org.eclipse.swt.tests.junit.performance.Test_situational.test_imageDrawing(Test_situational.java:241)
	at org.eclipse.swt.tests.junit.performance.Test_situational.runTest(Test_situational.java:432)
	at org.eclipse.swt.tests.junit.performance.Test_situational.main(Test_situational.java:59)
2) test_windowDrawing(org.eclipse.swt.tests.junit.performance.Test_situational)java.lang.Error: Unresolved compilation problems: 
	cairo_rectangle_int_t cannot be resolved to a type
	cairo_rectangle_int_t cannot be resolved to a type

	at org.eclipse.swt.graphics.GC.getClippingInPixels(GC.java:2028)
	at org.eclipse.swt.graphics.GC.getClipping(GC.java:2013)
	at org.eclipse.swt.graphics.GC.init(GC.java:2597)
	at org.eclipse.swt.graphics.GC.<init>(GC.java:187)
	at org.eclipse.swt.graphics.GC.<init>(GC.java:146)
	at org.eclipse.swt.tests.junit.performance.Test_situational.test_windowDrawing(Test_situational.java:291)
	at org.eclipse.swt.tests.junit.performance.Test_situational.runTest(Test_situational.java:433)
	at org.eclipse.swt.tests.junit.performance.Test_situational.main(Test_situational.java:59)
3) test_stringDrawing(org.eclipse.swt.tests.junit.performance.Test_situational)java.lang.Error: Unresolved compilation problems: 
	cairo_rectangle_int_t cannot be resolved to a type
	cairo_rectangle_int_t cannot be resolved to a type

	at org.eclipse.swt.graphics.GC.getClippingInPixels(GC.java:2028)
	at org.eclipse.swt.graphics.GC.getClipping(GC.java:2013)
	at org.eclipse.swt.graphics.GC.init(GC.java:2597)
	at org.eclipse.swt.graphics.GC.<init>(GC.java:187)
	at org.eclipse.swt.graphics.GC.<init>(GC.java:146)
	at org.eclipse.swt.tests.junit.performance.Test_situational.test_stringDrawing(Test_situational.java:339)
	at org.eclipse.swt.tests.junit.performance.Test_situational.runTest(Test_situational.java:434)
	at org.eclipse.swt.tests.junit.performance.Test_situational.main(Test_situational.java:59)
4) test_fastStringDrawing(org.eclipse.swt.tests.junit.performance.Test_situational)java.lang.Error: Unresolved compilation problems: 
	cairo_rectangle_int_t cannot be resolved to a type
	cairo_rectangle_int_t cannot be resolved to a type

	at org.eclipse.swt.graphics.GC.getClippingInPixels(GC.java:2028)
	at org.eclipse.swt.graphics.GC.getClipping(GC.java:2013)
	at org.eclipse.swt.graphics.GC.init(GC.java:2597)
	at org.eclipse.swt.graphics.GC.<init>(GC.java:187)
	at org.eclipse.swt.graphics.GC.<init>(GC.java:146)
	at org.eclipse.swt.tests.junit.performance.Test_situational.test_fastStringDrawing(Test_situational.java:387)
	at org.eclipse.swt.tests.junit.performance.Test_situational.runTest(Test_situational.java:435)
	at org.eclipse.swt.tests.junit.performance.Test_situational.main(Test_situational.java:59)

FAILURES!!!
Tests run: 7,  Failures: 0,  Errors: 4

no new datapoints in DB
disconnecting from DB
