.Scenario 'org.eclipse.swt.test.Create composites' (average over 100 samples):
  System Time:             724ms        (95% in [706ms, 742ms])        Measurable effect: 36ms (0.4 SDs)
  Used Java Heap:      -368.13K         (95% in [-2.99M, 2.27M])       Measurable effect: 5.3M (0.4 SDs) (required sample size for an effect of 5% of stdev: 6400)
  Working Set:           17.99M         (95% in [15.86M, 20.12M])      Measurable effect: 4.28M (0.4 SDs) (required sample size for an effect of 5% of mean: 2269)
  Kernel time:              10ms        (95% in [8ms, 11ms])           Measurable effect: 3ms (0.4 SDs) (required sample size for an effect of 5% of mean: 3621)
  CPU Time:                726ms        (95% in [709ms, 743ms])        Measurable effect: 34ms (0.4 SDs)
  Hard Page Faults:          0          (95% in [0, 0])               
  Soft Page Faults:       5.45K         (95% in [4.37K, 6.54K])        Measurable effect: 2.18K (0.4 SDs) (required sample size for an effect of 5% of stdev: 6401)
  Text Size:                 0          (95% in [0, 0])               
  Data Size:                 0          (95% in [0, 0])               
  Library Size:          17.76M         (95% in [15.64M, 19.88M])      Measurable effect: 4.28M (0.4 SDs) (required sample size for an effect of 5% of mean: 2322)

.Scenario 'org.eclipse.swt.test.Create composites and widgets' (average over 10 samples):
  System Time:            3.97s         (95% in [3.6s, 4.33s])         Measurable effect: 646ms (1.3 SDs) (required sample size for an effect of 5% of mean: 107)
  Used Java Heap:        -3.23M         (95% in [-20.32M, 13.85M])     Measurable effect: 30.21M (1.3 SDs) (required sample size for an effect of 5% of stdev: 6400)
  Working Set:            57.2M         (95% in [12.28M, 102.12M])     Measurable effect: 79.43M (1.3 SDs) (required sample size for an effect of 5% of stdev: 6401)
  Kernel time:              34ms        (95% in [9ms, 58ms])           Measurable effect: 42ms (1.3 SDs) (required sample size for an effect of 5% of mean: 6300)
  CPU Time:                4.1s         (95% in [3.65s, 4.56s])        Measurable effect: 805ms (1.3 SDs) (required sample size for an effect of 5% of mean: 155)
  Hard Page Faults:          0          (95% in [0, 0])               
  Soft Page Faults:      19.16K         (95% in [2.04K, 36.27K])       Measurable effect: 30.27K (1.3 SDs) (required sample size for an effect of 5% of stdev: 6401)
  Text Size:                 0          (95% in [0, 0])               
  Data Size:                 0          (95% in [0, 0])               
  Library Size:           56.9M         (95% in [12.07M, 101.74M])     Measurable effect: 79.27M (1.3 SDs) (required sample size for an effect of 5% of stdev: 6401)

.Scenario 'org.eclipse.swt.test.Draw on an image' (average over 10 samples):
  System Time:            1.19s         (95% in [1.18s, 1.2s])         Measurable effect: 19ms (1.3 SDs)
  Used Java Heap:       789.95K         (95% in [194.27K, 1.35M])      Measurable effect: 1.03M (1.3 SDs) (required sample size for an effect of 5% of stdev: 6400)
  Working Set:            26.4K         (95% in [-33.32K, 86.12K])     Measurable effect: 105.6K (1.3 SDs) (required sample size for an effect of 5% of stdev: 6400)
  Kernel time:               0ms        (95% in [0ms, 0ms])           
  CPU Time:                1.2s         (95% in [1.17s, 1.23s])        Measurable effect: 51ms (1.3 SDs)
  Hard Page Faults:          0          (95% in [0, 0])               
  Soft Page Faults:          3          (95% in [-4, 11])              Measurable effect: 13 (1.3 SDs) (required sample size for an effect of 5% of stdev: 6400)
  Text Size:                 0          (95% in [0, 0])               
  Data Size:                 0          (95% in [0, 0])               
  Library Size:              0          (95% in [0, 0])               

.Scenario 'org.eclipse.swt.test.Draw on a window' (average over 10 samples):
  System Time:              11ms        (95% in [8ms, 14ms])           Measurable effect: 5ms (1.3 SDs) (required sample size for an effect of 5% of mean: 829)
  Used Java Heap:       473.98K         (95% in [-71.98K, 1,019.93K])  Measurable effect: 965.35K (1.3 SDs) (required sample size for an effect of 5% of stdev: 6401)
  Working Set:               0          (95% in [0, 0])               
  Kernel time:               0ms        (95% in [0ms, 0ms])           
  CPU Time:                 17ms        (95% in [3ms, 30ms])           Measurable effect: 23ms (1.3 SDs) (required sample size for an effect of 5% of stdev: 6401)
  Hard Page Faults:          0          (95% in [0, 0])               
  Soft Page Faults:          0          (95% in [0, 0])               
  Text Size:                 0          (95% in [0, 0])               
  Data Size:                 0          (95% in [0, 0])               
  Library Size:              0          (95% in [0, 0])               

.Scenario 'org.eclipse.swt.test.Draw strings using GC.drawText' (average over 10 samples):
  System Time:            2.34s         (95% in [2.33s, 2.35s])        Measurable effect: 20ms (1.3 SDs)
  Used Java Heap:         3.39M         (95% in [2.93M, 3.86M])        Measurable effect: 842.63K (1.3 SDs) (required sample size for an effect of 5% of mean: 236)
  Working Set:              12K         (95% in [-6.88K, 30.88K])      Measurable effect: 33.39K (1.3 SDs) (required sample size for an effect of 5% of stdev: 6400)
  Kernel time:               1ms        (95% in [-1ms, 3ms])           Measurable effect: 4ms (1.3 SDs) (required sample size for an effect of 5% of stdev: 6400)
  CPU Time:               2.36s         (95% in [2.33s, 2.39s])        Measurable effect: 60ms (1.3 SDs)
  Hard Page Faults:          0          (95% in [0, 0])               
  Soft Page Faults:          5          (95% in [-3, 15])              Measurable effect: 16 (1.3 SDs) (required sample size for an effect of 5% of stdev: 6400)
  Text Size:                 0          (95% in [0, 0])               
  Data Size:                 0          (95% in [0, 0])               
  Library Size:           13.2K         (95% in [-6.72K, 33.12K])      Measurable effect: 35.22K (1.3 SDs) (required sample size for an effect of 5% of stdev: 6400)

.Scenario 'org.eclipse.swt.test.Draw strings using GC.drawString()' (average over 10 samples):
  System Time:              69ms        (95% in [64ms, 73ms])          Measurable effect: 8ms (1.3 SDs) (required sample size for an effect of 5% of mean: 57)
  Used Java Heap:       315.98K         (95% in [-160.56K, 792.52K])   Measurable effect: 842.61K (1.3 SDs) (required sample size for an effect of 5% of stdev: 6400)
  Working Set:               0          (95% in [0, 0])               
  Kernel time:               0ms        (95% in [0ms, 0ms])           
  CPU Time:                 72ms        (95% in [65ms, 78ms])          Measurable effect: 11ms (1.3 SDs) (required sample size for an effect of 5% of mean: 105)
  Hard Page Faults:          0          (95% in [0, 0])               
  Soft Page Faults:          0          (95% in [0, 0])                Measurable effect: 0 (1.3 SDs) (required sample size for an effect of 5% of stdev: 6400)
  Text Size:                 0          (95% in [0, 0])               
  Data Size:                 0          (95% in [0, 0])               
  Library Size:              0          (95% in [0, 0])               

.Scenario 'org.eclipse.swt.test.Layout Composites' (average over 10 samples):
  System Time:              59ms        (95% in [50ms, 68ms])          Measurable effect: 15ms (1.3 SDs) (required sample size for an effect of 5% of mean: 272)
  Used Java Heap:       631.97K         (95% in [48.32K, 1.19M])       Measurable effect: 1.01M (1.3 SDs) (required sample size for an effect of 5% of stdev: 6401)
  Working Set:             402K         (95% in [-507.4K, 1.28M])      Measurable effect: 1.57M (1.3 SDs) (required sample size for an effect of 5% of stdev: 6400)
  Kernel time:               1ms        (95% in [-1ms, 3ms])           Measurable effect: 4ms (1.3 SDs) (required sample size for an effect of 5% of stdev: 6400)
  CPU Time:                 96ms        (95% in [63ms, 128ms])         Measurable effect: 56ms (1.3 SDs) (required sample size for an effect of 5% of mean: 1392)
  Hard Page Faults:          0          (95% in [0, 0])               
  Soft Page Faults:        103          (95% in [-124, 330])           Measurable effect: 401 (1.3 SDs) (required sample size for an effect of 5% of stdev: 6401)
  Text Size:                 0          (95% in [0, 0])               
  Data Size:                 0          (95% in [0, 0])               
  Library Size:          416.4K         (95% in [-525.58K, 1.33M])     Measurable effect: 1.63M (1.3 SDs) (required sample size for an effect of 5% of stdev: 6401)


Time: 427.37

OK (7 tests)

no new datapoints in DB
disconnecting from DB
