.Scenario 'org.eclipse.swt.test.Create composites' (average over 100 samples):
  System Time:             718ms        (95% in [701ms, 735ms])        Measurable effect: 34ms (0.4 SDs)
  Used Java Heap:      -368.29K         (95% in [-2.99M, 2.27M])       Measurable effect: 5.3M (0.4 SDs) (required sample size for an effect of 5% of stdev: 6400)
  Working Set:           17.95M         (95% in [15.84M, 20.06M])      Measurable effect: 4.25M (0.4 SDs) (required sample size for an effect of 5% of mean: 2244)
  Kernel time:               8ms        (95% in [7ms, 10ms])           Measurable effect: 2ms (0.4 SDs) (required sample size for an effect of 5% of mean: 4391)
  CPU Time:                720ms        (95% in [703ms, 736ms])        Measurable effect: 33ms (0.4 SDs)
  Hard Page Faults:          0          (95% in [0, 0])               
  Soft Page Faults:       5.44K         (95% in [4.36K, 6.52K])        Measurable effect: 2.18K (0.4 SDs) (required sample size for an effect of 5% of mean: 6400)
  Text Size:                 0          (95% in [0, 0])               
  Data Size:                 0          (95% in [0, 0])               
  Library Size:          17.72M         (95% in [15.62M, 19.83M])      Measurable effect: 4.24M (0.4 SDs) (required sample size for an effect of 5% of mean: 2294)

.Scenario 'org.eclipse.swt.test.Create composites and widgets' (average over 10 samples):
  System Time:            3.91s         (95% in [3.56s, 4.27s])        Measurable effect: 636ms (1.3 SDs) (required sample size for an effect of 5% of mean: 106)
  Used Java Heap:        -3.23M         (95% in [-20.31M, 13.85M])     Measurable effect: 30.2M (1.3 SDs) (required sample size for an effect of 5% of stdev: 6401)
  Working Set:           58.15M         (95% in [11.52M, 104.78M])     Measurable effect: 82.46M (1.3 SDs) (required sample size for an effect of 5% of stdev: 6400)
  Kernel time:              30ms        (95% in [7ms, 52ms])           Measurable effect: 40ms (1.3 SDs) (required sample size for an effect of 5% of stdev: 6400)
  CPU Time:               4.04s         (95% in [3.6s, 4.48s])         Measurable effect: 778ms (1.3 SDs) (required sample size for an effect of 5% of mean: 149)
  Hard Page Faults:          0          (95% in [0, 0])               
  Soft Page Faults:      19.38K         (95% in [2K, 36.77K])          Measurable effect: 30.74K (1.3 SDs) (required sample size for an effect of 5% of stdev: 6400)
  Text Size:                 0          (95% in [0, 0])               
  Data Size:                 0          (95% in [0, 0])               
  Library Size:          57.84M         (95% in [11.09M, 104.59M])     Measurable effect: 82.66M (1.3 SDs) (required sample size for an effect of 5% of stdev: 6401)

.Scenario 'org.eclipse.swt.test.Draw on an image' (average over 10 samples):
  System Time:            1.18s         (95% in [1.17s, 1.19s])        Measurable effect: 18ms (1.3 SDs)
  Used Java Heap:       789.94K         (95% in [194.27K, 1.35M])      Measurable effect: 1.03M (1.3 SDs) (required sample size for an effect of 5% of stdev: 6401)
  Working Set:            22.8K         (95% in [-28.78K, 74.38K])     Measurable effect: 91.2K (1.3 SDs) (required sample size for an effect of 5% of stdev: 6400)
  Kernel time:               0ms        (95% in [0ms, 0ms])           
  CPU Time:               1.19s         (95% in [1.16s, 1.22s])        Measurable effect: 50ms (1.3 SDs)
  Hard Page Faults:          0          (95% in [0, 0])               
  Soft Page Faults:          5          (95% in [-5, 15])              Measurable effect: 18 (1.3 SDs) (required sample size for an effect of 5% of stdev: 6401)
  Text Size:                 0          (95% in [0, 0])               
  Data Size:                 0          (95% in [0, 0])               
  Library Size:            5.2K         (95% in [-6.56K, 16.96K])      Measurable effect: 20.8K (1.3 SDs) (required sample size for an effect of 5% of stdev: 6401)

.Scenario 'org.eclipse.swt.test.Draw on a window' (average over 10 samples):
  System Time:              11ms        (95% in [8ms, 14ms])           Measurable effect: 5ms (1.3 SDs) (required sample size for an effect of 5% of mean: 950)
  Used Java Heap:       473.97K         (95% in [-71.98K, 1,019.92K])  Measurable effect: 965.34K (1.3 SDs) (required sample size for an effect of 5% of stdev: 6400)
  Working Set:               0          (95% in [0, 0])               
  Kernel time:               0ms        (95% in [0ms, 0ms])           
  CPU Time:                 17ms        (95% in [3ms, 30ms])           Measurable effect: 23ms (1.3 SDs) (required sample size for an effect of 5% of stdev: 6401)
  Hard Page Faults:          0          (95% in [0, 0])               
  Soft Page Faults:          0          (95% in [0, 0])               
  Text Size:                 0          (95% in [0, 0])               
  Data Size:                 0          (95% in [0, 0])               
  Library Size:              0          (95% in [0, 0])               

.Scenario 'org.eclipse.swt.test.Draw strings using GC.drawText' (average over 10 samples):
  System Time:            2.33s         (95% in [2.33s, 2.34s])        Measurable effect: 16ms (1.3 SDs)
  Used Java Heap:         3.39M         (95% in [2.93M, 3.86M])        Measurable effect: 842.63K (1.3 SDs) (required sample size for an effect of 5% of mean: 236)
  Working Set:            24.4K         (95% in [-24.17K, 72.97K])     Measurable effect: 85.88K (1.3 SDs) (required sample size for an effect of 5% of stdev: 6400)
  Kernel time:               0ms        (95% in [0ms, 0ms])           
  CPU Time:               2.35s         (95% in [2.31s, 2.39s])        Measurable effect: 65ms (1.3 SDs)
  Hard Page Faults:          0          (95% in [0, 0])               
  Soft Page Faults:          6          (95% in [-4, 18])              Measurable effect: 20 (1.3 SDs) (required sample size for an effect of 5% of stdev: 6401)
  Text Size:                 0          (95% in [0, 0])               
  Data Size:                 0          (95% in [0, 0])               
  Library Size:           19.2K         (95% in [-11.7K, 50.1K])       Measurable effect: 54.64K (1.3 SDs) (required sample size for an effect of 5% of stdev: 6401)

.Scenario 'org.eclipse.swt.test.Draw strings using GC.drawString()' (average over 10 samples):
  System Time:              62ms        (95% in [60ms, 65ms])          Measurable effect: 4ms (1.3 SDs) (required sample size for an effect of 5% of mean: 20)
  Used Java Heap:       315.98K         (95% in [-160.56K, 792.51K])   Measurable effect: 842.6K (1.3 SDs) (required sample size for an effect of 5% of stdev: 6401)
  Working Set:               0          (95% in [0, 0])               
  Kernel time:               0ms        (95% in [0ms, 0ms])           
  CPU Time:                 64ms        (95% in [60ms, 67ms])          Measurable effect: 6ms (1.3 SDs) (required sample size for an effect of 5% of mean: 42)
  Hard Page Faults:          0          (95% in [0, 0])               
  Soft Page Faults:          0          (95% in [0, 0])               
  Text Size:                 0          (95% in [0, 0])               
  Data Size:                 0          (95% in [0, 0])               
  Library Size:              0          (95% in [0, 0])               

.Scenario 'org.eclipse.swt.test.Layout Composites' (average over 10 samples):
  System Time:              51ms        (95% in [45ms, 58ms])          Measurable effect: 11ms (1.3 SDs) (required sample size for an effect of 5% of mean: 205)
  Used Java Heap:       631.95K         (95% in [48.32K, 1.19M])       Measurable effect: 1.01M (1.3 SDs) (required sample size for an effect of 5% of stdev: 6401)
  Working Set:           425.6K         (95% in [-537.19K, 1.36M])     Measurable effect: 1.66M (1.3 SDs) (required sample size for an effect of 5% of stdev: 6400)
  Kernel time:               0ms        (95% in [0ms, 0ms])           
  CPU Time:                 81ms        (95% in [54ms, 107ms])         Measurable effect: 47ms (1.3 SDs) (required sample size for an effect of 5% of mean: 1376)
  Hard Page Faults:          0          (95% in [0, 0])               
  Soft Page Faults:        106          (95% in [-132, 345])           Measurable effect: 422 (1.3 SDs) (required sample size for an effect of 5% of stdev: 6400)
  Text Size:                 0          (95% in [0, 0])               
  Data Size:                 0          (95% in [0, 0])               
  Library Size:          431.6K         (95% in [-544.76K, 1.37M])     Measurable effect: 1.69M (1.3 SDs) (required sample size for an effect of 5% of stdev: 6400)


Time: 422.135

OK (7 tests)

no new datapoints in DB
disconnecting from DB
