.Scenario 'org.eclipse.swt.test.Create composites' (average over 100 samples):
  System Time:             722ms        (95% in [704ms, 739ms])        Measurable effect: 35ms (0.4 SDs)
  Used Java Heap:      -368.13K         (95% in [-2.99M, 2.27M])       Measurable effect: 5.3M (0.4 SDs) (required sample size for an effect of 5% of stdev: 6401)
  Working Set:           17.88M         (95% in [15.78M, 19.98M])      Measurable effect: 4.23M (0.4 SDs) (required sample size for an effect of 5% of mean: 2239)
  Kernel time:               9ms        (95% in [8ms, 10ms])           Measurable effect: 2ms (0.4 SDs) (required sample size for an effect of 5% of mean: 3779)
  CPU Time:                723ms        (95% in [707ms, 740ms])        Measurable effect: 33ms (0.4 SDs)
  Hard Page Faults:          0          (95% in [0, 0])               
  Soft Page Faults:       5.43K         (95% in [4.35K, 6.5K])         Measurable effect: 2.18K (0.4 SDs) (required sample size for an effect of 5% of stdev: 6400)
  Text Size:                 0          (95% in [0, 0])               
  Data Size:                 0          (95% in [0, 0])               
  Library Size:          17.66M         (95% in [15.56M, 19.75M])      Measurable effect: 4.23M (0.4 SDs) (required sample size for an effect of 5% of mean: 2296)

.Scenario 'org.eclipse.swt.test.Create composites and widgets' (average over 10 samples):
  System Time:            3.93s         (95% in [3.56s, 4.29s])        Measurable effect: 647ms (1.3 SDs) (required sample size for an effect of 5% of mean: 109)
  Used Java Heap:        -3.24M         (95% in [-20.33M, 13.86M])     Measurable effect: 30.22M (1.3 SDs) (required sample size for an effect of 5% of stdev: 6401)
  Working Set:           58.24M         (95% in [14.47M, 102.02M])     Measurable effect: 77.41M (1.3 SDs) (required sample size for an effect of 5% of stdev: 6401)
  Kernel time:              29ms        (95% in [7ms, 50ms])           Measurable effect: 38ms (1.3 SDs) (required sample size for an effect of 5% of stdev: 6400)
  CPU Time:               4.04s         (95% in [3.6s, 4.49s])         Measurable effect: 784ms (1.3 SDs) (required sample size for an effect of 5% of mean: 151)
  Hard Page Faults:          0          (95% in [0, 0])               
  Soft Page Faults:       19.4K         (95% in [2.52K, 36.28K])       Measurable effect: 29.85K (1.3 SDs) (required sample size for an effect of 5% of stdev: 6400)
  Text Size:                 0          (95% in [0, 0])               
  Data Size:                 0          (95% in [0, 0])               
  Library Size:          57.99M         (95% in [14.26M, 101.71M])     Measurable effect: 77.31M (1.3 SDs) (required sample size for an effect of 5% of stdev: 6400)

.Scenario 'org.eclipse.swt.test.Draw on an image' (average over 10 samples):
  System Time:             1.2s         (95% in [1.19s, 1.21s])        Measurable effect: 13ms (1.3 SDs)
  Used Java Heap:       789.95K         (95% in [194.27K, 1.35M])      Measurable effect: 1.03M (1.3 SDs) (required sample size for an effect of 5% of stdev: 6400)
  Working Set:            26.4K         (95% in [-33.32K, 86.12K])     Measurable effect: 105.6K (1.3 SDs) (required sample size for an effect of 5% of stdev: 6400)
  Kernel time:               0ms        (95% in [0ms, 0ms])           
  CPU Time:               1.21s         (95% in [1.18s, 1.23s])        Measurable effect: 44ms (1.3 SDs)
  Hard Page Faults:          0          (95% in [0, 0])               
  Soft Page Faults:          5          (95% in [-5, 15])              Measurable effect: 19 (1.3 SDs) (required sample size for an effect of 5% of stdev: 6400)
  Text Size:                 0          (95% in [0, 0])               
  Data Size:                 0          (95% in [0, 0])               
  Library Size:            5.6K         (95% in [-7.07K, 18.27K])      Measurable effect: 22.4K (1.3 SDs) (required sample size for an effect of 5% of stdev: 6400)

.Scenario 'org.eclipse.swt.test.Draw on a window' (average over 10 samples):
  System Time:              11ms        (95% in [9ms, 13ms])           Measurable effect: 2ms (1.3 SDs) (required sample size for an effect of 5% of mean: 276)
  Used Java Heap:       473.97K         (95% in [-71.97K, 1,019.92K])  Measurable effect: 965.34K (1.3 SDs) (required sample size for an effect of 5% of stdev: 6400)
  Working Set:               0          (95% in [0, 0])               
  Kernel time:               0ms        (95% in [0ms, 0ms])           
  CPU Time:                 14ms        (95% in [4ms, 23ms])           Measurable effect: 16ms (1.3 SDs) (required sample size for an effect of 5% of mean: 5225)
  Hard Page Faults:          0          (95% in [0, 0])               
  Soft Page Faults:          0          (95% in [0, 0])               
  Text Size:                 0          (95% in [0, 0])               
  Data Size:                 0          (95% in [0, 0])               
  Library Size:              0          (95% in [0, 0])               

.Scenario 'org.eclipse.swt.test.Draw strings using GC.drawText' (average over 10 samples):
  System Time:            2.33s         (95% in [2.33s, 2.35s])        Measurable effect: 18ms (1.3 SDs)
  Used Java Heap:         3.55M         (95% in [3.02M, 4.08M])        Measurable effect: 965.3K (1.3 SDs) (required sample size for an effect of 5% of mean: 283)
  Working Set:            25.6K         (95% in [-13.03K, 64.23K])     Measurable effect: 68.31K (1.3 SDs) (required sample size for an effect of 5% of stdev: 6400)
  Kernel time:               0ms        (95% in [0ms, 0ms])           
  CPU Time:               2.35s         (95% in [2.31s, 2.39s])        Measurable effect: 65ms (1.3 SDs)
  Hard Page Faults:          0          (95% in [0, 0])               
  Soft Page Faults:          6          (95% in [-3, 16])              Measurable effect: 17 (1.3 SDs) (required sample size for an effect of 5% of stdev: 6400)
  Text Size:                 0          (95% in [0, 0])               
  Data Size:                 0          (95% in [0, 0])               
  Library Size:           19.6K         (95% in [-12.1K, 51.3K])       Measurable effect: 56.06K (1.3 SDs) (required sample size for an effect of 5% of stdev: 6401)

.Scenario 'org.eclipse.swt.test.Draw strings using GC.drawString()' (average over 10 samples):
  System Time:              65ms        (95% in [63ms, 66ms])          Measurable effect: 2ms (1.3 SDs)
  Used Java Heap:       315.98K         (95% in [-160.56K, 792.51K])   Measurable effect: 842.61K (1.3 SDs) (required sample size for an effect of 5% of stdev: 6400)
  Working Set:               0          (95% in [0, 0])               
  Kernel time:               0ms        (95% in [0ms, 0ms])           
  CPU Time:                 67ms        (95% in [62ms, 71ms])          Measurable effect: 8ms (1.3 SDs) (required sample size for an effect of 5% of mean: 65)
  Hard Page Faults:          0          (95% in [0, 0])               
  Soft Page Faults:          0          (95% in [0, 0])               
  Text Size:                 0          (95% in [0, 0])               
  Data Size:                 0          (95% in [0, 0])               
  Library Size:              0          (95% in [0, 0])               

.Scenario 'org.eclipse.swt.test.Layout Composites' (average over 10 samples):
  System Time:              52ms        (95% in [47ms, 58ms])          Measurable effect: 10ms (1.3 SDs) (required sample size for an effect of 5% of mean: 153)
  Used Java Heap:       947.98K         (95% in [364.31K, 1.5M])       Measurable effect: 1.01M (1.3 SDs) (required sample size for an effect of 5% of mean: 4741)
  Working Set:             434K         (95% in [-547.79K, 1.38M])     Measurable effect: 1.7M (1.3 SDs) (required sample size for an effect of 5% of stdev: 6400)
  Kernel time:               2ms        (95% in [-1ms, 5ms])           Measurable effect: 5ms (1.3 SDs) (required sample size for an effect of 5% of stdev: 6400)
  CPU Time:                 88ms        (95% in [60ms, 115ms])         Measurable effect: 48ms (1.3 SDs) (required sample size for an effect of 5% of mean: 1209)
  Hard Page Faults:          0          (95% in [0, 0])               
  Soft Page Faults:        107          (95% in [-135, 351])           Measurable effect: 431 (1.3 SDs) (required sample size for an effect of 5% of stdev: 6401)
  Text Size:                 0          (95% in [0, 0])               
  Data Size:                 0          (95% in [0, 0])               
  Library Size:          444.8K         (95% in [-561.43K, 1.42M])     Measurable effect: 1.74M (1.3 SDs) (required sample size for an effect of 5% of stdev: 6401)


Time: 423.527

OK (7 tests)

no new datapoints in DB
disconnecting from DB
