.Scenario 'org.eclipse.swt.test.Create composites' (average over 100 samples):
  System Time:             719ms        (95% in [701ms, 737ms])        Measurable effect: 35ms (0.4 SDs)
  Used Java Heap:      -367.69K         (95% in [-2.99M, 2.27M])       Measurable effect: 5.3M (0.4 SDs) (required sample size for an effect of 5% of stdev: 6401)
  Working Set:           17.96M         (95% in [15.81M, 20.1M])       Measurable effect: 4.32M (0.4 SDs) (required sample size for an effect of 5% of mean: 2318)
  Kernel time:               9ms        (95% in [7ms, 11ms])           Measurable effect: 3ms (0.4 SDs) (required sample size for an effect of 5% of mean: 5212)
  CPU Time:                721ms        (95% in [704ms, 738ms])        Measurable effect: 34ms (0.4 SDs)
  Hard Page Faults:          0          (95% in [0, 0])               
  Soft Page Faults:       5.44K         (95% in [4.36K, 6.53K])        Measurable effect: 2.19K (0.4 SDs) (required sample size for an effect of 5% of stdev: 6401)
  Text Size:                 0          (95% in [0, 0])               
  Data Size:                 0          (95% in [0, 0])               
  Library Size:          17.73M         (95% in [15.59M, 19.86M])      Measurable effect: 4.31M (0.4 SDs) (required sample size for an effect of 5% of mean: 2366)

.Scenario 'org.eclipse.swt.test.Create composites and widgets' (average over 10 samples):
  System Time:            3.91s         (95% in [3.56s, 4.27s])        Measurable effect: 626ms (1.3 SDs) (required sample size for an effect of 5% of mean: 103)
  Used Java Heap:        -3.24M         (95% in [-20.35M, 13.86M])     Measurable effect: 30.25M (1.3 SDs) (required sample size for an effect of 5% of stdev: 6400)
  Working Set:           58.91M         (95% in [11.7M, 106.12M])      Measurable effect: 83.47M (1.3 SDs) (required sample size for an effect of 5% of stdev: 6400)
  Kernel time:              32ms        (95% in [6ms, 57ms])           Measurable effect: 44ms (1.3 SDs) (required sample size for an effect of 5% of stdev: 6401)
  CPU Time:               4.02s         (95% in [3.6s, 4.45s])         Measurable effect: 751ms (1.3 SDs) (required sample size for an effect of 5% of mean: 140)
  Hard Page Faults:          0          (95% in [0, 0])               
  Soft Page Faults:      19.57K         (95% in [2.12K, 37.01K])       Measurable effect: 30.84K (1.3 SDs) (required sample size for an effect of 5% of stdev: 6400)
  Text Size:                 0          (95% in [0, 0])               
  Data Size:                 0          (95% in [0, 0])               
  Library Size:          56.88M         (95% in [13.03M, 100.72M])     Measurable effect: 77.53M (1.3 SDs) (required sample size for an effect of 5% of stdev: 6401)

.Scenario 'org.eclipse.swt.test.Draw on an image' (average over 10 samples):
  System Time:            1.19s         (95% in [1.18s, 1.2s])         Measurable effect: 18ms (1.3 SDs)
  Used Java Heap:       789.85K         (95% in [194.25K, 1.35M])      Measurable effect: 1.03M (1.3 SDs) (required sample size for an effect of 5% of stdev: 6401)
  Working Set:            26.4K         (95% in [-33.32K, 86.12K])     Measurable effect: 105.6K (1.3 SDs) (required sample size for an effect of 5% of stdev: 6400)
  Kernel time:               0ms        (95% in [0ms, 0ms])           
  CPU Time:                1.2s         (95% in [1.17s, 1.22s])        Measurable effect: 48ms (1.3 SDs)
  Hard Page Faults:          0          (95% in [0, 0])               
  Soft Page Faults:          5          (95% in [-5, 15])              Measurable effect: 18 (1.3 SDs) (required sample size for an effect of 5% of stdev: 6401)
  Text Size:                 0          (95% in [0, 0])               
  Data Size:                 0          (95% in [0, 0])               
  Library Size:            5.2K         (95% in [-6.56K, 16.96K])      Measurable effect: 20.8K (1.3 SDs) (required sample size for an effect of 5% of stdev: 6401)

.Scenario 'org.eclipse.swt.test.Draw on a window' (average over 10 samples):
  System Time:              11ms        (95% in [8ms, 14ms])           Measurable effect: 5ms (1.3 SDs) (required sample size for an effect of 5% of mean: 977)
  Used Java Heap:       473.93K         (95% in [-71.97K, 1,019.82K])  Measurable effect: 965.24K (1.3 SDs) (required sample size for an effect of 5% of stdev: 6401)
  Working Set:               0          (95% in [0, 0])               
  Kernel time:               0ms        (95% in [0ms, 0ms])           
  CPU Time:                 15ms        (95% in [3ms, 26ms])           Measurable effect: 20ms (1.3 SDs) (required sample size for an effect of 5% of stdev: 6400)
  Hard Page Faults:          0          (95% in [0, 0])               
  Soft Page Faults:          0          (95% in [0, 0])                Measurable effect: 0 (1.3 SDs) (required sample size for an effect of 5% of stdev: 6400)
  Text Size:                 0          (95% in [0, 0])               
  Data Size:                 0          (95% in [0, 0])               
  Library Size:              0          (95% in [0, 0])               

.Scenario 'org.eclipse.swt.test.Draw strings using GC.drawText' (average over 10 samples):
  System Time:            2.34s         (95% in [2.33s, 2.35s])        Measurable effect: 19ms (1.3 SDs)
  Used Java Heap:         3.55M         (95% in [3.02M, 4.08M])        Measurable effect: 965.23K (1.3 SDs) (required sample size for an effect of 5% of mean: 283)
  Working Set:            26.4K         (95% in [-30.37K, 83.17K])     Measurable effect: 100.38K (1.3 SDs) (required sample size for an effect of 5% of stdev: 6400)
  Kernel time:               1ms        (95% in [-1ms, 3ms])           Measurable effect: 4ms (1.3 SDs) (required sample size for an effect of 5% of stdev: 6400)
  CPU Time:               2.35s         (95% in [2.31s, 2.39s])        Measurable effect: 62ms (1.3 SDs)
  Hard Page Faults:          0          (95% in [0, 0])               
  Soft Page Faults:          7          (95% in [-4, 18])              Measurable effect: 20 (1.3 SDs) (required sample size for an effect of 5% of stdev: 6401)
  Text Size:                 0          (95% in [0, 0])               
  Data Size:                 0          (95% in [0, 0])               
  Library Size:             26K         (95% in [-18.44K, 70.44K])     Measurable effect: 78.57K (1.3 SDs) (required sample size for an effect of 5% of stdev: 6401)

.Scenario 'org.eclipse.swt.test.Draw strings using GC.drawString()' (average over 10 samples):
  System Time:              65ms        (95% in [59ms, 71ms])          Measurable effect: 10ms (1.3 SDs) (required sample size for an effect of 5% of mean: 96)
  Used Java Heap:       315.94K         (95% in [-160.54K, 792.42K])   Measurable effect: 842.51K (1.3 SDs) (required sample size for an effect of 5% of stdev: 6400)
  Working Set:               0          (95% in [0, 0])               
  Kernel time:               0ms        (95% in [0ms, 0ms])           
  CPU Time:                 67ms        (95% in [58ms, 75ms])          Measurable effect: 15ms (1.3 SDs) (required sample size for an effect of 5% of mean: 224)
  Hard Page Faults:          0          (95% in [0, 0])               
  Soft Page Faults:          0          (95% in [0, 0])                Measurable effect: 0 (1.3 SDs) (required sample size for an effect of 5% of stdev: 6400)
  Text Size:                 0          (95% in [0, 0])               
  Data Size:                 0          (95% in [0, 0])               
  Library Size:              0          (95% in [0, 0])               

.Scenario 'org.eclipse.swt.test.Layout Composites' (average over 10 samples):
  System Time:              51ms        (95% in [44ms, 58ms])          Measurable effect: 11ms (1.3 SDs) (required sample size for an effect of 5% of mean: 218)
  Used Java Heap:       631.88K         (95% in [48.31K, 1.19M])       Measurable effect: 1.01M (1.3 SDs) (required sample size for an effect of 5% of stdev: 6401)
  Working Set:           406.4K         (95% in [-512.96K, 1.29M])     Measurable effect: 1.59M (1.3 SDs) (required sample size for an effect of 5% of stdev: 6400)
  Kernel time:               0ms        (95% in [0ms, 0ms])           
  CPU Time:                 73ms        (95% in [51ms, 94ms])          Measurable effect: 37ms (1.3 SDs) (required sample size for an effect of 5% of mean: 1043)
  Hard Page Faults:          0          (95% in [0, 0])               
  Soft Page Faults:        100          (95% in [-125, 325])           Measurable effect: 399 (1.3 SDs) (required sample size for an effect of 5% of stdev: 6400)
  Text Size:                 0          (95% in [0, 0])               
  Data Size:                 0          (95% in [0, 0])               
  Library Size:          409.6K         (95% in [-517K, 1.3M])         Measurable effect: 1.6M (1.3 SDs) (required sample size for an effect of 5% of stdev: 6400)


Time: 421.738

OK (7 tests)

no new datapoints in DB
disconnecting from DB
