.Scenario 'org.eclipse.swt.test.Create composites' (average over 100 samples):
  System Time:             717ms        (95% in [699ms, 734ms])        Measurable effect: 34ms (0.4 SDs)
  Used Java Heap:      -368.61K         (95% in [-2.99M, 2.27M])       Measurable effect: 5.3M (0.4 SDs) (required sample size for an effect of 5% of stdev: 6400)
  Working Set:              18M         (95% in [15.87M, 20.13M])      Measurable effect: 4.3M (0.4 SDs) (required sample size for an effect of 5% of mean: 2285)
  Kernel time:               9ms        (95% in [8ms, 10ms])           Measurable effect: 2ms (0.4 SDs) (required sample size for an effect of 5% of mean: 3492)
  CPU Time:                719ms        (95% in [702ms, 735ms])        Measurable effect: 33ms (0.4 SDs)
  Hard Page Faults:          0          (95% in [0, 0])               
  Soft Page Faults:       5.46K         (95% in [4.37K, 6.54K])        Measurable effect: 2.19K (0.4 SDs) (required sample size for an effect of 5% of stdev: 6400)
  Text Size:                 0          (95% in [0, 0])               
  Data Size:                 0          (95% in [0, 0])               
  Library Size:          17.77M         (95% in [15.64M, 19.9M])       Measurable effect: 4.29M (0.4 SDs) (required sample size for an effect of 5% of mean: 2331)

.Scenario 'org.eclipse.swt.test.Create composites and widgets' (average over 10 samples):
  System Time:            3.92s         (95% in [3.56s, 4.29s])        Measurable effect: 645ms (1.3 SDs) (required sample size for an effect of 5% of mean: 109)
  Used Java Heap:        -3.23M         (95% in [-20.29M, 13.84M])     Measurable effect: 30.18M (1.3 SDs) (required sample size for an effect of 5% of stdev: 6401)
  Working Set:           59.29M         (95% in [12.67M, 105.91M])     Measurable effect: 82.43M (1.3 SDs) (required sample size for an effect of 5% of stdev: 6401)
  Kernel time:              32ms        (95% in [6ms, 57ms])           Measurable effect: 44ms (1.3 SDs) (required sample size for an effect of 5% of stdev: 6401)
  CPU Time:               4.04s         (95% in [3.61s, 4.47s])        Measurable effect: 755ms (1.3 SDs) (required sample size for an effect of 5% of mean: 140)
  Hard Page Faults:          0          (95% in [0, 0])               
  Soft Page Faults:      19.71K         (95% in [2.39K, 37.02K])       Measurable effect: 30.62K (1.3 SDs) (required sample size for an effect of 5% of stdev: 6400)
  Text Size:                 0          (95% in [0, 0])               
  Data Size:                 0          (95% in [0, 0])               
  Library Size:          57.61M         (95% in [13.91M, 101.31M])     Measurable effect: 77.27M (1.3 SDs) (required sample size for an effect of 5% of stdev: 6401)

.Scenario 'org.eclipse.swt.test.Draw on an image' (average over 10 samples):
  System Time:            1.19s         (95% in [1.18s, 1.2s])         Measurable effect: 24ms (1.3 SDs)
  Used Java Heap:       789.95K         (95% in [194.28K, 1.35M])      Measurable effect: 1.03M (1.3 SDs) (required sample size for an effect of 5% of stdev: 6400)
  Working Set:               0          (95% in [0, 0])               
  Kernel time:               0ms        (95% in [0ms, 0ms])           
  CPU Time:                1.2s         (95% in [1.17s, 1.23s])        Measurable effect: 57ms (1.3 SDs)
  Hard Page Faults:          0          (95% in [0, 0])               
  Soft Page Faults:          5          (95% in [-5, 15])              Measurable effect: 19 (1.3 SDs) (required sample size for an effect of 5% of stdev: 6401)
  Text Size:                 0          (95% in [0, 0])               
  Data Size:                 0          (95% in [0, 0])               
  Library Size:            5.2K         (95% in [-6.56K, 16.96K])      Measurable effect: 20.8K (1.3 SDs) (required sample size for an effect of 5% of stdev: 6401)

.Scenario 'org.eclipse.swt.test.Draw on a window' (average over 10 samples):
  System Time:              12ms        (95% in [10ms, 13ms])          Measurable effect: 2ms (1.3 SDs) (required sample size for an effect of 5% of mean: 169)
  Used Java Heap:       473.98K         (95% in [-71.98K, 1,019.93K])  Measurable effect: 965.35K (1.3 SDs) (required sample size for an effect of 5% of stdev: 6401)
  Working Set:               0          (95% in [0, 0])               
  Kernel time:               0ms        (95% in [0ms, 0ms])           
  CPU Time:                 16ms        (95% in [6ms, 25ms])           Measurable effect: 16ms (1.3 SDs) (required sample size for an effect of 5% of mean: 4001)
  Hard Page Faults:          0          (95% in [0, 0])               
  Soft Page Faults:          0          (95% in [0, 0])               
  Text Size:                 0          (95% in [0, 0])               
  Data Size:                 0          (95% in [0, 0])               
  Library Size:              0          (95% in [0, 0])               

.Scenario 'org.eclipse.swt.test.Draw strings using GC.drawText' (average over 10 samples):
  System Time:            2.38s         (95% in [2.33s, 2.43s])        Measurable effect: 92ms (1.3 SDs)
  Used Java Heap:         3.55M         (95% in [3.02M, 4.08M])        Measurable effect: 965.41K (1.3 SDs) (required sample size for an effect of 5% of mean: 283)
  Working Set:            47.2K         (95% in [-43.78K, 138.18K])    Measurable effect: 160.86K (1.3 SDs) (required sample size for an effect of 5% of stdev: 6400)
  Kernel time:               2ms        (95% in [-1ms, 5ms])           Measurable effect: 5ms (1.3 SDs) (required sample size for an effect of 5% of stdev: 6400)
  CPU Time:                2.4s         (95% in [2.33s, 2.46s])        Measurable effect: 121ms (1.3 SDs) (required sample size for an effect of 5% of mean: 11)
  Hard Page Faults:          0          (95% in [0, 0])               
  Soft Page Faults:         14          (95% in [-13, 41])             Measurable effect: 48 (1.3 SDs) (required sample size for an effect of 5% of stdev: 6401)
  Text Size:                 0          (95% in [0, 0])               
  Data Size:                 0          (95% in [0, 0])               
  Library Size:             26K         (95% in [-18.44K, 70.44K])     Measurable effect: 78.57K (1.3 SDs) (required sample size for an effect of 5% of stdev: 6401)

.Scenario 'org.eclipse.swt.test.Draw strings using GC.drawString()' (average over 10 samples):
  System Time:              66ms        (95% in [60ms, 71ms])          Measurable effect: 9ms (1.3 SDs) (required sample size for an effect of 5% of mean: 82)
  Used Java Heap:       315.98K         (95% in [-160.56K, 792.51K])   Measurable effect: 842.61K (1.3 SDs) (required sample size for an effect of 5% of stdev: 6400)
  Working Set:               0          (95% in [0, 0])               
  Kernel time:               0ms        (95% in [0ms, 0ms])           
  CPU Time:                 68ms        (95% in [60ms, 75ms])          Measurable effect: 13ms (1.3 SDs) (required sample size for an effect of 5% of mean: 148)
  Hard Page Faults:          0          (95% in [0, 0])               
  Soft Page Faults:          0          (95% in [0, 1])                Measurable effect: 1 (1.3 SDs) (required sample size for an effect of 5% of stdev: 6401)
  Text Size:                 0          (95% in [0, 0])               
  Data Size:                 0          (95% in [0, 0])               
  Library Size:              0          (95% in [0, 0])               

.Scenario 'org.eclipse.swt.test.Layout Composites' (average over 10 samples):
  System Time:              52ms        (95% in [45ms, 59ms])          Measurable effect: 12ms (1.3 SDs) (required sample size for an effect of 5% of mean: 236)
  Used Java Heap:       947.96K         (95% in [364.31K, 1.5M])       Measurable effect: 1.01M (1.3 SDs) (required sample size for an effect of 5% of mean: 4741)
  Working Set:           351.2K         (95% in [-443.28K, 1.12M])     Measurable effect: 1.37M (1.3 SDs) (required sample size for an effect of 5% of stdev: 6401)
  Kernel time:               1ms        (95% in [-1ms, 3ms])           Measurable effect: 4ms (1.3 SDs) (required sample size for an effect of 5% of stdev: 6400)
  CPU Time:                 77ms        (95% in [53ms, 100ms])         Measurable effect: 41ms (1.3 SDs) (required sample size for an effect of 5% of mean: 1153)
  Hard Page Faults:          0          (95% in [0, 0])               
  Soft Page Faults:         87          (95% in [-110, 285])           Measurable effect: 349 (1.3 SDs) (required sample size for an effect of 5% of stdev: 6400)
  Text Size:                 0          (95% in [0, 0])               
  Data Size:                 0          (95% in [0, 0])               
  Library Size:          361.6K         (95% in [-456.41K, 1.15M])     Measurable effect: 1.41M (1.3 SDs) (required sample size for an effect of 5% of stdev: 6400)


Time: 420.109

OK (7 tests)

no new datapoints in DB
disconnecting from DB
