.Scenario 'org.eclipse.swt.test.Create composites' (average over 100 samples):
  System Time:             720ms        (95% in [703ms, 738ms])        Measurable effect: 35ms (0.4 SDs)
  Used Java Heap:      -368.01K         (95% in [-2.99M, 2.27M])       Measurable effect: 5.3M (0.4 SDs) (required sample size for an effect of 5% of stdev: 6400)
  Working Set:           17.99M         (95% in [15.86M, 20.12M])      Measurable effect: 4.29M (0.4 SDs) (required sample size for an effect of 5% of mean: 2272)
  Kernel time:               9ms        (95% in [7ms, 10ms])           Measurable effect: 2ms (0.4 SDs) (required sample size for an effect of 5% of mean: 3771)
  CPU Time:                721ms        (95% in [704ms, 738ms])        Measurable effect: 34ms (0.4 SDs)
  Hard Page Faults:          0          (95% in [0, 0])               
  Soft Page Faults:       5.45K         (95% in [4.37K, 6.54K])        Measurable effect: 2.18K (0.4 SDs) (required sample size for an effect of 5% of stdev: 6401)
  Text Size:                 0          (95% in [0, 0])               
  Data Size:                 0          (95% in [0, 0])               
  Library Size:          17.76M         (95% in [15.63M, 19.88M])      Measurable effect: 4.28M (0.4 SDs) (required sample size for an effect of 5% of mean: 2325)

.Scenario 'org.eclipse.swt.test.Create composites and widgets' (average over 10 samples):
  System Time:            3.92s         (95% in [3.57s, 4.27s])        Measurable effect: 615ms (1.3 SDs) (required sample size for an effect of 5% of mean: 99)
  Used Java Heap:        -3.24M         (95% in [-20.34M, 13.86M])     Measurable effect: 30.23M (1.3 SDs) (required sample size for an effect of 5% of stdev: 6400)
  Working Set:           58.73M         (95% in [12.64M, 104.82M])     Measurable effect: 81.49M (1.3 SDs) (required sample size for an effect of 5% of stdev: 6400)
  Kernel time:              35ms        (95% in [9ms, 60ms])           Measurable effect: 45ms (1.3 SDs) (required sample size for an effect of 5% of stdev: 6400)
  CPU Time:               4.05s         (95% in [3.62s, 4.48s])        Measurable effect: 767ms (1.3 SDs) (required sample size for an effect of 5% of mean: 144)
  Hard Page Faults:          0          (95% in [0, 0])               
  Soft Page Faults:      19.53K         (95% in [2.27K, 36.8K])        Measurable effect: 30.53K (1.3 SDs) (required sample size for an effect of 5% of stdev: 6401)
  Text Size:                 0          (95% in [0, 0])               
  Data Size:                 0          (95% in [0, 0])               
  Library Size:          57.34M         (95% in [11.66M, 103.03M])     Measurable effect: 80.77M (1.3 SDs) (required sample size for an effect of 5% of stdev: 6401)

.Scenario 'org.eclipse.swt.test.Draw on an image' (average over 10 samples):
  System Time:             1.2s         (95% in [1.19s, 1.21s])        Measurable effect: 20ms (1.3 SDs)
  Used Java Heap:       789.87K         (95% in [194.25K, 1.35M])      Measurable effect: 1.03M (1.3 SDs) (required sample size for an effect of 5% of stdev: 6400)
  Working Set:            26.4K         (95% in [-33.32K, 86.12K])     Measurable effect: 105.6K (1.3 SDs) (required sample size for an effect of 5% of stdev: 6400)
  Kernel time:               0ms        (95% in [0ms, 0ms])           
  CPU Time:               1.22s         (95% in [1.18s, 1.25s])        Measurable effect: 61ms (1.3 SDs) (required sample size for an effect of 5% of mean: 11)
  Hard Page Faults:          0          (95% in [0, 0])               
  Soft Page Faults:          5          (95% in [-5, 15])              Measurable effect: 19 (1.3 SDs) (required sample size for an effect of 5% of stdev: 6400)
  Text Size:                 0          (95% in [0, 0])               
  Data Size:                 0          (95% in [0, 0])               
  Library Size:            5.2K         (95% in [-6.56K, 16.96K])      Measurable effect: 20.8K (1.3 SDs) (required sample size for an effect of 5% of stdev: 6401)

.Scenario 'org.eclipse.swt.test.Draw on a window' (average over 10 samples):
  System Time:              10ms        (95% in [9ms, 11ms])           Measurable effect: 1ms (1.3 SDs) (required sample size for an effect of 5% of mean: 108)
  Used Java Heap:       157.97K         (95% in [-199.39K, 515.33K])   Measurable effect: 631.88K (1.3 SDs) (required sample size for an effect of 5% of stdev: 6400)
  Working Set:               0          (95% in [0, 0])               
  Kernel time:               0ms        (95% in [0ms, 0ms])           
  CPU Time:                 13ms        (95% in [6ms, 19ms])           Measurable effect: 12ms (1.3 SDs) (required sample size for an effect of 5% of mean: 3409)
  Hard Page Faults:          0          (95% in [0, 0])               
  Soft Page Faults:          0          (95% in [0, 0])                Measurable effect: 0 (1.3 SDs) (required sample size for an effect of 5% of stdev: 6400)
  Text Size:                 0          (95% in [0, 0])               
  Data Size:                 0          (95% in [0, 0])               
  Library Size:              0          (95% in [0, 0])               

.Scenario 'org.eclipse.swt.test.Draw strings using GC.drawText' (average over 10 samples):
  System Time:            2.33s         (95% in [2.32s, 2.35s])        Measurable effect: 25ms (1.3 SDs)
  Used Java Heap:         3.55M         (95% in [3.02M, 4.08M])        Measurable effect: 965.25K (1.3 SDs) (required sample size for an effect of 5% of mean: 283)
  Working Set:              14K         (95% in [-7.97K, 35.97K])      Measurable effect: 38.84K (1.3 SDs) (required sample size for an effect of 5% of stdev: 6400)
  Kernel time:               1ms        (95% in [-1ms, 3ms])           Measurable effect: 4ms (1.3 SDs) (required sample size for an effect of 5% of stdev: 6400)
  CPU Time:               2.35s         (95% in [2.31s, 2.38s])        Measurable effect: 61ms (1.3 SDs)
  Hard Page Faults:          0          (95% in [0, 0])               
  Soft Page Faults:          7          (95% in [-4, 18])              Measurable effect: 20 (1.3 SDs) (required sample size for an effect of 5% of stdev: 6400)
  Text Size:                 0          (95% in [0, 0])               
  Data Size:                 0          (95% in [0, 0])               
  Library Size:           19.2K         (95% in [-11.7K, 50.1K])       Measurable effect: 54.64K (1.3 SDs) (required sample size for an effect of 5% of stdev: 6401)

.Scenario 'org.eclipse.swt.test.Draw strings using GC.drawString()' (average over 10 samples):
  System Time:              63ms        (95% in [62ms, 64ms])          Measurable effect: 1ms (1.3 SDs)
  Used Java Heap:            0          (95% in [0, 0])               
  Working Set:               0          (95% in [0, 0])               
  Kernel time:               0ms        (95% in [0ms, 0ms])           
  CPU Time:                 66ms        (95% in [60ms, 71ms])          Measurable effect: 8ms (1.3 SDs) (required sample size for an effect of 5% of mean: 72)
  Hard Page Faults:          0          (95% in [0, 0])               
  Soft Page Faults:          0          (95% in [0, 0])                Measurable effect: 0 (1.3 SDs) (required sample size for an effect of 5% of stdev: 6400)
  Text Size:                 0          (95% in [0, 0])               
  Data Size:                 0          (95% in [0, 0])               
  Library Size:              0          (95% in [0, 0])               

.Scenario 'org.eclipse.swt.test.Layout Composites' (average over 10 samples):
  System Time:              48ms        (95% in [43ms, 54ms])          Measurable effect: 10ms (1.3 SDs) (required sample size for an effect of 5% of mean: 171)
  Used Java Heap:       473.91K         (95% in [-71.97K, 1,019.79K])  Measurable effect: 965.21K (1.3 SDs) (required sample size for an effect of 5% of stdev: 6401)
  Working Set:           422.8K         (95% in [-533.66K, 1.35M])     Measurable effect: 1.65M (1.3 SDs) (required sample size for an effect of 5% of stdev: 6401)
  Kernel time:               1ms        (95% in [-1ms, 3ms])           Measurable effect: 4ms (1.3 SDs) (required sample size for an effect of 5% of stdev: 6400)
  CPU Time:                 72ms        (95% in [48ms, 95ms])          Measurable effect: 42ms (1.3 SDs) (required sample size for an effect of 5% of mean: 1367)
  Hard Page Faults:          0          (95% in [0, 0])               
  Soft Page Faults:        108          (95% in [-136, 352])           Measurable effect: 431 (1.3 SDs) (required sample size for an effect of 5% of stdev: 6400)
  Text Size:                 0          (95% in [0, 0])               
  Data Size:                 0          (95% in [0, 0])               
  Library Size:            438K         (95% in [-552.84K, 1.4M])      Measurable effect: 1.71M (1.3 SDs) (required sample size for an effect of 5% of stdev: 6401)


Time: 419.812

OK (7 tests)

no new datapoints in DB
disconnecting from DB
