.Scenario 'org.eclipse.swt.test.Create composites' (average over 100 samples):
  System Time:             718ms        (95% in [701ms, 735ms])        Measurable effect: 34ms (0.4 SDs)
  Used Java Heap:      -368.45K         (95% in [-2.99M, 2.27M])       Measurable effect: 5.3M (0.4 SDs) (required sample size for an effect of 5% of stdev: 6400)
  Working Set:           17.95M         (95% in [15.81M, 20.1M])       Measurable effect: 4.32M (0.4 SDs) (required sample size for an effect of 5% of mean: 2315)
  Kernel time:               9ms        (95% in [7ms, 11ms])           Measurable effect: 3ms (0.4 SDs) (required sample size for an effect of 5% of mean: 4209)
  CPU Time:                720ms        (95% in [703ms, 737ms])        Measurable effect: 33ms (0.4 SDs)
  Hard Page Faults:          0          (95% in [0, 0])               
  Soft Page Faults:       5.42K         (95% in [4.34K, 6.5K])         Measurable effect: 2.18K (0.4 SDs) (required sample size for an effect of 5% of stdev: 6400)
  Text Size:                 0          (95% in [0, 0])               
  Data Size:                 0          (95% in [0, 0])               
  Library Size:          17.72M         (95% in [15.59M, 19.86M])      Measurable effect: 4.31M (0.4 SDs) (required sample size for an effect of 5% of mean: 2368)

.Scenario 'org.eclipse.swt.test.Create composites and widgets' (average over 10 samples):
  System Time:            3.88s         (95% in [3.53s, 4.24s])        Measurable effect: 625ms (1.3 SDs) (required sample size for an effect of 5% of mean: 104)
  Used Java Heap:        -3.22M         (95% in [-20.28M, 13.84M])     Measurable effect: 30.16M (1.3 SDs) (required sample size for an effect of 5% of stdev: 6400)
  Working Set:           56.81M         (95% in [12.1M, 101.51M])      Measurable effect: 79.05M (1.3 SDs) (required sample size for an effect of 5% of stdev: 6400)
  Kernel time:              31ms        (95% in [7ms, 54ms])           Measurable effect: 41ms (1.3 SDs) (required sample size for an effect of 5% of stdev: 6400)
  CPU Time:                  4s         (95% in [3.57s, 4.44s])        Measurable effect: 767ms (1.3 SDs) (required sample size for an effect of 5% of mean: 148)
  Hard Page Faults:          0          (95% in [0, 0])               
  Soft Page Faults:      19.04K         (95% in [1.96K, 36.13K])       Measurable effect: 30.21K (1.3 SDs) (required sample size for an effect of 5% of stdev: 6400)
  Text Size:                 0          (95% in [0, 0])               
  Data Size:                 0          (95% in [0, 0])               
  Library Size:          56.43M         (95% in [11.86M, 101.01M])     Measurable effect: 78.82M (1.3 SDs) (required sample size for an effect of 5% of stdev: 6400)

.Scenario 'org.eclipse.swt.test.Draw on an image' (average over 10 samples):
  System Time:             1.2s         (95% in [1.18s, 1.22s])        Measurable effect: 35ms (1.3 SDs)
  Used Java Heap:       789.94K         (95% in [194.27K, 1.35M])      Measurable effect: 1.03M (1.3 SDs) (required sample size for an effect of 5% of stdev: 6401)
  Working Set:            26.4K         (95% in [-33.32K, 86.12K])     Measurable effect: 105.6K (1.3 SDs) (required sample size for an effect of 5% of stdev: 6400)
  Kernel time:               0ms        (95% in [0ms, 0ms])           
  CPU Time:               1.21s         (95% in [1.18s, 1.24s])        Measurable effect: 52ms (1.3 SDs)
  Hard Page Faults:          0          (95% in [0, 0])               
  Soft Page Faults:          5          (95% in [-5, 16])              Measurable effect: 19 (1.3 SDs) (required sample size for an effect of 5% of stdev: 6400)
  Text Size:                 0          (95% in [0, 0])               
  Data Size:                 0          (95% in [0, 0])               
  Library Size:            5.6K         (95% in [-7.07K, 18.27K])      Measurable effect: 22.4K (1.3 SDs) (required sample size for an effect of 5% of stdev: 6400)

.Scenario 'org.eclipse.swt.test.Draw on a window' (average over 10 samples):
  System Time:              11ms        (95% in [9ms, 13ms])           Measurable effect: 3ms (1.3 SDs) (required sample size for an effect of 5% of mean: 395)
  Used Java Heap:            0          (95% in [0, 0])               
  Working Set:               0          (95% in [0, 0])               
  Kernel time:               0ms        (95% in [0ms, 0ms])           
  CPU Time:                 15ms        (95% in [3ms, 26ms])           Measurable effect: 20ms (1.3 SDs) (required sample size for an effect of 5% of stdev: 6400)
  Hard Page Faults:          0          (95% in [0, 0])               
  Soft Page Faults:          0          (95% in [0, 0])               
  Text Size:                 0          (95% in [0, 0])               
  Data Size:                 0          (95% in [0, 0])               
  Library Size:              0          (95% in [0, 0])               

.Scenario 'org.eclipse.swt.test.Draw strings using GC.drawText' (average over 10 samples):
  System Time:            2.33s         (95% in [2.32s, 2.34s])        Measurable effect: 19ms (1.3 SDs)
  Used Java Heap:         3.39M         (95% in [2.93M, 3.86M])        Measurable effect: 842.66K (1.3 SDs) (required sample size for an effect of 5% of mean: 236)
  Working Set:            10.4K         (95% in [-5.34K, 26.14K])      Measurable effect: 27.83K (1.3 SDs) (required sample size for an effect of 5% of stdev: 6400)
  Kernel time:               0ms        (95% in [0ms, 0ms])           
  CPU Time:               2.34s         (95% in [2.3s, 2.38s])         Measurable effect: 68ms (1.3 SDs)
  Hard Page Faults:          0          (95% in [0, 0])               
  Soft Page Faults:          5          (95% in [-3, 15])              Measurable effect: 16 (1.3 SDs) (required sample size for an effect of 5% of stdev: 6400)
  Text Size:                 0          (95% in [0, 0])               
  Data Size:                 0          (95% in [0, 0])               
  Library Size:           19.6K         (95% in [-12.1K, 51.3K])       Measurable effect: 56.06K (1.3 SDs) (required sample size for an effect of 5% of stdev: 6401)

.Scenario 'org.eclipse.swt.test.Draw strings using GC.drawString()' (average over 10 samples):
  System Time:              62ms        (95% in [60ms, 63ms])          Measurable effect: 2ms (1.3 SDs)
  Used Java Heap:       315.98K         (95% in [-160.56K, 792.51K])   Measurable effect: 842.61K (1.3 SDs) (required sample size for an effect of 5% of stdev: 6400)
  Working Set:               0          (95% in [0, 0])               
  Kernel time:               1ms        (95% in [-1ms, 3ms])           Measurable effect: 4ms (1.3 SDs) (required sample size for an effect of 5% of stdev: 6400)
  CPU Time:                 64ms        (95% in [58ms, 69ms])          Measurable effect: 8ms (1.3 SDs) (required sample size for an effect of 5% of mean: 77)
  Hard Page Faults:          0          (95% in [0, 0])               
  Soft Page Faults:          0          (95% in [0, 0])               
  Text Size:                 0          (95% in [0, 0])               
  Data Size:                 0          (95% in [0, 0])               
  Library Size:              0          (95% in [0, 0])               

.Scenario 'org.eclipse.swt.test.Layout Composites' (average over 10 samples):
  System Time:              52ms        (95% in [44ms, 61ms])          Measurable effect: 14ms (1.3 SDs) (required sample size for an effect of 5% of mean: 312)
  Used Java Heap:       789.94K         (95% in [194.27K, 1.35M])      Measurable effect: 1.03M (1.3 SDs) (required sample size for an effect of 5% of stdev: 6400)
  Working Set:           435.6K         (95% in [-549.81K, 1.39M])     Measurable effect: 1.7M (1.3 SDs) (required sample size for an effect of 5% of stdev: 6401)
  Kernel time:               0ms        (95% in [0ms, 0ms])           
  CPU Time:                 77ms        (95% in [53ms, 100ms])         Measurable effect: 42ms (1.3 SDs) (required sample size for an effect of 5% of mean: 1201)
  Hard Page Faults:          0          (95% in [0, 0])               
  Soft Page Faults:        110          (95% in [-136, 358])           Measurable effect: 437 (1.3 SDs) (required sample size for an effect of 5% of stdev: 6401)
  Text Size:                 0          (95% in [0, 0])               
  Data Size:                 0          (95% in [0, 0])               
  Library Size:          444.8K         (95% in [-561.43K, 1.42M])     Measurable effect: 1.74M (1.3 SDs) (required sample size for an effect of 5% of stdev: 6401)


Time: 419.721

OK (7 tests)

no new datapoints in DB
disconnecting from DB
