.Scenario 'org.eclipse.swt.test.Create composites' (average over 100 samples):
  System Time:             720ms        (95% in [703ms, 738ms])        Measurable effect: 34ms (0.4 SDs)
  Used Java Heap:       -382.4K         (95% in [-3M, 2.25M])          Measurable effect: 5.29M (0.4 SDs) (required sample size for an effect of 5% of stdev: 6401)
  Working Set:              18M         (95% in [15.88M, 20.11M])      Measurable effect: 4.26M (0.4 SDs) (required sample size for an effect of 5% of mean: 2237)
  Kernel time:               9ms        (95% in [8ms, 11ms])           Measurable effect: 3ms (0.4 SDs) (required sample size for an effect of 5% of mean: 4198)
  CPU Time:                721ms        (95% in [704ms, 738ms])        Measurable effect: 34ms (0.4 SDs)
  Hard Page Faults:          0          (95% in [0, 0])               
  Soft Page Faults:       5.45K         (95% in [4.37K, 6.53K])        Measurable effect: 2.18K (0.4 SDs) (required sample size for an effect of 5% of mean: 6383)
  Text Size:                 0          (95% in [0, 0])               
  Data Size:                 0          (95% in [0, 0])               
  Library Size:          17.77M         (95% in [15.66M, 19.87M])      Measurable effect: 4.24M (0.4 SDs) (required sample size for an effect of 5% of mean: 2283)

.Scenario 'org.eclipse.swt.test.Create composites and widgets' (average over 10 samples):
  System Time:            3.92s         (95% in [3.56s, 4.28s])        Measurable effect: 634ms (1.3 SDs) (required sample size for an effect of 5% of mean: 105)
  Used Java Heap:        -3.22M         (95% in [-20.27M, 13.83M])     Measurable effect: 30.15M (1.3 SDs) (required sample size for an effect of 5% of stdev: 6401)
  Working Set:           56.63M         (95% in [12.34M, 100.91M])     Measurable effect: 78.31M (1.3 SDs) (required sample size for an effect of 5% of stdev: 6401)
  Kernel time:              31ms        (95% in [5ms, 56ms])           Measurable effect: 45ms (1.3 SDs) (required sample size for an effect of 5% of stdev: 6400)
  CPU Time:               4.03s         (95% in [3.61s, 4.46s])        Measurable effect: 750ms (1.3 SDs) (required sample size for an effect of 5% of mean: 139)
  Hard Page Faults:          0          (95% in [0, 0])               
  Soft Page Faults:      18.98K         (95% in [1.97K, 35.99K])       Measurable effect: 30.08K (1.3 SDs) (required sample size for an effect of 5% of stdev: 6401)
  Text Size:                 0          (95% in [0, 0])               
  Data Size:                 0          (95% in [0, 0])               
  Library Size:           56.2M         (95% in [12.08M, 100.31M])     Measurable effect: 78.01M (1.3 SDs) (required sample size for an effect of 5% of stdev: 6401)

.Scenario 'org.eclipse.swt.test.Draw on an image' (average over 10 samples):
  System Time:            1.18s         (95% in [1.17s, 1.19s])        Measurable effect: 16ms (1.3 SDs)
  Used Java Heap:       789.95K         (95% in [194.27K, 1.35M])      Measurable effect: 1.03M (1.3 SDs) (required sample size for an effect of 5% of stdev: 6400)
  Working Set:              26K         (95% in [-32.82K, 84.82K])     Measurable effect: 104K (1.3 SDs) (required sample size for an effect of 5% of stdev: 6401)
  Kernel time:               0ms        (95% in [0ms, 0ms])           
  CPU Time:               1.19s         (95% in [1.16s, 1.22s])        Measurable effect: 54ms (1.3 SDs)
  Hard Page Faults:          0          (95% in [0, 0])               
  Soft Page Faults:          3          (95% in [-3, 11])              Measurable effect: 13 (1.3 SDs) (required sample size for an effect of 5% of stdev: 6400)
  Text Size:                 0          (95% in [0, 0])               
  Data Size:                 0          (95% in [0, 0])               
  Library Size:              0          (95% in [0, 0])               

.Scenario 'org.eclipse.swt.test.Draw on a window' (average over 10 samples):
  System Time:              11ms        (95% in [8ms, 13ms])           Measurable effect: 4ms (1.3 SDs) (required sample size for an effect of 5% of mean: 548)
  Used Java Heap:            0          (95% in [0, 0])               
  Working Set:               0          (95% in [0, 0])               
  Kernel time:               0ms        (95% in [0ms, 0ms])           
  CPU Time:                 14ms        (95% in [4ms, 23ms])           Measurable effect: 16ms (1.3 SDs) (required sample size for an effect of 5% of mean: 5225)
  Hard Page Faults:          0          (95% in [0, 0])               
  Soft Page Faults:          0          (95% in [0, 0])                Measurable effect: 0 (1.3 SDs) (required sample size for an effect of 5% of stdev: 6400)
  Text Size:                 0          (95% in [0, 0])               
  Data Size:                 0          (95% in [0, 0])               
  Library Size:              0          (95% in [0, 0])               

.Scenario 'org.eclipse.swt.test.Draw strings using GC.drawText' (average over 10 samples):
  System Time:            2.39s         (95% in [2.34s, 2.44s])        Measurable effect: 84ms (1.3 SDs)
  Used Java Heap:         3.39M         (95% in [2.93M, 3.86M])        Measurable effect: 842.63K (1.3 SDs) (required sample size for an effect of 5% of mean: 236)
  Working Set:            61.6K         (95% in [-66.14K, 189.34K])    Measurable effect: 225.87K (1.3 SDs) (required sample size for an effect of 5% of stdev: 6401)
  Kernel time:               1ms        (95% in [-1ms, 3ms])           Measurable effect: 4ms (1.3 SDs) (required sample size for an effect of 5% of stdev: 6400)
  CPU Time:               2.41s         (95% in [2.35s, 2.46s])        Measurable effect: 95ms (1.3 SDs)
  Hard Page Faults:          0          (95% in [0, 0])               
  Soft Page Faults:         19          (95% in [-20, 59])             Measurable effect: 69 (1.3 SDs) (required sample size for an effect of 5% of stdev: 6401)
  Text Size:                 0          (95% in [0, 0])               
  Data Size:                 0          (95% in [0, 0])               
  Library Size:           70.4K         (95% in [-73.49K, 214.29K])    Measurable effect: 254.43K (1.3 SDs) (required sample size for an effect of 5% of stdev: 6400)

.Scenario 'org.eclipse.swt.test.Draw strings using GC.drawString()' (average over 10 samples):
  System Time:              63ms        (95% in [61ms, 65ms])          Measurable effect: 2ms (1.3 SDs)
  Used Java Heap:       315.98K         (95% in [-160.56K, 792.51K])   Measurable effect: 842.61K (1.3 SDs) (required sample size for an effect of 5% of stdev: 6400)
  Working Set:               0          (95% in [0, 0])               
  Kernel time:               0ms        (95% in [0ms, 0ms])           
  CPU Time:                 66ms        (95% in [60ms, 71ms])          Measurable effect: 8ms (1.3 SDs) (required sample size for an effect of 5% of mean: 72)
  Hard Page Faults:          0          (95% in [0, 0])               
  Soft Page Faults:          0          (95% in [0, 0])                Measurable effect: 0 (1.3 SDs) (required sample size for an effect of 5% of stdev: 6400)
  Text Size:                 0          (95% in [0, 0])               
  Data Size:                 0          (95% in [0, 0])               
  Library Size:              0          (95% in [0, 0])               

.Scenario 'org.eclipse.swt.test.Layout Composites' (average over 10 samples):
  System Time:              51ms        (95% in [45ms, 58ms])          Measurable effect: 10ms (1.3 SDs) (required sample size for an effect of 5% of mean: 179)
  Used Java Heap:       789.98K         (95% in [194.28K, 1.35M])      Measurable effect: 1.03M (1.3 SDs) (required sample size for an effect of 5% of stdev: 6400)
  Working Set:           415.2K         (95% in [-524.07K, 1.32M])     Measurable effect: 1.62M (1.3 SDs) (required sample size for an effect of 5% of stdev: 6400)
  Kernel time:               1ms        (95% in [-1ms, 3ms])           Measurable effect: 4ms (1.3 SDs) (required sample size for an effect of 5% of stdev: 6400)
  CPU Time:                 76ms        (95% in [53ms, 98ms])          Measurable effect: 39ms (1.3 SDs) (required sample size for an effect of 5% of mean: 1089)
  Hard Page Faults:          0          (95% in [0, 0])               
  Soft Page Faults:        103          (95% in [-130, 336])           Measurable effect: 412 (1.3 SDs) (required sample size for an effect of 5% of stdev: 6400)
  Text Size:                 0          (95% in [0, 0])               
  Data Size:                 0          (95% in [0, 0])               
  Library Size:          422.4K         (95% in [-533.15K, 1.35M])     Measurable effect: 1.65M (1.3 SDs) (required sample size for an effect of 5% of stdev: 6400)


Time: 422.241

OK (7 tests)

no new datapoints in DB
disconnecting from DB
