.Scenario 'org.eclipse.swt.test.Create composites' (average over 100 samples):
  System Time:             721ms        (95% in [704ms, 739ms])        Measurable effect: 35ms (0.4 SDs)
  Used Java Heap:      -382.56K         (95% in [-3M, 2.25M])          Measurable effect: 5.29M (0.4 SDs) (required sample size for an effect of 5% of stdev: 6400)
  Working Set:           17.99M         (95% in [15.86M, 20.12M])      Measurable effect: 4.29M (0.4 SDs) (required sample size for an effect of 5% of mean: 2274)
  Kernel time:               9ms        (95% in [7ms, 10ms])           Measurable effect: 2ms (0.4 SDs) (required sample size for an effect of 5% of mean: 3606)
  CPU Time:                725ms        (95% in [708ms, 741ms])        Measurable effect: 34ms (0.4 SDs)
  Hard Page Faults:          0          (95% in [0, 0])               
  Soft Page Faults:       5.45K         (95% in [4.37K, 6.54K])        Measurable effect: 2.19K (0.4 SDs) (required sample size for an effect of 5% of stdev: 6400)
  Text Size:                 0          (95% in [0, 0])               
  Data Size:                 0          (95% in [0, 0])               
  Library Size:          17.76M         (95% in [15.64M, 19.89M])      Measurable effect: 4.29M (0.4 SDs) (required sample size for an effect of 5% of mean: 2329)

.Scenario 'org.eclipse.swt.test.Create composites and widgets' (average over 10 samples):
  System Time:             3.9s         (95% in [3.54s, 4.26s])        Measurable effect: 630ms (1.3 SDs) (required sample size for an effect of 5% of mean: 105)
  Used Java Heap:        -3.22M         (95% in [-20.28M, 13.84M])     Measurable effect: 30.16M (1.3 SDs) (required sample size for an effect of 5% of stdev: 6401)
  Working Set:           58.08M         (95% in [11.46M, 104.71M])     Measurable effect: 82.44M (1.3 SDs) (required sample size for an effect of 5% of stdev: 6400)
  Kernel time:              32ms        (95% in [7ms, 56ms])           Measurable effect: 43ms (1.3 SDs) (required sample size for an effect of 5% of stdev: 6400)
  CPU Time:               4.02s         (95% in [3.57s, 4.47s])        Measurable effect: 798ms (1.3 SDs) (required sample size for an effect of 5% of mean: 158)
  Hard Page Faults:          0          (95% in [0, 0])               
  Soft Page Faults:      19.36K         (95% in [2K, 36.73K])          Measurable effect: 30.7K (1.3 SDs) (required sample size for an effect of 5% of stdev: 6401)
  Text Size:                 0          (95% in [0, 0])               
  Data Size:                 0          (95% in [0, 0])               
  Library Size:          57.75M         (95% in [11.15M, 104.36M])     Measurable effect: 82.41M (1.3 SDs) (required sample size for an effect of 5% of stdev: 6401)

.Scenario 'org.eclipse.swt.test.Draw on an image' (average over 10 samples):
  System Time:             1.2s         (95% in [1.19s, 1.21s])        Measurable effect: 23ms (1.3 SDs)
  Used Java Heap:       789.95K         (95% in [194.27K, 1.35M])      Measurable effect: 1.03M (1.3 SDs) (required sample size for an effect of 5% of stdev: 6400)
  Working Set:               0          (95% in [0, 0])               
  Kernel time:               0ms        (95% in [0ms, 0ms])           
  CPU Time:               1.21s         (95% in [1.18s, 1.24s])        Measurable effect: 55ms (1.3 SDs)
  Hard Page Faults:          0          (95% in [0, 0])               
  Soft Page Faults:          4          (95% in [-5, 15])              Measurable effect: 18 (1.3 SDs) (required sample size for an effect of 5% of stdev: 6400)
  Text Size:                 0          (95% in [0, 0])               
  Data Size:                 0          (95% in [0, 0])               
  Library Size:            5.2K         (95% in [-6.56K, 16.96K])      Measurable effect: 20.8K (1.3 SDs) (required sample size for an effect of 5% of stdev: 6401)

.Scenario 'org.eclipse.swt.test.Draw on a window' (average over 10 samples):
  System Time:              11ms        (95% in [8ms, 13ms])           Measurable effect: 3ms (1.3 SDs) (required sample size for an effect of 5% of mean: 514)
  Used Java Heap:       158.02K         (95% in [-199.46K, 515.5K])    Measurable effect: 632.09K (1.3 SDs) (required sample size for an effect of 5% of stdev: 6401)
  Working Set:               0          (95% in [0, 0])               
  Kernel time:               0ms        (95% in [0ms, 0ms])           
  CPU Time:                 14ms        (95% in [4ms, 23ms])           Measurable effect: 16ms (1.3 SDs) (required sample size for an effect of 5% of mean: 5225)
  Hard Page Faults:          0          (95% in [0, 0])               
  Soft Page Faults:          0          (95% in [0, 0])                Measurable effect: 0 (1.3 SDs) (required sample size for an effect of 5% of stdev: 6400)
  Text Size:                 0          (95% in [0, 0])               
  Data Size:                 0          (95% in [0, 0])               
  Library Size:              0          (95% in [0, 0])               

.Scenario 'org.eclipse.swt.test.Draw strings using GC.drawText' (average over 10 samples):
  System Time:            2.36s         (95% in [2.34s, 2.38s])        Measurable effect: 36ms (1.3 SDs)
  Used Java Heap:         3.39M         (95% in [2.93M, 3.86M])        Measurable effect: 842.64K (1.3 SDs) (required sample size for an effect of 5% of mean: 236)
  Working Set:            16.8K         (95% in [-11.29K, 44.89K])     Measurable effect: 49.68K (1.3 SDs) (required sample size for an effect of 5% of stdev: 6401)
  Kernel time:               2ms        (95% in [-1ms, 5ms])           Measurable effect: 5ms (1.3 SDs) (required sample size for an effect of 5% of stdev: 6400)
  CPU Time:               2.38s         (95% in [2.34s, 2.42s])        Measurable effect: 69ms (1.3 SDs)
  Hard Page Faults:          0          (95% in [0, 0])               
  Soft Page Faults:          5          (95% in [-3, 15])              Measurable effect: 17 (1.3 SDs) (required sample size for an effect of 5% of stdev: 6400)
  Text Size:                 0          (95% in [0, 0])               
  Data Size:                 0          (95% in [0, 0])               
  Library Size:           19.6K         (95% in [-12.1K, 51.3K])       Measurable effect: 56.06K (1.3 SDs) (required sample size for an effect of 5% of stdev: 6401)

.Scenario 'org.eclipse.swt.test.Draw strings using GC.drawString()' (average over 10 samples):
  System Time:              63ms        (95% in [61ms, 64ms])          Measurable effect: 3ms (1.3 SDs)
  Used Java Heap:       315.98K         (95% in [-160.56K, 792.52K])   Measurable effect: 842.61K (1.3 SDs) (required sample size for an effect of 5% of stdev: 6400)
  Working Set:             5.6K         (95% in [-7.07K, 18.27K])      Measurable effect: 22.4K (1.3 SDs) (required sample size for an effect of 5% of stdev: 6400)
  Kernel time:               0ms        (95% in [0ms, 0ms])           
  CPU Time:                 64ms        (95% in [60ms, 67ms])          Measurable effect: 6ms (1.3 SDs) (required sample size for an effect of 5% of mean: 42)
  Hard Page Faults:          0          (95% in [0, 0])               
  Soft Page Faults:          0          (95% in [0, 1])                Measurable effect: 1 (1.3 SDs) (required sample size for an effect of 5% of stdev: 6400)
  Text Size:                 0          (95% in [0, 0])               
  Data Size:                 0          (95% in [0, 0])               
  Library Size:            6.4K         (95% in [-8.08K, 20.88K])      Measurable effect: 25.6K (1.3 SDs) (required sample size for an effect of 5% of stdev: 6400)

.Scenario 'org.eclipse.swt.test.Layout Composites' (average over 10 samples):
  System Time:              50ms        (95% in [44ms, 56ms])          Measurable effect: 10ms (1.3 SDs) (required sample size for an effect of 5% of mean: 167)
  Used Java Heap:       789.95K         (95% in [194.27K, 1.35M])      Measurable effect: 1.03M (1.3 SDs) (required sample size for an effect of 5% of stdev: 6400)
  Working Set:           442.4K         (95% in [-558.4K, 1.41M])      Measurable effect: 1.73M (1.3 SDs) (required sample size for an effect of 5% of stdev: 6400)
  Kernel time:               1ms        (95% in [-1ms, 3ms])           Measurable effect: 4ms (1.3 SDs) (required sample size for an effect of 5% of stdev: 6400)
  CPU Time:                 75ms        (95% in [57ms, 92ms])          Measurable effect: 31ms (1.3 SDs) (required sample size for an effect of 5% of mean: 715)
  Hard Page Faults:          0          (95% in [0, 0])               
  Soft Page Faults:        110          (95% in [-138, 358])           Measurable effect: 439 (1.3 SDs) (required sample size for an effect of 5% of stdev: 6400)
  Text Size:                 0          (95% in [0, 0])               
  Data Size:                 0          (95% in [0, 0])               
  Library Size:          454.4K         (95% in [-573.54K, 1.45M])     Measurable effect: 1.77M (1.3 SDs) (required sample size for an effect of 5% of stdev: 6400)


Time: 422.512

OK (7 tests)

no new datapoints in DB
disconnecting from DB
