.Scenario 'org.eclipse.swt.test.Create composites' (average over 100 samples):
  System Time:             731ms        (95% in [714ms, 749ms])        Measurable effect: 34ms (0.4 SDs)
  Used Java Heap:       -382.4K         (95% in [-3M, 2.25M])          Measurable effect: 5.29M (0.4 SDs) (required sample size for an effect of 5% of stdev: 6400)
  Working Set:           17.99M         (95% in [15.87M, 20.1M])       Measurable effect: 4.26M (0.4 SDs) (required sample size for an effect of 5% of mean: 2246)
  Kernel time:               9ms        (95% in [8ms, 11ms])           Measurable effect: 2ms (0.4 SDs) (required sample size for an effect of 5% of mean: 3497)
  CPU Time:                733ms        (95% in [716ms, 749ms])        Measurable effect: 33ms (0.4 SDs)
  Hard Page Faults:          0          (95% in [0, 0])               
  Soft Page Faults:       5.45K         (95% in [4.37K, 6.53K])        Measurable effect: 2.18K (0.4 SDs) (required sample size for an effect of 5% of mean: 6379)
  Text Size:                 0          (95% in [0, 0])               
  Data Size:                 0          (95% in [0, 0])               
  Library Size:          17.76M         (95% in [15.65M, 19.87M])      Measurable effect: 4.25M (0.4 SDs) (required sample size for an effect of 5% of mean: 2295)

.Scenario 'org.eclipse.swt.test.Create composites and widgets' (average over 10 samples):
  System Time:            3.96s         (95% in [3.59s, 4.33s])        Measurable effect: 647ms (1.3 SDs) (required sample size for an effect of 5% of mean: 107)
  Used Java Heap:        -3.24M         (95% in [-20.32M, 13.85M])     Measurable effect: 30.22M (1.3 SDs) (required sample size for an effect of 5% of stdev: 6401)
  Working Set:           58.07M         (95% in [12.14M, 104.01M])     Measurable effect: 81.23M (1.3 SDs) (required sample size for an effect of 5% of stdev: 6400)
  Kernel time:              28ms        (95% in [3ms, 52ms])           Measurable effect: 43ms (1.3 SDs) (required sample size for an effect of 5% of stdev: 6401)
  CPU Time:                4.1s         (95% in [3.63s, 4.56s])        Measurable effect: 827ms (1.3 SDs) (required sample size for an effect of 5% of mean: 164)
  Hard Page Faults:          0          (95% in [0, 0])               
  Soft Page Faults:      19.37K         (95% in [2.12K, 36.62K])       Measurable effect: 30.5K (1.3 SDs) (required sample size for an effect of 5% of stdev: 6401)
  Text Size:                 0          (95% in [0, 0])               
  Data Size:                 0          (95% in [0, 0])               
  Library Size:           57.8M         (95% in [11.89M, 103.71M])     Measurable effect: 81.18M (1.3 SDs) (required sample size for an effect of 5% of stdev: 6400)

.Scenario 'org.eclipse.swt.test.Draw on an image' (average over 10 samples):
  System Time:            1.19s         (95% in [1.18s, 1.2s])         Measurable effect: 18ms (1.3 SDs)
  Used Java Heap:       789.95K         (95% in [194.28K, 1.35M])      Measurable effect: 1.03M (1.3 SDs) (required sample size for an effect of 5% of stdev: 6400)
  Working Set:               0          (95% in [0, 0])               
  Kernel time:               1ms        (95% in [-1ms, 3ms])           Measurable effect: 4ms (1.3 SDs) (required sample size for an effect of 5% of stdev: 6400)
  CPU Time:                1.2s         (95% in [1.17s, 1.22s])        Measurable effect: 48ms (1.3 SDs)
  Hard Page Faults:          0          (95% in [0, 0])               
  Soft Page Faults:          4          (95% in [-4, 13])              Measurable effect: 15 (1.3 SDs) (required sample size for an effect of 5% of stdev: 6401)
  Text Size:                 0          (95% in [0, 0])               
  Data Size:                 0          (95% in [0, 0])               
  Library Size:            2.4K         (95% in [-3.03K, 7.83K])       Measurable effect: 9.6K (1.3 SDs) (required sample size for an effect of 5% of stdev: 6400)

.Scenario 'org.eclipse.swt.test.Draw on a window' (average over 10 samples):
  System Time:              12ms        (95% in [8ms, 16ms])           Measurable effect: 6ms (1.3 SDs) (required sample size for an effect of 5% of mean: 1085)
  Used Java Heap:            0          (95% in [0, 0])               
  Working Set:               0          (95% in [0, 0])               
  Kernel time:               1ms        (95% in [-1ms, 3ms])           Measurable effect: 4ms (1.3 SDs) (required sample size for an effect of 5% of stdev: 6400)
  CPU Time:                 18ms        (95% in [4ms, 31ms])           Measurable effect: 24ms (1.3 SDs) (required sample size for an effect of 5% of stdev: 6401)
  Hard Page Faults:          0          (95% in [0, 0])               
  Soft Page Faults:          0          (95% in [0, 0])               
  Text Size:                 0          (95% in [0, 0])               
  Data Size:                 0          (95% in [0, 0])               
  Library Size:              0          (95% in [0, 0])               

.Scenario 'org.eclipse.swt.test.Draw strings using GC.drawText' (average over 10 samples):
  System Time:            2.36s         (95% in [2.34s, 2.37s])        Measurable effect: 23ms (1.3 SDs)
  Used Java Heap:         3.55M         (95% in [3.02M, 4.08M])        Measurable effect: 965.36K (1.3 SDs) (required sample size for an effect of 5% of mean: 283)
  Working Set:              28K         (95% in [-24.4K, 80.4K])       Measurable effect: 92.65K (1.3 SDs) (required sample size for an effect of 5% of stdev: 6400)
  Kernel time:               0ms        (95% in [0ms, 0ms])           
  CPU Time:               2.37s         (95% in [2.33s, 2.41s])        Measurable effect: 65ms (1.3 SDs)
  Hard Page Faults:          0          (95% in [0, 0])               
  Soft Page Faults:          7          (95% in [-5, 19])              Measurable effect: 21 (1.3 SDs) (required sample size for an effect of 5% of stdev: 6401)
  Text Size:                 0          (95% in [0, 0])               
  Data Size:                 0          (95% in [0, 0])               
  Library Size:           19.6K         (95% in [-11.64K, 50.84K])     Measurable effect: 55.24K (1.3 SDs) (required sample size for an effect of 5% of stdev: 6401)

.Scenario 'org.eclipse.swt.test.Draw strings using GC.drawString()' (average over 10 samples):
  System Time:              65ms        (95% in [59ms, 70ms])          Measurable effect: 9ms (1.3 SDs) (required sample size for an effect of 5% of mean: 86)
  Used Java Heap:            0          (95% in [0, 0])               
  Working Set:               0          (95% in [0, 0])               
  Kernel time:               2ms        (95% in [-1ms, 5ms])           Measurable effect: 5ms (1.3 SDs) (required sample size for an effect of 5% of stdev: 6400)
  CPU Time:                 67ms        (95% in [60ms, 73ms])          Measurable effect: 12ms (1.3 SDs) (required sample size for an effect of 5% of mean: 129)
  Hard Page Faults:          0          (95% in [0, 0])               
  Soft Page Faults:          0          (95% in [0, 0])               
  Text Size:                 0          (95% in [0, 0])               
  Data Size:                 0          (95% in [0, 0])               
  Library Size:              0          (95% in [0, 0])               

.Scenario 'org.eclipse.swt.test.Layout Composites' (average over 10 samples):
  System Time:              51ms        (95% in [45ms, 56ms])          Measurable effect: 10ms (1.3 SDs) (required sample size for an effect of 5% of mean: 154)
  Used Java Heap:       473.96K         (95% in [-71.97K, 1,019.91K])  Measurable effect: 965.33K (1.3 SDs) (required sample size for an effect of 5% of stdev: 6401)
  Working Set:           427.6K         (95% in [-532.7K, 1.36M])      Measurable effect: 1.66M (1.3 SDs) (required sample size for an effect of 5% of stdev: 6400)
  Kernel time:               1ms        (95% in [-1ms, 3ms])           Measurable effect: 4ms (1.3 SDs) (required sample size for an effect of 5% of stdev: 6400)
  CPU Time:                 71ms        (95% in [53ms, 88ms])          Measurable effect: 30ms (1.3 SDs) (required sample size for an effect of 5% of mean: 747)
  Hard Page Faults:          0          (95% in [0, 0])               
  Soft Page Faults:        110          (95% in [-133, 354])           Measurable effect: 431 (1.3 SDs) (required sample size for an effect of 5% of stdev: 6400)
  Text Size:                 0          (95% in [0, 0])               
  Data Size:                 0          (95% in [0, 0])               
  Library Size:          451.6K         (95% in [-554.03K, 1.42M])     Measurable effect: 1.74M (1.3 SDs) (required sample size for an effect of 5% of stdev: 6400)


Time: 422.02

OK (7 tests)

no new datapoints in DB
disconnecting from DB
