.Scenario 'org.eclipse.swt.test.Create composites' (average over 100 samples):
  System Time:             724ms        (95% in [707ms, 741ms])        Measurable effect: 34ms (0.4 SDs)
  Used Java Heap:      -382.72K         (95% in [-3M, 2.25M])          Measurable effect: 5.29M (0.4 SDs) (required sample size for an effect of 5% of stdev: 6400)
  Working Set:              18M         (95% in [15.86M, 20.14M])      Measurable effect: 4.31M (0.4 SDs) (required sample size for an effect of 5% of mean: 2292)
  Kernel time:               9ms        (95% in [7ms, 10ms])           Measurable effect: 3ms (0.4 SDs) (required sample size for an effect of 5% of mean: 5324)
  CPU Time:                726ms        (95% in [709ms, 743ms])        Measurable effect: 33ms (0.4 SDs)
  Hard Page Faults:          0          (95% in [0, 0])               
  Soft Page Faults:       5.46K         (95% in [4.37K, 6.54K])        Measurable effect: 2.19K (0.4 SDs) (required sample size for an effect of 5% of stdev: 6400)
  Text Size:                 0          (95% in [0, 0])               
  Data Size:                 0          (95% in [0, 0])               
  Library Size:          17.77M         (95% in [15.64M, 19.91M])      Measurable effect: 4.31M (0.4 SDs) (required sample size for an effect of 5% of mean: 2348)

.Scenario 'org.eclipse.swt.test.Create composites and widgets' (average over 10 samples):
  System Time:            3.96s         (95% in [3.59s, 4.33s])        Measurable effect: 653ms (1.3 SDs) (required sample size for an effect of 5% of mean: 109)
  Used Java Heap:        -3.22M         (95% in [-20.26M, 13.83M])     Measurable effect: 30.14M (1.3 SDs) (required sample size for an effect of 5% of stdev: 6401)
  Working Set:           57.37M         (95% in [12.67M, 102.07M])     Measurable effect: 79.04M (1.3 SDs) (required sample size for an effect of 5% of stdev: 6400)
  Kernel time:              32ms        (95% in [4ms, 59ms])           Measurable effect: 49ms (1.3 SDs) (required sample size for an effect of 5% of stdev: 6400)
  CPU Time:               4.09s         (95% in [3.63s, 4.54s])        Measurable effect: 809ms (1.3 SDs) (required sample size for an effect of 5% of mean: 157)
  Hard Page Faults:          0          (95% in [0, 0])               
  Soft Page Faults:      19.18K         (95% in [2.12K, 36.25K])       Measurable effect: 30.18K (1.3 SDs) (required sample size for an effect of 5% of stdev: 6401)
  Text Size:                 0          (95% in [0, 0])               
  Data Size:                 0          (95% in [0, 0])               
  Library Size:          57.07M         (95% in [12.3M, 101.85M])      Measurable effect: 79.17M (1.3 SDs) (required sample size for an effect of 5% of stdev: 6400)

.Scenario 'org.eclipse.swt.test.Draw on an image' (average over 10 samples):
  System Time:            1.19s         (95% in [1.18s, 1.2s])         Measurable effect: 16ms (1.3 SDs)
  Used Java Heap:       789.94K         (95% in [194.27K, 1.35M])      Measurable effect: 1.03M (1.3 SDs) (required sample size for an effect of 5% of stdev: 6401)
  Working Set:               0          (95% in [0, 0])               
  Kernel time:               0ms        (95% in [0ms, 0ms])           
  CPU Time:                1.2s         (95% in [1.17s, 1.23s])        Measurable effect: 49ms (1.3 SDs)
  Hard Page Faults:          0          (95% in [0, 0])               
  Soft Page Faults:          3          (95% in [-4, 11])              Measurable effect: 13 (1.3 SDs) (required sample size for an effect of 5% of stdev: 6401)
  Text Size:                 0          (95% in [0, 0])               
  Data Size:                 0          (95% in [0, 0])               
  Library Size:              0          (95% in [0, 0])               

.Scenario 'org.eclipse.swt.test.Draw on a window' (average over 10 samples):
  System Time:              11ms        (95% in [9ms, 13ms])           Measurable effect: 3ms (1.3 SDs) (required sample size for an effect of 5% of mean: 425)
  Used Java Heap:            0          (95% in [0, 0])               
  Working Set:               0          (95% in [0, 0])               
  Kernel time:               0ms        (95% in [0ms, 0ms])           
  CPU Time:                 15ms        (95% in [3ms, 26ms])           Measurable effect: 20ms (1.3 SDs) (required sample size for an effect of 5% of stdev: 6400)
  Hard Page Faults:          0          (95% in [0, 0])               
  Soft Page Faults:          0          (95% in [0, 0])               
  Text Size:                 0          (95% in [0, 0])               
  Data Size:                 0          (95% in [0, 0])               
  Library Size:              0          (95% in [0, 0])               

.Scenario 'org.eclipse.swt.test.Draw strings using GC.drawText' (average over 10 samples):
  System Time:            2.37s         (95% in [2.36s, 2.37s])        Measurable effect: 13ms (1.3 SDs)
  Used Java Heap:         3.55M         (95% in [3.02M, 4.08M])        Measurable effect: 965.41K (1.3 SDs) (required sample size for an effect of 5% of mean: 283)
  Working Set:              26K         (95% in [-22.77K, 74.77K])     Measurable effect: 86.24K (1.3 SDs) (required sample size for an effect of 5% of stdev: 6401)
  Kernel time:               1ms        (95% in [-1ms, 3ms])           Measurable effect: 4ms (1.3 SDs) (required sample size for an effect of 5% of stdev: 6400)
  CPU Time:               2.38s         (95% in [2.34s, 2.42s])        Measurable effect: 66ms (1.3 SDs)
  Hard Page Faults:          0          (95% in [0, 0])               
  Soft Page Faults:          6          (95% in [-4, 16])              Measurable effect: 18 (1.3 SDs) (required sample size for an effect of 5% of stdev: 6401)
  Text Size:                 0          (95% in [0, 0])               
  Data Size:                 0          (95% in [0, 0])               
  Library Size:           19.2K         (95% in [-11.7K, 50.1K])       Measurable effect: 54.64K (1.3 SDs) (required sample size for an effect of 5% of stdev: 6401)

.Scenario 'org.eclipse.swt.test.Draw strings using GC.drawString()' (average over 10 samples):
  System Time:              65ms        (95% in [63ms, 66ms])          Measurable effect: 3ms (1.3 SDs)
  Used Java Heap:       315.98K         (95% in [-160.56K, 792.51K])   Measurable effect: 842.6K (1.3 SDs) (required sample size for an effect of 5% of stdev: 6401)
  Working Set:               0          (95% in [0, 0])               
  Kernel time:               0ms        (95% in [0ms, 0ms])           
  CPU Time:                 67ms        (95% in [61ms, 72ms])          Measurable effect: 10ms (1.3 SDs) (required sample size for an effect of 5% of mean: 97)
  Hard Page Faults:          0          (95% in [0, 0])               
  Soft Page Faults:          0          (95% in [0, 0])               
  Text Size:                 0          (95% in [0, 0])               
  Data Size:                 0          (95% in [0, 0])               
  Library Size:              0          (95% in [0, 0])               

.Scenario 'org.eclipse.swt.test.Layout Composites' (average over 10 samples):
  System Time:              51ms        (95% in [46ms, 55ms])          Measurable effect: 8ms (1.3 SDs) (required sample size for an effect of 5% of mean: 101)
  Used Java Heap:       789.94K         (95% in [194.27K, 1.35M])      Measurable effect: 1.03M (1.3 SDs) (required sample size for an effect of 5% of stdev: 6400)
  Working Set:             426K         (95% in [-537.7K, 1.36M])      Measurable effect: 1.66M (1.3 SDs) (required sample size for an effect of 5% of stdev: 6400)
  Kernel time:               1ms        (95% in [-1ms, 3ms])           Measurable effect: 4ms (1.3 SDs) (required sample size for an effect of 5% of stdev: 6400)
  CPU Time:                 78ms        (95% in [54ms, 101ms])         Measurable effect: 42ms (1.3 SDs) (required sample size for an effect of 5% of mean: 1165)
  Hard Page Faults:          0          (95% in [0, 0])               
  Soft Page Faults:        107          (95% in [-134, 348])           Measurable effect: 426 (1.3 SDs) (required sample size for an effect of 5% of stdev: 6401)
  Text Size:                 0          (95% in [0, 0])               
  Data Size:                 0          (95% in [0, 0])               
  Library Size:            438K         (95% in [-552.84K, 1.4M])      Measurable effect: 1.71M (1.3 SDs) (required sample size for an effect of 5% of stdev: 6401)


Time: 426.459

OK (7 tests)

no new datapoints in DB
disconnecting from DB
