.Scenario 'org.eclipse.swt.test.Create composites' (average over 100 samples):
  System Time:             719ms        (95% in [702ms, 736ms])        Measurable effect: 34ms (0.4 SDs)
  Used Java Heap:      -368.29K         (95% in [-2.99M, 2.27M])       Measurable effect: 5.3M (0.4 SDs) (required sample size for an effect of 5% of stdev: 6400)
  Working Set:           17.95M         (95% in [15.8M, 20.09M])       Measurable effect: 4.32M (0.4 SDs) (required sample size for an effect of 5% of mean: 2315)
  Kernel time:               9ms        (95% in [8ms, 11ms])           Measurable effect: 2ms (0.4 SDs) (required sample size for an effect of 5% of mean: 3361)
  CPU Time:                721ms        (95% in [704ms, 738ms])        Measurable effect: 33ms (0.4 SDs)
  Hard Page Faults:          0          (95% in [0, 0])               
  Soft Page Faults:       5.44K         (95% in [4.35K, 6.52K])        Measurable effect: 2.19K (0.4 SDs) (required sample size for an effect of 5% of stdev: 6400)
  Text Size:                 0          (95% in [0, 0])               
  Data Size:                 0          (95% in [0, 0])               
  Library Size:          17.72M         (95% in [15.58M, 19.85M])      Measurable effect: 4.31M (0.4 SDs) (required sample size for an effect of 5% of mean: 2364)

.Scenario 'org.eclipse.swt.test.Create composites and widgets' (average over 10 samples):
  System Time:             3.9s         (95% in [3.54s, 4.27s])        Measurable effect: 639ms (1.3 SDs) (required sample size for an effect of 5% of mean: 108)
  Used Java Heap:        -3.23M         (95% in [-20.31M, 13.85M])     Measurable effect: 30.2M (1.3 SDs) (required sample size for an effect of 5% of stdev: 6400)
  Working Set:           57.97M         (95% in [13.65M, 102.29M])     Measurable effect: 78.36M (1.3 SDs) (required sample size for an effect of 5% of stdev: 6400)
  Kernel time:              32ms        (95% in [5ms, 58ms])           Measurable effect: 47ms (1.3 SDs) (required sample size for an effect of 5% of stdev: 6400)
  CPU Time:               4.05s         (95% in [3.56s, 4.53s])        Measurable effect: 859ms (1.3 SDs) (required sample size for an effect of 5% of mean: 181)
  Hard Page Faults:          0          (95% in [0, 0])               
  Soft Page Faults:      19.34K         (95% in [2.37K, 36.31K])       Measurable effect: 30.01K (1.3 SDs) (required sample size for an effect of 5% of stdev: 6401)
  Text Size:                 0          (95% in [0, 0])               
  Data Size:                 0          (95% in [0, 0])               
  Library Size:          57.64M         (95% in [13.38M, 101.89M])     Measurable effect: 78.25M (1.3 SDs) (required sample size for an effect of 5% of stdev: 6400)

.Scenario 'org.eclipse.swt.test.Draw on an image' (average over 10 samples):
  System Time:            1.18s         (95% in [1.18s, 1.19s])        Measurable effect: 14ms (1.3 SDs)
  Used Java Heap:       789.95K         (95% in [194.28K, 1.35M])      Measurable effect: 1.03M (1.3 SDs) (required sample size for an effect of 5% of stdev: 6400)
  Working Set:               0          (95% in [0, 0])               
  Kernel time:               0ms        (95% in [0ms, 0ms])           
  CPU Time:               1.19s         (95% in [1.16s, 1.22s])        Measurable effect: 50ms (1.3 SDs)
  Hard Page Faults:          0          (95% in [0, 0])               
  Soft Page Faults:          3          (95% in [-4, 11])              Measurable effect: 13 (1.3 SDs) (required sample size for an effect of 5% of stdev: 6400)
  Text Size:                 0          (95% in [0, 0])               
  Data Size:                 0          (95% in [0, 0])               
  Library Size:              0          (95% in [0, 0])               

.Scenario 'org.eclipse.swt.test.Draw on a window' (average over 10 samples):
  System Time:              10ms        (95% in [8ms, 12ms])           Measurable effect: 3ms (1.3 SDs) (required sample size for an effect of 5% of mean: 449)
  Used Java Heap:       473.98K         (95% in [-71.98K, 1,019.93K])  Measurable effect: 965.35K (1.3 SDs) (required sample size for an effect of 5% of stdev: 6401)
  Working Set:               0          (95% in [0, 0])               
  Kernel time:               0ms        (95% in [0ms, 0ms])           
  CPU Time:                 15ms        (95% in [5ms, 24ms])           Measurable effect: 16ms (1.3 SDs) (required sample size for an effect of 5% of mean: 4583)
  Hard Page Faults:          0          (95% in [0, 0])               
  Soft Page Faults:          0          (95% in [0, 0])                Measurable effect: 0 (1.3 SDs) (required sample size for an effect of 5% of stdev: 6400)
  Text Size:                 0          (95% in [0, 0])               
  Data Size:                 0          (95% in [0, 0])               
  Library Size:              0          (95% in [0, 0])               

.Scenario 'org.eclipse.swt.test.Draw strings using GC.drawText' (average over 10 samples):
  System Time:            2.36s         (95% in [2.34s, 2.38s])        Measurable effect: 33ms (1.3 SDs)
  Used Java Heap:         3.55M         (95% in [3.02M, 4.08M])        Measurable effect: 965.32K (1.3 SDs) (required sample size for an effect of 5% of mean: 283)
  Working Set:            25.2K         (95% in [-25.16K, 75.56K])     Measurable effect: 89.05K (1.3 SDs) (required sample size for an effect of 5% of stdev: 6400)
  Kernel time:               0ms        (95% in [0ms, 0ms])           
  CPU Time:               2.38s         (95% in [2.33s, 2.42s])        Measurable effect: 71ms (1.3 SDs)
  Hard Page Faults:          0          (95% in [0, 0])               
  Soft Page Faults:          6          (95% in [-4, 18])              Measurable effect: 20 (1.3 SDs) (required sample size for an effect of 5% of stdev: 6400)
  Text Size:                 0          (95% in [0, 0])               
  Data Size:                 0          (95% in [0, 0])               
  Library Size:           19.2K         (95% in [-11.7K, 50.1K])       Measurable effect: 54.64K (1.3 SDs) (required sample size for an effect of 5% of stdev: 6401)

.Scenario 'org.eclipse.swt.test.Draw strings using GC.drawString()' (average over 10 samples):
  System Time:              62ms        (95% in [60ms, 64ms])          Measurable effect: 3ms (1.3 SDs) (required sample size for an effect of 5% of mean: 13)
  Used Java Heap:       157.99K         (95% in [-199.41K, 515.39K])   Measurable effect: 631.95K (1.3 SDs) (required sample size for an effect of 5% of stdev: 6400)
  Working Set:               0          (95% in [0, 0])               
  Kernel time:               0ms        (95% in [0ms, 0ms])           
  CPU Time:                 64ms        (95% in [60ms, 67ms])          Measurable effect: 6ms (1.3 SDs) (required sample size for an effect of 5% of mean: 42)
  Hard Page Faults:          0          (95% in [0, 0])               
  Soft Page Faults:          0          (95% in [0, 0])                Measurable effect: 0 (1.3 SDs) (required sample size for an effect of 5% of stdev: 6400)
  Text Size:                 0          (95% in [0, 0])               
  Data Size:                 0          (95% in [0, 0])               
  Library Size:              0          (95% in [0, 0])               

.Scenario 'org.eclipse.swt.test.Layout Composites' (average over 10 samples):
  System Time:              53ms        (95% in [46ms, 60ms])          Measurable effect: 11ms (1.3 SDs) (required sample size for an effect of 5% of mean: 197)
  Used Java Heap:       789.94K         (95% in [194.27K, 1.35M])      Measurable effect: 1.03M (1.3 SDs) (required sample size for an effect of 5% of stdev: 6401)
  Working Set:           453.6K         (95% in [-572.53K, 1.45M])     Measurable effect: 1.77M (1.3 SDs) (required sample size for an effect of 5% of stdev: 6401)
  Kernel time:               0ms        (95% in [0ms, 0ms])           
  CPU Time:                 90ms        (95% in [62ms, 117ms])         Measurable effect: 48ms (1.3 SDs) (required sample size for an effect of 5% of mean: 1177)
  Hard Page Faults:          0          (95% in [0, 0])               
  Soft Page Faults:        111          (95% in [-140, 364])           Measurable effect: 446 (1.3 SDs) (required sample size for an effect of 5% of stdev: 6400)
  Text Size:                 0          (95% in [0, 0])               
  Data Size:                 0          (95% in [0, 0])               
  Library Size:          460.8K         (95% in [-581.62K, 1.47M])     Measurable effect: 1.8M (1.3 SDs) (required sample size for an effect of 5% of stdev: 6401)


Time: 419.832

OK (7 tests)

no new datapoints in DB
disconnecting from DB
