.Scenario 'org.eclipse.swt.test.Create composites' (average over 100 samples):
  System Time:             717ms        (95% in [700ms, 734ms])        Measurable effect: 35ms (0.4 SDs)
  Used Java Heap:      -367.85K         (95% in [-2.99M, 2.27M])       Measurable effect: 5.3M (0.4 SDs) (required sample size for an effect of 5% of stdev: 6400)
  Working Set:           17.98M         (95% in [15.86M, 20.11M])      Measurable effect: 4.29M (0.4 SDs) (required sample size for an effect of 5% of mean: 2275)
  Kernel time:               9ms        (95% in [7ms, 10ms])           Measurable effect: 2ms (0.4 SDs) (required sample size for an effect of 5% of mean: 3771)
  CPU Time:                719ms        (95% in [702ms, 736ms])        Measurable effect: 33ms (0.4 SDs)
  Hard Page Faults:          0          (95% in [0, 0])               
  Soft Page Faults:       5.45K         (95% in [4.37K, 6.54K])        Measurable effect: 2.19K (0.4 SDs) (required sample size for an effect of 5% of stdev: 6401)
  Text Size:                 0          (95% in [0, 0])               
  Data Size:                 0          (95% in [0, 0])               
  Library Size:          17.77M         (95% in [15.64M, 19.9M])       Measurable effect: 4.29M (0.4 SDs) (required sample size for an effect of 5% of mean: 2336)

.Scenario 'org.eclipse.swt.test.Create composites and widgets' (average over 10 samples):
  System Time:             3.9s         (95% in [3.54s, 4.25s])        Measurable effect: 627ms (1.3 SDs) (required sample size for an effect of 5% of mean: 104)
  Used Java Heap:        -3.24M         (95% in [-20.34M, 13.86M])     Measurable effect: 30.24M (1.3 SDs) (required sample size for an effect of 5% of stdev: 6401)
  Working Set:           58.33M         (95% in [13.36M, 103.3M])      Measurable effect: 79.51M (1.3 SDs) (required sample size for an effect of 5% of stdev: 6401)
  Kernel time:              27ms        (95% in [1ms, 52ms])           Measurable effect: 44ms (1.3 SDs) (required sample size for an effect of 5% of stdev: 6400)
  CPU Time:               4.02s         (95% in [3.57s, 4.46s])        Measurable effect: 783ms (1.3 SDs) (required sample size for an effect of 5% of mean: 153)
  Hard Page Faults:          0          (95% in [0, 0])               
  Soft Page Faults:      19.43K         (95% in [2.34K, 36.52K])       Measurable effect: 30.22K (1.3 SDs) (required sample size for an effect of 5% of stdev: 6400)
  Text Size:                 0          (95% in [0, 0])               
  Data Size:                 0          (95% in [0, 0])               
  Library Size:          57.94M         (95% in [13.03M, 102.84M])     Measurable effect: 79.4M (1.3 SDs) (required sample size for an effect of 5% of stdev: 6400)

.Scenario 'org.eclipse.swt.test.Draw on an image' (average over 10 samples):
  System Time:            1.18s         (95% in [1.18s, 1.19s])        Measurable effect: 10ms (1.3 SDs)
  Used Java Heap:       631.89K         (95% in [48.31K, 1.19M])       Measurable effect: 1.01M (1.3 SDs) (required sample size for an effect of 5% of stdev: 6400)
  Working Set:               0          (95% in [0, 0])               
  Kernel time:               1ms        (95% in [-1ms, 3ms])           Measurable effect: 4ms (1.3 SDs) (required sample size for an effect of 5% of stdev: 6400)
  CPU Time:                1.2s         (95% in [1.17s, 1.23s])        Measurable effect: 53ms (1.3 SDs)
  Hard Page Faults:          0          (95% in [0, 0])               
  Soft Page Faults:          3          (95% in [-4, 11])              Measurable effect: 13 (1.3 SDs) (required sample size for an effect of 5% of stdev: 6401)
  Text Size:                 0          (95% in [0, 0])               
  Data Size:                 0          (95% in [0, 0])               
  Library Size:              0          (95% in [0, 0])               

.Scenario 'org.eclipse.swt.test.Draw on a window' (average over 10 samples):
  System Time:              12ms        (95% in [8ms, 15ms])           Measurable effect: 5ms (1.3 SDs) (required sample size for an effect of 5% of mean: 889)
  Used Java Heap:       473.92K         (95% in [-71.97K, 1,019.81K])  Measurable effect: 965.23K (1.3 SDs) (required sample size for an effect of 5% of stdev: 6401)
  Working Set:               0          (95% in [0, 0])               
  Kernel time:               0ms        (95% in [0ms, 0ms])           
  CPU Time:                 17ms        (95% in [5ms, 28ms])           Measurable effect: 19ms (1.3 SDs) (required sample size for an effect of 5% of mean: 5438)
  Hard Page Faults:          0          (95% in [0, 0])               
  Soft Page Faults:          0          (95% in [0, 0])                Measurable effect: 0 (1.3 SDs) (required sample size for an effect of 5% of stdev: 6400)
  Text Size:                 0          (95% in [0, 0])               
  Data Size:                 0          (95% in [0, 0])               
  Library Size:              0          (95% in [0, 0])               

.Scenario 'org.eclipse.swt.test.Draw strings using GC.drawText' (average over 10 samples):
  System Time:            2.36s         (95% in [2.33s, 2.39s])        Measurable effect: 50ms (1.3 SDs)
  Used Java Heap:         3.55M         (95% in [3.02M, 4.08M])        Measurable effect: 965.27K (1.3 SDs) (required sample size for an effect of 5% of mean: 283)
  Working Set:              12K         (95% in [-7.82K, 31.82K])      Measurable effect: 35.05K (1.3 SDs) (required sample size for an effect of 5% of stdev: 6400)
  Kernel time:               1ms        (95% in [-1ms, 3ms])           Measurable effect: 4ms (1.3 SDs) (required sample size for an effect of 5% of stdev: 6400)
  CPU Time:               2.38s         (95% in [2.32s, 2.43s])        Measurable effect: 100ms (1.3 SDs)
  Hard Page Faults:          0          (95% in [0, 0])               
  Soft Page Faults:          6          (95% in [-4, 17])              Measurable effect: 19 (1.3 SDs) (required sample size for an effect of 5% of stdev: 6401)
  Text Size:                 0          (95% in [0, 0])               
  Data Size:                 0          (95% in [0, 0])               
  Library Size:           19.6K         (95% in [-11.64K, 50.84K])     Measurable effect: 55.24K (1.3 SDs) (required sample size for an effect of 5% of stdev: 6401)

.Scenario 'org.eclipse.swt.test.Draw strings using GC.drawString()' (average over 10 samples):
  System Time:              61ms        (95% in [59ms, 63ms])          Measurable effect: 3ms (1.3 SDs) (required sample size for an effect of 5% of mean: 13)
  Used Java Heap:       157.97K         (95% in [-199.39K, 515.33K])   Measurable effect: 631.88K (1.3 SDs) (required sample size for an effect of 5% of stdev: 6400)
  Working Set:               0          (95% in [0, 0])               
  Kernel time:               1ms        (95% in [-1ms, 3ms])           Measurable effect: 4ms (1.3 SDs) (required sample size for an effect of 5% of stdev: 6400)
  CPU Time:                 64ms        (95% in [58ms, 69ms])          Measurable effect: 8ms (1.3 SDs) (required sample size for an effect of 5% of mean: 77)
  Hard Page Faults:          0          (95% in [0, 0])               
  Soft Page Faults:          0          (95% in [0, 0])                Measurable effect: 0 (1.3 SDs) (required sample size for an effect of 5% of stdev: 6400)
  Text Size:                 0          (95% in [0, 0])               
  Data Size:                 0          (95% in [0, 0])               
  Library Size:              0          (95% in [0, 0])               

.Scenario 'org.eclipse.swt.test.Layout Composites' (average over 10 samples):
  System Time:              48ms        (95% in [43ms, 52ms])          Measurable effect: 8ms (1.3 SDs) (required sample size for an effect of 5% of mean: 122)
  Used Java Heap:       789.85K         (95% in [194.25K, 1.35M])      Measurable effect: 1.03M (1.3 SDs) (required sample size for an effect of 5% of stdev: 6401)
  Working Set:           277.2K         (95% in [-349.88K, 904.28K])   Measurable effect: 1.08M (1.3 SDs) (required sample size for an effect of 5% of stdev: 6400)
  Kernel time:               0ms        (95% in [0ms, 0ms])           
  CPU Time:                 67ms        (95% in [47ms, 86ms])          Measurable effect: 35ms (1.3 SDs) (required sample size for an effect of 5% of mean: 1111)
  Hard Page Faults:          0          (95% in [0, 0])               
  Soft Page Faults:         71          (95% in [-89, 232])            Measurable effect: 285 (1.3 SDs) (required sample size for an effect of 5% of stdev: 6400)
  Text Size:                 0          (95% in [0, 0])               
  Data Size:                 0          (95% in [0, 0])               
  Library Size:          291.2K         (95% in [-367.55K, 949.95K])   Measurable effect: 1.14M (1.3 SDs) (required sample size for an effect of 5% of stdev: 6401)


Time: 421.469

OK (7 tests)

no new datapoints in DB
disconnecting from DB
