.Scenario 'org.eclipse.swt.test.Create composites' (average over 100 samples):
  System Time:             725ms        (95% in [707ms, 742ms])        Measurable effect: 35ms (0.4 SDs)
  Used Java Heap:      -368.29K         (95% in [-2.99M, 2.27M])       Measurable effect: 5.3M (0.4 SDs) (required sample size for an effect of 5% of stdev: 6400)
  Working Set:           17.98M         (95% in [15.85M, 20.1M])       Measurable effect: 4.29M (0.4 SDs) (required sample size for an effect of 5% of mean: 2273)
  Kernel time:               9ms        (95% in [7ms, 10ms])           Measurable effect: 2ms (0.4 SDs) (required sample size for an effect of 5% of mean: 3925)
  CPU Time:                726ms        (95% in [709ms, 743ms])        Measurable effect: 34ms (0.4 SDs)
  Hard Page Faults:          0          (95% in [0, 0])               
  Soft Page Faults:       5.45K         (95% in [4.37K, 6.54K])        Measurable effect: 2.18K (0.4 SDs) (required sample size for an effect of 5% of stdev: 6401)
  Text Size:                 0          (95% in [0, 0])               
  Data Size:                 0          (95% in [0, 0])               
  Library Size:          17.76M         (95% in [15.64M, 19.89M])      Measurable effect: 4.28M (0.4 SDs) (required sample size for an effect of 5% of mean: 2323)

.Scenario 'org.eclipse.swt.test.Create composites and widgets' (average over 10 samples):
  System Time:             3.9s         (95% in [3.54s, 4.26s])        Measurable effect: 639ms (1.3 SDs) (required sample size for an effect of 5% of mean: 108)
  Used Java Heap:        -3.22M         (95% in [-20.28M, 13.84M])     Measurable effect: 30.16M (1.3 SDs) (required sample size for an effect of 5% of stdev: 6400)
  Working Set:           57.85M         (95% in [14.37M, 101.32M])     Measurable effect: 76.87M (1.3 SDs) (required sample size for an effect of 5% of stdev: 6400)
  Kernel time:              27ms        (95% in [5ms, 48ms])           Measurable effect: 37ms (1.3 SDs) (required sample size for an effect of 5% of stdev: 6401)
  CPU Time:               4.01s         (95% in [3.59s, 4.43s])        Measurable effect: 742ms (1.3 SDs) (required sample size for an effect of 5% of mean: 138)
  Hard Page Faults:          0          (95% in [0, 0])               
  Soft Page Faults:       19.3K         (95% in [2.47K, 36.14K])       Measurable effect: 29.77K (1.3 SDs) (required sample size for an effect of 5% of stdev: 6400)
  Text Size:                 0          (95% in [0, 0])               
  Data Size:                 0          (95% in [0, 0])               
  Library Size:          57.48M         (95% in [14.09M, 100.87M])     Measurable effect: 76.72M (1.3 SDs) (required sample size for an effect of 5% of stdev: 6400)

.Scenario 'org.eclipse.swt.test.Draw on an image' (average over 10 samples):
  System Time:            1.18s         (95% in [1.17s, 1.19s])        Measurable effect: 16ms (1.3 SDs)
  Used Java Heap:       634.95K         (95% in [48.55K, 1.19M])       Measurable effect: 1.01M (1.3 SDs) (required sample size for an effect of 5% of stdev: 6400)
  Working Set:            26.4K         (95% in [-33.32K, 86.12K])     Measurable effect: 105.6K (1.3 SDs) (required sample size for an effect of 5% of stdev: 6400)
  Kernel time:               1ms        (95% in [-1ms, 3ms])           Measurable effect: 4ms (1.3 SDs) (required sample size for an effect of 5% of stdev: 6400)
  CPU Time:               1.19s         (95% in [1.16s, 1.22s])        Measurable effect: 49ms (1.3 SDs)
  Hard Page Faults:          0          (95% in [0, 0])               
  Soft Page Faults:          3          (95% in [-4, 11])              Measurable effect: 14 (1.3 SDs) (required sample size for an effect of 5% of stdev: 6401)
  Text Size:                 0          (95% in [0, 0])               
  Data Size:                 0          (95% in [0, 0])               
  Library Size:              0          (95% in [0, 0])               

.Scenario 'org.eclipse.swt.test.Draw on a window' (average over 10 samples):
  System Time:              11ms        (95% in [9ms, 13ms])           Measurable effect: 3ms (1.3 SDs) (required sample size for an effect of 5% of mean: 480)
  Used Java Heap:       476.22K         (95% in [-72.32K, 1M])         Measurable effect: 969.91K (1.3 SDs) (required sample size for an effect of 5% of stdev: 6400)
  Working Set:               0          (95% in [0, 0])               
  Kernel time:               1ms        (95% in [-1ms, 3ms])           Measurable effect: 4ms (1.3 SDs) (required sample size for an effect of 5% of stdev: 6400)
  CPU Time:                 16ms        (95% in [4ms, 27ms])           Measurable effect: 19ms (1.3 SDs) (required sample size for an effect of 5% of mean: 6223)
  Hard Page Faults:          0          (95% in [0, 0])               
  Soft Page Faults:          0          (95% in [0, 0])               
  Text Size:                 0          (95% in [0, 0])               
  Data Size:                 0          (95% in [0, 0])               
  Library Size:              0          (95% in [0, 0])               

.Scenario 'org.eclipse.swt.test.Draw strings using GC.drawText' (average over 10 samples):
  System Time:            2.33s         (95% in [2.32s, 2.34s])        Measurable effect: 18ms (1.3 SDs)
  Used Java Heap:         3.57M         (95% in [3.03M, 4.1M])         Measurable effect: 969.91K (1.3 SDs) (required sample size for an effect of 5% of mean: 283)
  Working Set:            22.4K         (95% in [-11.62K, 56.42K])     Measurable effect: 60.16K (1.3 SDs) (required sample size for an effect of 5% of stdev: 6400)
  Kernel time:               0ms        (95% in [0ms, 0ms])           
  CPU Time:               2.34s         (95% in [2.31s, 2.38s])        Measurable effect: 63ms (1.3 SDs)
  Hard Page Faults:          0          (95% in [0, 0])               
  Soft Page Faults:          7          (95% in [-5, 19])              Measurable effect: 21 (1.3 SDs) (required sample size for an effect of 5% of stdev: 6400)
  Text Size:                 0          (95% in [0, 0])               
  Data Size:                 0          (95% in [0, 0])               
  Library Size:             26K         (95% in [-13.22K, 65.22K])     Measurable effect: 69.34K (1.3 SDs) (required sample size for an effect of 5% of stdev: 6400)

.Scenario 'org.eclipse.swt.test.Draw strings using GC.drawString()' (average over 10 samples):
  System Time:              64ms        (95% in [63ms, 64ms])          Measurable effect: 1ms (1.3 SDs)
  Used Java Heap:       158.74K         (95% in [-200.36K, 517.83K])   Measurable effect: 634.95K (1.3 SDs) (required sample size for an effect of 5% of stdev: 6400)
  Working Set:               0          (95% in [0, 0])               
  Kernel time:               0ms        (95% in [0ms, 0ms])           
  CPU Time:                 66ms        (95% in [62ms, 69ms])          Measurable effect: 6ms (1.3 SDs) (required sample size for an effect of 5% of mean: 40)
  Hard Page Faults:          0          (95% in [0, 0])               
  Soft Page Faults:          0          (95% in [0, 0])               
  Text Size:                 0          (95% in [0, 0])               
  Data Size:                 0          (95% in [0, 0])               
  Library Size:              0          (95% in [0, 0])               

.Scenario 'org.eclipse.swt.test.Layout Composites' (average over 10 samples):
  System Time:              52ms        (95% in [46ms, 58ms])          Measurable effect: 10ms (1.3 SDs) (required sample size for an effect of 5% of mean: 162)
  Used Java Heap:       793.73K         (95% in [195.2K, 1.36M])       Measurable effect: 1.03M (1.3 SDs) (required sample size for an effect of 5% of stdev: 6401)
  Working Set:             430K         (95% in [-542.75K, 1.37M])     Measurable effect: 1.68M (1.3 SDs) (required sample size for an effect of 5% of stdev: 6401)
  Kernel time:               1ms        (95% in [-1ms, 3ms])           Measurable effect: 4ms (1.3 SDs) (required sample size for an effect of 5% of stdev: 6400)
  CPU Time:                 75ms        (95% in [57ms, 92ms])          Measurable effect: 30ms (1.3 SDs) (required sample size for an effect of 5% of mean: 664)
  Hard Page Faults:          0          (95% in [0, 0])               
  Soft Page Faults:        108          (95% in [-137, 354])           Measurable effect: 434 (1.3 SDs) (required sample size for an effect of 5% of stdev: 6400)
  Text Size:                 0          (95% in [0, 0])               
  Data Size:                 0          (95% in [0, 0])               
  Library Size:          454.4K         (95% in [-573.54K, 1.45M])     Measurable effect: 1.77M (1.3 SDs) (required sample size for an effect of 5% of stdev: 6400)


Time: 420.933

OK (7 tests)

no new datapoints in DB
disconnecting from DB
