.Scenario 'org.eclipse.swt.test.Create composites' (average over 100 samples):
  System Time:             724ms        (95% in [707ms, 742ms])        Measurable effect: 34ms (0.4 SDs)
  Used Java Heap:       -368.5K         (95% in [-2.99M, 2.27M])       Measurable effect: 5.3M (0.4 SDs) (required sample size for an effect of 5% of stdev: 6401)
  Working Set:           17.93M         (95% in [15.8M, 20.06M])       Measurable effect: 4.3M (0.4 SDs) (required sample size for an effect of 5% of mean: 2300)
  Kernel time:               9ms        (95% in [8ms, 11ms])           Measurable effect: 3ms (0.4 SDs) (required sample size for an effect of 5% of mean: 4023)
  CPU Time:                726ms        (95% in [709ms, 742ms])        Measurable effect: 33ms (0.4 SDs)
  Hard Page Faults:          0          (95% in [0, 0])               
  Soft Page Faults:       5.44K         (95% in [4.36K, 6.53K])        Measurable effect: 2.19K (0.4 SDs) (required sample size for an effect of 5% of stdev: 6401)
  Text Size:                 0          (95% in [0, 0])               
  Data Size:                 0          (95% in [0, 0])               
  Library Size:          17.72M         (95% in [15.58M, 19.85M])      Measurable effect: 4.3M (0.4 SDs) (required sample size for an effect of 5% of mean: 2358)

.Scenario 'org.eclipse.swt.test.Create composites and widgets' (average over 10 samples):
  System Time:             3.9s         (95% in [3.55s, 4.26s])        Measurable effect: 628ms (1.3 SDs) (required sample size for an effect of 5% of mean: 104)
  Used Java Heap:        -3.23M         (95% in [-20.31M, 13.85M])     Measurable effect: 30.21M (1.3 SDs) (required sample size for an effect of 5% of stdev: 6400)
  Working Set:           57.92M         (95% in [11.81M, 104.03M])     Measurable effect: 81.54M (1.3 SDs) (required sample size for an effect of 5% of stdev: 6401)
  Kernel time:              31ms        (95% in [3ms, 58ms])           Measurable effect: 47ms (1.3 SDs) (required sample size for an effect of 5% of stdev: 6400)
  CPU Time:               4.02s         (95% in [3.59s, 4.45s])        Measurable effect: 759ms (1.3 SDs) (required sample size for an effect of 5% of mean: 143)
  Hard Page Faults:          0          (95% in [0, 0])               
  Soft Page Faults:      19.34K         (95% in [2.05K, 36.62K])       Measurable effect: 30.57K (1.3 SDs) (required sample size for an effect of 5% of stdev: 6401)
  Text Size:                 0          (95% in [0, 0])               
  Data Size:                 0          (95% in [0, 0])               
  Library Size:          57.57M         (95% in [11.44M, 103.7M])      Measurable effect: 81.57M (1.3 SDs) (required sample size for an effect of 5% of stdev: 6401)

.Scenario 'org.eclipse.swt.test.Draw on an image' (average over 10 samples):
  System Time:            1.18s         (95% in [1.17s, 1.19s])        Measurable effect: 16ms (1.3 SDs)
  Used Java Heap:       789.88K         (95% in [194.26K, 1.35M])      Measurable effect: 1.03M (1.3 SDs) (required sample size for an effect of 5% of stdev: 6400)
  Working Set:            26.4K         (95% in [-33.32K, 86.12K])     Measurable effect: 105.6K (1.3 SDs) (required sample size for an effect of 5% of stdev: 6400)
  Kernel time:               1ms        (95% in [-1ms, 3ms])           Measurable effect: 4ms (1.3 SDs) (required sample size for an effect of 5% of stdev: 6400)
  CPU Time:               1.19s         (95% in [1.17s, 1.22s])        Measurable effect: 46ms (1.3 SDs)
  Hard Page Faults:          0          (95% in [0, 0])               
  Soft Page Faults:          3          (95% in [-3, 11])              Measurable effect: 13 (1.3 SDs) (required sample size for an effect of 5% of stdev: 6401)
  Text Size:                 0          (95% in [0, 0])               
  Data Size:                 0          (95% in [0, 0])               
  Library Size:              0          (95% in [0, 0])               

.Scenario 'org.eclipse.swt.test.Draw on a window' (average over 10 samples):
  System Time:              12ms        (95% in [8ms, 16ms])           Measurable effect: 6ms (1.3 SDs) (required sample size for an effect of 5% of mean: 1122)
  Used Java Heap:       473.93K         (95% in [-71.97K, 1,019.83K])  Measurable effect: 965.26K (1.3 SDs) (required sample size for an effect of 5% of stdev: 6401)
  Working Set:               0          (95% in [0, 0])               
  Kernel time:               0ms        (95% in [0ms, 0ms])           
  CPU Time:                 18ms        (95% in [4ms, 31ms])           Measurable effect: 24ms (1.3 SDs) (required sample size for an effect of 5% of stdev: 6401)
  Hard Page Faults:          0          (95% in [0, 0])               
  Soft Page Faults:          0          (95% in [0, 0])               
  Text Size:                 0          (95% in [0, 0])               
  Data Size:                 0          (95% in [0, 0])               
  Library Size:              0          (95% in [0, 0])               

.Scenario 'org.eclipse.swt.test.Draw strings using GC.drawText' (average over 10 samples):
  System Time:            2.33s         (95% in [2.31s, 2.35s])        Measurable effect: 32ms (1.3 SDs)
  Used Java Heap:         3.39M         (95% in [2.93M, 3.86M])        Measurable effect: 842.53K (1.3 SDs) (required sample size for an effect of 5% of mean: 236)
  Working Set:             8.8K         (95% in [-6.09K, 23.69K])      Measurable effect: 26.32K (1.3 SDs) (required sample size for an effect of 5% of stdev: 6401)
  Kernel time:               0ms        (95% in [0ms, 0ms])           
  CPU Time:               2.35s         (95% in [2.31s, 2.39s])        Measurable effect: 72ms (1.3 SDs)
  Hard Page Faults:          0          (95% in [0, 0])               
  Soft Page Faults:          5          (95% in [-3, 14])              Measurable effect: 16 (1.3 SDs) (required sample size for an effect of 5% of stdev: 6400)
  Text Size:                 0          (95% in [0, 0])               
  Data Size:                 0          (95% in [0, 0])               
  Library Size:           13.2K         (95% in [-6.72K, 33.12K])      Measurable effect: 35.22K (1.3 SDs) (required sample size for an effect of 5% of stdev: 6400)

.Scenario 'org.eclipse.swt.test.Draw strings using GC.drawString()' (average over 10 samples):
  System Time:              63ms        (95% in [62ms, 64ms])          Measurable effect: 1ms (1.3 SDs)
  Used Java Heap:       315.95K         (95% in [-160.54K, 792.44K])   Measurable effect: 842.53K (1.3 SDs) (required sample size for an effect of 5% of stdev: 6401)
  Working Set:               0          (95% in [0, 0])               
  Kernel time:               0ms        (95% in [0ms, 0ms])           
  CPU Time:                 64ms        (95% in [57ms, 70ms])          Measurable effect: 10ms (1.3 SDs) (required sample size for an effect of 5% of mean: 112)
  Hard Page Faults:          0          (95% in [0, 0])               
  Soft Page Faults:          0          (95% in [0, 0])               
  Text Size:                 0          (95% in [0, 0])               
  Data Size:                 0          (95% in [0, 0])               
  Library Size:              0          (95% in [0, 0])               

.Scenario 'org.eclipse.swt.test.Layout Composites' (average over 10 samples):
  System Time:              51ms        (95% in [45ms, 56ms])          Measurable effect: 9ms (1.3 SDs) (required sample size for an effect of 5% of mean: 140)
  Used Java Heap:        631.9K         (95% in [48.32K, 1.19M])       Measurable effect: 1.01M (1.3 SDs) (required sample size for an effect of 5% of stdev: 6401)
  Working Set:           378.8K         (95% in [-478.12K, 1.21M])     Measurable effect: 1.48M (1.3 SDs) (required sample size for an effect of 5% of stdev: 6401)
  Kernel time:               0ms        (95% in [0ms, 0ms])           
  CPU Time:                 85ms        (95% in [63ms, 106ms])         Measurable effect: 38ms (1.3 SDs) (required sample size for an effect of 5% of mean: 812)
  Hard Page Faults:          0          (95% in [0, 0])               
  Soft Page Faults:         94          (95% in [-118, 308])           Measurable effect: 377 (1.3 SDs) (required sample size for an effect of 5% of stdev: 6400)
  Text Size:                 0          (95% in [0, 0])               
  Data Size:                 0          (95% in [0, 0])               
  Library Size:          390.4K         (95% in [-492.76K, 1.24M])     Measurable effect: 1.52M (1.3 SDs) (required sample size for an effect of 5% of stdev: 6400)


Time: 420.332

OK (7 tests)

no new datapoints in DB
disconnecting from DB
