.Scenario 'org.eclipse.swt.test.Create composites' (average over 100 samples):
  System Time:             717ms        (95% in [700ms, 735ms])        Measurable effect: 34ms (0.4 SDs)
  Used Java Heap:      -368.61K         (95% in [-2.99M, 2.27M])       Measurable effect: 5.3M (0.4 SDs) (required sample size for an effect of 5% of stdev: 6400)
  Working Set:              18M         (95% in [15.86M, 20.14M])      Measurable effect: 4.31M (0.4 SDs) (required sample size for an effect of 5% of mean: 2298)
  Kernel time:               9ms        (95% in [8ms, 10ms])           Measurable effect: 2ms (0.4 SDs) (required sample size for an effect of 5% of mean: 3356)
  CPU Time:                719ms        (95% in [702ms, 735ms])        Measurable effect: 33ms (0.4 SDs)
  Hard Page Faults:          0          (95% in [0, 0])               
  Soft Page Faults:       5.45K         (95% in [4.37K, 6.54K])        Measurable effect: 2.19K (0.4 SDs) (required sample size for an effect of 5% of stdev: 6400)
  Text Size:                 0          (95% in [0, 0])               
  Data Size:                 0          (95% in [0, 0])               
  Library Size:          17.77M         (95% in [15.64M, 19.91M])      Measurable effect: 4.31M (0.4 SDs) (required sample size for an effect of 5% of mean: 2353)

.Scenario 'org.eclipse.swt.test.Create composites and widgets' (average over 10 samples):
  System Time:            3.92s         (95% in [3.56s, 4.29s])        Measurable effect: 644ms (1.3 SDs) (required sample size for an effect of 5% of mean: 108)
  Used Java Heap:        -3.23M         (95% in [-20.31M, 13.85M])     Measurable effect: 30.2M (1.3 SDs) (required sample size for an effect of 5% of stdev: 6401)
  Working Set:            58.5M         (95% in [14.32M, 102.68M])     Measurable effect: 78.12M (1.3 SDs) (required sample size for an effect of 5% of stdev: 6401)
  Kernel time:              33ms        (95% in [4ms, 61ms])           Measurable effect: 50ms (1.3 SDs) (required sample size for an effect of 5% of stdev: 6400)
  CPU Time:               4.04s         (95% in [3.6s, 4.49s])         Measurable effect: 781ms (1.3 SDs) (required sample size for an effect of 5% of mean: 150)
  Hard Page Faults:          0          (95% in [0, 0])               
  Soft Page Faults:      19.46K         (95% in [2.51K, 36.42K])       Measurable effect: 29.98K (1.3 SDs) (required sample size for an effect of 5% of stdev: 6400)
  Text Size:                 0          (95% in [0, 0])               
  Data Size:                 0          (95% in [0, 0])               
  Library Size:          58.12M         (95% in [14M, 102.25M])        Measurable effect: 78.02M (1.3 SDs) (required sample size for an effect of 5% of stdev: 6400)

.Scenario 'org.eclipse.swt.test.Draw on an image' (average over 10 samples):
  System Time:            1.19s         (95% in [1.18s, 1.2s])         Measurable effect: 17ms (1.3 SDs)
  Used Java Heap:       789.94K         (95% in [194.27K, 1.35M])      Measurable effect: 1.03M (1.3 SDs) (required sample size for an effect of 5% of stdev: 6401)
  Working Set:               0          (95% in [0, 0])               
  Kernel time:               0ms        (95% in [0ms, 0ms])           
  CPU Time:                1.2s         (95% in [1.17s, 1.23s])        Measurable effect: 52ms (1.3 SDs)
  Hard Page Faults:          0          (95% in [0, 0])               
  Soft Page Faults:          3          (95% in [-4, 11])              Measurable effect: 13 (1.3 SDs) (required sample size for an effect of 5% of stdev: 6400)
  Text Size:                 0          (95% in [0, 0])               
  Data Size:                 0          (95% in [0, 0])               
  Library Size:              0          (95% in [0, 0])               

.Scenario 'org.eclipse.swt.test.Draw on a window' (average over 10 samples):
  System Time:              11ms        (95% in [8ms, 15ms])           Measurable effect: 5ms (1.3 SDs) (required sample size for an effect of 5% of mean: 989)
  Used Java Heap:       473.98K         (95% in [-71.98K, 1,019.94K])  Measurable effect: 965.35K (1.3 SDs) (required sample size for an effect of 5% of stdev: 6401)
  Working Set:               0          (95% in [0, 0])               
  Kernel time:               1ms        (95% in [-1ms, 3ms])           Measurable effect: 4ms (1.3 SDs) (required sample size for an effect of 5% of stdev: 6400)
  CPU Time:                 19ms        (95% in [3ms, 34ms])           Measurable effect: 27ms (1.3 SDs) (required sample size for an effect of 5% of stdev: 6401)
  Hard Page Faults:          0          (95% in [0, 0])               
  Soft Page Faults:          0          (95% in [0, 0])                Measurable effect: 0 (1.3 SDs) (required sample size for an effect of 5% of stdev: 6400)
  Text Size:                 0          (95% in [0, 0])               
  Data Size:                 0          (95% in [0, 0])               
  Library Size:              0          (95% in [0, 0])               

.Scenario 'org.eclipse.swt.test.Draw strings using GC.drawText' (average over 10 samples):
  System Time:            2.37s         (95% in [2.36s, 2.38s])        Measurable effect: 14ms (1.3 SDs)
  Used Java Heap:         3.39M         (95% in [2.93M, 3.86M])        Measurable effect: 842.64K (1.3 SDs) (required sample size for an effect of 5% of mean: 236)
  Working Set:              26K         (95% in [-14.18K, 66.18K])     Measurable effect: 71.04K (1.3 SDs) (required sample size for an effect of 5% of stdev: 6400)
  Kernel time:               1ms        (95% in [-1ms, 3ms])           Measurable effect: 4ms (1.3 SDs) (required sample size for an effect of 5% of stdev: 6400)
  CPU Time:               2.38s         (95% in [2.34s, 2.42s])        Measurable effect: 67ms (1.3 SDs)
  Hard Page Faults:          0          (95% in [0, 0])               
  Soft Page Faults:          6          (95% in [-4, 17])              Measurable effect: 18 (1.3 SDs) (required sample size for an effect of 5% of stdev: 6400)
  Text Size:                 0          (95% in [0, 0])               
  Data Size:                 0          (95% in [0, 0])               
  Library Size:           19.6K         (95% in [-12.1K, 51.3K])       Measurable effect: 56.06K (1.3 SDs) (required sample size for an effect of 5% of stdev: 6401)

.Scenario 'org.eclipse.swt.test.Draw strings using GC.drawString()' (average over 10 samples):
  System Time:              65ms        (95% in [64ms, 66ms])          Measurable effect: 1ms (1.3 SDs)
  Used Java Heap:       315.98K         (95% in [-160.56K, 792.51K])   Measurable effect: 842.6K (1.3 SDs) (required sample size for an effect of 5% of stdev: 6401)
  Working Set:               0          (95% in [0, 0])               
  Kernel time:               0ms        (95% in [0ms, 0ms])           
  CPU Time:                 68ms        (95% in [63ms, 72ms])          Measurable effect: 8ms (1.3 SDs) (required sample size for an effect of 5% of mean: 56)
  Hard Page Faults:          0          (95% in [0, 0])               
  Soft Page Faults:          0          (95% in [0, 0])               
  Text Size:                 0          (95% in [0, 0])               
  Data Size:                 0          (95% in [0, 0])               
  Library Size:              0          (95% in [0, 0])               

.Scenario 'org.eclipse.swt.test.Layout Composites' (average over 10 samples):
  System Time:              53ms        (95% in [46ms, 59ms])          Measurable effect: 11ms (1.3 SDs) (required sample size for an effect of 5% of mean: 192)
  Used Java Heap:       631.96K         (95% in [48.32K, 1.19M])       Measurable effect: 1.01M (1.3 SDs) (required sample size for an effect of 5% of stdev: 6400)
  Working Set:             348K         (95% in [-439.25K, 1.11M])     Measurable effect: 1.36M (1.3 SDs) (required sample size for an effect of 5% of stdev: 6401)
  Kernel time:               0ms        (95% in [0ms, 0ms])           
  CPU Time:                 82ms        (95% in [53ms, 110ms])         Measurable effect: 50ms (1.3 SDs) (required sample size for an effect of 5% of mean: 1540)
  Hard Page Faults:          0          (95% in [0, 0])               
  Soft Page Faults:         86          (95% in [-108, 281])           Measurable effect: 345 (1.3 SDs) (required sample size for an effect of 5% of stdev: 6401)
  Text Size:                 0          (95% in [0, 0])               
  Data Size:                 0          (95% in [0, 0])               
  Library Size:          355.2K         (95% in [-448.33K, 1.13M])     Measurable effect: 1.39M (1.3 SDs) (required sample size for an effect of 5% of stdev: 6400)


Time: 425.527

OK (7 tests)

no new datapoints in DB
disconnecting from DB
