.Scenario 'org.eclipse.swt.test.Create composites' (average over 100 samples):
  System Time:             731ms        (95% in [714ms, 748ms])        Measurable effect: 34ms (0.4 SDs)
  Used Java Heap:      -369.54K         (95% in [-2.99M, 2.27M])       Measurable effect: 5.3M (0.4 SDs) (required sample size for an effect of 5% of stdev: 6400)
  Working Set:              18M         (95% in [15.86M, 20.13M])      Measurable effect: 4.3M (0.4 SDs) (required sample size for an effect of 5% of mean: 2285)
  Kernel time:               9ms        (95% in [7ms, 10ms])           Measurable effect: 2ms (0.4 SDs) (required sample size for an effect of 5% of mean: 3919)
  CPU Time:                733ms        (95% in [716ms, 749ms])        Measurable effect: 32ms (0.4 SDs)
  Hard Page Faults:          0          (95% in [0, 0])               
  Soft Page Faults:       5.45K         (95% in [4.36K, 6.53K])        Measurable effect: 2.19K (0.4 SDs) (required sample size for an effect of 5% of stdev: 6400)
  Text Size:                 0          (95% in [0, 0])               
  Data Size:                 0          (95% in [0, 0])               
  Library Size:          17.77M         (95% in [15.64M, 19.91M])      Measurable effect: 4.3M (0.4 SDs) (required sample size for an effect of 5% of mean: 2345)

.Scenario 'org.eclipse.swt.test.Create composites and widgets' (average over 10 samples):
  System Time:            4.17s         (95% in [3.85s, 4.49s])        Measurable effect: 558ms (1.3 SDs) (required sample size for an effect of 5% of mean: 72)
  Used Java Heap:        -3.39M         (95% in [-20.51M, 13.72M])     Measurable effect: 30.26M (1.3 SDs) (required sample size for an effect of 5% of stdev: 6400)
  Working Set:           56.88M         (95% in [13.13M, 100.62M])     Measurable effect: 77.35M (1.3 SDs) (required sample size for an effect of 5% of stdev: 6401)
  Kernel time:              38ms        (95% in [15ms, 60ms])          Measurable effect: 39ms (1.3 SDs) (required sample size for an effect of 5% of mean: 4314)
  CPU Time:               4.27s         (95% in [3.89s, 4.65s])        Measurable effect: 667ms (1.3 SDs) (required sample size for an effect of 5% of mean: 98)
  Hard Page Faults:          0          (95% in [0, 0])               
  Soft Page Faults:      19.05K         (95% in [2.14K, 35.96K])       Measurable effect: 29.9K (1.3 SDs) (required sample size for an effect of 5% of stdev: 6401)
  Text Size:                 0          (95% in [0, 0])               
  Data Size:                 0          (95% in [0, 0])               
  Library Size:          56.49M         (95% in [12.89M, 100.1M])      Measurable effect: 77.1M (1.3 SDs) (required sample size for an effect of 5% of stdev: 6400)

.Scenario 'org.eclipse.swt.test.Draw on an image' (average over 10 samples):
  System Time:            1.19s         (95% in [1.18s, 1.2s])         Measurable effect: 17ms (1.3 SDs)
  Used Java Heap:       631.89K         (95% in [48.31K, 1.19M])       Measurable effect: 1.01M (1.3 SDs) (required sample size for an effect of 5% of stdev: 6400)
  Working Set:            16.4K         (95% in [-20.7K, 53.5K])       Measurable effect: 65.6K (1.3 SDs) (required sample size for an effect of 5% of stdev: 6400)
  Kernel time:               0ms        (95% in [0ms, 0ms])           
  CPU Time:                1.2s         (95% in [1.17s, 1.23s])        Measurable effect: 49ms (1.3 SDs)
  Hard Page Faults:          0          (95% in [0, 0])               
  Soft Page Faults:          3          (95% in [-3, 10])              Measurable effect: 12 (1.3 SDs) (required sample size for an effect of 5% of stdev: 6401)
  Text Size:                 0          (95% in [0, 0])               
  Data Size:                 0          (95% in [0, 0])               
  Library Size:           25.6K         (95% in [-32.31K, 83.51K])     Measurable effect: 102.4K (1.3 SDs) (required sample size for an effect of 5% of stdev: 6400)

.Scenario 'org.eclipse.swt.test.Draw on a window' (average over 10 samples):
  System Time:             750ms        (95% in [749ms, 752ms])        Measurable effect: 2ms (1.3 SDs)
  Used Java Heap:            0          (95% in [0, 0])               
  Working Set:            1.29M         (95% in [1.28M, 1.3M])         Measurable effect: 21.79K (1.3 SDs)
  Kernel time:               1ms        (95% in [-1ms, 3ms])           Measurable effect: 4ms (1.3 SDs) (required sample size for an effect of 5% of stdev: 6400)
  CPU Time:                752ms        (95% in [746ms, 757ms])        Measurable effect: 9ms (1.3 SDs)
  Hard Page Faults:          0          (95% in [0, 0])               
  Soft Page Faults:        330          (95% in [329, 332])            Measurable effect: 2 (1.3 SDs)
  Text Size:                 0          (95% in [0, 0])               
  Data Size:                 0          (95% in [0, 0])               
  Library Size:              0          (95% in [0, 0])               

.Scenario 'org.eclipse.swt.test.Draw strings using GC.drawText' (average over 10 samples):
  System Time:            2.74s         (95% in [2.73s, 2.75s])        Measurable effect: 17ms (1.3 SDs)
  Used Java Heap:         3.24M         (95% in [2.89M, 3.59M])        Measurable effect: 631.95K (1.3 SDs) (required sample size for an effect of 5% of mean: 146)
  Working Set:            1.36M         (95% in [1.22M, 1.5M])         Measurable effect: 254.65K (1.3 SDs) (required sample size for an effect of 5% of mean: 134)
  Kernel time:               1ms        (95% in [-1ms, 3ms])           Measurable effect: 4ms (1.3 SDs) (required sample size for an effect of 5% of stdev: 6400)
  CPU Time:               2.75s         (95% in [2.71s, 2.79s])        Measurable effect: 66ms (1.3 SDs)
  Hard Page Faults:          0          (95% in [0, 0])               
  Soft Page Faults:        336          (95% in [325, 347])            Measurable effect: 19 (1.3 SDs) (required sample size for an effect of 5% of mean: 14)
  Text Size:                 0          (95% in [0, 0])               
  Data Size:                 0          (95% in [0, 0])               
  Library Size:           19.6K         (95% in [-12.1K, 51.3K])       Measurable effect: 56.06K (1.3 SDs) (required sample size for an effect of 5% of stdev: 6401)

.Scenario 'org.eclipse.swt.test.Draw strings using GC.drawString()' (average over 10 samples):
  System Time:             132ms        (95% in [131ms, 134ms])        Measurable effect: 2ms (1.3 SDs)
  Used Java Heap:       315.94K         (95% in [-160.54K, 792.42K])   Measurable effect: 842.51K (1.3 SDs) (required sample size for an effect of 5% of stdev: 6401)
  Working Set:            1.29M         (95% in [1.29M, 1.29M])        Measurable effect: 2.13K (1.3 SDs)
  Kernel time:               1ms        (95% in [-1ms, 3ms])           Measurable effect: 4ms (1.3 SDs) (required sample size for an effect of 5% of stdev: 6400)
  CPU Time:                136ms        (95% in [130ms, 141ms])        Measurable effect: 8ms (1.3 SDs) (required sample size for an effect of 5% of mean: 17)
  Hard Page Faults:          0          (95% in [0, 0])               
  Soft Page Faults:        330          (95% in [329, 330])            Measurable effect: 0 (1.3 SDs)
  Text Size:                 0          (95% in [0, 0])               
  Data Size:                 0          (95% in [0, 0])               
  Library Size:              0          (95% in [0, 0])               

.Scenario 'org.eclipse.swt.test.Layout Composites' (average over 10 samples):
  System Time:              40ms        (95% in [35ms, 46ms])          Measurable effect: 9ms (1.3 SDs) (required sample size for an effect of 5% of mean: 216)
  Used Java Heap:       789.84K         (95% in [194.25K, 1.35M])      Measurable effect: 1.03M (1.3 SDs) (required sample size for an effect of 5% of stdev: 6401)
  Working Set:           228.8K         (95% in [-288.79K, 746.39K])   Measurable effect: 915.2K (1.3 SDs) (required sample size for an effect of 5% of stdev: 6400)
  Kernel time:               0ms        (95% in [0ms, 0ms])           
  CPU Time:                 83ms        (95% in [56ms, 109ms])         Measurable effect: 46ms (1.3 SDs) (required sample size for an effect of 5% of mean: 1240)
  Hard Page Faults:          0          (95% in [0, 0])               
  Soft Page Faults:         55          (95% in [-70, 182])            Measurable effect: 223 (1.3 SDs) (required sample size for an effect of 5% of stdev: 6400)
  Text Size:                 0          (95% in [0, 0])               
  Data Size:                 0          (95% in [0, 0])               
  Library Size:          222.8K         (95% in [-281.22K, 726.82K])   Measurable effect: 891.2K (1.3 SDs) (required sample size for an effect of 5% of stdev: 6400)


Time: 451.875

OK (7 tests)

no new datapoints in DB
disconnecting from DB
