.Scenario 'org.eclipse.swt.test.Create composites' (average over 100 samples):
  System Time:             719ms        (95% in [702ms, 737ms])        Measurable effect: 34ms (0.4 SDs)
  Used Java Heap:      -368.13K         (95% in [-2.99M, 2.27M])       Measurable effect: 5.3M (0.4 SDs) (required sample size for an effect of 5% of stdev: 6400)
  Working Set:           17.99M         (95% in [15.89M, 20.08M])      Measurable effect: 4.22M (0.4 SDs) (required sample size for an effect of 5% of mean: 2203)
  Kernel time:               9ms        (95% in [8ms, 11ms])           Measurable effect: 2ms (0.4 SDs) (required sample size for an effect of 5% of mean: 3229)
  CPU Time:                722ms        (95% in [705ms, 739ms])        Measurable effect: 33ms (0.4 SDs)
  Hard Page Faults:          0          (95% in [0, 0])               
  Soft Page Faults:       5.45K         (95% in [4.38K, 6.53K])        Measurable effect: 2.17K (0.4 SDs) (required sample size for an effect of 5% of mean: 6352)
  Text Size:                 0          (95% in [0, 0])               
  Data Size:                 0          (95% in [0, 0])               
  Library Size:          17.76M         (95% in [15.67M, 19.85M])      Measurable effect: 4.22M (0.4 SDs) (required sample size for an effect of 5% of mean: 2255)

.Scenario 'org.eclipse.swt.test.Create composites and widgets' (average over 10 samples):
  System Time:            3.91s         (95% in [3.54s, 4.28s])        Measurable effect: 651ms (1.3 SDs) (required sample size for an effect of 5% of mean: 112)
  Used Java Heap:        -3.24M         (95% in [-20.33M, 13.86M])     Measurable effect: 30.22M (1.3 SDs) (required sample size for an effect of 5% of stdev: 6400)
  Working Set:            58.1M         (95% in [11.18M, 105.02M])     Measurable effect: 82.96M (1.3 SDs) (required sample size for an effect of 5% of stdev: 6400)
  Kernel time:              32ms        (95% in [6ms, 57ms])           Measurable effect: 44ms (1.3 SDs) (required sample size for an effect of 5% of stdev: 6401)
  CPU Time:               4.04s         (95% in [3.58s, 4.5s])         Measurable effect: 816ms (1.3 SDs) (required sample size for an effect of 5% of mean: 164)
  Hard Page Faults:          0          (95% in [0, 0])               
  Soft Page Faults:      19.39K         (95% in [1.96K, 36.81K])       Measurable effect: 30.81K (1.3 SDs) (required sample size for an effect of 5% of stdev: 6401)
  Text Size:                 0          (95% in [0, 0])               
  Data Size:                 0          (95% in [0, 0])               
  Library Size:          57.81M         (95% in [10.96M, 104.67M])     Measurable effect: 82.85M (1.3 SDs) (required sample size for an effect of 5% of stdev: 6400)

.Scenario 'org.eclipse.swt.test.Draw on an image' (average over 10 samples):
  System Time:            1.19s         (95% in [1.18s, 1.2s])         Measurable effect: 17ms (1.3 SDs)
  Used Java Heap:       789.95K         (95% in [194.28K, 1.35M])      Measurable effect: 1.03M (1.3 SDs) (required sample size for an effect of 5% of stdev: 6400)
  Working Set:               0          (95% in [0, 0])               
  Kernel time:               0ms        (95% in [0ms, 0ms])           
  CPU Time:                1.2s         (95% in [1.17s, 1.23s])        Measurable effect: 52ms (1.3 SDs)
  Hard Page Faults:          0          (95% in [0, 0])               
  Soft Page Faults:          4          (95% in [-4, 12])              Measurable effect: 14 (1.3 SDs) (required sample size for an effect of 5% of stdev: 6400)
  Text Size:                 0          (95% in [0, 0])               
  Data Size:                 0          (95% in [0, 0])               
  Library Size:              0          (95% in [0, 0])               

.Scenario 'org.eclipse.swt.test.Draw on a window' (average over 10 samples):
  System Time:              11ms        (95% in [8ms, 15ms])           Measurable effect: 5ms (1.3 SDs) (required sample size for an effect of 5% of mean: 1030)
  Used Java Heap:       473.98K         (95% in [-71.98K, 1,019.93K])  Measurable effect: 965.35K (1.3 SDs) (required sample size for an effect of 5% of stdev: 6401)
  Working Set:               0          (95% in [0, 0])               
  Kernel time:               0ms        (95% in [0ms, 0ms])           
  CPU Time:                 16ms        (95% in [2ms, 29ms])           Measurable effect: 24ms (1.3 SDs) (required sample size for an effect of 5% of stdev: 6400)
  Hard Page Faults:          0          (95% in [0, 0])               
  Soft Page Faults:          0          (95% in [0, 0])                Measurable effect: 0 (1.3 SDs) (required sample size for an effect of 5% of stdev: 6400)
  Text Size:                 0          (95% in [0, 0])               
  Data Size:                 0          (95% in [0, 0])               
  Library Size:              0          (95% in [0, 0])               

.Scenario 'org.eclipse.swt.test.Draw strings using GC.drawText' (average over 10 samples):
  System Time:            2.36s         (95% in [2.35s, 2.37s])        Measurable effect: 21ms (1.3 SDs)
  Used Java Heap:         3.39M         (95% in [2.93M, 3.86M])        Measurable effect: 842.63K (1.3 SDs) (required sample size for an effect of 5% of mean: 236)
  Working Set:            15.6K         (95% in [-7.94K, 39.14K])      Measurable effect: 41.62K (1.3 SDs) (required sample size for an effect of 5% of stdev: 6400)
  Kernel time:               1ms        (95% in [-1ms, 3ms])           Measurable effect: 4ms (1.3 SDs) (required sample size for an effect of 5% of stdev: 6400)
  CPU Time:               2.37s         (95% in [2.33s, 2.41s])        Measurable effect: 67ms (1.3 SDs)
  Hard Page Faults:          0          (95% in [0, 0])               
  Soft Page Faults:          7          (95% in [-4, 18])              Measurable effect: 20 (1.3 SDs) (required sample size for an effect of 5% of stdev: 6400)
  Text Size:                 0          (95% in [0, 0])               
  Data Size:                 0          (95% in [0, 0])               
  Library Size:           19.6K         (95% in [-11.64K, 50.84K])     Measurable effect: 55.24K (1.3 SDs) (required sample size for an effect of 5% of stdev: 6401)

.Scenario 'org.eclipse.swt.test.Draw strings using GC.drawString()' (average over 10 samples):
  System Time:              65ms        (95% in [59ms, 71ms])          Measurable effect: 9ms (1.3 SDs) (required sample size for an effect of 5% of mean: 91)
  Used Java Heap:       315.98K         (95% in [-160.56K, 792.51K])   Measurable effect: 842.61K (1.3 SDs) (required sample size for an effect of 5% of stdev: 6400)
  Working Set:               0          (95% in [0, 0])               
  Kernel time:               0ms        (95% in [0ms, 0ms])           
  CPU Time:                 67ms        (95% in [58ms, 75ms])          Measurable effect: 15ms (1.3 SDs) (required sample size for an effect of 5% of mean: 224)
  Hard Page Faults:          0          (95% in [0, 0])               
  Soft Page Faults:          0          (95% in [0, 0])                Measurable effect: 0 (1.3 SDs) (required sample size for an effect of 5% of stdev: 6400)
  Text Size:                 0          (95% in [0, 0])               
  Data Size:                 0          (95% in [0, 0])               
  Library Size:              0          (95% in [0, 0])               

.Scenario 'org.eclipse.swt.test.Layout Composites' (average over 10 samples):
  System Time:              54ms        (95% in [46ms, 61ms])          Measurable effect: 12ms (1.3 SDs) (required sample size for an effect of 5% of mean: 226)
  Used Java Heap:       473.97K         (95% in [-71.97K, 1,019.92K])  Measurable effect: 965.33K (1.3 SDs) (required sample size for an effect of 5% of stdev: 6400)
  Working Set:           348.8K         (95% in [-437.24K, 1.11M])     Measurable effect: 1.36M (1.3 SDs) (required sample size for an effect of 5% of stdev: 6400)
  Kernel time:               0ms        (95% in [0ms, 0ms])           
  CPU Time:                 77ms        (95% in [53ms, 100ms])         Measurable effect: 41ms (1.3 SDs) (required sample size for an effect of 5% of mean: 1177)
  Hard Page Faults:          0          (95% in [0, 0])               
  Soft Page Faults:         84          (95% in [-105, 274])           Measurable effect: 335 (1.3 SDs) (required sample size for an effect of 5% of stdev: 6401)
  Text Size:                 0          (95% in [0, 0])               
  Data Size:                 0          (95% in [0, 0])               
  Library Size:          355.2K         (95% in [-432.38K, 1.12M])     Measurable effect: 1.36M (1.3 SDs) (required sample size for an effect of 5% of stdev: 6400)


Time: 420.149

OK (7 tests)

no new datapoints in DB
disconnecting from DB
