.Scenario 'org.eclipse.swt.test.Create composites' (average over 100 samples):
  System Time:             724ms        (95% in [706ms, 741ms])        Measurable effect: 34ms (0.4 SDs)
  Used Java Heap:      -381.92K         (95% in [-3M, 2.25M])          Measurable effect: 5.29M (0.4 SDs) (required sample size for an effect of 5% of stdev: 6400)
  Working Set:           17.84M         (95% in [15.67M, 20.01M])      Measurable effect: 4.38M (0.4 SDs) (required sample size for an effect of 5% of mean: 2413)
  Kernel time:               8ms        (95% in [7ms, 10ms])           Measurable effect: 3ms (0.4 SDs) (required sample size for an effect of 5% of mean: 5207)
  CPU Time:                725ms        (95% in [708ms, 742ms])        Measurable effect: 33ms (0.4 SDs)
  Hard Page Faults:          0          (95% in [0, 0])               
  Soft Page Faults:       5.41K         (95% in [4.32K, 6.5K])         Measurable effect: 2.2K (0.4 SDs) (required sample size for an effect of 5% of stdev: 6401)
  Text Size:                 0          (95% in [0, 0])               
  Data Size:                 0          (95% in [0, 0])               
  Library Size:          17.61M         (95% in [15.44M, 19.79M])      Measurable effect: 4.38M (0.4 SDs) (required sample size for an effect of 5% of mean: 2470)

.Scenario 'org.eclipse.swt.test.Create composites and widgets' (average over 10 samples):
  System Time:            3.92s         (95% in [3.57s, 4.28s])        Measurable effect: 632ms (1.3 SDs) (required sample size for an effect of 5% of mean: 104)
  Used Java Heap:        -3.23M         (95% in [-20.3M, 13.84M])      Measurable effect: 30.18M (1.3 SDs) (required sample size for an effect of 5% of stdev: 6401)
  Working Set:           57.34M         (95% in [12.84M, 101.85M])     Measurable effect: 78.69M (1.3 SDs) (required sample size for an effect of 5% of stdev: 6400)
  Kernel time:              35ms        (95% in [7ms, 62ms])           Measurable effect: 47ms (1.3 SDs) (required sample size for an effect of 5% of stdev: 6400)
  CPU Time:               4.04s         (95% in [3.61s, 4.46s])        Measurable effect: 743ms (1.3 SDs) (required sample size for an effect of 5% of mean: 136)
  Hard Page Faults:          0          (95% in [0, 0])               
  Soft Page Faults:      19.18K         (95% in [2.14K, 36.23K])       Measurable effect: 30.14K (1.3 SDs) (required sample size for an effect of 5% of stdev: 6401)
  Text Size:                 0          (95% in [0, 0])               
  Data Size:                 0          (95% in [0, 0])               
  Library Size:          56.93M         (95% in [12.62M, 101.24M])     Measurable effect: 78.35M (1.3 SDs) (required sample size for an effect of 5% of stdev: 6400)

.Scenario 'org.eclipse.swt.test.Draw on an image' (average over 10 samples):
  System Time:             1.2s         (95% in [1.19s, 1.21s])        Measurable effect: 21ms (1.3 SDs)
  Used Java Heap:       631.96K         (95% in [48.32K, 1.19M])       Measurable effect: 1.01M (1.3 SDs) (required sample size for an effect of 5% of stdev: 6400)
  Working Set:              26K         (95% in [-32.82K, 84.82K])     Measurable effect: 104K (1.3 SDs) (required sample size for an effect of 5% of stdev: 6401)
  Kernel time:               1ms        (95% in [-1ms, 3ms])           Measurable effect: 4ms (1.3 SDs) (required sample size for an effect of 5% of stdev: 6400)
  CPU Time:               1.21s         (95% in [1.18s, 1.24s])        Measurable effect: 54ms (1.3 SDs)
  Hard Page Faults:          0          (95% in [0, 0])               
  Soft Page Faults:          3          (95% in [-3, 11])              Measurable effect: 13 (1.3 SDs) (required sample size for an effect of 5% of stdev: 6400)
  Text Size:                 0          (95% in [0, 0])               
  Data Size:                 0          (95% in [0, 0])               
  Library Size:              0          (95% in [0, 0])               

.Scenario 'org.eclipse.swt.test.Draw on a window' (average over 10 samples):
  System Time:              10ms        (95% in [8ms, 12ms])           Measurable effect: 3ms (1.3 SDs) (required sample size for an effect of 5% of mean: 399)
  Used Java Heap:       473.96K         (95% in [-71.97K, 1,019.91K])  Measurable effect: 965.33K (1.3 SDs) (required sample size for an effect of 5% of stdev: 6401)
  Working Set:               0          (95% in [0, 0])               
  Kernel time:               0ms        (95% in [0ms, 0ms])           
  CPU Time:                 14ms        (95% in [4ms, 23ms])           Measurable effect: 16ms (1.3 SDs) (required sample size for an effect of 5% of mean: 5225)
  Hard Page Faults:          0          (95% in [0, 0])               
  Soft Page Faults:          0          (95% in [0, 0])                Measurable effect: 0 (1.3 SDs) (required sample size for an effect of 5% of stdev: 6400)
  Text Size:                 0          (95% in [0, 0])               
  Data Size:                 0          (95% in [0, 0])               
  Library Size:              0          (95% in [0, 0])               

.Scenario 'org.eclipse.swt.test.Draw strings using GC.drawText' (average over 10 samples):
  System Time:            2.36s         (95% in [2.33s, 2.39s])        Measurable effect: 48ms (1.3 SDs)
  Used Java Heap:         3.39M         (95% in [2.93M, 3.86M])        Measurable effect: 842.64K (1.3 SDs) (required sample size for an effect of 5% of mean: 236)
  Working Set:              40K         (95% in [-26.08K, 106.08K])    Measurable effect: 116.85K (1.3 SDs) (required sample size for an effect of 5% of stdev: 6401)
  Kernel time:               0ms        (95% in [0ms, 0ms])           
  CPU Time:               2.37s         (95% in [2.32s, 2.43s])        Measurable effect: 96ms (1.3 SDs)
  Hard Page Faults:          0          (95% in [0, 0])               
  Soft Page Faults:          6          (95% in [-4, 18])              Measurable effect: 20 (1.3 SDs) (required sample size for an effect of 5% of stdev: 6400)
  Text Size:                 0          (95% in [0, 0])               
  Data Size:                 0          (95% in [0, 0])               
  Library Size:             26K         (95% in [-13.22K, 65.22K])     Measurable effect: 69.34K (1.3 SDs) (required sample size for an effect of 5% of stdev: 6400)

.Scenario 'org.eclipse.swt.test.Draw strings using GC.drawString()' (average over 10 samples):
  System Time:              62ms        (95% in [60ms, 64ms])          Measurable effect: 3ms (1.3 SDs) (required sample size for an effect of 5% of mean: 15)
  Used Java Heap:       315.97K         (95% in [-160.56K, 792.51K])   Measurable effect: 842.6K (1.3 SDs) (required sample size for an effect of 5% of stdev: 6400)
  Working Set:               0          (95% in [0, 0])               
  Kernel time:               0ms        (95% in [0ms, 0ms])           
  CPU Time:                 65ms        (95% in [59ms, 70ms])          Measurable effect: 8ms (1.3 SDs) (required sample size for an effect of 5% of mean: 76)
  Hard Page Faults:          0          (95% in [0, 0])               
  Soft Page Faults:          0          (95% in [0, 0])                Measurable effect: 0 (1.3 SDs) (required sample size for an effect of 5% of stdev: 6400)
  Text Size:                 0          (95% in [0, 0])               
  Data Size:                 0          (95% in [0, 0])               
  Library Size:              0          (95% in [0, 0])               

.Scenario 'org.eclipse.swt.test.Layout Composites' (average over 10 samples):
  System Time:              53ms        (95% in [46ms, 59ms])          Measurable effect: 11ms (1.3 SDs) (required sample size for an effect of 5% of mean: 178)
  Used Java Heap:       631.95K         (95% in [48.32K, 1.19M])       Measurable effect: 1.01M (1.3 SDs) (required sample size for an effect of 5% of stdev: 6400)
  Working Set:           341.2K         (95% in [-430.66K, 1.09M])     Measurable effect: 1.33M (1.3 SDs) (required sample size for an effect of 5% of stdev: 6400)
  Kernel time:               1ms        (95% in [-1ms, 3ms])           Measurable effect: 4ms (1.3 SDs) (required sample size for an effect of 5% of stdev: 6400)
  CPU Time:                 91ms        (95% in [62ms, 119ms])         Measurable effect: 49ms (1.3 SDs) (required sample size for an effect of 5% of mean: 1193)
  Hard Page Faults:          0          (95% in [0, 0])               
  Soft Page Faults:         85          (95% in [-107, 278])           Measurable effect: 341 (1.3 SDs) (required sample size for an effect of 5% of stdev: 6401)
  Text Size:                 0          (95% in [0, 0])               
  Data Size:                 0          (95% in [0, 0])               
  Library Size:          358.4K         (95% in [-452.37K, 1.14M])     Measurable effect: 1.4M (1.3 SDs) (required sample size for an effect of 5% of stdev: 6400)


Time: 421.581

OK (7 tests)

no new datapoints in DB
disconnecting from DB
