.Scenario 'org.eclipse.swt.test.Create composites' (average over 100 samples):
  System Time:             720ms        (95% in [702ms, 738ms])        Measurable effect: 36ms (0.4 SDs) (required sample size for an effect of 5% of mean: 102)
  Used Java Heap:      -366.07K         (95% in [-2.98M, 2.27M])       Measurable effect: 5.29M (0.4 SDs) (required sample size for an effect of 5% of stdev: 6401)
  Working Set:           17.82M         (95% in [15.66M, 19.97M])      Measurable effect: 4.34M (0.4 SDs) (required sample size for an effect of 5% of mean: 2373)
  Kernel time:               9ms        (95% in [7ms, 10ms])           Measurable effect: 3ms (0.4 SDs) (required sample size for an effect of 5% of mean: 4543)
  CPU Time:                721ms        (95% in [704ms, 739ms])        Measurable effect: 35ms (0.4 SDs)
  Hard Page Faults:          0          (95% in [0, 0])               
  Soft Page Faults:       5.41K         (95% in [4.32K, 6.5K])         Measurable effect: 2.19K (0.4 SDs) (required sample size for an effect of 5% of stdev: 6400)
  Text Size:                 0          (95% in [0, 0])               
  Data Size:                 0          (95% in [0, 0])               
  Library Size:           17.6M         (95% in [15.45M, 19.75M])      Measurable effect: 4.34M (0.4 SDs) (required sample size for an effect of 5% of mean: 2430)

.Scenario 'org.eclipse.swt.test.Create composites and widgets' (average over 10 samples):
  System Time:            3.89s         (95% in [3.54s, 4.25s])        Measurable effect: 625ms (1.3 SDs) (required sample size for an effect of 5% of mean: 104)
  Used Java Heap:        -3.23M         (95% in [-20.32M, 13.85M])     Measurable effect: 30.21M (1.3 SDs) (required sample size for an effect of 5% of stdev: 6400)
  Working Set:           57.54M         (95% in [12.72M, 102.36M])     Measurable effect: 79.25M (1.3 SDs) (required sample size for an effect of 5% of stdev: 6401)
  Kernel time:              36ms        (95% in [6ms, 65ms])           Measurable effect: 52ms (1.3 SDs) (required sample size for an effect of 5% of stdev: 6400)
  CPU Time:               4.01s         (95% in [3.58s, 4.43s])        Measurable effect: 744ms (1.3 SDs) (required sample size for an effect of 5% of mean: 139)
  Hard Page Faults:          0          (95% in [0, 0])               
  Soft Page Faults:      19.22K         (95% in [2.13K, 36.3K])        Measurable effect: 30.21K (1.3 SDs) (required sample size for an effect of 5% of stdev: 6400)
  Text Size:                 0          (95% in [0, 0])               
  Data Size:                 0          (95% in [0, 0])               
  Library Size:          57.15M         (95% in [12.41M, 101.88M])     Measurable effect: 79.1M (1.3 SDs) (required sample size for an effect of 5% of stdev: 6401)

.Scenario 'org.eclipse.swt.test.Draw on an image' (average over 10 samples):
  System Time:            1.19s         (95% in [1.18s, 1.2s])         Measurable effect: 17ms (1.3 SDs)
  Used Java Heap:       634.95K         (95% in [48.55K, 1.19M])       Measurable effect: 1.01M (1.3 SDs) (required sample size for an effect of 5% of stdev: 6401)
  Working Set:            26.4K         (95% in [-33.32K, 86.12K])     Measurable effect: 105.6K (1.3 SDs) (required sample size for an effect of 5% of stdev: 6400)
  Kernel time:               0ms        (95% in [0ms, 0ms])           
  CPU Time:                1.2s         (95% in [1.17s, 1.23s])        Measurable effect: 48ms (1.3 SDs)
  Hard Page Faults:          0          (95% in [0, 0])               
  Soft Page Faults:          3          (95% in [-3, 10])              Measurable effect: 13 (1.3 SDs) (required sample size for an effect of 5% of stdev: 6401)
  Text Size:                 0          (95% in [0, 0])               
  Data Size:                 0          (95% in [0, 0])               
  Library Size:              0          (95% in [0, 0])               

.Scenario 'org.eclipse.swt.test.Draw on a window' (average over 10 samples):
  System Time:              10ms        (95% in [8ms, 12ms])           Measurable effect: 3ms (1.3 SDs) (required sample size for an effect of 5% of mean: 386)
  Used Java Heap:       476.22K         (95% in [-72.32K, 1M])         Measurable effect: 969.92K (1.3 SDs) (required sample size for an effect of 5% of stdev: 6400)
  Working Set:               0          (95% in [0, 0])               
  Kernel time:               1ms        (95% in [-1ms, 3ms])           Measurable effect: 4ms (1.3 SDs) (required sample size for an effect of 5% of stdev: 6400)
  CPU Time:                 15ms        (95% in [3ms, 26ms])           Measurable effect: 20ms (1.3 SDs) (required sample size for an effect of 5% of stdev: 6400)
  Hard Page Faults:          0          (95% in [0, 0])               
  Soft Page Faults:          0          (95% in [0, 0])                Measurable effect: 0 (1.3 SDs) (required sample size for an effect of 5% of stdev: 6400)
  Text Size:                 0          (95% in [0, 0])               
  Data Size:                 0          (95% in [0, 0])               
  Library Size:              0          (95% in [0, 0])               

.Scenario 'org.eclipse.swt.test.Draw strings using GC.drawText' (average over 10 samples):
  System Time:            2.36s         (95% in [2.34s, 2.38s])        Measurable effect: 29ms (1.3 SDs)
  Used Java Heap:         3.41M         (95% in [2.94M, 3.88M])        Measurable effect: 846.63K (1.3 SDs) (required sample size for an effect of 5% of mean: 236)
  Working Set:            25.6K         (95% in [-24.79K, 75.98K])     Measurable effect: 89.09K (1.3 SDs) (required sample size for an effect of 5% of stdev: 6400)
  Kernel time:               3ms        (95% in [0ms, 6ms])            Measurable effect: 6ms (1.3 SDs) (required sample size for an effect of 5% of stdev: 6401)
  CPU Time:               2.38s         (95% in [2.34s, 2.41s])        Measurable effect: 68ms (1.3 SDs)
  Hard Page Faults:          0          (95% in [0, 0])               
  Soft Page Faults:          7          (95% in [-4, 19])              Measurable effect: 21 (1.3 SDs) (required sample size for an effect of 5% of stdev: 6400)
  Text Size:                 0          (95% in [0, 0])               
  Data Size:                 0          (95% in [0, 0])               
  Library Size:           19.2K         (95% in [-11.7K, 50.1K])       Measurable effect: 54.64K (1.3 SDs) (required sample size for an effect of 5% of stdev: 6401)

.Scenario 'org.eclipse.swt.test.Draw strings using GC.drawString()' (average over 10 samples):
  System Time:              64ms        (95% in [62ms, 65ms])          Measurable effect: 2ms (1.3 SDs)
  Used Java Heap:       317.47K         (95% in [-161.32K, 796.27K])   Measurable effect: 846.6K (1.3 SDs) (required sample size for an effect of 5% of stdev: 6400)
  Working Set:               0          (95% in [0, 0])               
  Kernel time:               0ms        (95% in [0ms, 0ms])           
  CPU Time:                 65ms        (95% in [59ms, 70ms])          Measurable effect: 8ms (1.3 SDs) (required sample size for an effect of 5% of mean: 76)
  Hard Page Faults:          0          (95% in [0, 0])               
  Soft Page Faults:          0          (95% in [0, 0])                Measurable effect: 0 (1.3 SDs) (required sample size for an effect of 5% of stdev: 6400)
  Text Size:                 0          (95% in [0, 0])               
  Data Size:                 0          (95% in [0, 0])               
  Library Size:              0          (95% in [0, 0])               

.Scenario 'org.eclipse.swt.test.Layout Composites' (average over 10 samples):
  System Time:              50ms        (95% in [43ms, 57ms])          Measurable effect: 12ms (1.3 SDs) (required sample size for an effect of 5% of mean: 257)
  Used Java Heap:       476.21K         (95% in [-72.31K, 1M])         Measurable effect: 969.9K (1.3 SDs) (required sample size for an effect of 5% of stdev: 6401)
  Working Set:           409.6K         (95% in [-517K, 1.3M])         Measurable effect: 1.6M (1.3 SDs) (required sample size for an effect of 5% of stdev: 6400)
  Kernel time:               0ms        (95% in [0ms, 0ms])           
  CPU Time:                 76ms        (95% in [46ms, 105ms])         Measurable effect: 52ms (1.3 SDs) (required sample size for an effect of 5% of mean: 1926)
  Hard Page Faults:          0          (95% in [0, 0])               
  Soft Page Faults:        102          (95% in [-129, 334])           Measurable effect: 410 (1.3 SDs) (required sample size for an effect of 5% of stdev: 6400)
  Text Size:                 0          (95% in [0, 0])               
  Data Size:                 0          (95% in [0, 0])               
  Library Size:          415.6K         (95% in [-524.57K, 1.32M])     Measurable effect: 1.62M (1.3 SDs) (required sample size for an effect of 5% of stdev: 6400)


Time: 420.133

OK (7 tests)

no new datapoints in DB
disconnecting from DB
