.Scenario 'org.eclipse.swt.test.Create composites' (average over 100 samples):
  System Time:             718ms        (95% in [700ms, 735ms])        Measurable effect: 35ms (0.4 SDs)
  Used Java Heap:      -368.29K         (95% in [-2.99M, 2.27M])       Measurable effect: 5.3M (0.4 SDs) (required sample size for an effect of 5% of stdev: 6401)
  Working Set:              18M         (95% in [15.87M, 20.13M])      Measurable effect: 4.29M (0.4 SDs) (required sample size for an effect of 5% of mean: 2275)
  Kernel time:               9ms        (95% in [8ms, 11ms])           Measurable effect: 2ms (0.4 SDs) (required sample size for an effect of 5% of mean: 3628)
  CPU Time:                720ms        (95% in [703ms, 737ms])        Measurable effect: 33ms (0.4 SDs)
  Hard Page Faults:          0          (95% in [0, 0])               
  Soft Page Faults:       5.46K         (95% in [4.37K, 6.54K])        Measurable effect: 2.19K (0.4 SDs) (required sample size for an effect of 5% of stdev: 6400)
  Text Size:                 0          (95% in [0, 0])               
  Data Size:                 0          (95% in [0, 0])               
  Library Size:          17.76M         (95% in [15.64M, 19.89M])      Measurable effect: 4.28M (0.4 SDs) (required sample size for an effect of 5% of mean: 2324)

.Scenario 'org.eclipse.swt.test.Create composites and widgets' (average over 10 samples):
  System Time:            3.89s         (95% in [3.54s, 4.25s])        Measurable effect: 628ms (1.3 SDs) (required sample size for an effect of 5% of mean: 105)
  Used Java Heap:        -3.23M         (95% in [-20.31M, 13.85M])     Measurable effect: 30.2M (1.3 SDs) (required sample size for an effect of 5% of stdev: 6400)
  Working Set:            59.4M         (95% in [12.74M, 106.07M])     Measurable effect: 82.51M (1.3 SDs) (required sample size for an effect of 5% of stdev: 6401)
  Kernel time:              35ms        (95% in [10ms, 59ms])          Measurable effect: 43ms (1.3 SDs) (required sample size for an effect of 5% of mean: 6183)
  CPU Time:                  4s         (95% in [3.6s, 4.4s])          Measurable effect: 713ms (1.3 SDs) (required sample size for an effect of 5% of mean: 128)
  Hard Page Faults:          0          (95% in [0, 0])               
  Soft Page Faults:      19.69K         (95% in [2.35K, 37.03K])       Measurable effect: 30.66K (1.3 SDs) (required sample size for an effect of 5% of stdev: 6401)
  Text Size:                 0          (95% in [0, 0])               
  Data Size:                 0          (95% in [0, 0])               
  Library Size:          57.44M         (95% in [13.7M, 101.18M])      Measurable effect: 77.34M (1.3 SDs) (required sample size for an effect of 5% of stdev: 6401)

.Scenario 'org.eclipse.swt.test.Draw on an image' (average over 10 samples):
  System Time:            1.18s         (95% in [1.17s, 1.19s])        Measurable effect: 15ms (1.3 SDs)
  Used Java Heap:       789.95K         (95% in [194.28K, 1.35M])      Measurable effect: 1.03M (1.3 SDs) (required sample size for an effect of 5% of stdev: 6400)
  Working Set:               0          (95% in [0, 0])               
  Kernel time:               0ms        (95% in [0ms, 0ms])           
  CPU Time:               1.19s         (95% in [1.16s, 1.22s])        Measurable effect: 50ms (1.3 SDs)
  Hard Page Faults:          0          (95% in [0, 0])               
  Soft Page Faults:          3          (95% in [-4, 11])              Measurable effect: 13 (1.3 SDs) (required sample size for an effect of 5% of stdev: 6400)
  Text Size:                 0          (95% in [0, 0])               
  Data Size:                 0          (95% in [0, 0])               
  Library Size:              0          (95% in [0, 0])               

.Scenario 'org.eclipse.swt.test.Draw on a window' (average over 10 samples):
  System Time:              11ms        (95% in [8ms, 13ms])           Measurable effect: 4ms (1.3 SDs) (required sample size for an effect of 5% of mean: 541)
  Used Java Heap:       473.98K         (95% in [-71.98K, 1,019.93K])  Measurable effect: 965.35K (1.3 SDs) (required sample size for an effect of 5% of stdev: 6401)
  Working Set:               0          (95% in [0, 0])               
  Kernel time:               0ms        (95% in [0ms, 0ms])           
  CPU Time:                 15ms        (95% in [3ms, 26ms])           Measurable effect: 20ms (1.3 SDs) (required sample size for an effect of 5% of stdev: 6400)
  Hard Page Faults:          0          (95% in [0, 0])               
  Soft Page Faults:          0          (95% in [0, 0])                Measurable effect: 0 (1.3 SDs) (required sample size for an effect of 5% of stdev: 6400)
  Text Size:                 0          (95% in [0, 0])               
  Data Size:                 0          (95% in [0, 0])               
  Library Size:              0          (95% in [0, 0])               

.Scenario 'org.eclipse.swt.test.Draw strings using GC.drawText' (average over 10 samples):
  System Time:            2.35s         (95% in [2.33s, 2.38s])        Measurable effect: 51ms (1.3 SDs)
  Used Java Heap:         3.39M         (95% in [2.93M, 3.86M])        Measurable effect: 842.6K (1.3 SDs) (required sample size for an effect of 5% of mean: 236)
  Working Set:              20K         (95% in [-14.89K, 54.89K])     Measurable effect: 61.69K (1.3 SDs) (required sample size for an effect of 5% of stdev: 6400)
  Kernel time:               0ms        (95% in [0ms, 0ms])           
  CPU Time:               2.37s         (95% in [2.33s, 2.41s])        Measurable effect: 69ms (1.3 SDs)
  Hard Page Faults:          0          (95% in [0, 0])               
  Soft Page Faults:          6          (95% in [-3, 15])              Measurable effect: 17 (1.3 SDs) (required sample size for an effect of 5% of stdev: 6400)
  Text Size:                 0          (95% in [0, 0])               
  Data Size:                 0          (95% in [0, 0])               
  Library Size:           19.2K         (95% in [-11.7K, 50.1K])       Measurable effect: 54.64K (1.3 SDs) (required sample size for an effect of 5% of stdev: 6401)

.Scenario 'org.eclipse.swt.test.Draw strings using GC.drawString()' (average over 10 samples):
  System Time:              64ms        (95% in [62ms, 65ms])          Measurable effect: 2ms (1.3 SDs)
  Used Java Heap:       315.98K         (95% in [-160.56K, 792.51K])   Measurable effect: 842.61K (1.3 SDs) (required sample size for an effect of 5% of stdev: 6400)
  Working Set:               0          (95% in [0, 0])               
  Kernel time:               0ms        (95% in [0ms, 0ms])           
  CPU Time:                 66ms        (95% in [60ms, 71ms])          Measurable effect: 8ms (1.3 SDs) (required sample size for an effect of 5% of mean: 72)
  Hard Page Faults:          0          (95% in [0, 0])               
  Soft Page Faults:          0          (95% in [0, 0])                Measurable effect: 0 (1.3 SDs) (required sample size for an effect of 5% of stdev: 6400)
  Text Size:                 0          (95% in [0, 0])               
  Data Size:                 0          (95% in [0, 0])               
  Library Size:              0          (95% in [0, 0])               

.Scenario 'org.eclipse.swt.test.Layout Composites' (average over 10 samples):
  System Time:              50ms        (95% in [45ms, 55ms])          Measurable effect: 8ms (1.3 SDs) (required sample size for an effect of 5% of mean: 124)
  Used Java Heap:       631.96K         (95% in [48.32K, 1.19M])       Measurable effect: 1.01M (1.3 SDs) (required sample size for an effect of 5% of stdev: 6400)
  Working Set:           425.2K         (95% in [-536.69K, 1.35M])     Measurable effect: 1.66M (1.3 SDs) (required sample size for an effect of 5% of stdev: 6401)
  Kernel time:               0ms        (95% in [0ms, 0ms])           
  CPU Time:                 81ms        (95% in [58ms, 103ms])         Measurable effect: 40ms (1.3 SDs) (required sample size for an effect of 5% of mean: 986)
  Hard Page Faults:          0          (95% in [0, 0])               
  Soft Page Faults:        107          (95% in [-133, 347])           Measurable effect: 425 (1.3 SDs) (required sample size for an effect of 5% of stdev: 6401)
  Text Size:                 0          (95% in [0, 0])               
  Data Size:                 0          (95% in [0, 0])               
  Library Size:          434.8K         (95% in [-548.8K, 1.39M])      Measurable effect: 1.7M (1.3 SDs) (required sample size for an effect of 5% of stdev: 6400)


Time: 421.896

OK (7 tests)

no new datapoints in DB
disconnecting from DB
