.Scenario 'org.eclipse.swt.test.Create composites' (average over 100 samples):
  System Time:             723ms        (95% in [706ms, 740ms])        Measurable effect: 34ms (0.4 SDs)
  Used Java Heap:      -369.22K         (95% in [-2.99M, 2.27M])       Measurable effect: 5.3M (0.4 SDs) (required sample size for an effect of 5% of stdev: 6400)
  Working Set:           18.02M         (95% in [15.86M, 20.17M])      Measurable effect: 4.34M (0.4 SDs) (required sample size for an effect of 5% of mean: 2325)
  Kernel time:               9ms        (95% in [7ms, 10ms])           Measurable effect: 2ms (0.4 SDs) (required sample size for an effect of 5% of mean: 3606)
  CPU Time:                726ms        (95% in [709ms, 743ms])        Measurable effect: 34ms (0.4 SDs)
  Hard Page Faults:          0          (95% in [0, 0])               
  Soft Page Faults:       5.46K         (95% in [4.37K, 6.55K])        Measurable effect: 2.19K (0.4 SDs) (required sample size for an effect of 5% of stdev: 6401)
  Text Size:                 0          (95% in [0, 0])               
  Data Size:                 0          (95% in [0, 0])               
  Library Size:          17.79M         (95% in [15.64M, 19.94M])      Measurable effect: 4.34M (0.4 SDs) (required sample size for an effect of 5% of mean: 2378)

.Scenario 'org.eclipse.swt.test.Create composites and widgets' (average over 10 samples):
  System Time:            4.05s         (95% in [3.7s, 4.41s])         Measurable effect: 628ms (1.3 SDs) (required sample size for an effect of 5% of mean: 97)
  Used Java Heap:        -3.39M         (95% in [-20.52M, 13.73M])     Measurable effect: 30.27M (1.3 SDs) (required sample size for an effect of 5% of stdev: 6400)
  Working Set:           58.42M         (95% in [11.33M, 105.51M])     Measurable effect: 83.26M (1.3 SDs) (required sample size for an effect of 5% of stdev: 6401)
  Kernel time:              41ms        (95% in [15ms, 66ms])          Measurable effect: 45ms (1.3 SDs) (required sample size for an effect of 5% of mean: 4946)
  CPU Time:               4.15s         (95% in [3.75s, 4.54s])        Measurable effect: 704ms (1.3 SDs) (required sample size for an effect of 5% of mean: 116)
  Hard Page Faults:          0          (95% in [0, 0])               
  Soft Page Faults:      19.47K         (95% in [2.03K, 36.9K])        Measurable effect: 30.83K (1.3 SDs) (required sample size for an effect of 5% of stdev: 6401)
  Text Size:                 0          (95% in [0, 0])               
  Data Size:                 0          (95% in [0, 0])               
  Library Size:          56.64M         (95% in [12.48M, 100.81M])     Measurable effect: 78.09M (1.3 SDs) (required sample size for an effect of 5% of stdev: 6401)

.Scenario 'org.eclipse.swt.test.Draw on an image' (average over 10 samples):
  System Time:            1.18s         (95% in [1.18s, 1.19s])        Measurable effect: 16ms (1.3 SDs)
  Used Java Heap:       792.76K         (95% in [194.97K, 1.36M])      Measurable effect: 1.03M (1.3 SDs) (required sample size for an effect of 5% of stdev: 6400)
  Working Set:            22.8K         (95% in [-28.78K, 74.38K])     Measurable effect: 91.2K (1.3 SDs) (required sample size for an effect of 5% of stdev: 6400)
  Kernel time:               0ms        (95% in [0ms, 0ms])           
  CPU Time:                1.2s         (95% in [1.17s, 1.23s])        Measurable effect: 56ms (1.3 SDs)
  Hard Page Faults:          0          (95% in [0, 0])               
  Soft Page Faults:          3          (95% in [-3, 10])              Measurable effect: 13 (1.3 SDs) (required sample size for an effect of 5% of stdev: 6401)
  Text Size:                 0          (95% in [0, 0])               
  Data Size:                 0          (95% in [0, 0])               
  Library Size:           25.6K         (95% in [-32.31K, 83.51K])     Measurable effect: 102.4K (1.3 SDs) (required sample size for an effect of 5% of stdev: 6400)

.Scenario 'org.eclipse.swt.test.Draw on a window' (average over 10 samples):
  System Time:             743ms        (95% in [740ms, 746ms])        Measurable effect: 4ms (1.3 SDs)
  Used Java Heap:       317.11K         (95% in [-161.13K, 795.35K])   Measurable effect: 845.62K (1.3 SDs) (required sample size for an effect of 5% of stdev: 6400)
  Working Set:               0          (95% in [0, 0])               
  Kernel time:               0ms        (95% in [0ms, 0ms])           
  CPU Time:                745ms        (95% in [738ms, 751ms])        Measurable effect: 12ms (1.3 SDs)
  Hard Page Faults:          0          (95% in [0, 0])               
  Soft Page Faults:          0          (95% in [0, 2])                Measurable effect: 2 (1.3 SDs) (required sample size for an effect of 5% of stdev: 6400)
  Text Size:                 0          (95% in [0, 0])               
  Data Size:                 0          (95% in [0, 0])               
  Library Size:              0          (95% in [0, 0])               

.Scenario 'org.eclipse.swt.test.Draw strings using GC.drawText' (average over 10 samples):
  System Time:            2.72s         (95% in [2.71s, 2.73s])        Measurable effect: 16ms (1.3 SDs)
  Used Java Heap:         3.41M         (95% in [2.94M, 3.87M])        Measurable effect: 845.65K (1.3 SDs) (required sample size for an effect of 5% of mean: 236)
  Working Set:            27.6K         (95% in [-21.64K, 76.84K])     Measurable effect: 87.06K (1.3 SDs) (required sample size for an effect of 5% of stdev: 6400)
  Kernel time:               1ms        (95% in [-1ms, 3ms])           Measurable effect: 4ms (1.3 SDs) (required sample size for an effect of 5% of stdev: 6400)
  CPU Time:               2.73s         (95% in [2.69s, 2.77s])        Measurable effect: 70ms (1.3 SDs)
  Hard Page Faults:          0          (95% in [0, 0])               
  Soft Page Faults:          7          (95% in [-5, 20])              Measurable effect: 23 (1.3 SDs) (required sample size for an effect of 5% of stdev: 6400)
  Text Size:                 0          (95% in [0, 0])               
  Data Size:                 0          (95% in [0, 0])               
  Library Size:             26K         (95% in [-19.09K, 71.09K])     Measurable effect: 79.72K (1.3 SDs) (required sample size for an effect of 5% of stdev: 6401)

.Scenario 'org.eclipse.swt.test.Draw strings using GC.drawString()' (average over 10 samples):
  System Time:             127ms        (95% in [126ms, 129ms])        Measurable effect: 2ms (1.3 SDs)
  Used Java Heap:        317.1K         (95% in [-161.13K, 795.33K])   Measurable effect: 845.6K (1.3 SDs) (required sample size for an effect of 5% of stdev: 6400)
  Working Set:               0          (95% in [0, 0])               
  Kernel time:               1ms        (95% in [-1ms, 3ms])           Measurable effect: 4ms (1.3 SDs) (required sample size for an effect of 5% of stdev: 6400)
  CPU Time:                131ms        (95% in [125ms, 136ms])        Measurable effect: 9ms (1.3 SDs) (required sample size for an effect of 5% of mean: 21)
  Hard Page Faults:          0          (95% in [0, 0])               
  Soft Page Faults:          0          (95% in [0, 0])               
  Text Size:                 0          (95% in [0, 0])               
  Data Size:                 0          (95% in [0, 0])               
  Library Size:              0          (95% in [0, 0])               

.Scenario 'org.eclipse.swt.test.Layout Composites' (average over 10 samples):
  System Time:              50ms        (95% in [45ms, 55ms])          Measurable effect: 8ms (1.3 SDs) (required sample size for an effect of 5% of mean: 128)
  Used Java Heap:       475.65K         (95% in [-72.23K, 1,023.52K])  Measurable effect: 968.75K (1.3 SDs) (required sample size for an effect of 5% of stdev: 6400)
  Working Set:           379.2K         (95% in [-478.63K, 1.21M])     Measurable effect: 1.48M (1.3 SDs) (required sample size for an effect of 5% of stdev: 6400)
  Kernel time:               1ms        (95% in [-1ms, 3ms])           Measurable effect: 4ms (1.3 SDs) (required sample size for an effect of 5% of stdev: 6400)
  CPU Time:                 71ms        (95% in [48ms, 93ms])          Measurable effect: 40ms (1.3 SDs) (required sample size for an effect of 5% of mean: 1283)
  Hard Page Faults:          0          (95% in [0, 0])               
  Soft Page Faults:         93          (95% in [-117, 304])           Measurable effect: 373 (1.3 SDs) (required sample size for an effect of 5% of stdev: 6400)
  Text Size:                 0          (95% in [0, 0])               
  Data Size:                 0          (95% in [0, 0])               
  Library Size:            384K         (95% in [-484.68K, 1.22M])     Measurable effect: 1.5M (1.3 SDs) (required sample size for an effect of 5% of stdev: 6400)


Time: 444.471

OK (7 tests)

no new datapoints in DB
disconnecting from DB
