.Scenario 'org.eclipse.swt.test.Create composites' (average over 100 samples):
  System Time:             726ms        (95% in [708ms, 743ms])        Measurable effect: 34ms (0.4 SDs)
  Used Java Heap:      -367.97K         (95% in [-2.99M, 2.27M])       Measurable effect: 5.3M (0.4 SDs) (required sample size for an effect of 5% of stdev: 6401)
  Working Set:           17.98M         (95% in [15.86M, 20.11M])      Measurable effect: 4.29M (0.4 SDs) (required sample size for an effect of 5% of mean: 2278)
  Kernel time:               9ms        (95% in [7ms, 10ms])           Measurable effect: 3ms (0.4 SDs) (required sample size for an effect of 5% of mean: 4543)
  CPU Time:                727ms        (95% in [710ms, 744ms])        Measurable effect: 34ms (0.4 SDs)
  Hard Page Faults:          0          (95% in [0, 0])               
  Soft Page Faults:       5.45K         (95% in [4.36K, 6.53K])        Measurable effect: 2.19K (0.4 SDs) (required sample size for an effect of 5% of stdev: 6400)
  Text Size:                 0          (95% in [0, 0])               
  Data Size:                 0          (95% in [0, 0])               
  Library Size:          17.76M         (95% in [15.63M, 19.88M])      Measurable effect: 4.28M (0.4 SDs) (required sample size for an effect of 5% of mean: 2330)

.Scenario 'org.eclipse.swt.test.Create composites and widgets' (average over 10 samples):
  System Time:            3.95s         (95% in [3.58s, 4.31s])        Measurable effect: 643ms (1.3 SDs) (required sample size for an effect of 5% of mean: 107)
  Used Java Heap:        -3.24M         (95% in [-20.32M, 13.85M])     Measurable effect: 30.22M (1.3 SDs) (required sample size for an effect of 5% of stdev: 6400)
  Working Set:            56.9M         (95% in [12.17M, 101.63M])     Measurable effect: 79.09M (1.3 SDs) (required sample size for an effect of 5% of stdev: 6401)
  Kernel time:              29ms        (95% in [3ms, 54ms])           Measurable effect: 45ms (1.3 SDs) (required sample size for an effect of 5% of stdev: 6400)
  CPU Time:               4.08s         (95% in [3.63s, 4.53s])        Measurable effect: 794ms (1.3 SDs) (required sample size for an effect of 5% of mean: 152)
  Hard Page Faults:          0          (95% in [0, 0])               
  Soft Page Faults:      19.07K         (95% in [1.99K, 36.15K])       Measurable effect: 30.2K (1.3 SDs) (required sample size for an effect of 5% of stdev: 6400)
  Text Size:                 0          (95% in [0, 0])               
  Data Size:                 0          (95% in [0, 0])               
  Library Size:          56.56M         (95% in [11.94M, 101.18M])     Measurable effect: 78.9M (1.3 SDs) (required sample size for an effect of 5% of stdev: 6400)

.Scenario 'org.eclipse.swt.test.Draw on an image' (average over 10 samples):
  System Time:            1.19s         (95% in [1.18s, 1.21s])        Measurable effect: 24ms (1.3 SDs)
  Used Java Heap:       789.95K         (95% in [194.27K, 1.35M])      Measurable effect: 1.03M (1.3 SDs) (required sample size for an effect of 5% of stdev: 6400)
  Working Set:            21.6K         (95% in [-27.26K, 70.46K])     Measurable effect: 86.4K (1.3 SDs) (required sample size for an effect of 5% of stdev: 6400)
  Kernel time:               0ms        (95% in [0ms, 0ms])           
  CPU Time:                1.2s         (95% in [1.17s, 1.23s])        Measurable effect: 58ms (1.3 SDs)
  Hard Page Faults:          0          (95% in [0, 0])               
  Soft Page Faults:          4          (95% in [-5, 14])              Measurable effect: 17 (1.3 SDs) (required sample size for an effect of 5% of stdev: 6400)
  Text Size:                 0          (95% in [0, 0])               
  Data Size:                 0          (95% in [0, 0])               
  Library Size:            4.4K         (95% in [-5.55K, 14.35K])      Measurable effect: 17.6K (1.3 SDs) (required sample size for an effect of 5% of stdev: 6401)

.Scenario 'org.eclipse.swt.test.Draw on a window' (average over 10 samples):
  System Time:              11ms        (95% in [9ms, 12ms])           Measurable effect: 2ms (1.3 SDs) (required sample size for an effect of 5% of mean: 211)
  Used Java Heap:       473.98K         (95% in [-71.98K, 1,019.93K])  Measurable effect: 965.35K (1.3 SDs) (required sample size for an effect of 5% of stdev: 6401)
  Working Set:               0          (95% in [0, 0])               
  Kernel time:               0ms        (95% in [0ms, 0ms])           
  CPU Time:                 15ms        (95% in [5ms, 24ms])           Measurable effect: 16ms (1.3 SDs) (required sample size for an effect of 5% of mean: 4583)
  Hard Page Faults:          0          (95% in [0, 0])               
  Soft Page Faults:          0          (95% in [0, 0])               
  Text Size:                 0          (95% in [0, 0])               
  Data Size:                 0          (95% in [0, 0])               
  Library Size:              0          (95% in [0, 0])               

.Scenario 'org.eclipse.swt.test.Draw strings using GC.drawText' (average over 10 samples):
  System Time:            2.35s         (95% in [2.34s, 2.36s])        Measurable effect: 20ms (1.3 SDs)
  Used Java Heap:         3.55M         (95% in [3.02M, 4.08M])        Measurable effect: 965.32K (1.3 SDs) (required sample size for an effect of 5% of mean: 283)
  Working Set:            20.8K         (95% in [-19.71K, 61.31K])     Measurable effect: 71.62K (1.3 SDs) (required sample size for an effect of 5% of stdev: 6401)
  Kernel time:               0ms        (95% in [0ms, 0ms])           
  CPU Time:               2.37s         (95% in [2.32s, 2.41s])        Measurable effect: 72ms (1.3 SDs)
  Hard Page Faults:          0          (95% in [0, 0])               
  Soft Page Faults:          6          (95% in [-4, 18])              Measurable effect: 20 (1.3 SDs) (required sample size for an effect of 5% of stdev: 6401)
  Text Size:                 0          (95% in [0, 0])               
  Data Size:                 0          (95% in [0, 0])               
  Library Size:           19.2K         (95% in [-11.7K, 50.1K])       Measurable effect: 54.64K (1.3 SDs) (required sample size for an effect of 5% of stdev: 6401)

.Scenario 'org.eclipse.swt.test.Draw strings using GC.drawString()' (average over 10 samples):
  System Time:              65ms        (95% in [63ms, 66ms])          Measurable effect: 2ms (1.3 SDs)
  Used Java Heap:       157.99K         (95% in [-199.41K, 515.39K])   Measurable effect: 631.95K (1.3 SDs) (required sample size for an effect of 5% of stdev: 6400)
  Working Set:               0          (95% in [0, 0])               
  Kernel time:               0ms        (95% in [0ms, 0ms])           
  CPU Time:                 69ms        (95% in [64ms, 73ms])          Measurable effect: 7ms (1.3 SDs) (required sample size for an effect of 5% of mean: 44)
  Hard Page Faults:          0          (95% in [0, 0])               
  Soft Page Faults:          0          (95% in [0, 0])               
  Text Size:                 0          (95% in [0, 0])               
  Data Size:                 0          (95% in [0, 0])               
  Library Size:              0          (95% in [0, 0])               

.Scenario 'org.eclipse.swt.test.Layout Composites' (average over 10 samples):
  System Time:              54ms        (95% in [46ms, 61ms])          Measurable effect: 13ms (1.3 SDs) (required sample size for an effect of 5% of mean: 234)
  Used Java Heap:       789.97K         (95% in [194.28K, 1.35M])      Measurable effect: 1.03M (1.3 SDs) (required sample size for an effect of 5% of stdev: 6400)
  Working Set:           358.4K         (95% in [-452.37K, 1.14M])     Measurable effect: 1.4M (1.3 SDs) (required sample size for an effect of 5% of stdev: 6400)
  Kernel time:               0ms        (95% in [0ms, 0ms])           
  CPU Time:                 87ms        (95% in [54ms, 119ms])         Measurable effect: 57ms (1.3 SDs) (required sample size for an effect of 5% of mean: 1768)
  Hard Page Faults:          0          (95% in [0, 0])               
  Soft Page Faults:         90          (95% in [-111, 292])           Measurable effect: 357 (1.3 SDs) (required sample size for an effect of 5% of stdev: 6401)
  Text Size:                 0          (95% in [0, 0])               
  Data Size:                 0          (95% in [0, 0])               
  Library Size:          371.2K         (95% in [-468.53K, 1.18M])     Measurable effect: 1.45M (1.3 SDs) (required sample size for an effect of 5% of stdev: 6401)


Time: 424.533

OK (7 tests)

no new datapoints in DB
disconnecting from DB
