.Scenario 'org.eclipse.swt.test.Create composites' (average over 100 samples):
  System Time:             728ms        (95% in [710ms, 745ms])        Measurable effect: 35ms (0.4 SDs)
  Used Java Heap:      -368.61K         (95% in [-2.99M, 2.27M])       Measurable effect: 5.3M (0.4 SDs) (required sample size for an effect of 5% of stdev: 6400)
  Working Set:           17.95M         (95% in [15.8M, 20.09M])       Measurable effect: 4.32M (0.4 SDs) (required sample size for an effect of 5% of mean: 2321)
  Kernel time:               9ms        (95% in [8ms, 10ms])           Measurable effect: 2ms (0.4 SDs) (required sample size for an effect of 5% of mean: 3206)
  CPU Time:                729ms        (95% in [712ms, 746ms])        Measurable effect: 34ms (0.4 SDs)
  Hard Page Faults:          0          (95% in [0, 0])               
  Soft Page Faults:       5.44K         (95% in [4.36K, 6.53K])        Measurable effect: 2.19K (0.4 SDs) (required sample size for an effect of 5% of stdev: 6401)
  Text Size:                 0          (95% in [0, 0])               
  Data Size:                 0          (95% in [0, 0])               
  Library Size:          17.73M         (95% in [15.59M, 19.87M])      Measurable effect: 4.32M (0.4 SDs) (required sample size for an effect of 5% of mean: 2371)

.Scenario 'org.eclipse.swt.test.Create composites and widgets' (average over 10 samples):
  System Time:               4s         (95% in [3.62s, 4.37s])        Measurable effect: 653ms (1.3 SDs) (required sample size for an effect of 5% of mean: 108)
  Used Java Heap:        -3.23M         (95% in [-20.3M, 13.85M])      Measurable effect: 30.19M (1.3 SDs) (required sample size for an effect of 5% of stdev: 6400)
  Working Set:           57.77M         (95% in [11.7M, 103.84M])      Measurable effect: 81.45M (1.3 SDs) (required sample size for an effect of 5% of stdev: 6400)
  Kernel time:              31ms        (95% in [3ms, 58ms])           Measurable effect: 47ms (1.3 SDs) (required sample size for an effect of 5% of stdev: 6400)
  CPU Time:               4.09s         (95% in [3.68s, 4.51s])        Measurable effect: 736ms (1.3 SDs) (required sample size for an effect of 5% of mean: 130)
  Hard Page Faults:          0          (95% in [0, 0])               
  Soft Page Faults:      19.29K         (95% in [2K, 36.57K])          Measurable effect: 30.57K (1.3 SDs) (required sample size for an effect of 5% of stdev: 6401)
  Text Size:                 0          (95% in [0, 0])               
  Data Size:                 0          (95% in [0, 0])               
  Library Size:          57.31M         (95% in [11.28M, 103.35M])     Measurable effect: 81.4M (1.3 SDs) (required sample size for an effect of 5% of stdev: 6401)

.Scenario 'org.eclipse.swt.test.Draw on an image' (average over 10 samples):
  System Time:             1.2s         (95% in [1.19s, 1.21s])        Measurable effect: 14ms (1.3 SDs)
  Used Java Heap:       789.94K         (95% in [194.27K, 1.35M])      Measurable effect: 1.03M (1.3 SDs) (required sample size for an effect of 5% of stdev: 6401)
  Working Set:            26.4K         (95% in [-33.32K, 86.12K])     Measurable effect: 105.6K (1.3 SDs) (required sample size for an effect of 5% of stdev: 6400)
  Kernel time:               0ms        (95% in [0ms, 0ms])           
  CPU Time:               1.21s         (95% in [1.18s, 1.24s])        Measurable effect: 59ms (1.3 SDs)
  Hard Page Faults:          0          (95% in [0, 0])               
  Soft Page Faults:          4          (95% in [-5, 15])              Measurable effect: 18 (1.3 SDs) (required sample size for an effect of 5% of stdev: 6400)
  Text Size:                 0          (95% in [0, 0])               
  Data Size:                 0          (95% in [0, 0])               
  Library Size:            5.2K         (95% in [-6.56K, 16.96K])      Measurable effect: 20.8K (1.3 SDs) (required sample size for an effect of 5% of stdev: 6401)

.Scenario 'org.eclipse.swt.test.Draw on a window' (average over 10 samples):
  System Time:              12ms        (95% in [9ms, 15ms])           Measurable effect: 5ms (1.3 SDs) (required sample size for an effect of 5% of mean: 758)
  Used Java Heap:       473.97K         (95% in [-71.98K, 1,019.92K])  Measurable effect: 965.34K (1.3 SDs) (required sample size for an effect of 5% of stdev: 6400)
  Working Set:               0          (95% in [0, 0])               
  Kernel time:               1ms        (95% in [-1ms, 3ms])           Measurable effect: 4ms (1.3 SDs) (required sample size for an effect of 5% of stdev: 6400)
  CPU Time:                 18ms        (95% in [6ms, 29ms])           Measurable effect: 20ms (1.3 SDs) (required sample size for an effect of 5% of mean: 5180)
  Hard Page Faults:          0          (95% in [0, 0])               
  Soft Page Faults:          0          (95% in [0, 0])                Measurable effect: 0 (1.3 SDs) (required sample size for an effect of 5% of stdev: 6400)
  Text Size:                 0          (95% in [0, 0])               
  Data Size:                 0          (95% in [0, 0])               
  Library Size:              0          (95% in [0, 0])               

.Scenario 'org.eclipse.swt.test.Draw strings using GC.drawText' (average over 10 samples):
  System Time:            2.36s         (95% in [2.34s, 2.39s])        Measurable effect: 44ms (1.3 SDs)
  Used Java Heap:         3.55M         (95% in [3.02M, 4.08M])        Measurable effect: 965.31K (1.3 SDs) (required sample size for an effect of 5% of mean: 283)
  Working Set:            27.6K         (95% in [-23.13K, 78.33K])     Measurable effect: 89.7K (1.3 SDs) (required sample size for an effect of 5% of stdev: 6401)
  Kernel time:               0ms        (95% in [0ms, 0ms])           
  CPU Time:               2.38s         (95% in [2.33s, 2.43s])        Measurable effect: 89ms (1.3 SDs)
  Hard Page Faults:          0          (95% in [0, 0])               
  Soft Page Faults:          7          (95% in [-4, 19])              Measurable effect: 21 (1.3 SDs) (required sample size for an effect of 5% of stdev: 6401)
  Text Size:                 0          (95% in [0, 0])               
  Data Size:                 0          (95% in [0, 0])               
  Library Size:           19.6K         (95% in [-11.64K, 50.84K])     Measurable effect: 55.24K (1.3 SDs) (required sample size for an effect of 5% of stdev: 6401)

.Scenario 'org.eclipse.swt.test.Draw strings using GC.drawString()' (average over 10 samples):
  System Time:              65ms        (95% in [64ms, 66ms])          Measurable effect: 1ms (1.3 SDs)
  Used Java Heap:       157.99K         (95% in [-199.41K, 515.38K])   Measurable effect: 631.95K (1.3 SDs) (required sample size for an effect of 5% of stdev: 6400)
  Working Set:               0          (95% in [0, 0])               
  Kernel time:               0ms        (95% in [0ms, 0ms])           
  CPU Time:                 67ms        (95% in [62ms, 71ms])          Measurable effect: 8ms (1.3 SDs) (required sample size for an effect of 5% of mean: 65)
  Hard Page Faults:          0          (95% in [0, 0])               
  Soft Page Faults:          0          (95% in [0, 0])               
  Text Size:                 0          (95% in [0, 0])               
  Data Size:                 0          (95% in [0, 0])               
  Library Size:              0          (95% in [0, 0])               

.Scenario 'org.eclipse.swt.test.Layout Composites' (average over 10 samples):
  System Time:              50ms        (95% in [45ms, 54ms])          Measurable effect: 7ms (1.3 SDs) (required sample size for an effect of 5% of mean: 101)
  Used Java Heap:       789.97K         (95% in [194.28K, 1.35M])      Measurable effect: 1.03M (1.3 SDs) (required sample size for an effect of 5% of stdev: 6401)
  Working Set:           408.4K         (95% in [-515.48K, 1.3M])      Measurable effect: 1.6M (1.3 SDs) (required sample size for an effect of 5% of stdev: 6401)
  Kernel time:               0ms        (95% in [0ms, 0ms])           
  CPU Time:                 71ms        (95% in [53ms, 88ms])          Measurable effect: 30ms (1.3 SDs) (required sample size for an effect of 5% of mean: 747)
  Hard Page Faults:          0          (95% in [0, 0])               
  Soft Page Faults:        101          (95% in [-127, 330])           Measurable effect: 404 (1.3 SDs) (required sample size for an effect of 5% of stdev: 6401)
  Text Size:                 0          (95% in [0, 0])               
  Data Size:                 0          (95% in [0, 0])               
  Library Size:          412.8K         (95% in [-521.04K, 1.32M])     Measurable effect: 1.61M (1.3 SDs) (required sample size for an effect of 5% of stdev: 6400)


Time: 431.283

OK (7 tests)

no new datapoints in DB
disconnecting from DB
