.Scenario 'org.eclipse.swt.test.Create composites' (average over 100 samples):
  System Time:             720ms        (95% in [703ms, 738ms])        Measurable effect: 34ms (0.4 SDs)
  Used Java Heap:      -382.72K         (95% in [-3M, 2.25M])          Measurable effect: 5.29M (0.4 SDs) (required sample size for an effect of 5% of stdev: 6400)
  Working Set:           17.99M         (95% in [15.85M, 20.12M])      Measurable effect: 4.3M (0.4 SDs) (required sample size for an effect of 5% of mean: 2287)
  Kernel time:               9ms        (95% in [7ms, 10ms])           Measurable effect: 2ms (0.4 SDs) (required sample size for an effect of 5% of mean: 3477)
  CPU Time:                723ms        (95% in [706ms, 739ms])        Measurable effect: 33ms (0.4 SDs)
  Hard Page Faults:          0          (95% in [0, 0])               
  Soft Page Faults:       5.45K         (95% in [4.37K, 6.54K])        Measurable effect: 2.19K (0.4 SDs) (required sample size for an effect of 5% of stdev: 6400)
  Text Size:                 0          (95% in [0, 0])               
  Data Size:                 0          (95% in [0, 0])               
  Library Size:          17.77M         (95% in [15.63M, 19.9M])       Measurable effect: 4.29M (0.4 SDs) (required sample size for an effect of 5% of mean: 2338)

.Scenario 'org.eclipse.swt.test.Create composites and widgets' (average over 10 samples):
  System Time:            3.89s         (95% in [3.53s, 4.25s])        Measurable effect: 635ms (1.3 SDs) (required sample size for an effect of 5% of mean: 107)
  Used Java Heap:        -3.23M         (95% in [-20.3M, 13.85M])      Measurable effect: 30.19M (1.3 SDs) (required sample size for an effect of 5% of stdev: 6400)
  Working Set:           57.56M         (95% in [11.52M, 103.59M])     Measurable effect: 81.4M (1.3 SDs) (required sample size for an effect of 5% of stdev: 6400)
  Kernel time:              31ms        (95% in [6ms, 55ms])           Measurable effect: 43ms (1.3 SDs) (required sample size for an effect of 5% of stdev: 6400)
  CPU Time:               4.02s         (95% in [3.57s, 4.46s])        Measurable effect: 791ms (1.3 SDs) (required sample size for an effect of 5% of mean: 156)
  Hard Page Faults:          0          (95% in [0, 0])               
  Soft Page Faults:      19.25K         (95% in [1.96K, 36.54K])       Measurable effect: 30.57K (1.3 SDs) (required sample size for an effect of 5% of stdev: 6401)
  Text Size:                 0          (95% in [0, 0])               
  Data Size:                 0          (95% in [0, 0])               
  Library Size:          57.32M         (95% in [11.24M, 103.4M])      Measurable effect: 81.48M (1.3 SDs) (required sample size for an effect of 5% of stdev: 6400)

.Scenario 'org.eclipse.swt.test.Draw on an image' (average over 10 samples):
  System Time:            1.19s         (95% in [1.17s, 1.2s])         Measurable effect: 26ms (1.3 SDs)
  Used Java Heap:       789.95K         (95% in [194.28K, 1.35M])      Measurable effect: 1.03M (1.3 SDs) (required sample size for an effect of 5% of stdev: 6400)
  Working Set:            21.6K         (95% in [-27.26K, 70.46K])     Measurable effect: 86.4K (1.3 SDs) (required sample size for an effect of 5% of stdev: 6400)
  Kernel time:               0ms        (95% in [0ms, 0ms])           
  CPU Time:                1.2s         (95% in [1.17s, 1.23s])        Measurable effect: 53ms (1.3 SDs)
  Hard Page Faults:          0          (95% in [0, 0])               
  Soft Page Faults:          3          (95% in [-4, 11])              Measurable effect: 13 (1.3 SDs) (required sample size for an effect of 5% of stdev: 6400)
  Text Size:                 0          (95% in [0, 0])               
  Data Size:                 0          (95% in [0, 0])               
  Library Size:              0          (95% in [0, 0])               

.Scenario 'org.eclipse.swt.test.Draw on a window' (average over 10 samples):
  System Time:              10ms        (95% in [8ms, 12ms])           Measurable effect: 3ms (1.3 SDs) (required sample size for an effect of 5% of mean: 332)
  Used Java Heap:       473.98K         (95% in [-71.98K, 1,019.93K])  Measurable effect: 965.35K (1.3 SDs) (required sample size for an effect of 5% of stdev: 6401)
  Working Set:               0          (95% in [0, 0])               
  Kernel time:               0ms        (95% in [0ms, 0ms])           
  CPU Time:                 14ms        (95% in [4ms, 23ms])           Measurable effect: 16ms (1.3 SDs) (required sample size for an effect of 5% of mean: 5225)
  Hard Page Faults:          0          (95% in [0, 0])               
  Soft Page Faults:          0          (95% in [0, 0])                Measurable effect: 0 (1.3 SDs) (required sample size for an effect of 5% of stdev: 6400)
  Text Size:                 0          (95% in [0, 0])               
  Data Size:                 0          (95% in [0, 0])               
  Library Size:              0          (95% in [0, 0])               

.Scenario 'org.eclipse.swt.test.Draw strings using GC.drawText' (average over 10 samples):
  System Time:            2.35s         (95% in [2.32s, 2.38s])        Measurable effect: 50ms (1.3 SDs)
  Used Java Heap:         3.55M         (95% in [3.02M, 4.08M])        Measurable effect: 965.31K (1.3 SDs) (required sample size for an effect of 5% of mean: 283)
  Working Set:            22.4K         (95% in [-15.06K, 59.86K])     Measurable effect: 66.24K (1.3 SDs) (required sample size for an effect of 5% of stdev: 6400)
  Kernel time:               2ms        (95% in [-1ms, 5ms])           Measurable effect: 5ms (1.3 SDs) (required sample size for an effect of 5% of stdev: 6400)
  CPU Time:               2.37s         (95% in [2.32s, 2.42s])        Measurable effect: 90ms (1.3 SDs)
  Hard Page Faults:          0          (95% in [0, 0])               
  Soft Page Faults:          6          (95% in [-4, 17])              Measurable effect: 19 (1.3 SDs) (required sample size for an effect of 5% of stdev: 6400)
  Text Size:                 0          (95% in [0, 0])               
  Data Size:                 0          (95% in [0, 0])               
  Library Size:           19.6K         (95% in [-12.1K, 51.3K])       Measurable effect: 56.06K (1.3 SDs) (required sample size for an effect of 5% of stdev: 6401)

.Scenario 'org.eclipse.swt.test.Draw strings using GC.drawString()' (average over 10 samples):
  System Time:              65ms        (95% in [60ms, 71ms])          Measurable effect: 9ms (1.3 SDs) (required sample size for an effect of 5% of mean: 86)
  Used Java Heap:       315.98K         (95% in [-160.56K, 792.51K])   Measurable effect: 842.61K (1.3 SDs) (required sample size for an effect of 5% of stdev: 6400)
  Working Set:               0          (95% in [0, 0])               
  Kernel time:               0ms        (95% in [0ms, 0ms])           
  CPU Time:                 69ms        (95% in [62ms, 75ms])          Measurable effect: 11ms (1.3 SDs) (required sample size for an effect of 5% of mean: 104)
  Hard Page Faults:          0          (95% in [0, 0])               
  Soft Page Faults:          0          (95% in [0, 0])                Measurable effect: 0 (1.3 SDs) (required sample size for an effect of 5% of stdev: 6400)
  Text Size:                 0          (95% in [0, 0])               
  Data Size:                 0          (95% in [0, 0])               
  Library Size:              0          (95% in [0, 0])               

.Scenario 'org.eclipse.swt.test.Layout Composites' (average over 10 samples):
  System Time:              52ms        (95% in [45ms, 59ms])          Measurable effect: 12ms (1.3 SDs) (required sample size for an effect of 5% of mean: 236)
  Used Java Heap:       947.99K         (95% in [364.32K, 1.5M])       Measurable effect: 1.01M (1.3 SDs) (required sample size for an effect of 5% of mean: 4741)
  Working Set:             344K         (95% in [-434.2K, 1.1M])       Measurable effect: 1.34M (1.3 SDs) (required sample size for an effect of 5% of stdev: 6400)
  Kernel time:               2ms        (95% in [-1ms, 5ms])           Measurable effect: 5ms (1.3 SDs) (required sample size for an effect of 5% of stdev: 6400)
  CPU Time:                 72ms        (95% in [52ms, 91ms])          Measurable effect: 34ms (1.3 SDs) (required sample size for an effect of 5% of mean: 900)
  Hard Page Faults:          0          (95% in [0, 0])               
  Soft Page Faults:         86          (95% in [-108, 280])           Measurable effect: 343 (1.3 SDs) (required sample size for an effect of 5% of stdev: 6401)
  Text Size:                 0          (95% in [0, 0])               
  Data Size:                 0          (95% in [0, 0])               
  Library Size:            352K         (95% in [-444.29K, 1.12M])     Measurable effect: 1.38M (1.3 SDs) (required sample size for an effect of 5% of stdev: 6401)


Time: 421.95

OK (7 tests)

no new datapoints in DB
disconnecting from DB
