.Scenario 'org.eclipse.swt.test.Create composites' (average over 100 samples):
  System Time:             718ms        (95% in [701ms, 736ms])        Measurable effect: 35ms (0.4 SDs)
  Used Java Heap:      -368.29K         (95% in [-2.99M, 2.27M])       Measurable effect: 5.3M (0.4 SDs) (required sample size for an effect of 5% of stdev: 6400)
  Working Set:           17.99M         (95% in [15.86M, 20.13M])      Measurable effect: 4.3M (0.4 SDs) (required sample size for an effect of 5% of mean: 2281)
  Kernel time:               9ms        (95% in [7ms, 10ms])           Measurable effect: 2ms (0.4 SDs) (required sample size for an effect of 5% of mean: 4076)
  CPU Time:                720ms        (95% in [703ms, 737ms])        Measurable effect: 33ms (0.4 SDs)
  Hard Page Faults:          0          (95% in [0, 0])               
  Soft Page Faults:       5.45K         (95% in [4.37K, 6.53K])        Measurable effect: 2.19K (0.4 SDs) (required sample size for an effect of 5% of stdev: 6400)
  Text Size:                 0          (95% in [0, 0])               
  Data Size:                 0          (95% in [0, 0])               
  Library Size:          17.77M         (95% in [15.64M, 19.9M])       Measurable effect: 4.29M (0.4 SDs) (required sample size for an effect of 5% of mean: 2336)

.Scenario 'org.eclipse.swt.test.Create composites and widgets' (average over 10 samples):
  System Time:            3.91s         (95% in [3.55s, 4.26s])        Measurable effect: 626ms (1.3 SDs) (required sample size for an effect of 5% of mean: 103)
  Used Java Heap:        -3.23M         (95% in [-20.3M, 13.85M])      Measurable effect: 30.19M (1.3 SDs) (required sample size for an effect of 5% of stdev: 6401)
  Working Set:           58.57M         (95% in [14.38M, 102.77M])     Measurable effect: 78.15M (1.3 SDs) (required sample size for an effect of 5% of stdev: 6400)
  Kernel time:              33ms        (95% in [8ms, 57ms])           Measurable effect: 42ms (1.3 SDs) (required sample size for an effect of 5% of stdev: 6400)
  CPU Time:               4.04s         (95% in [3.59s, 4.49s])        Measurable effect: 795ms (1.3 SDs) (required sample size for an effect of 5% of mean: 155)
  Hard Page Faults:          0          (95% in [0, 0])               
  Soft Page Faults:      19.49K         (95% in [2.52K, 36.45K])       Measurable effect: 30K (1.3 SDs) (required sample size for an effect of 5% of stdev: 6400)
  Text Size:                 0          (95% in [0, 0])               
  Data Size:                 0          (95% in [0, 0])               
  Library Size:          58.24M         (95% in [14.02M, 102.46M])     Measurable effect: 78.18M (1.3 SDs) (required sample size for an effect of 5% of stdev: 6400)

.Scenario 'org.eclipse.swt.test.Draw on an image' (average over 10 samples):
  System Time:            1.19s         (95% in [1.18s, 1.2s])         Measurable effect: 14ms (1.3 SDs)
  Used Java Heap:       789.95K         (95% in [194.28K, 1.35M])      Measurable effect: 1.03M (1.3 SDs) (required sample size for an effect of 5% of stdev: 6400)
  Working Set:               0          (95% in [0, 0])               
  Kernel time:               1ms        (95% in [-1ms, 3ms])           Measurable effect: 4ms (1.3 SDs) (required sample size for an effect of 5% of stdev: 6400)
  CPU Time:                1.2s         (95% in [1.17s, 1.23s])        Measurable effect: 52ms (1.3 SDs)
  Hard Page Faults:          0          (95% in [0, 0])               
  Soft Page Faults:          3          (95% in [-3, 11])              Measurable effect: 13 (1.3 SDs) (required sample size for an effect of 5% of stdev: 6401)
  Text Size:                 0          (95% in [0, 0])               
  Data Size:                 0          (95% in [0, 0])               
  Library Size:              0          (95% in [0, 0])               

.Scenario 'org.eclipse.swt.test.Draw on a window' (average over 10 samples):
  System Time:              11ms        (95% in [9ms, 14ms])           Measurable effect: 4ms (1.3 SDs) (required sample size for an effect of 5% of mean: 673)
  Used Java Heap:       473.99K         (95% in [-71.98K, 1,019.96K])  Measurable effect: 965.37K (1.3 SDs) (required sample size for an effect of 5% of stdev: 6401)
  Working Set:               0          (95% in [0, 0])               
  Kernel time:               0ms        (95% in [0ms, 0ms])           
  CPU Time:                 15ms        (95% in [5ms, 24ms])           Measurable effect: 16ms (1.3 SDs) (required sample size for an effect of 5% of mean: 4583)
  Hard Page Faults:          0          (95% in [0, 0])               
  Soft Page Faults:          0          (95% in [0, 0])                Measurable effect: 0 (1.3 SDs) (required sample size for an effect of 5% of stdev: 6400)
  Text Size:                 0          (95% in [0, 0])               
  Data Size:                 0          (95% in [0, 0])               
  Library Size:              0          (95% in [0, 0])               

.Scenario 'org.eclipse.swt.test.Draw strings using GC.drawText' (average over 10 samples):
  System Time:            2.34s         (95% in [2.33s, 2.35s])        Measurable effect: 18ms (1.3 SDs)
  Used Java Heap:         3.55M         (95% in [3.02M, 4.08M])        Measurable effect: 965.35K (1.3 SDs) (required sample size for an effect of 5% of mean: 283)
  Working Set:            27.2K         (95% in [-14.17K, 68.57K])     Measurable effect: 73.16K (1.3 SDs) (required sample size for an effect of 5% of stdev: 6400)
  Kernel time:               0ms        (95% in [0ms, 0ms])           
  CPU Time:               2.36s         (95% in [2.32s, 2.39s])        Measurable effect: 67ms (1.3 SDs)
  Hard Page Faults:          0          (95% in [0, 0])               
  Soft Page Faults:          6          (95% in [-3, 16])              Measurable effect: 18 (1.3 SDs) (required sample size for an effect of 5% of stdev: 6400)
  Text Size:                 0          (95% in [0, 0])               
  Data Size:                 0          (95% in [0, 0])               
  Library Size:           19.6K         (95% in [-12.1K, 51.3K])       Measurable effect: 56.06K (1.3 SDs) (required sample size for an effect of 5% of stdev: 6401)

.Scenario 'org.eclipse.swt.test.Draw strings using GC.drawString()' (average over 10 samples):
  System Time:              62ms        (95% in [61ms, 63ms])          Measurable effect: 2ms (1.3 SDs)
  Used Java Heap:       315.98K         (95% in [-160.56K, 792.52K])   Measurable effect: 842.61K (1.3 SDs) (required sample size for an effect of 5% of stdev: 6400)
  Working Set:               0          (95% in [0, 0])               
  Kernel time:               0ms        (95% in [0ms, 0ms])           
  CPU Time:                 61ms        (95% in [56ms, 65ms])          Measurable effect: 7ms (1.3 SDs) (required sample size for an effect of 5% of mean: 56)
  Hard Page Faults:          0          (95% in [0, 0])               
  Soft Page Faults:          0          (95% in [0, 0])                Measurable effect: 0 (1.3 SDs) (required sample size for an effect of 5% of stdev: 6400)
  Text Size:                 0          (95% in [0, 0])               
  Data Size:                 0          (95% in [0, 0])               
  Library Size:              0          (95% in [0, 0])               

.Scenario 'org.eclipse.swt.test.Layout Composites' (average over 10 samples):
  System Time:              50ms        (95% in [44ms, 55ms])          Measurable effect: 9ms (1.3 SDs) (required sample size for an effect of 5% of mean: 139)
  Used Java Heap:       947.99K         (95% in [364.32K, 1.5M])       Measurable effect: 1.01M (1.3 SDs) (required sample size for an effect of 5% of mean: 4741)
  Working Set:           387.6K         (95% in [-489.23K, 1.23M])     Measurable effect: 1.51M (1.3 SDs) (required sample size for an effect of 5% of stdev: 6400)
  Kernel time:               0ms        (95% in [0ms, 0ms])           
  CPU Time:                 75ms        (95% in [55ms, 94ms])          Measurable effect: 34ms (1.3 SDs) (required sample size for an effect of 5% of mean: 841)
  Hard Page Faults:          0          (95% in [0, 0])               
  Soft Page Faults:         96          (95% in [-121, 314])           Measurable effect: 385 (1.3 SDs) (required sample size for an effect of 5% of stdev: 6400)
  Text Size:                 0          (95% in [0, 0])               
  Data Size:                 0          (95% in [0, 0])               
  Library Size:          396.8K         (95% in [-500.84K, 1.26M])     Measurable effect: 1.55M (1.3 SDs) (required sample size for an effect of 5% of stdev: 6400)


Time: 421.988

OK (7 tests)

no new datapoints in DB
disconnecting from DB
