.Scenario 'org.eclipse.swt.test.Create composites' (average over 100 samples):
  System Time:             720ms        (95% in [702ms, 737ms])        Measurable effect: 34ms (0.4 SDs)
  Used Java Heap:      -368.77K         (95% in [-2.99M, 2.27M])       Measurable effect: 5.3M (0.4 SDs) (required sample size for an effect of 5% of stdev: 6401)
  Working Set:           17.98M         (95% in [15.89M, 20.08M])      Measurable effect: 4.22M (0.4 SDs) (required sample size for an effect of 5% of mean: 2208)
  Kernel time:               9ms        (95% in [8ms, 11ms])           Measurable effect: 2ms (0.4 SDs) (required sample size for an effect of 5% of mean: 3498)
  CPU Time:                722ms        (95% in [705ms, 739ms])        Measurable effect: 33ms (0.4 SDs)
  Hard Page Faults:          0          (95% in [0, 0])               
  Soft Page Faults:       5.45K         (95% in [4.38K, 6.53K])        Measurable effect: 2.17K (0.4 SDs) (required sample size for an effect of 5% of mean: 6349)
  Text Size:                 0          (95% in [0, 0])               
  Data Size:                 0          (95% in [0, 0])               
  Library Size:          17.76M         (95% in [15.67M, 19.85M])      Measurable effect: 4.21M (0.4 SDs) (required sample size for an effect of 5% of mean: 2254)

.Scenario 'org.eclipse.swt.test.Create composites and widgets' (average over 10 samples):
  System Time:            3.89s         (95% in [3.53s, 4.25s])        Measurable effect: 643ms (1.3 SDs) (required sample size for an effect of 5% of mean: 110)
  Used Java Heap:        -3.22M         (95% in [-20.27M, 13.83M])     Measurable effect: 30.15M (1.3 SDs) (required sample size for an effect of 5% of stdev: 6400)
  Working Set:           58.25M         (95% in [13.72M, 102.78M])     Measurable effect: 78.74M (1.3 SDs) (required sample size for an effect of 5% of stdev: 6400)
  Kernel time:              32ms        (95% in [6ms, 57ms])           Measurable effect: 45ms (1.3 SDs) (required sample size for an effect of 5% of stdev: 6401)
  CPU Time:               4.01s         (95% in [3.56s, 4.45s])        Measurable effect: 783ms (1.3 SDs) (required sample size for an effect of 5% of mean: 153)
  Hard Page Faults:          0          (95% in [0, 0])               
  Soft Page Faults:       19.4K         (95% in [2.4K, 36.4K])         Measurable effect: 30.07K (1.3 SDs) (required sample size for an effect of 5% of stdev: 6400)
  Text Size:                 0          (95% in [0, 0])               
  Data Size:                 0          (95% in [0, 0])               
  Library Size:          57.87M         (95% in [13.39M, 102.34M])     Measurable effect: 78.64M (1.3 SDs) (required sample size for an effect of 5% of stdev: 6400)

.Scenario 'org.eclipse.swt.test.Draw on an image' (average over 10 samples):
  System Time:            1.19s         (95% in [1.18s, 1.2s])         Measurable effect: 17ms (1.3 SDs)
  Used Java Heap:       789.95K         (95% in [194.27K, 1.35M])      Measurable effect: 1.03M (1.3 SDs) (required sample size for an effect of 5% of stdev: 6400)
  Working Set:              26K         (95% in [-32.82K, 84.82K])     Measurable effect: 104K (1.3 SDs) (required sample size for an effect of 5% of stdev: 6401)
  Kernel time:               0ms        (95% in [0ms, 0ms])           
  CPU Time:                1.2s         (95% in [1.17s, 1.23s])        Measurable effect: 51ms (1.3 SDs)
  Hard Page Faults:          0          (95% in [0, 0])               
  Soft Page Faults:          3          (95% in [-4, 11])              Measurable effect: 13 (1.3 SDs) (required sample size for an effect of 5% of stdev: 6400)
  Text Size:                 0          (95% in [0, 0])               
  Data Size:                 0          (95% in [0, 0])               
  Library Size:              0          (95% in [0, 0])               

.Scenario 'org.eclipse.swt.test.Draw on a window' (average over 10 samples):
  System Time:              10ms        (95% in [9ms, 11ms])           Measurable effect: 1ms (1.3 SDs) (required sample size for an effect of 5% of mean: 108)
  Used Java Heap:            0          (95% in [0, 0])               
  Working Set:               0          (95% in [0, 0])               
  Kernel time:               0ms        (95% in [0ms, 0ms])           
  CPU Time:                 13ms        (95% in [5ms, 20ms])           Measurable effect: 13ms (1.3 SDs) (required sample size for an effect of 5% of mean: 4250)
  Hard Page Faults:          0          (95% in [0, 0])               
  Soft Page Faults:          0          (95% in [0, 0])                Measurable effect: 0 (1.3 SDs) (required sample size for an effect of 5% of stdev: 6400)
  Text Size:                 0          (95% in [0, 0])               
  Data Size:                 0          (95% in [0, 0])               
  Library Size:              0          (95% in [0, 0])               

.Scenario 'org.eclipse.swt.test.Draw strings using GC.drawText' (average over 10 samples):
  System Time:            2.32s         (95% in [2.31s, 2.33s])        Measurable effect: 18ms (1.3 SDs)
  Used Java Heap:         3.39M         (95% in [2.93M, 3.86M])        Measurable effect: 842.66K (1.3 SDs) (required sample size for an effect of 5% of mean: 236)
  Working Set:              16K         (95% in [-12.33K, 44.33K])     Measurable effect: 50.09K (1.3 SDs) (required sample size for an effect of 5% of stdev: 6400)
  Kernel time:               2ms        (95% in [-1ms, 5ms])           Measurable effect: 5ms (1.3 SDs) (required sample size for an effect of 5% of stdev: 6400)
  CPU Time:               2.34s         (95% in [2.3s, 2.38s])         Measurable effect: 69ms (1.3 SDs)
  Hard Page Faults:          0          (95% in [0, 0])               
  Soft Page Faults:          6          (95% in [-4, 17])              Measurable effect: 19 (1.3 SDs) (required sample size for an effect of 5% of stdev: 6400)
  Text Size:                 0          (95% in [0, 0])               
  Data Size:                 0          (95% in [0, 0])               
  Library Size:           19.6K         (95% in [-12.1K, 51.3K])       Measurable effect: 56.06K (1.3 SDs) (required sample size for an effect of 5% of stdev: 6401)

.Scenario 'org.eclipse.swt.test.Draw strings using GC.drawString()' (average over 10 samples):
  System Time:              63ms        (95% in [63ms, 64ms])          Measurable effect: 1ms (1.3 SDs)
  Used Java Heap:       315.98K         (95% in [-160.56K, 792.52K])   Measurable effect: 842.61K (1.3 SDs) (required sample size for an effect of 5% of stdev: 6400)
  Working Set:               0          (95% in [0, 0])               
  Kernel time:               0ms        (95% in [0ms, 0ms])           
  CPU Time:                 69ms        (95% in [64ms, 73ms])          Measurable effect: 7ms (1.3 SDs) (required sample size for an effect of 5% of mean: 44)
  Hard Page Faults:          0          (95% in [0, 0])               
  Soft Page Faults:          0          (95% in [0, 0])                Measurable effect: 0 (1.3 SDs) (required sample size for an effect of 5% of stdev: 6400)
  Text Size:                 0          (95% in [0, 0])               
  Data Size:                 0          (95% in [0, 0])               
  Library Size:              0          (95% in [0, 0])               

.Scenario 'org.eclipse.swt.test.Layout Composites' (average over 10 samples):
  System Time:              48ms        (95% in [42ms, 53ms])          Measurable effect: 10ms (1.3 SDs) (required sample size for an effect of 5% of mean: 179)
  Used Java Heap:       789.94K         (95% in [194.27K, 1.35M])      Measurable effect: 1.03M (1.3 SDs) (required sample size for an effect of 5% of stdev: 6401)
  Working Set:             432K         (95% in [-545.27K, 1.38M])     Measurable effect: 1.69M (1.3 SDs) (required sample size for an effect of 5% of stdev: 6400)
  Kernel time:               1ms        (95% in [-1ms, 3ms])           Measurable effect: 4ms (1.3 SDs) (required sample size for an effect of 5% of stdev: 6400)
  CPU Time:                 65ms        (95% in [42ms, 87ms])          Measurable effect: 39ms (1.3 SDs) (required sample size for an effect of 5% of mean: 1456)
  Hard Page Faults:          0          (95% in [0, 0])               
  Soft Page Faults:        105          (95% in [-133, 344])           Measurable effect: 422 (1.3 SDs) (required sample size for an effect of 5% of stdev: 6401)
  Text Size:                 0          (95% in [0, 0])               
  Data Size:                 0          (95% in [0, 0])               
  Library Size:          428.8K         (95% in [-541.23K, 1.37M])     Measurable effect: 1.67M (1.3 SDs) (required sample size for an effect of 5% of stdev: 6401)


Time: 421.087

OK (7 tests)

no new datapoints in DB
disconnecting from DB
