.Scenario 'org.eclipse.swt.test.Create composites' (average over 100 samples):
  System Time:             725ms        (95% in [708ms, 743ms])        Measurable effect: 35ms (0.4 SDs)
  Used Java Heap:      -368.17K         (95% in [-2.99M, 2.27M])       Measurable effect: 5.3M (0.4 SDs) (required sample size for an effect of 5% of stdev: 6401)
  Working Set:           17.99M         (95% in [15.86M, 20.11M])      Measurable effect: 4.29M (0.4 SDs) (required sample size for an effect of 5% of mean: 2274)
  Kernel time:               9ms        (95% in [8ms, 11ms])           Measurable effect: 2ms (0.4 SDs) (required sample size for an effect of 5% of mean: 2176)
  CPU Time:                727ms        (95% in [710ms, 744ms])        Measurable effect: 34ms (0.4 SDs)
  Hard Page Faults:          0          (95% in [0, 0])               
  Soft Page Faults:       5.45K         (95% in [4.37K, 6.54K])        Measurable effect: 2.19K (0.4 SDs) (required sample size for an effect of 5% of stdev: 6401)
  Text Size:                 0          (95% in [0, 0])               
  Data Size:                 0          (95% in [0, 0])               
  Library Size:          17.75M         (95% in [15.63M, 19.88M])      Measurable effect: 4.28M (0.4 SDs) (required sample size for an effect of 5% of mean: 2329)

.Scenario 'org.eclipse.swt.test.Create composites and widgets' (average over 10 samples):
  System Time:            3.92s         (95% in [3.57s, 4.27s])        Measurable effect: 622ms (1.3 SDs) (required sample size for an effect of 5% of mean: 101)
  Used Java Heap:        -3.23M         (95% in [-20.32M, 13.86M])     Measurable effect: 30.21M (1.3 SDs) (required sample size for an effect of 5% of stdev: 6400)
  Working Set:           57.14M         (95% in [12M, 102.27M])        Measurable effect: 79.8M (1.3 SDs) (required sample size for an effect of 5% of stdev: 6401)
  Kernel time:              34ms        (95% in [6ms, 61ms])           Measurable effect: 48ms (1.3 SDs) (required sample size for an effect of 5% of stdev: 6401)
  CPU Time:               4.04s         (95% in [3.61s, 4.47s])        Measurable effect: 761ms (1.3 SDs) (required sample size for an effect of 5% of mean: 142)
  Hard Page Faults:          0          (95% in [0, 0])               
  Soft Page Faults:      19.11K         (95% in [1.95K, 36.28K])       Measurable effect: 30.35K (1.3 SDs) (required sample size for an effect of 5% of stdev: 6400)
  Text Size:                 0          (95% in [0, 0])               
  Data Size:                 0          (95% in [0, 0])               
  Library Size:          56.75M         (95% in [11.67M, 101.83M])     Measurable effect: 79.71M (1.3 SDs) (required sample size for an effect of 5% of stdev: 6400)

.Scenario 'org.eclipse.swt.test.Draw on an image' (average over 10 samples):
  System Time:            1.19s         (95% in [1.18s, 1.2s])         Measurable effect: 17ms (1.3 SDs)
  Used Java Heap:       793.93K         (95% in [195.25K, 1.36M])      Measurable effect: 1.03M (1.3 SDs) (required sample size for an effect of 5% of stdev: 6400)
  Working Set:               0          (95% in [0, 0])               
  Kernel time:               1ms        (95% in [-1ms, 3ms])           Measurable effect: 4ms (1.3 SDs) (required sample size for an effect of 5% of stdev: 6400)
  CPU Time:                1.2s         (95% in [1.17s, 1.23s])        Measurable effect: 55ms (1.3 SDs)
  Hard Page Faults:          0          (95% in [0, 0])               
  Soft Page Faults:          3          (95% in [-3, 11])              Measurable effect: 13 (1.3 SDs) (required sample size for an effect of 5% of stdev: 6400)
  Text Size:                 0          (95% in [0, 0])               
  Data Size:                 0          (95% in [0, 0])               
  Library Size:              0          (95% in [0, 0])               

.Scenario 'org.eclipse.swt.test.Draw on a window' (average over 10 samples):
  System Time:              11ms        (95% in [8ms, 13ms])           Measurable effect: 3ms (1.3 SDs) (required sample size for an effect of 5% of mean: 508)
  Used Java Heap:       476.36K         (95% in [-72.34K, 1M])         Measurable effect: 970.19K (1.3 SDs) (required sample size for an effect of 5% of stdev: 6401)
  Working Set:               0          (95% in [0, 0])               
  Kernel time:               2ms        (95% in [-1ms, 5ms])           Measurable effect: 5ms (1.3 SDs) (required sample size for an effect of 5% of stdev: 6400)
  CPU Time:                 15ms        (95% in [3ms, 26ms])           Measurable effect: 20ms (1.3 SDs) (required sample size for an effect of 5% of stdev: 6400)
  Hard Page Faults:          0          (95% in [0, 0])               
  Soft Page Faults:          0          (95% in [0, 0])               
  Text Size:                 0          (95% in [0, 0])               
  Data Size:                 0          (95% in [0, 0])               
  Library Size:              0          (95% in [0, 0])               

.Scenario 'org.eclipse.swt.test.Draw strings using GC.drawText' (average over 10 samples):
  System Time:            2.34s         (95% in [2.32s, 2.36s])        Measurable effect: 29ms (1.3 SDs)
  Used Java Heap:         3.41M         (95% in [2.94M, 3.88M])        Measurable effect: 846.91K (1.3 SDs) (required sample size for an effect of 5% of mean: 236)
  Working Set:             9.6K         (95% in [-7.68K, 26.88K])      Measurable effect: 30.56K (1.3 SDs) (required sample size for an effect of 5% of stdev: 6400)
  Kernel time:               1ms        (95% in [-1ms, 3ms])           Measurable effect: 4ms (1.3 SDs) (required sample size for an effect of 5% of stdev: 6400)
  CPU Time:               2.35s         (95% in [2.31s, 2.4s])         Measurable effect: 77ms (1.3 SDs)
  Hard Page Faults:          0          (95% in [0, 0])               
  Soft Page Faults:          6          (95% in [-3, 16])              Measurable effect: 17 (1.3 SDs) (required sample size for an effect of 5% of stdev: 6400)
  Text Size:                 0          (95% in [0, 0])               
  Data Size:                 0          (95% in [0, 0])               
  Library Size:           19.6K         (95% in [-11.64K, 50.84K])     Measurable effect: 55.24K (1.3 SDs) (required sample size for an effect of 5% of stdev: 6401)

.Scenario 'org.eclipse.swt.test.Draw strings using GC.drawString()' (average over 10 samples):
  System Time:              62ms        (95% in [61ms, 63ms])          Measurable effect: 1ms (1.3 SDs)
  Used Java Heap:       158.79K         (95% in [-200.42K, 518K])      Measurable effect: 635.15K (1.3 SDs) (required sample size for an effect of 5% of stdev: 6400)
  Working Set:               0          (95% in [0, 0])               
  Kernel time:               0ms        (95% in [0ms, 0ms])           
  CPU Time:                 63ms        (95% in [59ms, 66ms])          Measurable effect: 6ms (1.3 SDs) (required sample size for an effect of 5% of mean: 38)
  Hard Page Faults:          0          (95% in [0, 0])               
  Soft Page Faults:          0          (95% in [0, 0])               
  Text Size:                 0          (95% in [0, 0])               
  Data Size:                 0          (95% in [0, 0])               
  Library Size:              0          (95% in [0, 0])               

.Scenario 'org.eclipse.swt.test.Layout Composites' (average over 10 samples):
  System Time:              51ms        (95% in [46ms, 55ms])          Measurable effect: 8ms (1.3 SDs) (required sample size for an effect of 5% of mean: 107)
  Used Java Heap:       635.14K         (95% in [48.56K, 1.19M])       Measurable effect: 1.01M (1.3 SDs) (required sample size for an effect of 5% of stdev: 6400)
  Working Set:           433.6K         (95% in [-547.29K, 1.38M])     Measurable effect: 1.69M (1.3 SDs) (required sample size for an effect of 5% of stdev: 6401)
  Kernel time:               0ms        (95% in [0ms, 0ms])           
  CPU Time:                 77ms        (95% in [58ms, 95ms])          Measurable effect: 32ms (1.3 SDs) (required sample size for an effect of 5% of mean: 697)
  Hard Page Faults:          0          (95% in [0, 0])               
  Soft Page Faults:        111          (95% in [-137, 360])           Measurable effect: 440 (1.3 SDs) (required sample size for an effect of 5% of stdev: 6401)
  Text Size:                 0          (95% in [0, 0])               
  Data Size:                 0          (95% in [0, 0])               
  Library Size:            448K         (95% in [-565.46K, 1.43M])     Measurable effect: 1.75M (1.3 SDs) (required sample size for an effect of 5% of stdev: 6400)


Time: 423.353

OK (7 tests)

no new datapoints in DB
disconnecting from DB
