.Scenario 'org.eclipse.swt.test.Create composites' (average over 100 samples):
  System Time:             717ms        (95% in [699ms, 734ms])        Measurable effect: 34ms (0.4 SDs)
  Used Java Heap:       -368.3K         (95% in [-2.99M, 2.27M])       Measurable effect: 5.3M (0.4 SDs) (required sample size for an effect of 5% of stdev: 6400)
  Working Set:           17.99M         (95% in [15.89M, 20.09M])      Measurable effect: 4.23M (0.4 SDs) (required sample size for an effect of 5% of mean: 2209)
  Kernel time:               9ms        (95% in [7ms, 10ms])           Measurable effect: 2ms (0.4 SDs) (required sample size for an effect of 5% of mean: 4231)
  CPU Time:                718ms        (95% in [701ms, 735ms])        Measurable effect: 33ms (0.4 SDs)
  Hard Page Faults:          0          (95% in [0, 0])               
  Soft Page Faults:       5.45K         (95% in [4.37K, 6.53K])        Measurable effect: 2.17K (0.4 SDs) (required sample size for an effect of 5% of mean: 6370)
  Text Size:                 0          (95% in [0, 0])               
  Data Size:                 0          (95% in [0, 0])               
  Library Size:          17.76M         (95% in [15.66M, 19.85M])      Measurable effect: 4.22M (0.4 SDs) (required sample size for an effect of 5% of mean: 2262)

.Scenario 'org.eclipse.swt.test.Create composites and widgets' (average over 10 samples):
  System Time:             3.9s         (95% in [3.54s, 4.25s])        Measurable effect: 635ms (1.3 SDs) (required sample size for an effect of 5% of mean: 107)
  Used Java Heap:        -3.23M         (95% in [-20.31M, 13.85M])     Measurable effect: 30.2M (1.3 SDs) (required sample size for an effect of 5% of stdev: 6400)
  Working Set:           57.61M         (95% in [13.11M, 102.11M])     Measurable effect: 78.68M (1.3 SDs) (required sample size for an effect of 5% of stdev: 6400)
  Kernel time:              31ms        (95% in [7ms, 54ms])           Measurable effect: 41ms (1.3 SDs) (required sample size for an effect of 5% of stdev: 6400)
  CPU Time:               4.01s         (95% in [3.59s, 4.42s])        Measurable effect: 738ms (1.3 SDs) (required sample size for an effect of 5% of mean: 136)
  Hard Page Faults:          0          (95% in [0, 0])               
  Soft Page Faults:      19.26K         (95% in [2.25K, 36.27K])       Measurable effect: 30.08K (1.3 SDs) (required sample size for an effect of 5% of stdev: 6401)
  Text Size:                 0          (95% in [0, 0])               
  Data Size:                 0          (95% in [0, 0])               
  Library Size:          57.32M         (95% in [12.91M, 101.72M])     Measurable effect: 78.51M (1.3 SDs) (required sample size for an effect of 5% of stdev: 6401)

.Scenario 'org.eclipse.swt.test.Draw on an image' (average over 10 samples):
  System Time:            1.19s         (95% in [1.17s, 1.2s])         Measurable effect: 28ms (1.3 SDs)
  Used Java Heap:       789.95K         (95% in [194.27K, 1.35M])      Measurable effect: 1.03M (1.3 SDs) (required sample size for an effect of 5% of stdev: 6400)
  Working Set:               0          (95% in [0, 0])               
  Kernel time:               1ms        (95% in [-1ms, 3ms])           Measurable effect: 4ms (1.3 SDs) (required sample size for an effect of 5% of stdev: 6400)
  CPU Time:                1.2s         (95% in [1.16s, 1.23s])        Measurable effect: 57ms (1.3 SDs)
  Hard Page Faults:          0          (95% in [0, 0])               
  Soft Page Faults:          3          (95% in [-4, 11])              Measurable effect: 13 (1.3 SDs) (required sample size for an effect of 5% of stdev: 6400)
  Text Size:                 0          (95% in [0, 0])               
  Data Size:                 0          (95% in [0, 0])               
  Library Size:              0          (95% in [0, 0])               

.Scenario 'org.eclipse.swt.test.Draw on a window' (average over 10 samples):
  System Time:              11ms        (95% in [8ms, 13ms])           Measurable effect: 4ms (1.3 SDs) (required sample size for an effect of 5% of mean: 641)
  Used Java Heap:       473.97K         (95% in [-71.98K, 1,019.92K])  Measurable effect: 965.34K (1.3 SDs) (required sample size for an effect of 5% of stdev: 6400)
  Working Set:               0          (95% in [0, 0])               
  Kernel time:               0ms        (95% in [0ms, 0ms])           
  CPU Time:                 15ms        (95% in [3ms, 26ms])           Measurable effect: 20ms (1.3 SDs) (required sample size for an effect of 5% of stdev: 6400)
  Hard Page Faults:          0          (95% in [0, 0])               
  Soft Page Faults:          0          (95% in [0, 0])                Measurable effect: 0 (1.3 SDs) (required sample size for an effect of 5% of stdev: 6400)
  Text Size:                 0          (95% in [0, 0])               
  Data Size:                 0          (95% in [0, 0])               
  Library Size:              0          (95% in [0, 0])               

.Scenario 'org.eclipse.swt.test.Draw strings using GC.drawText' (average over 10 samples):
  System Time:            2.34s         (95% in [2.33s, 2.36s])        Measurable effect: 25ms (1.3 SDs)
  Used Java Heap:         3.39M         (95% in [2.93M, 3.86M])        Measurable effect: 842.66K (1.3 SDs) (required sample size for an effect of 5% of mean: 236)
  Working Set:            29.2K         (95% in [-22.09K, 80.5K])      Measurable effect: 90.7K (1.3 SDs) (required sample size for an effect of 5% of stdev: 6401)
  Kernel time:               1ms        (95% in [-1ms, 3ms])           Measurable effect: 4ms (1.3 SDs) (required sample size for an effect of 5% of stdev: 6400)
  CPU Time:               2.36s         (95% in [2.32s, 2.4s])         Measurable effect: 69ms (1.3 SDs)
  Hard Page Faults:          0          (95% in [0, 0])               
  Soft Page Faults:          6          (95% in [-3, 16])              Measurable effect: 17 (1.3 SDs) (required sample size for an effect of 5% of stdev: 6400)
  Text Size:                 0          (95% in [0, 0])               
  Data Size:                 0          (95% in [0, 0])               
  Library Size:           19.6K         (95% in [-12.1K, 51.3K])       Measurable effect: 56.06K (1.3 SDs) (required sample size for an effect of 5% of stdev: 6401)

.Scenario 'org.eclipse.swt.test.Draw strings using GC.drawString()' (average over 10 samples):
  System Time:              63ms        (95% in [61ms, 65ms])          Measurable effect: 3ms (1.3 SDs) (required sample size for an effect of 5% of mean: 11)
  Used Java Heap:       315.98K         (95% in [-160.56K, 792.51K])   Measurable effect: 842.6K (1.3 SDs) (required sample size for an effect of 5% of stdev: 6401)
  Working Set:               0          (95% in [0, 0])               
  Kernel time:               0ms        (95% in [0ms, 0ms])           
  CPU Time:                 65ms        (95% in [59ms, 70ms])          Measurable effect: 8ms (1.3 SDs) (required sample size for an effect of 5% of mean: 76)
  Hard Page Faults:          0          (95% in [0, 0])               
  Soft Page Faults:          0          (95% in [0, 0])                Measurable effect: 0 (1.3 SDs) (required sample size for an effect of 5% of stdev: 6400)
  Text Size:                 0          (95% in [0, 0])               
  Data Size:                 0          (95% in [0, 0])               
  Library Size:              0          (95% in [0, 0])               

.Scenario 'org.eclipse.swt.test.Layout Composites' (average over 10 samples):
  System Time:              53ms        (95% in [46ms, 60ms])          Measurable effect: 12ms (1.3 SDs) (required sample size for an effect of 5% of mean: 218)
  Used Java Heap:       631.98K         (95% in [48.32K, 1.19M])       Measurable effect: 1.01M (1.3 SDs) (required sample size for an effect of 5% of stdev: 6400)
  Working Set:             408K         (95% in [-514.98K, 1.3M])      Measurable effect: 1.59M (1.3 SDs) (required sample size for an effect of 5% of stdev: 6401)
  Kernel time:               0ms        (95% in [0ms, 0ms])           
  CPU Time:                 87ms        (95% in [56ms, 117ms])         Measurable effect: 54ms (1.3 SDs) (required sample size for an effect of 5% of mean: 1561)
  Hard Page Faults:          0          (95% in [0, 0])               
  Soft Page Faults:        105          (95% in [-132, 344])           Measurable effect: 421 (1.3 SDs) (required sample size for an effect of 5% of stdev: 6401)
  Text Size:                 0          (95% in [0, 0])               
  Data Size:                 0          (95% in [0, 0])               
  Library Size:          425.6K         (95% in [-537.19K, 1.36M])     Measurable effect: 1.66M (1.3 SDs) (required sample size for an effect of 5% of stdev: 6400)


Time: 421.832

OK (7 tests)

no new datapoints in DB
disconnecting from DB
