.Scenario 'org.eclipse.swt.test.Create composites' (average over 100 samples):
  System Time:             723ms        (95% in [706ms, 741ms])        Measurable effect: 34ms (0.4 SDs)
  Used Java Heap:      -353.43K         (95% in [-2.97M, 2.28M])       Measurable effect: 5.3M (0.4 SDs) (required sample size for an effect of 5% of stdev: 6401)
  Working Set:           17.95M         (95% in [15.81M, 20.1M])       Measurable effect: 4.32M (0.4 SDs) (required sample size for an effect of 5% of mean: 2314)
  Kernel time:               9ms        (95% in [8ms, 11ms])           Measurable effect: 2ms (0.4 SDs) (required sample size for an effect of 5% of mean: 2960)
  CPU Time:                725ms        (95% in [708ms, 742ms])        Measurable effect: 33ms (0.4 SDs)
  Hard Page Faults:          0          (95% in [0, 0])               
  Soft Page Faults:       5.44K         (95% in [4.36K, 6.53K])        Measurable effect: 2.19K (0.4 SDs) (required sample size for an effect of 5% of stdev: 6400)
  Text Size:                 0          (95% in [0, 0])               
  Data Size:                 0          (95% in [0, 0])               
  Library Size:          17.73M         (95% in [15.59M, 19.87M])      Measurable effect: 4.31M (0.4 SDs) (required sample size for an effect of 5% of mean: 2368)

.Scenario 'org.eclipse.swt.test.Create composites and widgets' (average over 10 samples):
  System Time:            4.07s         (95% in [3.7s, 4.43s])         Measurable effect: 652ms (1.3 SDs) (required sample size for an effect of 5% of mean: 103)
  Used Java Heap:        -3.38M         (95% in [-20.45M, 13.68M])     Measurable effect: 30.17M (1.3 SDs) (required sample size for an effect of 5% of stdev: 6400)
  Working Set:           59.77M         (95% in [11.59M, 107.95M])     Measurable effect: 85.19M (1.3 SDs) (required sample size for an effect of 5% of stdev: 6400)
  Kernel time:              40ms        (95% in [13ms, 66ms])          Measurable effect: 46ms (1.3 SDs) (required sample size for an effect of 5% of mean: 5423)
  CPU Time:               4.22s         (95% in [3.71s, 4.74s])        Measurable effect: 909ms (1.3 SDs) (required sample size for an effect of 5% of mean: 186)
  Hard Page Faults:          0          (95% in [0, 0])               
  Soft Page Faults:       19.8K         (95% in [2.23K, 37.38K])       Measurable effect: 31.08K (1.3 SDs) (required sample size for an effect of 5% of stdev: 6400)
  Text Size:                 0          (95% in [0, 0])               
  Data Size:                 0          (95% in [0, 0])               
  Library Size:          57.78M         (95% in [11.07M, 104.49M])     Measurable effect: 82.6M (1.3 SDs) (required sample size for an effect of 5% of stdev: 6400)

.Scenario 'org.eclipse.swt.test.Draw on an image' (average over 10 samples):
  System Time:            1.19s         (95% in [1.18s, 1.2s])         Measurable effect: 15ms (1.3 SDs)
  Used Java Heap:       632.02K         (95% in [48.32K, 1.19M])       Measurable effect: 1.01M (1.3 SDs) (required sample size for an effect of 5% of stdev: 6401)
  Working Set:            20.4K         (95% in [-25.75K, 66.55K])     Measurable effect: 81.6K (1.3 SDs) (required sample size for an effect of 5% of stdev: 6400)
  Kernel time:               0ms        (95% in [0ms, 0ms])           
  CPU Time:                1.2s         (95% in [1.16s, 1.24s])        Measurable effect: 71ms (1.3 SDs) (required sample size for an effect of 5% of mean: 14)
  Hard Page Faults:          0          (95% in [0, 0])               
  Soft Page Faults:          4          (95% in [-3, 11])              Measurable effect: 13 (1.3 SDs) (required sample size for an effect of 5% of stdev: 6401)
  Text Size:                 0          (95% in [0, 0])               
  Data Size:                 0          (95% in [0, 0])               
  Library Size:           25.6K         (95% in [-32.31K, 83.51K])     Measurable effect: 102.4K (1.3 SDs) (required sample size for an effect of 5% of stdev: 6400)

.Scenario 'org.eclipse.swt.test.Draw on a window' (average over 10 samples):
  System Time:             749ms        (95% in [747ms, 751ms])        Measurable effect: 2ms (1.3 SDs)
  Used Java Heap:            0          (95% in [0, 0])               
  Working Set:               0          (95% in [0, 0])               
  Kernel time:               0ms        (95% in [0ms, 0ms])           
  CPU Time:                750ms        (95% in [750ms, 750ms])       
  Hard Page Faults:          0          (95% in [0, 0])               
  Soft Page Faults:          0          (95% in [0, 1])                Measurable effect: 1 (1.3 SDs) (required sample size for an effect of 5% of stdev: 6401)
  Text Size:                 0          (95% in [0, 0])               
  Data Size:                 0          (95% in [0, 0])               
  Library Size:              0          (95% in [0, 0])               

.Scenario 'org.eclipse.swt.test.Draw strings using GC.drawText' (average over 10 samples):
  System Time:            2.74s         (95% in [2.73s, 2.75s])        Measurable effect: 19ms (1.3 SDs)
  Used Java Heap:         3.55M         (95% in [3.02M, 4.08M])        Measurable effect: 965.38K (1.3 SDs) (required sample size for an effect of 5% of mean: 283)
  Working Set:            18.4K         (95% in [-19.37K, 56.17K])     Measurable effect: 66.79K (1.3 SDs) (required sample size for an effect of 5% of stdev: 6400)
  Kernel time:               1ms        (95% in [-1ms, 3ms])           Measurable effect: 4ms (1.3 SDs) (required sample size for an effect of 5% of stdev: 6400)
  CPU Time:               2.76s         (95% in [2.72s, 2.79s])        Measurable effect: 68ms (1.3 SDs)
  Hard Page Faults:          0          (95% in [0, 0])               
  Soft Page Faults:          6          (95% in [-4, 18])              Measurable effect: 20 (1.3 SDs) (required sample size for an effect of 5% of stdev: 6400)
  Text Size:                 0          (95% in [0, 0])               
  Data Size:                 0          (95% in [0, 0])               
  Library Size:           19.6K         (95% in [-11.64K, 50.84K])     Measurable effect: 55.24K (1.3 SDs) (required sample size for an effect of 5% of stdev: 6401)

.Scenario 'org.eclipse.swt.test.Draw strings using GC.drawString()' (average over 10 samples):
  System Time:             128ms        (95% in [126ms, 130ms])        Measurable effect: 3ms (1.3 SDs)
  Used Java Heap:            0          (95% in [0, 0])               
  Working Set:             2.8K         (95% in [-3.53K, 9.13K])       Measurable effect: 11.2K (1.3 SDs) (required sample size for an effect of 5% of stdev: 6400)
  Kernel time:               0ms        (95% in [0ms, 0ms])           
  CPU Time:                129ms        (95% in [124ms, 133ms])        Measurable effect: 7ms (1.3 SDs) (required sample size for an effect of 5% of mean: 13)
  Hard Page Faults:          0          (95% in [0, 0])               
  Soft Page Faults:          0          (95% in [0, 2])                Measurable effect: 2 (1.3 SDs) (required sample size for an effect of 5% of stdev: 6400)
  Text Size:                 0          (95% in [0, 0])               
  Data Size:                 0          (95% in [0, 0])               
  Library Size:            6.4K         (95% in [-8.08K, 20.88K])      Measurable effect: 25.6K (1.3 SDs) (required sample size for an effect of 5% of stdev: 6400)

.Scenario 'org.eclipse.swt.test.Layout Composites' (average over 10 samples):
  System Time:              52ms        (95% in [45ms, 59ms])          Measurable effect: 11ms (1.3 SDs) (required sample size for an effect of 5% of mean: 201)
  Used Java Heap:       316.01K         (95% in [-160.58K, 792.6K])    Measurable effect: 842.7K (1.3 SDs) (required sample size for an effect of 5% of stdev: 6400)
  Working Set:           408.4K         (95% in [-515.48K, 1.3M])      Measurable effect: 1.6M (1.3 SDs) (required sample size for an effect of 5% of stdev: 6401)
  Kernel time:               0ms        (95% in [0ms, 0ms])           
  CPU Time:                 73ms        (95% in [54ms, 91ms])          Measurable effect: 32ms (1.3 SDs) (required sample size for an effect of 5% of mean: 776)
  Hard Page Faults:          0          (95% in [0, 0])               
  Soft Page Faults:        103          (95% in [-130, 337])           Measurable effect: 413 (1.3 SDs) (required sample size for an effect of 5% of stdev: 6401)
  Text Size:                 0          (95% in [0, 0])               
  Data Size:                 0          (95% in [0, 0])               
  Library Size:          425.6K         (95% in [-537.19K, 1.36M])     Measurable effect: 1.66M (1.3 SDs) (required sample size for an effect of 5% of stdev: 6400)


Time: 442.739

OK (7 tests)

no new datapoints in DB
disconnecting from DB
