.Scenario 'org.eclipse.swt.test.Create composites' (average over 100 samples):
  System Time:             725ms        (95% in [708ms, 742ms])        Measurable effect: 35ms (0.4 SDs)
  Used Java Heap:      -365.91K         (95% in [-2.98M, 2.27M])       Measurable effect: 5.29M (0.4 SDs) (required sample size for an effect of 5% of stdev: 6400)
  Working Set:           17.98M         (95% in [15.85M, 20.1M])       Measurable effect: 4.29M (0.4 SDs) (required sample size for an effect of 5% of mean: 2275)
  Kernel time:              10ms        (95% in [8ms, 11ms])           Measurable effect: 2ms (0.4 SDs) (required sample size for an effect of 5% of mean: 3233)
  CPU Time:                727ms        (95% in [710ms, 743ms])        Measurable effect: 33ms (0.4 SDs)
  Hard Page Faults:          0          (95% in [0, 0])               
  Soft Page Faults:       5.45K         (95% in [4.37K, 6.54K])        Measurable effect: 2.19K (0.4 SDs) (required sample size for an effect of 5% of stdev: 6401)
  Text Size:                 0          (95% in [0, 0])               
  Data Size:                 0          (95% in [0, 0])               
  Library Size:          17.76M         (95% in [15.64M, 19.89M])      Measurable effect: 4.28M (0.4 SDs) (required sample size for an effect of 5% of mean: 2328)

.Scenario 'org.eclipse.swt.test.Create composites and widgets' (average over 10 samples):
  System Time:            3.94s         (95% in [3.56s, 4.31s])        Measurable effect: 661ms (1.3 SDs) (required sample size for an effect of 5% of mean: 113)
  Used Java Heap:        -3.22M         (95% in [-20.28M, 13.84M])     Measurable effect: 30.17M (1.3 SDs) (required sample size for an effect of 5% of stdev: 6400)
  Working Set:           57.52M         (95% in [11.78M, 103.26M])     Measurable effect: 80.88M (1.3 SDs) (required sample size for an effect of 5% of stdev: 6401)
  Kernel time:              31ms        (95% in [8ms, 53ms])           Measurable effect: 39ms (1.3 SDs) (required sample size for an effect of 5% of stdev: 6400)
  CPU Time:               4.05s         (95% in [3.62s, 4.49s])        Measurable effect: 770ms (1.3 SDs) (required sample size for an effect of 5% of mean: 145)
  Hard Page Faults:          0          (95% in [0, 0])               
  Soft Page Faults:      19.22K         (95% in [1.98K, 36.46K])       Measurable effect: 30.48K (1.3 SDs) (required sample size for an effect of 5% of stdev: 6401)
  Text Size:                 0          (95% in [0, 0])               
  Data Size:                 0          (95% in [0, 0])               
  Library Size:          57.21M         (95% in [11.38M, 103.03M])     Measurable effect: 81.03M (1.3 SDs) (required sample size for an effect of 5% of stdev: 6400)

.Scenario 'org.eclipse.swt.test.Draw on an image' (average over 10 samples):
  System Time:            1.19s         (95% in [1.18s, 1.2s])         Measurable effect: 13ms (1.3 SDs)
  Used Java Heap:       793.68K         (95% in [195.19K, 1.36M])      Measurable effect: 1.03M (1.3 SDs) (required sample size for an effect of 5% of stdev: 6400)
  Working Set:            26.4K         (95% in [-33.32K, 86.12K])     Measurable effect: 105.6K (1.3 SDs) (required sample size for an effect of 5% of stdev: 6400)
  Kernel time:               0ms        (95% in [0ms, 0ms])           
  CPU Time:                1.2s         (95% in [1.17s, 1.22s])        Measurable effect: 47ms (1.3 SDs)
  Hard Page Faults:          0          (95% in [0, 0])               
  Soft Page Faults:          3          (95% in [-3, 11])              Measurable effect: 13 (1.3 SDs) (required sample size for an effect of 5% of stdev: 6400)
  Text Size:                 0          (95% in [0, 0])               
  Data Size:                 0          (95% in [0, 0])               
  Library Size:              0          (95% in [0, 0])               

.Scenario 'org.eclipse.swt.test.Draw on a window' (average over 10 samples):
  System Time:              11ms        (95% in [8ms, 13ms])           Measurable effect: 4ms (1.3 SDs) (required sample size for an effect of 5% of mean: 572)
  Used Java Heap:       476.21K         (95% in [-72.31K, 1M])         Measurable effect: 969.9K (1.3 SDs) (required sample size for an effect of 5% of stdev: 6401)
  Working Set:               0          (95% in [0, 0])               
  Kernel time:               1ms        (95% in [-1ms, 3ms])           Measurable effect: 4ms (1.3 SDs) (required sample size for an effect of 5% of stdev: 6400)
  CPU Time:                 17ms        (95% in [3ms, 30ms])           Measurable effect: 23ms (1.3 SDs) (required sample size for an effect of 5% of stdev: 6401)
  Hard Page Faults:          0          (95% in [0, 0])               
  Soft Page Faults:          0          (95% in [0, 0])                Measurable effect: 0 (1.3 SDs) (required sample size for an effect of 5% of stdev: 6400)
  Text Size:                 0          (95% in [0, 0])               
  Data Size:                 0          (95% in [0, 0])               
  Library Size:              0          (95% in [0, 0])               

.Scenario 'org.eclipse.swt.test.Draw strings using GC.drawText' (average over 10 samples):
  System Time:            2.33s         (95% in [2.32s, 2.34s])        Measurable effect: 16ms (1.3 SDs)
  Used Java Heap:         3.57M         (95% in [3.03M, 4.1M])         Measurable effect: 969.93K (1.3 SDs) (required sample size for an effect of 5% of mean: 283)
  Working Set:            19.6K         (95% in [-11.23K, 50.43K])     Measurable effect: 54.52K (1.3 SDs) (required sample size for an effect of 5% of stdev: 6400)
  Kernel time:               0ms        (95% in [0ms, 0ms])           
  CPU Time:               2.35s         (95% in [2.31s, 2.38s])        Measurable effect: 67ms (1.3 SDs)
  Hard Page Faults:          0          (95% in [0, 0])               
  Soft Page Faults:          6          (95% in [-3, 15])              Measurable effect: 17 (1.3 SDs) (required sample size for an effect of 5% of stdev: 6400)
  Text Size:                 0          (95% in [0, 0])               
  Data Size:                 0          (95% in [0, 0])               
  Library Size:           12.8K         (95% in [-6.5K, 32.1K])        Measurable effect: 34.13K (1.3 SDs) (required sample size for an effect of 5% of stdev: 6400)

.Scenario 'org.eclipse.swt.test.Draw strings using GC.drawString()' (average over 10 samples):
  System Time:              65ms        (95% in [64ms, 66ms])          Measurable effect: 2ms (1.3 SDs)
  Used Java Heap:       317.47K         (95% in [-161.32K, 796.25K])   Measurable effect: 846.58K (1.3 SDs) (required sample size for an effect of 5% of stdev: 6400)
  Working Set:               0          (95% in [0, 0])               
  Kernel time:               0ms        (95% in [0ms, 0ms])           
  CPU Time:                 67ms        (95% in [62ms, 71ms])          Measurable effect: 8ms (1.3 SDs) (required sample size for an effect of 5% of mean: 65)
  Hard Page Faults:          0          (95% in [0, 0])               
  Soft Page Faults:          0          (95% in [0, 0])                Measurable effect: 0 (1.3 SDs) (required sample size for an effect of 5% of stdev: 6400)
  Text Size:                 0          (95% in [0, 0])               
  Data Size:                 0          (95% in [0, 0])               
  Library Size:              0          (95% in [0, 0])               

.Scenario 'org.eclipse.swt.test.Layout Composites' (average over 10 samples):
  System Time:              53ms        (95% in [47ms, 59ms])          Measurable effect: 9ms (1.3 SDs) (required sample size for an effect of 5% of mean: 139)
  Used Java Heap:       793.67K         (95% in [195.19K, 1.36M])      Measurable effect: 1.03M (1.3 SDs) (required sample size for an effect of 5% of stdev: 6400)
  Working Set:           396.8K         (95% in [-490.83K, 1.25M])     Measurable effect: 1.53M (1.3 SDs) (required sample size for an effect of 5% of stdev: 6400)
  Kernel time:               0ms        (95% in [0ms, 0ms])           
  CPU Time:                 77ms        (95% in [59ms, 94ms])          Measurable effect: 31ms (1.3 SDs) (required sample size for an effect of 5% of mean: 649)
  Hard Page Faults:          0          (95% in [0, 0])               
  Soft Page Faults:         98          (95% in [-123, 320])           Measurable effect: 391 (1.3 SDs) (required sample size for an effect of 5% of stdev: 6400)
  Text Size:                 0          (95% in [0, 0])               
  Data Size:                 0          (95% in [0, 0])               
  Library Size:          406.8K         (95% in [-496.5K, 1.28M])      Measurable effect: 1.56M (1.3 SDs) (required sample size for an effect of 5% of stdev: 6400)


Time: 424.2

OK (7 tests)

no new datapoints in DB
disconnecting from DB
