.Scenario 'org.eclipse.swt.test.Create composites' (average over 100 samples):
  System Time:             729ms        (95% in [711ms, 747ms])        Measurable effect: 35ms (0.4 SDs)
  Used Java Heap:       -368.3K         (95% in [-2.99M, 2.27M])       Measurable effect: 5.3M (0.4 SDs) (required sample size for an effect of 5% of stdev: 6400)
  Working Set:           17.94M         (95% in [15.81M, 20.08M])      Measurable effect: 4.31M (0.4 SDs) (required sample size for an effect of 5% of mean: 2304)
  Kernel time:               9ms        (95% in [7ms, 10ms])           Measurable effect: 3ms (0.4 SDs) (required sample size for an effect of 5% of mean: 4364)
  CPU Time:                732ms        (95% in [715ms, 749ms])        Measurable effect: 33ms (0.4 SDs)
  Hard Page Faults:          0          (95% in [0, 0])               
  Soft Page Faults:       5.42K         (95% in [4.34K, 6.5K])         Measurable effect: 2.18K (0.4 SDs) (required sample size for an effect of 5% of stdev: 6400)
  Text Size:                 0          (95% in [0, 0])               
  Data Size:                 0          (95% in [0, 0])               
  Library Size:          17.72M         (95% in [15.59M, 19.85M])      Measurable effect: 4.3M (0.4 SDs) (required sample size for an effect of 5% of mean: 2359)

.Scenario 'org.eclipse.swt.test.Create composites and widgets' (average over 10 samples):
  System Time:            3.96s         (95% in [3.6s, 4.32s])         Measurable effect: 639ms (1.3 SDs) (required sample size for an effect of 5% of mean: 105)
  Used Java Heap:        -3.24M         (95% in [-20.32M, 13.85M])     Measurable effect: 30.22M (1.3 SDs) (required sample size for an effect of 5% of stdev: 6401)
  Working Set:           59.15M         (95% in [12.16M, 106.14M])     Measurable effect: 83.09M (1.3 SDs) (required sample size for an effect of 5% of stdev: 6400)
  Kernel time:              33ms        (95% in [6ms, 59ms])           Measurable effect: 46ms (1.3 SDs) (required sample size for an effect of 5% of stdev: 6401)
  CPU Time:               4.06s         (95% in [3.64s, 4.47s])        Measurable effect: 727ms (1.3 SDs) (required sample size for an effect of 5% of mean: 129)
  Hard Page Faults:          0          (95% in [0, 0])               
  Soft Page Faults:      19.62K         (95% in [2.21K, 37.04K])       Measurable effect: 30.79K (1.3 SDs) (required sample size for an effect of 5% of stdev: 6400)
  Text Size:                 0          (95% in [0, 0])               
  Data Size:                 0          (95% in [0, 0])               
  Library Size:             57M         (95% in [13.14M, 100.86M])     Measurable effect: 77.55M (1.3 SDs) (required sample size for an effect of 5% of stdev: 6400)

.Scenario 'org.eclipse.swt.test.Draw on an image' (average over 10 samples):
  System Time:            1.19s         (95% in [1.18s, 1.2s])         Measurable effect: 15ms (1.3 SDs)
  Used Java Heap:       789.97K         (95% in [194.28K, 1.35M])      Measurable effect: 1.03M (1.3 SDs) (required sample size for an effect of 5% of stdev: 6401)
  Working Set:            28.8K         (95% in [-36.35K, 93.95K])     Measurable effect: 115.2K (1.3 SDs) (required sample size for an effect of 5% of stdev: 6401)
  Kernel time:               0ms        (95% in [0ms, 0ms])           
  CPU Time:                1.2s         (95% in [1.17s, 1.24s])        Measurable effect: 66ms (1.3 SDs) (required sample size for an effect of 5% of mean: 13)
  Hard Page Faults:          0          (95% in [0, 0])               
  Soft Page Faults:          4          (95% in [-5, 14])              Measurable effect: 17 (1.3 SDs) (required sample size for an effect of 5% of stdev: 6400)
  Text Size:                 0          (95% in [0, 0])               
  Data Size:                 0          (95% in [0, 0])               
  Library Size:            4.4K         (95% in [-5.55K, 14.35K])      Measurable effect: 17.6K (1.3 SDs) (required sample size for an effect of 5% of stdev: 6401)

.Scenario 'org.eclipse.swt.test.Draw on a window' (average over 10 samples):
  System Time:              10ms        (95% in [10ms, 11ms])          Measurable effect: 1ms (1.3 SDs) (required sample size for an effect of 5% of mean: 78)
  Used Java Heap:       473.96K         (95% in [-71.97K, 1,019.9K])   Measurable effect: 965.32K (1.3 SDs) (required sample size for an effect of 5% of stdev: 6400)
  Working Set:               0          (95% in [0, 0])               
  Kernel time:               0ms        (95% in [0ms, 0ms])           
  CPU Time:                 13ms        (95% in [6ms, 19ms])           Measurable effect: 12ms (1.3 SDs) (required sample size for an effect of 5% of mean: 3409)
  Hard Page Faults:          0          (95% in [0, 0])               
  Soft Page Faults:          0          (95% in [0, 0])               
  Text Size:                 0          (95% in [0, 0])               
  Data Size:                 0          (95% in [0, 0])               
  Library Size:              0          (95% in [0, 0])               

.Scenario 'org.eclipse.swt.test.Draw strings using GC.drawText' (average over 10 samples):
  System Time:            2.34s         (95% in [2.33s, 2.35s])        Measurable effect: 22ms (1.3 SDs)
  Used Java Heap:         3.39M         (95% in [2.93M, 3.86M])        Measurable effect: 842.67K (1.3 SDs) (required sample size for an effect of 5% of mean: 236)
  Working Set:            18.4K         (95% in [-20.3K, 57.1K])       Measurable effect: 68.43K (1.3 SDs) (required sample size for an effect of 5% of stdev: 6400)
  Kernel time:               2ms        (95% in [-1ms, 5ms])           Measurable effect: 5ms (1.3 SDs) (required sample size for an effect of 5% of stdev: 6400)
  CPU Time:               2.36s         (95% in [2.32s, 2.4s])         Measurable effect: 75ms (1.3 SDs)
  Hard Page Faults:          0          (95% in [0, 0])               
  Soft Page Faults:          7          (95% in [-5, 19])              Measurable effect: 21 (1.3 SDs) (required sample size for an effect of 5% of stdev: 6400)
  Text Size:                 0          (95% in [0, 0])               
  Data Size:                 0          (95% in [0, 0])               
  Library Size:           19.6K         (95% in [-12.1K, 51.3K])       Measurable effect: 56.06K (1.3 SDs) (required sample size for an effect of 5% of stdev: 6401)

.Scenario 'org.eclipse.swt.test.Draw strings using GC.drawString()' (average over 10 samples):
  System Time:              67ms        (95% in [63ms, 71ms])          Measurable effect: 7ms (1.3 SDs) (required sample size for an effect of 5% of mean: 50)
  Used Java Heap:       315.97K         (95% in [-160.56K, 792.51K])   Measurable effect: 842.6K (1.3 SDs) (required sample size for an effect of 5% of stdev: 6400)
  Working Set:               0          (95% in [0, 0])               
  Kernel time:               0ms        (95% in [0ms, 0ms])           
  CPU Time:                 67ms        (95% in [60ms, 73ms])          Measurable effect: 12ms (1.3 SDs) (required sample size for an effect of 5% of mean: 129)
  Hard Page Faults:          0          (95% in [0, 0])               
  Soft Page Faults:          0          (95% in [0, 0])                Measurable effect: 0 (1.3 SDs) (required sample size for an effect of 5% of stdev: 6401)
  Text Size:                 0          (95% in [0, 0])               
  Data Size:                 0          (95% in [0, 0])               
  Library Size:              0          (95% in [0, 0])               

.Scenario 'org.eclipse.swt.test.Layout Composites' (average over 10 samples):
  System Time:              55ms        (95% in [48ms, 62ms])          Measurable effect: 12ms (1.3 SDs) (required sample size for an effect of 5% of mean: 186)
  Used Java Heap:       473.96K         (95% in [-71.97K, 1,019.9K])   Measurable effect: 965.32K (1.3 SDs) (required sample size for an effect of 5% of stdev: 6401)
  Working Set:           382.8K         (95% in [-483.17K, 1.22M])     Measurable effect: 1.5M (1.3 SDs) (required sample size for an effect of 5% of stdev: 6400)
  Kernel time:               0ms        (95% in [0ms, 0ms])           
  CPU Time:                 89ms        (95% in [61ms, 116ms])         Measurable effect: 49ms (1.3 SDs) (required sample size for an effect of 5% of mean: 1230)
  Hard Page Faults:          0          (95% in [0, 0])               
  Soft Page Faults:         99          (95% in [-123, 322])           Measurable effect: 394 (1.3 SDs) (required sample size for an effect of 5% of stdev: 6401)
  Text Size:                 0          (95% in [0, 0])               
  Data Size:                 0          (95% in [0, 0])               
  Library Size:          403.6K         (95% in [-509.42K, 1.29M])     Measurable effect: 1.58M (1.3 SDs) (required sample size for an effect of 5% of stdev: 6400)


Time: 427.44

OK (7 tests)

no new datapoints in DB
disconnecting from DB
