.Scenario 'org.eclipse.swt.test.Create composites' (average over 100 samples):
  System Time:             735ms        (95% in [718ms, 752ms])        Measurable effect: 34ms (0.4 SDs)
  Used Java Heap:      -365.83K         (95% in [-2.98M, 2.27M])       Measurable effect: 5.29M (0.4 SDs) (required sample size for an effect of 5% of stdev: 6401)
  Working Set:           17.79M         (95% in [15.62M, 19.95M])      Measurable effect: 4.36M (0.4 SDs) (required sample size for an effect of 5% of mean: 2407)
  Kernel time:               9ms        (95% in [8ms, 10ms])           Measurable effect: 2ms (0.4 SDs) (required sample size for an effect of 5% of mean: 3779)
  CPU Time:                737ms        (95% in [721ms, 754ms])        Measurable effect: 33ms (0.4 SDs)
  Hard Page Faults:          0          (95% in [0, 0])               
  Soft Page Faults:        5.4K         (95% in [4.31K, 6.49K])        Measurable effect: 2.2K (0.4 SDs) (required sample size for an effect of 5% of stdev: 6400)
  Text Size:                 0          (95% in [0, 0])               
  Data Size:                 0          (95% in [0, 0])               
  Library Size:          17.56M         (95% in [15.4M, 19.72M])       Measurable effect: 4.36M (0.4 SDs) (required sample size for an effect of 5% of mean: 2466)

.Scenario 'org.eclipse.swt.test.Create composites and widgets' (average over 10 samples):
  System Time:            4.02s         (95% in [3.66s, 4.39s])        Measurable effect: 645ms (1.3 SDs) (required sample size for an effect of 5% of mean: 103)
  Used Java Heap:        -3.24M         (95% in [-20.33M, 13.86M])     Measurable effect: 30.23M (1.3 SDs) (required sample size for an effect of 5% of stdev: 6400)
  Working Set:           59.07M         (95% in [12.95M, 105.18M])     Measurable effect: 81.55M (1.3 SDs) (required sample size for an effect of 5% of stdev: 6400)
  Kernel time:              30ms        (95% in [4ms, 55ms])           Measurable effect: 45ms (1.3 SDs) (required sample size for an effect of 5% of stdev: 6401)
  CPU Time:               4.12s         (95% in [3.71s, 4.53s])        Measurable effect: 726ms (1.3 SDs) (required sample size for an effect of 5% of mean: 125)
  Hard Page Faults:          0          (95% in [0, 0])               
  Soft Page Faults:      19.62K         (95% in [2.38K, 36.86K])       Measurable effect: 30.48K (1.3 SDs) (required sample size for an effect of 5% of stdev: 6401)
  Text Size:                 0          (95% in [0, 0])               
  Data Size:                 0          (95% in [0, 0])               
  Library Size:          57.31M         (95% in [13.99M, 100.62M])     Measurable effect: 76.59M (1.3 SDs) (required sample size for an effect of 5% of stdev: 6401)

.Scenario 'org.eclipse.swt.test.Draw on an image' (average over 10 samples):
  System Time:             1.2s         (95% in [1.19s, 1.2s])         Measurable effect: 15ms (1.3 SDs)
  Used Java Heap:       789.99K         (95% in [194.28K, 1.35M])      Measurable effect: 1.03M (1.3 SDs) (required sample size for an effect of 5% of stdev: 6400)
  Working Set:               0          (95% in [0, 0])               
  Kernel time:               1ms        (95% in [-1ms, 3ms])           Measurable effect: 4ms (1.3 SDs) (required sample size for an effect of 5% of stdev: 6400)
  CPU Time:               1.21s         (95% in [1.18s, 1.23s])        Measurable effect: 49ms (1.3 SDs)
  Hard Page Faults:          0          (95% in [0, 0])               
  Soft Page Faults:          3          (95% in [-4, 11])              Measurable effect: 13 (1.3 SDs) (required sample size for an effect of 5% of stdev: 6401)
  Text Size:                 0          (95% in [0, 0])               
  Data Size:                 0          (95% in [0, 0])               
  Library Size:              0          (95% in [0, 0])               

.Scenario 'org.eclipse.swt.test.Draw on a window' (average over 10 samples):
  System Time:              12ms        (95% in [9ms, 14ms])           Measurable effect: 4ms (1.3 SDs) (required sample size for an effect of 5% of mean: 573)
  Used Java Heap:            0          (95% in [0, 0])               
  Working Set:               0          (95% in [0, 0])               
  Kernel time:               0ms        (95% in [0ms, 0ms])           
  CPU Time:                 15ms        (95% in [3ms, 26ms])           Measurable effect: 20ms (1.3 SDs) (required sample size for an effect of 5% of stdev: 6400)
  Hard Page Faults:          0          (95% in [0, 0])               
  Soft Page Faults:          0          (95% in [0, 0])                Measurable effect: 0 (1.3 SDs) (required sample size for an effect of 5% of stdev: 6400)
  Text Size:                 0          (95% in [0, 0])               
  Data Size:                 0          (95% in [0, 0])               
  Library Size:              0          (95% in [0, 0])               

.Scenario 'org.eclipse.swt.test.Draw strings using GC.drawText' (average over 10 samples):
  System Time:            2.35s         (95% in [2.33s, 2.36s])        Measurable effect: 22ms (1.3 SDs)
  Used Java Heap:         3.55M         (95% in [3.02M, 4.08M])        Measurable effect: 965.38K (1.3 SDs) (required sample size for an effect of 5% of mean: 283)
  Working Set:            22.8K         (95% in [-21.33K, 66.92K])     Measurable effect: 78.02K (1.3 SDs) (required sample size for an effect of 5% of stdev: 6401)
  Kernel time:               1ms        (95% in [-1ms, 3ms])           Measurable effect: 4ms (1.3 SDs) (required sample size for an effect of 5% of stdev: 6400)
  CPU Time:               2.36s         (95% in [2.33s, 2.4s])         Measurable effect: 65ms (1.3 SDs)
  Hard Page Faults:          0          (95% in [0, 0])                Measurable effect: 0 (1.3 SDs) (required sample size for an effect of 5% of stdev: 6400)
  Soft Page Faults:          5          (95% in [-3, 14])              Measurable effect: 15 (1.3 SDs) (required sample size for an effect of 5% of stdev: 6400)
  Text Size:                 0          (95% in [0, 0])               
  Data Size:                 0          (95% in [0, 0])               
  Library Size:           19.2K         (95% in [-11.7K, 50.1K])       Measurable effect: 54.64K (1.3 SDs) (required sample size for an effect of 5% of stdev: 6401)

.Scenario 'org.eclipse.swt.test.Draw strings using GC.drawString()' (average over 10 samples):
  System Time:              64ms        (95% in [62ms, 66ms])          Measurable effect: 3ms (1.3 SDs) (required sample size for an effect of 5% of mean: 14)
  Used Java Heap:            0          (95% in [0, 0])               
  Working Set:               0          (95% in [0, 0])               
  Kernel time:               0ms        (95% in [0ms, 0ms])           
  CPU Time:                 67ms        (95% in [62ms, 71ms])          Measurable effect: 8ms (1.3 SDs) (required sample size for an effect of 5% of mean: 65)
  Hard Page Faults:          0          (95% in [0, 0])               
  Soft Page Faults:          0          (95% in [0, 0])               
  Text Size:                 0          (95% in [0, 0])               
  Data Size:                 0          (95% in [0, 0])               
  Library Size:              0          (95% in [0, 0])               

.Scenario 'org.eclipse.swt.test.Layout Composites' (average over 10 samples):
  System Time:              50ms        (95% in [45ms, 55ms])          Measurable effect: 8ms (1.3 SDs) (required sample size for an effect of 5% of mean: 123)
  Used Java Heap:       315.99K         (95% in [-160.56K, 792.55K])   Measurable effect: 842.64K (1.3 SDs) (required sample size for an effect of 5% of stdev: 6400)
  Working Set:             398K         (95% in [-502.36K, 1.27M])     Measurable effect: 1.55M (1.3 SDs) (required sample size for an effect of 5% of stdev: 6401)
  Kernel time:               0ms        (95% in [0ms, 0ms])           
  CPU Time:                 72ms        (95% in [49ms, 94ms])          Measurable effect: 39ms (1.3 SDs) (required sample size for an effect of 5% of mean: 1230)
  Hard Page Faults:          0          (95% in [0, 0])               
  Soft Page Faults:        101          (95% in [-128, 331])           Measurable effect: 406 (1.3 SDs) (required sample size for an effect of 5% of stdev: 6400)
  Text Size:                 0          (95% in [0, 0])               
  Data Size:                 0          (95% in [0, 0])               
  Library Size:          412.4K         (95% in [-520.53K, 1.31M])     Measurable effect: 1.61M (1.3 SDs) (required sample size for an effect of 5% of stdev: 6401)


Time: 430.892

OK (7 tests)

no new datapoints in DB
disconnecting from DB
