.Scenario 'org.eclipse.swt.test.Create composites' (average over 100 samples):
  System Time:             719ms        (95% in [702ms, 736ms])        Measurable effect: 34ms (0.4 SDs)
  Used Java Heap:      -368.01K         (95% in [-2.99M, 2.27M])       Measurable effect: 5.3M (0.4 SDs) (required sample size for an effect of 5% of stdev: 6400)
  Working Set:           17.99M         (95% in [15.87M, 20.11M])      Measurable effect: 4.28M (0.4 SDs) (required sample size for an effect of 5% of mean: 2262)
  Kernel time:               9ms        (95% in [8ms, 11ms])           Measurable effect: 2ms (0.4 SDs) (required sample size for an effect of 5% of mean: 3100)
  CPU Time:                721ms        (95% in [704ms, 738ms])        Measurable effect: 34ms (0.4 SDs)
  Hard Page Faults:          0          (95% in [0, 0])               
  Soft Page Faults:       5.45K         (95% in [4.37K, 6.54K])        Measurable effect: 2.18K (0.4 SDs) (required sample size for an effect of 5% of stdev: 6401)
  Text Size:                 0          (95% in [0, 0])               
  Data Size:                 0          (95% in [0, 0])               
  Library Size:          17.76M         (95% in [15.64M, 19.88M])      Measurable effect: 4.28M (0.4 SDs) (required sample size for an effect of 5% of mean: 2319)

.Scenario 'org.eclipse.swt.test.Create composites and widgets' (average over 10 samples):
  System Time:            3.91s         (95% in [3.55s, 4.26s])        Measurable effect: 631ms (1.3 SDs) (required sample size for an effect of 5% of mean: 105)
  Used Java Heap:        -3.23M         (95% in [-20.33M, 13.86M])     Measurable effect: 30.22M (1.3 SDs) (required sample size for an effect of 5% of stdev: 6401)
  Working Set:           57.96M         (95% in [13.72M, 102.21M])     Measurable effect: 78.24M (1.3 SDs) (required sample size for an effect of 5% of stdev: 6400)
  Kernel time:              29ms        (95% in [0ms, 57ms])           Measurable effect: 50ms (1.3 SDs) (required sample size for an effect of 5% of stdev: 6401)
  CPU Time:               4.02s         (95% in [3.59s, 4.45s])        Measurable effect: 755ms (1.3 SDs) (required sample size for an effect of 5% of mean: 142)
  Hard Page Faults:          0          (95% in [0, 0])               
  Soft Page Faults:      19.36K         (95% in [2.4K, 36.31K])        Measurable effect: 29.98K (1.3 SDs) (required sample size for an effect of 5% of stdev: 6400)
  Text Size:                 0          (95% in [0, 0])               
  Data Size:                 0          (95% in [0, 0])               
  Library Size:          57.72M         (95% in [13.56M, 101.88M])     Measurable effect: 78.08M (1.3 SDs) (required sample size for an effect of 5% of stdev: 6400)

.Scenario 'org.eclipse.swt.test.Draw on an image' (average over 10 samples):
  System Time:            1.18s         (95% in [1.18s, 1.19s])        Measurable effect: 15ms (1.3 SDs)
  Used Java Heap:       789.85K         (95% in [194.25K, 1.35M])      Measurable effect: 1.03M (1.3 SDs) (required sample size for an effect of 5% of stdev: 6401)
  Working Set:               0          (95% in [0, 0])               
  Kernel time:               0ms        (95% in [0ms, 0ms])           
  CPU Time:                1.2s         (95% in [1.17s, 1.22s])        Measurable effect: 49ms (1.3 SDs)
  Hard Page Faults:          0          (95% in [0, 0])               
  Soft Page Faults:          3          (95% in [-3, 11])              Measurable effect: 13 (1.3 SDs) (required sample size for an effect of 5% of stdev: 6401)
  Text Size:                 0          (95% in [0, 0])               
  Data Size:                 0          (95% in [0, 0])               
  Library Size:              0          (95% in [0, 0])               

.Scenario 'org.eclipse.swt.test.Draw on a window' (average over 10 samples):
  System Time:              10ms        (95% in [8ms, 12ms])           Measurable effect: 2ms (1.3 SDs) (required sample size for an effect of 5% of mean: 332)
  Used Java Heap:       473.92K         (95% in [-71.97K, 1,019.81K])  Measurable effect: 965.24K (1.3 SDs) (required sample size for an effect of 5% of stdev: 6400)
  Working Set:               0          (95% in [0, 0])               
  Kernel time:               1ms        (95% in [-1ms, 3ms])           Measurable effect: 4ms (1.3 SDs) (required sample size for an effect of 5% of stdev: 6400)
  CPU Time:                 15ms        (95% in [5ms, 24ms])           Measurable effect: 16ms (1.3 SDs) (required sample size for an effect of 5% of mean: 4583)
  Hard Page Faults:          0          (95% in [0, 0])               
  Soft Page Faults:          0          (95% in [0, 0])                Measurable effect: 0 (1.3 SDs) (required sample size for an effect of 5% of stdev: 6400)
  Text Size:                 0          (95% in [0, 0])               
  Data Size:                 0          (95% in [0, 0])               
  Library Size:              0          (95% in [0, 0])               

.Scenario 'org.eclipse.swt.test.Draw strings using GC.drawText' (average over 10 samples):
  System Time:            2.38s         (95% in [2.31s, 2.44s])        Measurable effect: 114ms (1.3 SDs)
  Used Java Heap:         3.55M         (95% in [3.02M, 4.08M])        Measurable effect: 965.24K (1.3 SDs) (required sample size for an effect of 5% of mean: 283)
  Working Set:            22.4K         (95% in [-14.5K, 59.3K])       Measurable effect: 65.24K (1.3 SDs) (required sample size for an effect of 5% of stdev: 6401)
  Kernel time:               1ms        (95% in [-1ms, 3ms])           Measurable effect: 4ms (1.3 SDs) (required sample size for an effect of 5% of stdev: 6400)
  CPU Time:               2.39s         (95% in [2.33s, 2.46s])        Measurable effect: 115ms (1.3 SDs)
  Hard Page Faults:          0          (95% in [0, 0])               
  Soft Page Faults:          6          (95% in [-4, 17])              Measurable effect: 19 (1.3 SDs) (required sample size for an effect of 5% of stdev: 6400)
  Text Size:                 0          (95% in [0, 0])               
  Data Size:                 0          (95% in [0, 0])               
  Library Size:           19.6K         (95% in [-12.1K, 51.3K])       Measurable effect: 56.06K (1.3 SDs) (required sample size for an effect of 5% of stdev: 6401)

.Scenario 'org.eclipse.swt.test.Draw strings using GC.drawString()' (average over 10 samples):
  System Time:              62ms        (95% in [59ms, 64ms])          Measurable effect: 4ms (1.3 SDs) (required sample size for an effect of 5% of mean: 19)
  Used Java Heap:       157.97K         (95% in [-199.39K, 515.33K])   Measurable effect: 631.88K (1.3 SDs) (required sample size for an effect of 5% of stdev: 6400)
  Working Set:               0          (95% in [0, 0])               
  Kernel time:               0ms        (95% in [0ms, 0ms])           
  CPU Time:                 63ms        (95% in [58ms, 67ms])          Measurable effect: 8ms (1.3 SDs) (required sample size for an effect of 5% of mean: 74)
  Hard Page Faults:          0          (95% in [0, 0])               
  Soft Page Faults:          0          (95% in [0, 0])                Measurable effect: 0 (1.3 SDs) (required sample size for an effect of 5% of stdev: 6400)
  Text Size:                 0          (95% in [0, 0])               
  Data Size:                 0          (95% in [0, 0])               
  Library Size:              0          (95% in [0, 0])               

.Scenario 'org.eclipse.swt.test.Layout Composites' (average over 10 samples):
  System Time:              53ms        (95% in [46ms, 60ms])          Measurable effect: 12ms (1.3 SDs) (required sample size for an effect of 5% of mean: 224)
  Used Java Heap:       947.85K         (95% in [364.27K, 1.5M])       Measurable effect: 1.01M (1.3 SDs) (required sample size for an effect of 5% of mean: 4741)
  Working Set:           379.2K         (95% in [-478.63K, 1.21M])     Measurable effect: 1.48M (1.3 SDs) (required sample size for an effect of 5% of stdev: 6400)
  Kernel time:               1ms        (95% in [-1ms, 3ms])           Measurable effect: 4ms (1.3 SDs) (required sample size for an effect of 5% of stdev: 6400)
  CPU Time:                 85ms        (95% in [51ms, 118ms])         Measurable effect: 59ms (1.3 SDs) (required sample size for an effect of 5% of mean: 1974)
  Hard Page Faults:          0          (95% in [0, 0])               
  Soft Page Faults:         94          (95% in [-116, 305])           Measurable effect: 373 (1.3 SDs) (required sample size for an effect of 5% of stdev: 6400)
  Text Size:                 0          (95% in [0, 0])               
  Data Size:                 0          (95% in [0, 0])               
  Library Size:          377.6K         (95% in [-476.61K, 1.2M])      Measurable effect: 1.47M (1.3 SDs) (required sample size for an effect of 5% of stdev: 6400)


Time: 420.57

OK (7 tests)

no new datapoints in DB
disconnecting from DB
