.Scenario 'org.eclipse.swt.test.Create composites' (average over 100 samples):
  System Time:             724ms        (95% in [707ms, 742ms])        Measurable effect: 35ms (0.4 SDs)
  Used Java Heap:      -368.45K         (95% in [-2.99M, 2.27M])       Measurable effect: 5.3M (0.4 SDs) (required sample size for an effect of 5% of stdev: 6400)
  Working Set:           17.99M         (95% in [15.86M, 20.12M])      Measurable effect: 4.29M (0.4 SDs) (required sample size for an effect of 5% of mean: 2278)
  Kernel time:               9ms        (95% in [7ms, 10ms])           Measurable effect: 2ms (0.4 SDs) (required sample size for an effect of 5% of mean: 3477)
  CPU Time:                727ms        (95% in [710ms, 743ms])        Measurable effect: 33ms (0.4 SDs)
  Hard Page Faults:          0          (95% in [0, 0])               
  Soft Page Faults:       5.45K         (95% in [4.37K, 6.54K])        Measurable effect: 2.19K (0.4 SDs) (required sample size for an effect of 5% of stdev: 6401)
  Text Size:                 0          (95% in [0, 0])               
  Data Size:                 0          (95% in [0, 0])               
  Library Size:          17.76M         (95% in [15.64M, 19.89M])      Measurable effect: 4.29M (0.4 SDs) (required sample size for an effect of 5% of mean: 2330)

.Scenario 'org.eclipse.swt.test.Create composites and widgets' (average over 10 samples):
  System Time:            3.93s         (95% in [3.57s, 4.28s])        Measurable effect: 626ms (1.3 SDs) (required sample size for an effect of 5% of mean: 102)
  Used Java Heap:        -3.23M         (95% in [-20.31M, 13.85M])     Measurable effect: 30.2M (1.3 SDs) (required sample size for an effect of 5% of stdev: 6400)
  Working Set:           58.03M         (95% in [11.82M, 104.24M])     Measurable effect: 81.7M (1.3 SDs) (required sample size for an effect of 5% of stdev: 6401)
  Kernel time:              31ms        (95% in [8ms, 53ms])           Measurable effect: 40ms (1.3 SDs) (required sample size for an effect of 5% of stdev: 6400)
  CPU Time:               4.04s         (95% in [3.62s, 4.46s])        Measurable effect: 745ms (1.3 SDs) (required sample size for an effect of 5% of mean: 136)
  Hard Page Faults:          0          (95% in [0, 0])               
  Soft Page Faults:      19.36K         (95% in [2.04K, 36.68K])       Measurable effect: 30.62K (1.3 SDs) (required sample size for an effect of 5% of stdev: 6400)
  Text Size:                 0          (95% in [0, 0])               
  Data Size:                 0          (95% in [0, 0])               
  Library Size:          57.69M         (95% in [11.59M, 103.79M])     Measurable effect: 81.51M (1.3 SDs) (required sample size for an effect of 5% of stdev: 6400)

.Scenario 'org.eclipse.swt.test.Draw on an image' (average over 10 samples):
  System Time:            1.19s         (95% in [1.18s, 1.21s])        Measurable effect: 25ms (1.3 SDs)
  Used Java Heap:       789.96K         (95% in [194.28K, 1.35M])      Measurable effect: 1.03M (1.3 SDs) (required sample size for an effect of 5% of stdev: 6400)
  Working Set:            21.2K         (95% in [-26.76K, 69.16K])     Measurable effect: 84.8K (1.3 SDs) (required sample size for an effect of 5% of stdev: 6401)
  Kernel time:               0ms        (95% in [0ms, 0ms])           
  CPU Time:                1.2s         (95% in [1.17s, 1.23s])        Measurable effect: 52ms (1.3 SDs)
  Hard Page Faults:          0          (95% in [0, 0])               
  Soft Page Faults:          3          (95% in [-3, 11])              Measurable effect: 13 (1.3 SDs) (required sample size for an effect of 5% of stdev: 6400)
  Text Size:                 0          (95% in [0, 0])               
  Data Size:                 0          (95% in [0, 0])               
  Library Size:              0          (95% in [0, 0])               

.Scenario 'org.eclipse.swt.test.Draw on a window' (average over 10 samples):
  System Time:              11ms        (95% in [8ms, 14ms])           Measurable effect: 5ms (1.3 SDs) (required sample size for an effect of 5% of mean: 883)
  Used Java Heap:       473.98K         (95% in [-71.98K, 1,019.95K])  Measurable effect: 965.36K (1.3 SDs) (required sample size for an effect of 5% of stdev: 6401)
  Working Set:               0          (95% in [0, 0])               
  Kernel time:               0ms        (95% in [0ms, 0ms])           
  CPU Time:                 16ms        (95% in [2ms, 29ms])           Measurable effect: 24ms (1.3 SDs) (required sample size for an effect of 5% of stdev: 6400)
  Hard Page Faults:          0          (95% in [0, 0])               
  Soft Page Faults:          0          (95% in [0, 0])                Measurable effect: 0 (1.3 SDs) (required sample size for an effect of 5% of stdev: 6400)
  Text Size:                 0          (95% in [0, 0])               
  Data Size:                 0          (95% in [0, 0])               
  Library Size:              0          (95% in [0, 0])               

.Scenario 'org.eclipse.swt.test.Draw strings using GC.drawText' (average over 10 samples):
  System Time:            2.36s         (95% in [2.35s, 2.37s])        Measurable effect: 15ms (1.3 SDs)
  Used Java Heap:         3.39M         (95% in [2.93M, 3.86M])        Measurable effect: 842.64K (1.3 SDs) (required sample size for an effect of 5% of mean: 236)
  Working Set:            24.8K         (95% in [-16.51K, 66.11K])     Measurable effect: 73.04K (1.3 SDs) (required sample size for an effect of 5% of stdev: 6401)
  Kernel time:               0ms        (95% in [0ms, 0ms])           
  CPU Time:               2.37s         (95% in [2.34s, 2.41s])        Measurable effect: 62ms (1.3 SDs)
  Hard Page Faults:          0          (95% in [0, 0])               
  Soft Page Faults:          6          (95% in [-3, 16])              Measurable effect: 17 (1.3 SDs) (required sample size for an effect of 5% of stdev: 6400)
  Text Size:                 0          (95% in [0, 0])               
  Data Size:                 0          (95% in [0, 0])               
  Library Size:           19.6K         (95% in [-12.1K, 51.3K])       Measurable effect: 56.06K (1.3 SDs) (required sample size for an effect of 5% of stdev: 6401)

.Scenario 'org.eclipse.swt.test.Draw strings using GC.drawString()' (average over 10 samples):
  System Time:              62ms        (95% in [59ms, 64ms])          Measurable effect: 4ms (1.3 SDs) (required sample size for an effect of 5% of mean: 24)
  Used Java Heap:       315.98K         (95% in [-160.56K, 792.52K])   Measurable effect: 842.61K (1.3 SDs) (required sample size for an effect of 5% of stdev: 6400)
  Working Set:               0          (95% in [0, 0])               
  Kernel time:               1ms        (95% in [-1ms, 3ms])           Measurable effect: 4ms (1.3 SDs) (required sample size for an effect of 5% of stdev: 6400)
  CPU Time:                 64ms        (95% in [58ms, 69ms])          Measurable effect: 8ms (1.3 SDs) (required sample size for an effect of 5% of mean: 77)
  Hard Page Faults:          0          (95% in [0, 0])               
  Soft Page Faults:          0          (95% in [0, 0])                Measurable effect: 0 (1.3 SDs) (required sample size for an effect of 5% of stdev: 6400)
  Text Size:                 0          (95% in [0, 0])               
  Data Size:                 0          (95% in [0, 0])               
  Library Size:              0          (95% in [0, 0])               

.Scenario 'org.eclipse.swt.test.Layout Composites' (average over 10 samples):
  System Time:              54ms        (95% in [47ms, 61ms])          Measurable effect: 12ms (1.3 SDs) (required sample size for an effect of 5% of mean: 210)
  Used Java Heap:       631.96K         (95% in [48.32K, 1.19M])       Measurable effect: 1.01M (1.3 SDs) (required sample size for an effect of 5% of stdev: 6400)
  Working Set:           414.4K         (95% in [-523.06K, 1.32M])     Measurable effect: 1.62M (1.3 SDs) (required sample size for an effect of 5% of stdev: 6400)
  Kernel time:               0ms        (95% in [0ms, 0ms])           
  CPU Time:                 91ms        (95% in [61ms, 120ms])         Measurable effect: 52ms (1.3 SDs) (required sample size for an effect of 5% of mean: 1313)
  Hard Page Faults:          0          (95% in [0, 0])               
  Soft Page Faults:        107          (95% in [-134, 348])           Measurable effect: 427 (1.3 SDs) (required sample size for an effect of 5% of stdev: 6400)
  Text Size:                 0          (95% in [0, 0])               
  Data Size:                 0          (95% in [0, 0])               
  Library Size:          435.2K         (95% in [-549.31K, 1.39M])     Measurable effect: 1.7M (1.3 SDs) (required sample size for an effect of 5% of stdev: 6400)


Time: 423.17

OK (7 tests)

no new datapoints in DB
disconnecting from DB
