.Scenario 'org.eclipse.swt.test.Create composites' (average over 100 samples):
  System Time:             728ms        (95% in [710ms, 745ms])        Measurable effect: 35ms (0.4 SDs)
  Used Java Heap:      -368.61K         (95% in [-2.99M, 2.27M])       Measurable effect: 5.3M (0.4 SDs) (required sample size for an effect of 5% of stdev: 6400)
  Working Set:           17.99M         (95% in [15.86M, 20.12M])      Measurable effect: 4.29M (0.4 SDs) (required sample size for an effect of 5% of mean: 2275)
  Kernel time:               9ms        (95% in [8ms, 10ms])           Measurable effect: 2ms (0.4 SDs) (required sample size for an effect of 5% of mean: 3063)
  CPU Time:                729ms        (95% in [712ms, 746ms])        Measurable effect: 33ms (0.4 SDs)
  Hard Page Faults:          0          (95% in [0, 0])               
  Soft Page Faults:       5.45K         (95% in [4.37K, 6.54K])        Measurable effect: 2.18K (0.4 SDs) (required sample size for an effect of 5% of stdev: 6400)
  Text Size:                 0          (95% in [0, 0])               
  Data Size:                 0          (95% in [0, 0])               
  Library Size:          17.76M         (95% in [15.64M, 19.88M])      Measurable effect: 4.28M (0.4 SDs) (required sample size for an effect of 5% of mean: 2325)

.Scenario 'org.eclipse.swt.test.Create composites and widgets' (average over 10 samples):
  System Time:            3.95s         (95% in [3.59s, 4.31s])        Measurable effect: 633ms (1.3 SDs) (required sample size for an effect of 5% of mean: 103)
  Used Java Heap:        -3.23M         (95% in [-20.3M, 13.85M])      Measurable effect: 30.19M (1.3 SDs) (required sample size for an effect of 5% of stdev: 6400)
  Working Set:            57.7M         (95% in [13.64M, 101.76M])     Measurable effect: 77.91M (1.3 SDs) (required sample size for an effect of 5% of stdev: 6400)
  Kernel time:              34ms        (95% in [7ms, 60ms])           Measurable effect: 46ms (1.3 SDs) (required sample size for an effect of 5% of stdev: 6401)
  CPU Time:               4.06s         (95% in [3.65s, 4.47s])        Measurable effect: 726ms (1.3 SDs) (required sample size for an effect of 5% of mean: 129)
  Hard Page Faults:          0          (95% in [0, 0])               
  Soft Page Faults:      19.27K         (95% in [2.31K, 36.23K])       Measurable effect: 29.99K (1.3 SDs) (required sample size for an effect of 5% of stdev: 6400)
  Text Size:                 0          (95% in [0, 0])               
  Data Size:                 0          (95% in [0, 0])               
  Library Size:          57.38M         (95% in [13.33M, 101.42M])     Measurable effect: 77.87M (1.3 SDs) (required sample size for an effect of 5% of stdev: 6401)

.Scenario 'org.eclipse.swt.test.Draw on an image' (average over 10 samples):
  System Time:            1.19s         (95% in [1.18s, 1.2s])         Measurable effect: 15ms (1.3 SDs)
  Used Java Heap:       789.95K         (95% in [194.28K, 1.35M])      Measurable effect: 1.03M (1.3 SDs) (required sample size for an effect of 5% of stdev: 6400)
  Working Set:               0          (95% in [0, 0])               
  Kernel time:               1ms        (95% in [-1ms, 3ms])           Measurable effect: 4ms (1.3 SDs) (required sample size for an effect of 5% of stdev: 6400)
  CPU Time:                1.2s         (95% in [1.17s, 1.23s])        Measurable effect: 56ms (1.3 SDs)
  Hard Page Faults:          0          (95% in [0, 0])               
  Soft Page Faults:          3          (95% in [-4, 11])              Measurable effect: 13 (1.3 SDs) (required sample size for an effect of 5% of stdev: 6400)
  Text Size:                 0          (95% in [0, 0])               
  Data Size:                 0          (95% in [0, 0])               
  Library Size:              0          (95% in [0, 0])               

.Scenario 'org.eclipse.swt.test.Draw on a window' (average over 10 samples):
  System Time:              11ms        (95% in [10ms, 13ms])          Measurable effect: 3ms (1.3 SDs) (required sample size for an effect of 5% of mean: 284)
  Used Java Heap:       473.98K         (95% in [-71.98K, 1,019.94K])  Measurable effect: 965.36K (1.3 SDs) (required sample size for an effect of 5% of stdev: 6400)
  Working Set:               0          (95% in [0, 0])               
  Kernel time:               0ms        (95% in [0ms, 0ms])           
  CPU Time:                 14ms        (95% in [7ms, 20ms])           Measurable effect: 12ms (1.3 SDs) (required sample size for an effect of 5% of mean: 3048)
  Hard Page Faults:          0          (95% in [0, 0])               
  Soft Page Faults:          0          (95% in [0, 0])                Measurable effect: 0 (1.3 SDs) (required sample size for an effect of 5% of stdev: 6400)
  Text Size:                 0          (95% in [0, 0])               
  Data Size:                 0          (95% in [0, 0])               
  Library Size:              0          (95% in [0, 0])               

.Scenario 'org.eclipse.swt.test.Draw strings using GC.drawText' (average over 10 samples):
  System Time:            2.34s         (95% in [2.33s, 2.35s])        Measurable effect: 15ms (1.3 SDs)
  Used Java Heap:         3.55M         (95% in [3.02M, 4.08M])        Measurable effect: 965.35K (1.3 SDs) (required sample size for an effect of 5% of mean: 283)
  Working Set:            30.4K         (95% in [-27.32K, 88.12K])     Measurable effect: 102.07K (1.3 SDs) (required sample size for an effect of 5% of stdev: 6400)
  Kernel time:               0ms        (95% in [0ms, 0ms])           
  CPU Time:               2.35s         (95% in [2.32s, 2.38s])        Measurable effect: 58ms (1.3 SDs)
  Hard Page Faults:          0          (95% in [0, 0])               
  Soft Page Faults:          7          (95% in [-5, 19])              Measurable effect: 21 (1.3 SDs) (required sample size for an effect of 5% of stdev: 6401)
  Text Size:                 0          (95% in [0, 0])               
  Data Size:                 0          (95% in [0, 0])               
  Library Size:           19.6K         (95% in [-12.1K, 51.3K])       Measurable effect: 56.06K (1.3 SDs) (required sample size for an effect of 5% of stdev: 6401)

.Scenario 'org.eclipse.swt.test.Draw strings using GC.drawString()' (average over 10 samples):
  System Time:              66ms        (95% in [65ms, 67ms])          Measurable effect: 1ms (1.3 SDs)
  Used Java Heap:       315.98K         (95% in [-160.56K, 792.51K])   Measurable effect: 842.61K (1.3 SDs) (required sample size for an effect of 5% of stdev: 6400)
  Working Set:               0          (95% in [0, 0])               
  Kernel time:               0ms        (95% in [0ms, 0ms])           
  CPU Time:                 68ms        (95% in [63ms, 72ms])          Measurable effect: 8ms (1.3 SDs) (required sample size for an effect of 5% of mean: 56)
  Hard Page Faults:          0          (95% in [0, 0])               
  Soft Page Faults:          0          (95% in [0, 0])                Measurable effect: 0 (1.3 SDs) (required sample size for an effect of 5% of stdev: 6400)
  Text Size:                 0          (95% in [0, 0])               
  Data Size:                 0          (95% in [0, 0])               
  Library Size:              0          (95% in [0, 0])               

.Scenario 'org.eclipse.swt.test.Layout Composites' (average over 10 samples):
  System Time:              52ms        (95% in [47ms, 56ms])          Measurable effect: 7ms (1.3 SDs) (required sample size for an effect of 5% of mean: 87)
  Used Java Heap:       947.96K         (95% in [364.31K, 1.5M])       Measurable effect: 1.01M (1.3 SDs) (required sample size for an effect of 5% of mean: 4741)
  Working Set:           440.8K         (95% in [-556.38K, 1.4M])      Measurable effect: 1.72M (1.3 SDs) (required sample size for an effect of 5% of stdev: 6400)
  Kernel time:               2ms        (95% in [-1ms, 5ms])           Measurable effect: 5ms (1.3 SDs) (required sample size for an effect of 5% of stdev: 6400)
  CPU Time:                 83ms        (95% in [63ms, 102ms])         Measurable effect: 33ms (1.3 SDs) (required sample size for an effect of 5% of mean: 662)
  Hard Page Faults:          0          (95% in [0, 0])               
  Soft Page Faults:        110          (95% in [-138, 358])           Measurable effect: 439 (1.3 SDs) (required sample size for an effect of 5% of stdev: 6400)
  Text Size:                 0          (95% in [0, 0])               
  Data Size:                 0          (95% in [0, 0])               
  Library Size:          457.6K         (95% in [-577.58K, 1.46M])     Measurable effect: 1.79M (1.3 SDs) (required sample size for an effect of 5% of stdev: 6400)


Time: 425.566

OK (7 tests)

no new datapoints in DB
disconnecting from DB
