.Scenario 'org.eclipse.swt.test.Create composites' (average over 100 samples):
  System Time:             722ms        (95% in [705ms, 739ms])        Measurable effect: 35ms (0.4 SDs)
  Used Java Heap:      -382.56K         (95% in [-3M, 2.25M])          Measurable effect: 5.29M (0.4 SDs) (required sample size for an effect of 5% of stdev: 6400)
  Working Set:           17.98M         (95% in [15.89M, 20.07M])      Measurable effect: 4.22M (0.4 SDs) (required sample size for an effect of 5% of mean: 2203)
  Kernel time:               9ms        (95% in [7ms, 11ms])           Measurable effect: 3ms (0.4 SDs) (required sample size for an effect of 5% of mean: 5242)
  CPU Time:                724ms        (95% in [707ms, 741ms])        Measurable effect: 33ms (0.4 SDs)
  Hard Page Faults:          0          (95% in [0, 0])               
  Soft Page Faults:       5.45K         (95% in [4.37K, 6.53K])        Measurable effect: 2.17K (0.4 SDs) (required sample size for an effect of 5% of mean: 6358)
  Text Size:                 0          (95% in [0, 0])               
  Data Size:                 0          (95% in [0, 0])               
  Library Size:          17.75M         (95% in [15.66M, 19.84M])      Measurable effect: 4.21M (0.4 SDs) (required sample size for an effect of 5% of mean: 2254)

.Scenario 'org.eclipse.swt.test.Create composites and widgets' (average over 10 samples):
  System Time:            3.95s         (95% in [3.59s, 4.32s])        Measurable effect: 649ms (1.3 SDs) (required sample size for an effect of 5% of mean: 108)
  Used Java Heap:        -3.23M         (95% in [-20.32M, 13.85M])     Measurable effect: 30.21M (1.3 SDs) (required sample size for an effect of 5% of stdev: 6401)
  Working Set:           58.14M         (95% in [11.73M, 104.55M])     Measurable effect: 82.06M (1.3 SDs) (required sample size for an effect of 5% of stdev: 6401)
  Kernel time:              34ms        (95% in [10ms, 57ms])          Measurable effect: 42ms (1.3 SDs) (required sample size for an effect of 5% of mean: 6177)
  CPU Time:               4.08s         (95% in [3.63s, 4.54s])        Measurable effect: 808ms (1.3 SDs) (required sample size for an effect of 5% of mean: 157)
  Hard Page Faults:          0          (95% in [0, 0])               
  Soft Page Faults:      19.38K         (95% in [2.05K, 36.71K])       Measurable effect: 30.64K (1.3 SDs) (required sample size for an effect of 5% of stdev: 6401)
  Text Size:                 0          (95% in [0, 0])               
  Data Size:                 0          (95% in [0, 0])               
  Library Size:          57.92M         (95% in [11.41M, 104.43M])     Measurable effect: 82.24M (1.3 SDs) (required sample size for an effect of 5% of stdev: 6400)

.Scenario 'org.eclipse.swt.test.Draw on an image' (average over 10 samples):
  System Time:            1.19s         (95% in [1.18s, 1.2s])         Measurable effect: 12ms (1.3 SDs)
  Used Java Heap:       789.94K         (95% in [194.27K, 1.35M])      Measurable effect: 1.03M (1.3 SDs) (required sample size for an effect of 5% of stdev: 6401)
  Working Set:               0          (95% in [0, 0])               
  Kernel time:               0ms        (95% in [0ms, 0ms])           
  CPU Time:                1.2s         (95% in [1.17s, 1.24s])        Measurable effect: 62ms (1.3 SDs) (required sample size for an effect of 5% of mean: 11)
  Hard Page Faults:          0          (95% in [0, 0])               
  Soft Page Faults:          3          (95% in [-4, 11])              Measurable effect: 13 (1.3 SDs) (required sample size for an effect of 5% of stdev: 6400)
  Text Size:                 0          (95% in [0, 0])               
  Data Size:                 0          (95% in [0, 0])               
  Library Size:              0          (95% in [0, 0])               

.Scenario 'org.eclipse.swt.test.Draw on a window' (average over 10 samples):
  System Time:              11ms        (95% in [10ms, 12ms])          Measurable effect: 1ms (1.3 SDs) (required sample size for an effect of 5% of mean: 123)
  Used Java Heap:            0          (95% in [0, 0])               
  Working Set:              34K         (95% in [-42.91K, 110.91K])    Measurable effect: 136K (1.3 SDs) (required sample size for an effect of 5% of stdev: 6401)
  Kernel time:               0ms        (95% in [0ms, 0ms])           
  CPU Time:                 13ms        (95% in [6ms, 19ms])           Measurable effect: 12ms (1.3 SDs) (required sample size for an effect of 5% of mean: 3409)
  Hard Page Faults:          0          (95% in [0, 0])               
  Soft Page Faults:          0          (95% in [0, 0])                Measurable effect: 0 (1.3 SDs) (required sample size for an effect of 5% of stdev: 6400)
  Text Size:                 0          (95% in [0, 0])               
  Data Size:                 0          (95% in [0, 0])               
  Library Size:              0          (95% in [0, 0])               

.Scenario 'org.eclipse.swt.test.Draw strings using GC.drawText' (average over 10 samples):
  System Time:            2.35s         (95% in [2.34s, 2.36s])        Measurable effect: 17ms (1.3 SDs)
  Used Java Heap:         3.55M         (95% in [3.02M, 4.08M])        Measurable effect: 965.31K (1.3 SDs) (required sample size for an effect of 5% of mean: 283)
  Working Set:              10K         (95% in [-5.22K, 25.22K])      Measurable effect: 26.91K (1.3 SDs) (required sample size for an effect of 5% of stdev: 6400)
  Kernel time:               1ms        (95% in [-1ms, 3ms])           Measurable effect: 4ms (1.3 SDs) (required sample size for an effect of 5% of stdev: 6400)
  CPU Time:               2.37s         (95% in [2.33s, 2.41s])        Measurable effect: 69ms (1.3 SDs)
  Hard Page Faults:          0          (95% in [0, 0])               
  Soft Page Faults:          6          (95% in [-4, 17])              Measurable effect: 19 (1.3 SDs) (required sample size for an effect of 5% of stdev: 6401)
  Text Size:                 0          (95% in [0, 0])               
  Data Size:                 0          (95% in [0, 0])               
  Library Size:           19.6K         (95% in [-11.64K, 50.84K])     Measurable effect: 55.24K (1.3 SDs) (required sample size for an effect of 5% of stdev: 6401)

.Scenario 'org.eclipse.swt.test.Draw strings using GC.drawString()' (average over 10 samples):
  System Time:              65ms        (95% in [63ms, 67ms])          Measurable effect: 2ms (1.3 SDs)
  Used Java Heap:            0          (95% in [0, 0])               
  Working Set:               0          (95% in [0, 0])               
  Kernel time:               0ms        (95% in [0ms, 0ms])           
  CPU Time:                 67ms        (95% in [62ms, 71ms])          Measurable effect: 8ms (1.3 SDs) (required sample size for an effect of 5% of mean: 65)
  Hard Page Faults:          0          (95% in [0, 0])               
  Soft Page Faults:          0          (95% in [0, 0])               
  Text Size:                 0          (95% in [0, 0])               
  Data Size:                 0          (95% in [0, 0])               
  Library Size:              0          (95% in [0, 0])               

.Scenario 'org.eclipse.swt.test.Layout Composites' (average over 10 samples):
  System Time:              56ms        (95% in [48ms, 63ms])          Measurable effect: 12ms (1.3 SDs) (required sample size for an effect of 5% of mean: 198)
  Used Java Heap:       315.97K         (95% in [-160.56K, 792.5K])    Measurable effect: 842.6K (1.3 SDs) (required sample size for an effect of 5% of stdev: 6400)
  Working Set:           414.8K         (95% in [-523.56K, 1.32M])     Measurable effect: 1.62M (1.3 SDs) (required sample size for an effect of 5% of stdev: 6401)
  Kernel time:               0ms        (95% in [0ms, 0ms])           
  CPU Time:                 90ms        (95% in [58ms, 121ms])         Measurable effect: 54ms (1.3 SDs) (required sample size for an effect of 5% of mean: 1493)
  Hard Page Faults:          0          (95% in [0, 0])               
  Soft Page Faults:        104          (95% in [-132, 341])           Measurable effect: 418 (1.3 SDs) (required sample size for an effect of 5% of stdev: 6400)
  Text Size:                 0          (95% in [0, 0])               
  Data Size:                 0          (95% in [0, 0])               
  Library Size:          425.6K         (95% in [-537.19K, 1.36M])     Measurable effect: 1.66M (1.3 SDs) (required sample size for an effect of 5% of stdev: 6400)


Time: 426.248

OK (7 tests)

no new datapoints in DB
disconnecting from DB
