.Scenario 'org.eclipse.swt.test.Create composites' (average over 100 samples):
  System Time:             715ms        (95% in [698ms, 732ms])        Measurable effect: 34ms (0.4 SDs)
  Used Java Heap:      -368.61K         (95% in [-2.99M, 2.27M])       Measurable effect: 5.3M (0.4 SDs) (required sample size for an effect of 5% of stdev: 6400)
  Working Set:           17.82M         (95% in [15.67M, 19.97M])      Measurable effect: 4.34M (0.4 SDs) (required sample size for an effect of 5% of mean: 2368)
  Kernel time:               8ms        (95% in [7ms, 10ms])           Measurable effect: 3ms (0.4 SDs) (required sample size for an effect of 5% of mean: 4889)
  CPU Time:                716ms        (95% in [699ms, 733ms])        Measurable effect: 33ms (0.4 SDs)
  Hard Page Faults:          0          (95% in [0, 0])               
  Soft Page Faults:       5.41K         (95% in [4.32K, 6.5K])         Measurable effect: 2.19K (0.4 SDs) (required sample size for an effect of 5% of stdev: 6400)
  Text Size:                 0          (95% in [0, 0])               
  Data Size:                 0          (95% in [0, 0])               
  Library Size:           17.6M         (95% in [15.45M, 19.75M])      Measurable effect: 4.34M (0.4 SDs) (required sample size for an effect of 5% of mean: 2432)

.Scenario 'org.eclipse.swt.test.Create composites and widgets' (average over 10 samples):
  System Time:            3.89s         (95% in [3.54s, 4.24s])        Measurable effect: 620ms (1.3 SDs) (required sample size for an effect of 5% of mean: 102)
  Used Java Heap:        -3.23M         (95% in [-20.31M, 13.85M])     Measurable effect: 30.2M (1.3 SDs) (required sample size for an effect of 5% of stdev: 6401)
  Working Set:           57.29M         (95% in [12.22M, 102.36M])     Measurable effect: 79.69M (1.3 SDs) (required sample size for an effect of 5% of stdev: 6400)
  Kernel time:              33ms        (95% in [5ms, 60ms])           Measurable effect: 48ms (1.3 SDs) (required sample size for an effect of 5% of stdev: 6400)
  CPU Time:               4.01s         (95% in [3.59s, 4.43s])        Measurable effect: 743ms (1.3 SDs) (required sample size for an effect of 5% of mean: 138)
  Hard Page Faults:          0          (95% in [0, 0])               
  Soft Page Faults:      19.16K         (95% in [2.02K, 36.3K])        Measurable effect: 30.31K (1.3 SDs) (required sample size for an effect of 5% of stdev: 6400)
  Text Size:                 0          (95% in [0, 0])               
  Data Size:                 0          (95% in [0, 0])               
  Library Size:          56.89M         (95% in [12.03M, 101.75M])     Measurable effect: 79.32M (1.3 SDs) (required sample size for an effect of 5% of stdev: 6400)

.Scenario 'org.eclipse.swt.test.Draw on an image' (average over 10 samples):
  System Time:            1.19s         (95% in [1.18s, 1.2s])         Measurable effect: 16ms (1.3 SDs)
  Used Java Heap:       789.95K         (95% in [194.28K, 1.35M])      Measurable effect: 1.03M (1.3 SDs) (required sample size for an effect of 5% of stdev: 6400)
  Working Set:              22K         (95% in [-27.77K, 71.77K])     Measurable effect: 88K (1.3 SDs) (required sample size for an effect of 5% of stdev: 6401)
  Kernel time:               0ms        (95% in [0ms, 0ms])           
  CPU Time:                1.2s         (95% in [1.17s, 1.22s])        Measurable effect: 47ms (1.3 SDs)
  Hard Page Faults:          0          (95% in [0, 0])               
  Soft Page Faults:          5          (95% in [-5, 15])              Measurable effect: 18 (1.3 SDs) (required sample size for an effect of 5% of stdev: 6401)
  Text Size:                 0          (95% in [0, 0])               
  Data Size:                 0          (95% in [0, 0])               
  Library Size:            5.2K         (95% in [-6.56K, 16.96K])      Measurable effect: 20.8K (1.3 SDs) (required sample size for an effect of 5% of stdev: 6401)

.Scenario 'org.eclipse.swt.test.Draw on a window' (average over 10 samples):
  System Time:              12ms        (95% in [8ms, 15ms])           Measurable effect: 5ms (1.3 SDs) (required sample size for an effect of 5% of mean: 840)
  Used Java Heap:            0          (95% in [0, 0])               
  Working Set:               0          (95% in [0, 0])               
  Kernel time:               0ms        (95% in [0ms, 0ms])           
  CPU Time:                 15ms        (95% in [3ms, 26ms])           Measurable effect: 20ms (1.3 SDs) (required sample size for an effect of 5% of stdev: 6400)
  Hard Page Faults:          0          (95% in [0, 0])               
  Soft Page Faults:          0          (95% in [0, 0])               
  Text Size:                 0          (95% in [0, 0])               
  Data Size:                 0          (95% in [0, 0])               
  Library Size:              0          (95% in [0, 0])               

.Scenario 'org.eclipse.swt.test.Draw strings using GC.drawText' (average over 10 samples):
  System Time:            2.34s         (95% in [2.33s, 2.35s])        Measurable effect: 21ms (1.3 SDs)
  Used Java Heap:         3.55M         (95% in [3.02M, 4.08M])        Measurable effect: 965.4K (1.3 SDs) (required sample size for an effect of 5% of mean: 283)
  Working Set:            22.8K         (95% in [-11.59K, 57.19K])     Measurable effect: 60.81K (1.3 SDs) (required sample size for an effect of 5% of stdev: 6401)
  Kernel time:               2ms        (95% in [-1ms, 5ms])           Measurable effect: 5ms (1.3 SDs) (required sample size for an effect of 5% of stdev: 6400)
  CPU Time:               2.36s         (95% in [2.32s, 2.39s])        Measurable effect: 63ms (1.3 SDs)
  Hard Page Faults:          0          (95% in [0, 0])               
  Soft Page Faults:          7          (95% in [-5, 19])              Measurable effect: 21 (1.3 SDs) (required sample size for an effect of 5% of stdev: 6401)
  Text Size:                 0          (95% in [0, 0])               
  Data Size:                 0          (95% in [0, 0])               
  Library Size:             26K         (95% in [-13.22K, 65.22K])     Measurable effect: 69.34K (1.3 SDs) (required sample size for an effect of 5% of stdev: 6400)

.Scenario 'org.eclipse.swt.test.Draw strings using GC.drawString()' (average over 10 samples):
  System Time:              62ms        (95% in [60ms, 65ms])          Measurable effect: 3ms (1.3 SDs) (required sample size for an effect of 5% of mean: 15)
  Used Java Heap:            0          (95% in [0, 0])               
  Working Set:               0          (95% in [0, 0])               
  Kernel time:               1ms        (95% in [-1ms, 3ms])           Measurable effect: 4ms (1.3 SDs) (required sample size for an effect of 5% of stdev: 6400)
  CPU Time:                 67ms        (95% in [58ms, 75ms])          Measurable effect: 14ms (1.3 SDs) (required sample size for an effect of 5% of mean: 192)
  Hard Page Faults:          0          (95% in [0, 0])               
  Soft Page Faults:          0          (95% in [0, 0])                Measurable effect: 0 (1.3 SDs) (required sample size for an effect of 5% of stdev: 6400)
  Text Size:                 0          (95% in [0, 0])               
  Data Size:                 0          (95% in [0, 0])               
  Library Size:              0          (95% in [0, 0])               

.Scenario 'org.eclipse.swt.test.Layout Composites' (average over 10 samples):
  System Time:              55ms        (95% in [46ms, 65ms])          Measurable effect: 17ms (1.3 SDs) (required sample size for an effect of 5% of mean: 371)
  Used Java Heap:       315.98K         (95% in [-160.56K, 792.51K])   Measurable effect: 842.61K (1.3 SDs) (required sample size for an effect of 5% of stdev: 6401)
  Working Set:           460.4K         (95% in [-544.47K, 1.43M])     Measurable effect: 1.74M (1.3 SDs) (required sample size for an effect of 5% of stdev: 6401)
  Kernel time:               1ms        (95% in [-1ms, 3ms])           Measurable effect: 4ms (1.3 SDs) (required sample size for an effect of 5% of stdev: 6400)
  CPU Time:                 77ms        (95% in [52ms, 101ms])         Measurable effect: 43ms (1.3 SDs) (required sample size for an effect of 5% of mean: 1273)
  Hard Page Faults:          0          (95% in [0, 0])               
  Soft Page Faults:        114          (95% in [-142, 371])           Measurable effect: 454 (1.3 SDs) (required sample size for an effect of 5% of stdev: 6401)
  Text Size:                 0          (95% in [0, 0])               
  Data Size:                 0          (95% in [0, 0])               
  Library Size:          473.6K         (95% in [-581.79K, 1.49M])     Measurable effect: 1.82M (1.3 SDs) (required sample size for an effect of 5% of stdev: 6400)


Time: 419.781

OK (7 tests)

no new datapoints in DB
disconnecting from DB
