.Scenario 'org.eclipse.swt.test.Create composites' (average over 100 samples):
  System Time:             725ms        (95% in [707ms, 742ms])        Measurable effect: 34ms (0.4 SDs)
  Used Java Heap:      -368.29K         (95% in [-2.99M, 2.27M])       Measurable effect: 5.3M (0.4 SDs) (required sample size for an effect of 5% of stdev: 6400)
  Working Set:           17.99M         (95% in [15.85M, 20.12M])      Measurable effect: 4.3M (0.4 SDs) (required sample size for an effect of 5% of mean: 2289)
  Kernel time:              10ms        (95% in [8ms, 11ms])           Measurable effect: 2ms (0.4 SDs) (required sample size for an effect of 5% of mean: 3233)
  CPU Time:                727ms        (95% in [710ms, 744ms])        Measurable effect: 33ms (0.4 SDs)
  Hard Page Faults:          0          (95% in [0, 0])               
  Soft Page Faults:       5.46K         (95% in [4.37K, 6.54K])        Measurable effect: 2.19K (0.4 SDs) (required sample size for an effect of 5% of stdev: 6400)
  Text Size:                 0          (95% in [0, 0])               
  Data Size:                 0          (95% in [0, 0])               
  Library Size:          17.77M         (95% in [15.64M, 19.91M])      Measurable effect: 4.31M (0.4 SDs) (required sample size for an effect of 5% of mean: 2349)

.Scenario 'org.eclipse.swt.test.Create composites and widgets' (average over 10 samples):
  System Time:             3.9s         (95% in [3.55s, 4.25s])        Measurable effect: 619ms (1.3 SDs) (required sample size for an effect of 5% of mean: 101)
  Used Java Heap:        -3.23M         (95% in [-20.31M, 13.85M])     Measurable effect: 30.2M (1.3 SDs) (required sample size for an effect of 5% of stdev: 6401)
  Working Set:           57.56M         (95% in [12.74M, 102.39M])     Measurable effect: 79.26M (1.3 SDs) (required sample size for an effect of 5% of stdev: 6401)
  Kernel time:              34ms        (95% in [9ms, 58ms])           Measurable effect: 43ms (1.3 SDs) (required sample size for an effect of 5% of stdev: 6400)
  CPU Time:               4.03s         (95% in [3.6s, 4.45s])         Measurable effect: 750ms (1.3 SDs) (required sample size for an effect of 5% of mean: 140)
  Hard Page Faults:          0          (95% in [0, 0])               
  Soft Page Faults:      19.23K         (95% in [2.13K, 36.34K])       Measurable effect: 30.24K (1.3 SDs) (required sample size for an effect of 5% of stdev: 6400)
  Text Size:                 0          (95% in [0, 0])               
  Data Size:                 0          (95% in [0, 0])               
  Library Size:          57.14M         (95% in [12.48M, 101.81M])     Measurable effect: 78.98M (1.3 SDs) (required sample size for an effect of 5% of stdev: 6400)

.Scenario 'org.eclipse.swt.test.Draw on an image' (average over 10 samples):
  System Time:            1.18s         (95% in [1.17s, 1.19s])        Measurable effect: 16ms (1.3 SDs)
  Used Java Heap:       789.95K         (95% in [194.28K, 1.35M])      Measurable effect: 1.03M (1.3 SDs) (required sample size for an effect of 5% of stdev: 6400)
  Working Set:               0          (95% in [0, 0])               
  Kernel time:               0ms        (95% in [0ms, 0ms])           
  CPU Time:               1.19s         (95% in [1.16s, 1.22s])        Measurable effect: 50ms (1.3 SDs)
  Hard Page Faults:          0          (95% in [0, 0])               
  Soft Page Faults:          3          (95% in [-3, 11])              Measurable effect: 13 (1.3 SDs) (required sample size for an effect of 5% of stdev: 6400)
  Text Size:                 0          (95% in [0, 0])               
  Data Size:                 0          (95% in [0, 0])               
  Library Size:              0          (95% in [0, 0])               

.Scenario 'org.eclipse.swt.test.Draw on a window' (average over 10 samples):
  System Time:              16ms        (95% in [11ms, 20ms])          Measurable effect: 7ms (1.3 SDs) (required sample size for an effect of 5% of mean: 939)
  Used Java Heap:            0          (95% in [0, 0])               
  Working Set:               0          (95% in [0, 0])               
  Kernel time:               0ms        (95% in [0ms, 0ms])           
  CPU Time:                 20ms        (95% in [9ms, 30ms])           Measurable effect: 18ms (1.3 SDs) (required sample size for an effect of 5% of mean: 3556)
  Hard Page Faults:          0          (95% in [0, 0])               
  Soft Page Faults:          0          (95% in [0, 0])               
  Text Size:                 0          (95% in [0, 0])               
  Data Size:                 0          (95% in [0, 0])               
  Library Size:              0          (95% in [0, 0])               

.Scenario 'org.eclipse.swt.test.Draw strings using GC.drawText' (average over 10 samples):
  System Time:            2.36s         (95% in [2.34s, 2.38s])        Measurable effect: 39ms (1.3 SDs)
  Used Java Heap:         3.55M         (95% in [3.02M, 4.08M])        Measurable effect: 965.4K (1.3 SDs) (required sample size for an effect of 5% of mean: 283)
  Working Set:            27.2K         (95% in [-14.89K, 69.29K])     Measurable effect: 74.43K (1.3 SDs) (required sample size for an effect of 5% of stdev: 6400)
  Kernel time:               0ms        (95% in [0ms, 0ms])           
  CPU Time:               2.38s         (95% in [2.35s, 2.41s])        Measurable effect: 53ms (1.3 SDs)
  Hard Page Faults:          0          (95% in [0, 0])               
  Soft Page Faults:          6          (95% in [-4, 18])              Measurable effect: 20 (1.3 SDs) (required sample size for an effect of 5% of stdev: 6401)
  Text Size:                 0          (95% in [0, 0])               
  Data Size:                 0          (95% in [0, 0])               
  Library Size:             26K         (95% in [-18.44K, 70.44K])     Measurable effect: 78.57K (1.3 SDs) (required sample size for an effect of 5% of stdev: 6401)

.Scenario 'org.eclipse.swt.test.Draw strings using GC.drawString()' (average over 10 samples):
  System Time:              68ms        (95% in [60ms, 75ms])          Measurable effect: 12ms (1.3 SDs) (required sample size for an effect of 5% of mean: 144)
  Used Java Heap:            0          (95% in [0, 0])               
  Working Set:               0          (95% in [0, 0])               
  Kernel time:               0ms        (95% in [0ms, 0ms])           
  CPU Time:                 70ms        (95% in [61ms, 78ms])          Measurable effect: 14ms (1.3 SDs) (required sample size for an effect of 5% of mean: 175)
  Hard Page Faults:          0          (95% in [0, 0])               
  Soft Page Faults:          0          (95% in [0, 0])                Measurable effect: 0 (1.3 SDs) (required sample size for an effect of 5% of stdev: 6400)
  Text Size:                 0          (95% in [0, 0])               
  Data Size:                 0          (95% in [0, 0])               
  Library Size:              0          (95% in [0, 0])               

.Scenario 'org.eclipse.swt.test.Layout Composites' (average over 10 samples):
  System Time:              52ms        (95% in [42ms, 62ms])          Measurable effect: 17ms (1.3 SDs) (required sample size for an effect of 5% of mean: 445)
  Used Java Heap:       473.97K         (95% in [-71.97K, 1,019.91K])  Measurable effect: 965.33K (1.3 SDs) (required sample size for an effect of 5% of stdev: 6400)
  Working Set:           416.4K         (95% in [-525.58K, 1.33M])     Measurable effect: 1.63M (1.3 SDs) (required sample size for an effect of 5% of stdev: 6401)
  Kernel time:               2ms        (95% in [-1ms, 5ms])           Measurable effect: 5ms (1.3 SDs) (required sample size for an effect of 5% of stdev: 6400)
  CPU Time:                 82ms        (95% in [57ms, 106ms])         Measurable effect: 42ms (1.3 SDs) (required sample size for an effect of 5% of mean: 1075)
  Hard Page Faults:          0          (95% in [0, 0])               
  Soft Page Faults:        104          (95% in [-128, 337])           Measurable effect: 412 (1.3 SDs) (required sample size for an effect of 5% of stdev: 6400)
  Text Size:                 0          (95% in [0, 0])               
  Data Size:                 0          (95% in [0, 0])               
  Library Size:          422.4K         (95% in [-533.15K, 1.35M])     Measurable effect: 1.65M (1.3 SDs) (required sample size for an effect of 5% of stdev: 6400)


Time: 420.968

OK (7 tests)

no new datapoints in DB
disconnecting from DB
