.Scenario 'org.eclipse.swt.test.Create composites' (average over 100 samples):
  System Time:             779ms        (95% in [758ms, 800ms])        Measurable effect: 42ms (0.4 SDs) (required sample size for an effect of 5% of mean: 122)
  Used Java Heap:      -365.82K         (95% in [-2.98M, 2.27M])       Measurable effect: 5.29M (0.4 SDs) (required sample size for an effect of 5% of stdev: 6400)
  Working Set:           17.99M         (95% in [15.89M, 20.1M])       Measurable effect: 4.25M (0.4 SDs) (required sample size for an effect of 5% of mean: 2233)
  Kernel time:               9ms        (95% in [8ms, 10ms])           Measurable effect: 2ms (0.4 SDs) (required sample size for an effect of 5% of mean: 3922)
  CPU Time:                760ms        (95% in [740ms, 779ms])        Measurable effect: 39ms (0.4 SDs) (required sample size for an effect of 5% of mean: 106)
  Hard Page Faults:          0          (95% in [0, 0])               
  Soft Page Faults:       5.45K         (95% in [4.37K, 6.53K])        Measurable effect: 2.18K (0.4 SDs) (required sample size for an effect of 5% of mean: 6380)
  Text Size:                 0          (95% in [0, 0])               
  Data Size:                 0          (95% in [0, 0])               
  Library Size:          17.77M         (95% in [15.66M, 19.87M])      Measurable effect: 4.24M (0.4 SDs) (required sample size for an effect of 5% of mean: 2278)

.Scenario 'org.eclipse.swt.test.Create composites and widgets' (average over 10 samples):
  System Time:            3.94s         (95% in [3.58s, 4.3s])         Measurable effect: 638ms (1.3 SDs) (required sample size for an effect of 5% of mean: 105)
  Used Java Heap:        -3.23M         (95% in [-20.32M, 13.85M])     Measurable effect: 30.22M (1.3 SDs) (required sample size for an effect of 5% of stdev: 6400)
  Working Set:           57.09M         (95% in [12.91M, 101.27M])     Measurable effect: 78.12M (1.3 SDs) (required sample size for an effect of 5% of stdev: 6401)
  Kernel time:              30ms        (95% in [6ms, 53ms])           Measurable effect: 42ms (1.3 SDs) (required sample size for an effect of 5% of stdev: 6400)
  CPU Time:               4.06s         (95% in [3.62s, 4.51s])        Measurable effect: 782ms (1.3 SDs) (required sample size for an effect of 5% of mean: 149)
  Hard Page Faults:          0          (95% in [0, 0])               
  Soft Page Faults:      19.11K         (95% in [2.12K, 36.11K])       Measurable effect: 30.05K (1.3 SDs) (required sample size for an effect of 5% of stdev: 6401)
  Text Size:                 0          (95% in [0, 0])               
  Data Size:                 0          (95% in [0, 0])               
  Library Size:          56.75M         (95% in [12.67M, 100.83M])     Measurable effect: 77.94M (1.3 SDs) (required sample size for an effect of 5% of stdev: 6401)

.Scenario 'org.eclipse.swt.test.Draw on an image' (average over 10 samples):
  System Time:            1.19s         (95% in [1.18s, 1.2s])         Measurable effect: 17ms (1.3 SDs)
  Used Java Heap:       790.02K         (95% in [194.29K, 1.35M])      Measurable effect: 1.03M (1.3 SDs) (required sample size for an effect of 5% of stdev: 6400)
  Working Set:               0          (95% in [0, 0])               
  Kernel time:               0ms        (95% in [0ms, 0ms])           
  CPU Time:                1.2s         (95% in [1.17s, 1.23s])        Measurable effect: 52ms (1.3 SDs)
  Hard Page Faults:          0          (95% in [0, 0])               
  Soft Page Faults:          4          (95% in [-5, 15])              Measurable effect: 18 (1.3 SDs) (required sample size for an effect of 5% of stdev: 6400)
  Text Size:                 0          (95% in [0, 0])               
  Data Size:                 0          (95% in [0, 0])               
  Library Size:            5.2K         (95% in [-6.56K, 16.96K])      Measurable effect: 20.8K (1.3 SDs) (required sample size for an effect of 5% of stdev: 6401)

.Scenario 'org.eclipse.swt.test.Draw on a window' (average over 10 samples):
  System Time:              14ms        (95% in [8ms, 20ms])           Measurable effect: 10ms (1.3 SDs) (required sample size for an effect of 5% of mean: 2307)
  Used Java Heap:       474.01K         (95% in [-71.98K, 1,020K])     Measurable effect: 965.42K (1.3 SDs) (required sample size for an effect of 5% of stdev: 6400)
  Working Set:               0          (95% in [0, 0])               
  Kernel time:               0ms        (95% in [0ms, 0ms])           
  CPU Time:                 19ms        (95% in [6ms, 31ms])           Measurable effect: 21ms (1.3 SDs) (required sample size for an effect of 5% of mean: 5299)
  Hard Page Faults:          0          (95% in [0, 0])               
  Soft Page Faults:          0          (95% in [0, 0])                Measurable effect: 0 (1.3 SDs) (required sample size for an effect of 5% of stdev: 6401)
  Text Size:                 0          (95% in [0, 0])               
  Data Size:                 0          (95% in [0, 0])               
  Library Size:              0          (95% in [0, 0])               

.Scenario 'org.eclipse.swt.test.Draw strings using GC.drawText' (average over 10 samples):
  System Time:            2.36s         (95% in [2.33s, 2.39s])        Measurable effect: 57ms (1.3 SDs)
  Used Java Heap:         3.55M         (95% in [3.02M, 4.08M])        Measurable effect: 965.49K (1.3 SDs) (required sample size for an effect of 5% of mean: 283)
  Working Set:            28.8K         (95% in [-20.32K, 77.92K])     Measurable effect: 86.85K (1.3 SDs) (required sample size for an effect of 5% of stdev: 6401)
  Kernel time:               0ms        (95% in [0ms, 0ms])           
  CPU Time:               2.37s         (95% in [2.32s, 2.43s])        Measurable effect: 102ms (1.3 SDs)
  Hard Page Faults:          0          (95% in [0, 0])               
  Soft Page Faults:          7          (95% in [-5, 19])              Measurable effect: 22 (1.3 SDs) (required sample size for an effect of 5% of stdev: 6400)
  Text Size:                 0          (95% in [0, 0])               
  Data Size:                 0          (95% in [0, 0])               
  Library Size:             26K         (95% in [-19.09K, 71.09K])     Measurable effect: 79.72K (1.3 SDs) (required sample size for an effect of 5% of stdev: 6401)

.Scenario 'org.eclipse.swt.test.Draw strings using GC.drawString()' (average over 10 samples):
  System Time:              65ms        (95% in [60ms, 70ms])          Measurable effect: 8ms (1.3 SDs) (required sample size for an effect of 5% of mean: 68)
  Used Java Heap:          158K         (95% in [-199.43K, 515.43K])   Measurable effect: 632K (1.3 SDs) (required sample size for an effect of 5% of stdev: 6400)
  Working Set:               0          (95% in [0, 0])               
  Kernel time:               1ms        (95% in [-1ms, 3ms])           Measurable effect: 4ms (1.3 SDs) (required sample size for an effect of 5% of stdev: 6400)
  CPU Time:                 67ms        (95% in [59ms, 74ms])          Measurable effect: 13ms (1.3 SDs) (required sample size for an effect of 5% of mean: 160)
  Hard Page Faults:          0          (95% in [0, 0])               
  Soft Page Faults:          0          (95% in [0, 0])                Measurable effect: 0 (1.3 SDs) (required sample size for an effect of 5% of stdev: 6400)
  Text Size:                 0          (95% in [0, 0])               
  Data Size:                 0          (95% in [0, 0])               
  Library Size:              0          (95% in [0, 0])               

.Scenario 'org.eclipse.swt.test.Layout Composites' (average over 10 samples):
  System Time:              37ms        (95% in [29ms, 45ms])          Measurable effect: 14ms (1.3 SDs) (required sample size for an effect of 5% of mean: 559)
  Used Java Heap:       948.06K         (95% in [364.35K, 1.5M])       Measurable effect: 1.01M (1.3 SDs) (required sample size for an effect of 5% of mean: 4741)
  Working Set:           314.8K         (95% in [-397.34K, 1M])        Measurable effect: 1.23M (1.3 SDs) (required sample size for an effect of 5% of stdev: 6400)
  Kernel time:               1ms        (95% in [-1ms, 3ms])           Measurable effect: 4ms (1.3 SDs) (required sample size for an effect of 5% of stdev: 6400)
  CPU Time:                 73ms        (95% in [35ms, 110ms])         Measurable effect: 65ms (1.3 SDs) (required sample size for an effect of 5% of mean: 3231)
  Hard Page Faults:          0          (95% in [0, 0])               
  Soft Page Faults:         80          (95% in [-99, 260])            Measurable effect: 318 (1.3 SDs) (required sample size for an effect of 5% of stdev: 6400)
  Text Size:                 0          (95% in [0, 0])               
  Data Size:                 0          (95% in [0, 0])               
  Library Size:          326.4K         (95% in [-411.98K, 1.04M])     Measurable effect: 1.27M (1.3 SDs) (required sample size for an effect of 5% of stdev: 6400)


Time: 436.661

OK (7 tests)

no new datapoints in DB
disconnecting from DB
