.Scenario 'org.eclipse.swt.test.Create composites' (average over 100 samples):
  System Time:             719ms        (95% in [702ms, 737ms])        Measurable effect: 34ms (0.4 SDs)
  Used Java Heap:      -368.33K         (95% in [-2.99M, 2.27M])       Measurable effect: 5.3M (0.4 SDs) (required sample size for an effect of 5% of stdev: 6401)
  Working Set:           17.95M         (95% in [15.81M, 20.09M])      Measurable effect: 4.31M (0.4 SDs) (required sample size for an effect of 5% of mean: 2308)
  Kernel time:               9ms        (95% in [8ms, 10ms])           Measurable effect: 2ms (0.4 SDs) (required sample size for an effect of 5% of mean: 3193)
  CPU Time:                721ms        (95% in [705ms, 738ms])        Measurable effect: 32ms (0.4 SDs)
  Hard Page Faults:          0          (95% in [0, 0])               
  Soft Page Faults:       5.44K         (95% in [4.35K, 6.52K])        Measurable effect: 2.19K (0.4 SDs) (required sample size for an effect of 5% of stdev: 6401)
  Text Size:                 0          (95% in [0, 0])               
  Data Size:                 0          (95% in [0, 0])               
  Library Size:          17.72M         (95% in [15.58M, 19.86M])      Measurable effect: 4.31M (0.4 SDs) (required sample size for an effect of 5% of mean: 2365)

.Scenario 'org.eclipse.swt.test.Create composites and widgets' (average over 10 samples):
  System Time:            3.88s         (95% in [3.52s, 4.23s])        Measurable effect: 624ms (1.3 SDs) (required sample size for an effect of 5% of mean: 104)
  Used Java Heap:        -3.23M         (95% in [-20.33M, 13.86M])     Measurable effect: 30.22M (1.3 SDs) (required sample size for an effect of 5% of stdev: 6401)
  Working Set:           57.27M         (95% in [11.17M, 103.37M])     Measurable effect: 81.51M (1.3 SDs) (required sample size for an effect of 5% of stdev: 6400)
  Kernel time:              33ms        (95% in [9ms, 56ms])           Measurable effect: 42ms (1.3 SDs) (required sample size for an effect of 5% of stdev: 6401)
  CPU Time:               3.98s         (95% in [3.58s, 4.38s])        Measurable effect: 705ms (1.3 SDs) (required sample size for an effect of 5% of mean: 126)
  Hard Page Faults:          0          (95% in [0, 0])               
  Soft Page Faults:      19.16K         (95% in [1.86K, 36.46K])       Measurable effect: 30.59K (1.3 SDs) (required sample size for an effect of 5% of stdev: 6401)
  Text Size:                 0          (95% in [0, 0])               
  Data Size:                 0          (95% in [0, 0])               
  Library Size:          57.07M         (95% in [10.84M, 103.3M])      Measurable effect: 81.74M (1.3 SDs) (required sample size for an effect of 5% of stdev: 6400)

.Scenario 'org.eclipse.swt.test.Draw on an image' (average over 10 samples):
  System Time:            1.19s         (95% in [1.18s, 1.2s])         Measurable effect: 18ms (1.3 SDs)
  Used Java Heap:       789.86K         (95% in [194.25K, 1.35M])      Measurable effect: 1.03M (1.3 SDs) (required sample size for an effect of 5% of stdev: 6400)
  Working Set:            26.4K         (95% in [-33.32K, 86.12K])     Measurable effect: 105.6K (1.3 SDs) (required sample size for an effect of 5% of stdev: 6400)
  Kernel time:               1ms        (95% in [-1ms, 3ms])           Measurable effect: 4ms (1.3 SDs) (required sample size for an effect of 5% of stdev: 6400)
  CPU Time:                1.2s         (95% in [1.17s, 1.23s])        Measurable effect: 51ms (1.3 SDs)
  Hard Page Faults:          0          (95% in [0, 0])               
  Soft Page Faults:          4          (95% in [-5, 15])              Measurable effect: 18 (1.3 SDs) (required sample size for an effect of 5% of stdev: 6400)
  Text Size:                 0          (95% in [0, 0])               
  Data Size:                 0          (95% in [0, 0])               
  Library Size:            5.2K         (95% in [-6.56K, 16.96K])      Measurable effect: 20.8K (1.3 SDs) (required sample size for an effect of 5% of stdev: 6401)

.Scenario 'org.eclipse.swt.test.Draw on a window' (average over 10 samples):
  System Time:              11ms        (95% in [8ms, 14ms])           Measurable effect: 5ms (1.3 SDs) (required sample size for an effect of 5% of mean: 808)
  Used Java Heap:       473.93K         (95% in [-71.97K, 1,019.83K])  Measurable effect: 965.25K (1.3 SDs) (required sample size for an effect of 5% of stdev: 6401)
  Working Set:               0          (95% in [0, 0])               
  Kernel time:               0ms        (95% in [0ms, 0ms])           
  CPU Time:                 15ms        (95% in [5ms, 24ms])           Measurable effect: 16ms (1.3 SDs) (required sample size for an effect of 5% of mean: 4583)
  Hard Page Faults:          0          (95% in [0, 0])               
  Soft Page Faults:          0          (95% in [0, 0])               
  Text Size:                 0          (95% in [0, 0])               
  Data Size:                 0          (95% in [0, 0])               
  Library Size:              0          (95% in [0, 0])               

.Scenario 'org.eclipse.swt.test.Draw strings using GC.drawText' (average over 10 samples):
  System Time:            2.34s         (95% in [2.33s, 2.35s])        Measurable effect: 19ms (1.3 SDs)
  Used Java Heap:         3.55M         (95% in [3.02M, 4.08M])        Measurable effect: 965.29K (1.3 SDs) (required sample size for an effect of 5% of mean: 283)
  Working Set:            15.2K         (95% in [-7.72K, 38.12K])      Measurable effect: 40.53K (1.3 SDs) (required sample size for an effect of 5% of stdev: 6400)
  Kernel time:               2ms        (95% in [-1ms, 5ms])           Measurable effect: 5ms (1.3 SDs) (required sample size for an effect of 5% of stdev: 6400)
  CPU Time:               2.35s         (95% in [2.31s, 2.39s])        Measurable effect: 71ms (1.3 SDs)
  Hard Page Faults:          0          (95% in [0, 0])               
  Soft Page Faults:          6          (95% in [-4, 17])              Measurable effect: 18 (1.3 SDs) (required sample size for an effect of 5% of stdev: 6400)
  Text Size:                 0          (95% in [0, 0])               
  Data Size:                 0          (95% in [0, 0])               
  Library Size:           19.6K         (95% in [-12.1K, 51.3K])       Measurable effect: 56.06K (1.3 SDs) (required sample size for an effect of 5% of stdev: 6401)

.Scenario 'org.eclipse.swt.test.Draw strings using GC.drawString()' (average over 10 samples):
  System Time:              63ms        (95% in [62ms, 65ms])          Measurable effect: 3ms (1.3 SDs)
  Used Java Heap:       157.97K         (95% in [-199.39K, 515.33K])   Measurable effect: 631.89K (1.3 SDs) (required sample size for an effect of 5% of stdev: 6401)
  Working Set:               0          (95% in [0, 0])               
  Kernel time:               0ms        (95% in [0ms, 0ms])           
  CPU Time:                 65ms        (95% in [58ms, 71ms])          Measurable effect: 10ms (1.3 SDs) (required sample size for an effect of 5% of mean: 110)
  Hard Page Faults:          0          (95% in [0, 0])               
  Soft Page Faults:          0          (95% in [0, 0])                Measurable effect: 0 (1.3 SDs) (required sample size for an effect of 5% of stdev: 6400)
  Text Size:                 0          (95% in [0, 0])               
  Data Size:                 0          (95% in [0, 0])               
  Library Size:              0          (95% in [0, 0])               

.Scenario 'org.eclipse.swt.test.Layout Composites' (average over 10 samples):
  System Time:              56ms        (95% in [44ms, 67ms])          Measurable effect: 20ms (1.3 SDs) (required sample size for an effect of 5% of mean: 547)
  Used Java Heap:       947.83K         (95% in [364.26K, 1.5M])       Measurable effect: 1.01M (1.3 SDs) (required sample size for an effect of 5% of mean: 4741)
  Working Set:           356.4K         (95% in [-449.85K, 1.14M])     Measurable effect: 1.39M (1.3 SDs) (required sample size for an effect of 5% of stdev: 6401)
  Kernel time:               0ms        (95% in [0ms, 0ms])           
  CPU Time:                 87ms        (95% in [57ms, 116ms])         Measurable effect: 52ms (1.3 SDs) (required sample size for an effect of 5% of mean: 1467)
  Hard Page Faults:          0          (95% in [0, 0])               
  Soft Page Faults:         89          (95% in [-111, 290])           Measurable effect: 355 (1.3 SDs) (required sample size for an effect of 5% of stdev: 6401)
  Text Size:                 0          (95% in [0, 0])               
  Data Size:                 0          (95% in [0, 0])               
  Library Size:            368K         (95% in [-464.49K, 1.17M])     Measurable effect: 1.44M (1.3 SDs) (required sample size for an effect of 5% of stdev: 6400)


Time: 419.363

OK (7 tests)

no new datapoints in DB
disconnecting from DB
