.Scenario 'org.eclipse.swt.test.Create composites' (average over 100 samples):
  System Time:             715ms        (95% in [698ms, 732ms])        Measurable effect: 34ms (0.4 SDs)
  Used Java Heap:      -368.33K         (95% in [-2.99M, 2.27M])       Measurable effect: 5.3M (0.4 SDs) (required sample size for an effect of 5% of stdev: 6401)
  Working Set:           17.98M         (95% in [15.85M, 20.12M])      Measurable effect: 4.3M (0.4 SDs) (required sample size for an effect of 5% of mean: 2284)
  Kernel time:               9ms        (95% in [7ms, 10ms])           Measurable effect: 3ms (0.4 SDs) (required sample size for an effect of 5% of mean: 5012)
  CPU Time:                717ms        (95% in [700ms, 733ms])        Measurable effect: 33ms (0.4 SDs)
  Hard Page Faults:          0          (95% in [0, 0])               
  Soft Page Faults:       5.45K         (95% in [4.37K, 6.54K])        Measurable effect: 2.19K (0.4 SDs) (required sample size for an effect of 5% of stdev: 6400)
  Text Size:                 0          (95% in [0, 0])               
  Data Size:                 0          (95% in [0, 0])               
  Library Size:          17.76M         (95% in [15.63M, 19.89M])      Measurable effect: 4.29M (0.4 SDs) (required sample size for an effect of 5% of mean: 2333)

.Scenario 'org.eclipse.swt.test.Create composites and widgets' (average over 10 samples):
  System Time:            3.86s         (95% in [3.51s, 4.22s])        Measurable effect: 628ms (1.3 SDs) (required sample size for an effect of 5% of mean: 106)
  Used Java Heap:        -3.23M         (95% in [-20.29M, 13.84M])     Measurable effect: 30.18M (1.3 SDs) (required sample size for an effect of 5% of stdev: 6401)
  Working Set:           59.76M         (95% in [12.41M, 107.11M])     Measurable effect: 83.73M (1.3 SDs) (required sample size for an effect of 5% of stdev: 6400)
  Kernel time:              30ms        (95% in [4ms, 55ms])           Measurable effect: 44ms (1.3 SDs) (required sample size for an effect of 5% of stdev: 6401)
  CPU Time:                  4s         (95% in [3.55s, 4.45s])        Measurable effect: 791ms (1.3 SDs) (required sample size for an effect of 5% of mean: 157)
  Hard Page Faults:          0          (95% in [0, 0])               
  Soft Page Faults:      19.81K         (95% in [2.38K, 37.23K])       Measurable effect: 30.81K (1.3 SDs) (required sample size for an effect of 5% of stdev: 6401)
  Text Size:                 0          (95% in [0, 0])               
  Data Size:                 0          (95% in [0, 0])               
  Library Size:          57.79M         (95% in [10.89M, 104.7M])      Measurable effect: 82.94M (1.3 SDs) (required sample size for an effect of 5% of stdev: 6401)

.Scenario 'org.eclipse.swt.test.Draw on an image' (average over 10 samples):
  System Time:             1.2s         (95% in [1.19s, 1.21s])        Measurable effect: 18ms (1.3 SDs)
  Used Java Heap:       631.89K         (95% in [48.31K, 1.19M])       Measurable effect: 1.01M (1.3 SDs) (required sample size for an effect of 5% of stdev: 6400)
  Working Set:            55.2K         (95% in [-69.67K, 180.07K])    Measurable effect: 220.8K (1.3 SDs) (required sample size for an effect of 5% of stdev: 6401)
  Kernel time:               0ms        (95% in [0ms, 0ms])           
  CPU Time:               1.21s         (95% in [1.18s, 1.24s])        Measurable effect: 55ms (1.3 SDs)
  Hard Page Faults:          0          (95% in [0, 0])               
  Soft Page Faults:          5          (95% in [-5, 16])              Measurable effect: 19 (1.3 SDs) (required sample size for an effect of 5% of stdev: 6401)
  Text Size:                 0          (95% in [0, 0])               
  Data Size:                 0          (95% in [0, 0])               
  Library Size:            5.6K         (95% in [-7.07K, 18.27K])      Measurable effect: 22.4K (1.3 SDs) (required sample size for an effect of 5% of stdev: 6400)

.Scenario 'org.eclipse.swt.test.Draw on a window' (average over 10 samples):
  System Time:              10ms        (95% in [9ms, 11ms])           Measurable effect: 1ms (1.3 SDs) (required sample size for an effect of 5% of mean: 95)
  Used Java Heap:            0          (95% in [0, 0])               
  Working Set:               0          (95% in [0, 0])               
  Kernel time:               0ms        (95% in [0ms, 0ms])           
  CPU Time:                 14ms        (95% in [7ms, 20ms])           Measurable effect: 12ms (1.3 SDs) (required sample size for an effect of 5% of mean: 3048)
  Hard Page Faults:          0          (95% in [0, 0])               
  Soft Page Faults:          0          (95% in [0, 0])               
  Text Size:                 0          (95% in [0, 0])               
  Data Size:                 0          (95% in [0, 0])               
  Library Size:              0          (95% in [0, 0])               

.Scenario 'org.eclipse.swt.test.Draw strings using GC.drawText' (average over 10 samples):
  System Time:            2.34s         (95% in [2.33s, 2.35s])        Measurable effect: 17ms (1.3 SDs)
  Used Java Heap:         3.39M         (95% in [2.93M, 3.86M])        Measurable effect: 842.54K (1.3 SDs) (required sample size for an effect of 5% of mean: 236)
  Working Set:            18.8K         (95% in [-14.19K, 51.79K])     Measurable effect: 58.33K (1.3 SDs) (required sample size for an effect of 5% of stdev: 6401)
  Kernel time:               1ms        (95% in [-1ms, 3ms])           Measurable effect: 4ms (1.3 SDs) (required sample size for an effect of 5% of stdev: 6400)
  CPU Time:               2.36s         (95% in [2.32s, 2.39s])        Measurable effect: 61ms (1.3 SDs)
  Hard Page Faults:          0          (95% in [0, 0])               
  Soft Page Faults:          5          (95% in [-3, 14])              Measurable effect: 15 (1.3 SDs) (required sample size for an effect of 5% of stdev: 6400)
  Text Size:                 0          (95% in [0, 0])               
  Data Size:                 0          (95% in [0, 0])               
  Library Size:           12.8K         (95% in [-6.5K, 32.1K])        Measurable effect: 34.13K (1.3 SDs) (required sample size for an effect of 5% of stdev: 6400)

.Scenario 'org.eclipse.swt.test.Draw strings using GC.drawString()' (average over 10 samples):
  System Time:              63ms        (95% in [62ms, 65ms])          Measurable effect: 2ms (1.3 SDs)
  Used Java Heap:       315.94K         (95% in [-160.54K, 792.43K])   Measurable effect: 842.52K (1.3 SDs) (required sample size for an effect of 5% of stdev: 6401)
  Working Set:               0          (95% in [0, 0])               
  Kernel time:               0ms        (95% in [0ms, 0ms])           
  CPU Time:                 67ms        (95% in [62ms, 71ms])          Measurable effect: 8ms (1.3 SDs) (required sample size for an effect of 5% of mean: 65)
  Hard Page Faults:          0          (95% in [0, 0])               
  Soft Page Faults:          0          (95% in [0, 0])                Measurable effect: 0 (1.3 SDs) (required sample size for an effect of 5% of stdev: 6400)
  Text Size:                 0          (95% in [0, 0])               
  Data Size:                 0          (95% in [0, 0])               
  Library Size:              0          (95% in [0, 0])               

.Scenario 'org.eclipse.swt.test.Layout Composites' (average over 10 samples):
  System Time:              50ms        (95% in [44ms, 56ms])          Measurable effect: 10ms (1.3 SDs) (required sample size for an effect of 5% of mean: 186)
  Used Java Heap:       789.85K         (95% in [194.25K, 1.35M])      Measurable effect: 1.03M (1.3 SDs) (required sample size for an effect of 5% of stdev: 6401)
  Working Set:           396.8K         (95% in [-500.84K, 1.26M])     Measurable effect: 1.55M (1.3 SDs) (required sample size for an effect of 5% of stdev: 6400)
  Kernel time:               1ms        (95% in [-1ms, 3ms])           Measurable effect: 4ms (1.3 SDs) (required sample size for an effect of 5% of stdev: 6400)
  CPU Time:                 74ms        (95% in [47ms, 100ms])         Measurable effect: 46ms (1.3 SDs) (required sample size for an effect of 5% of mean: 1564)
  Hard Page Faults:          0          (95% in [0, 0])               
  Soft Page Faults:        102          (95% in [-127, 331])           Measurable effect: 405 (1.3 SDs) (required sample size for an effect of 5% of stdev: 6400)
  Text Size:                 0          (95% in [0, 0])               
  Data Size:                 0          (95% in [0, 0])               
  Library Size:          412.4K         (95% in [-520.53K, 1.31M])     Measurable effect: 1.61M (1.3 SDs) (required sample size for an effect of 5% of stdev: 6401)


Time: 421.561

OK (7 tests)

no new datapoints in DB
disconnecting from DB
