.Scenario 'org.eclipse.swt.test.Create composites' (average over 100 samples):
  System Time:             723ms        (95% in [706ms, 741ms])        Measurable effect: 34ms (0.4 SDs)
  Used Java Heap:      -368.13K         (95% in [-2.99M, 2.27M])       Measurable effect: 5.3M (0.4 SDs) (required sample size for an effect of 5% of stdev: 6400)
  Working Set:           17.99M         (95% in [15.89M, 20.09M])      Measurable effect: 4.23M (0.4 SDs) (required sample size for an effect of 5% of mean: 2215)
  Kernel time:               9ms        (95% in [8ms, 11ms])           Measurable effect: 3ms (0.4 SDs) (required sample size for an effect of 5% of mean: 4037)
  CPU Time:                726ms        (95% in [709ms, 742ms])        Measurable effect: 33ms (0.4 SDs)
  Hard Page Faults:          0          (95% in [0, 0])               
  Soft Page Faults:       5.43K         (95% in [4.36K, 6.51K])        Measurable effect: 2.17K (0.4 SDs) (required sample size for an effect of 5% of mean: 6357)
  Text Size:                 0          (95% in [0, 0])               
  Data Size:                 0          (95% in [0, 0])               
  Library Size:          17.76M         (95% in [15.66M, 19.86M])      Measurable effect: 4.24M (0.4 SDs) (required sample size for an effect of 5% of mean: 2278)

.Scenario 'org.eclipse.swt.test.Create composites and widgets' (average over 10 samples):
  System Time:             3.9s         (95% in [3.54s, 4.25s])        Measurable effect: 633ms (1.3 SDs) (required sample size for an effect of 5% of mean: 106)
  Used Java Heap:        -3.23M         (95% in [-20.32M, 13.85M])     Measurable effect: 30.21M (1.3 SDs) (required sample size for an effect of 5% of stdev: 6401)
  Working Set:           57.57M         (95% in [13.43M, 101.7M])      Measurable effect: 78.04M (1.3 SDs) (required sample size for an effect of 5% of stdev: 6400)
  Kernel time:              30ms        (95% in [3ms, 56ms])           Measurable effect: 46ms (1.3 SDs) (required sample size for an effect of 5% of stdev: 6400)
  CPU Time:                  4s         (95% in [3.58s, 4.42s])        Measurable effect: 742ms (1.3 SDs) (required sample size for an effect of 5% of mean: 138)
  Hard Page Faults:          0          (95% in [0, 0])               
  Soft Page Faults:      19.23K         (95% in [2.26K, 36.19K])       Measurable effect: 30K (1.3 SDs) (required sample size for an effect of 5% of stdev: 6400)
  Text Size:                 0          (95% in [0, 0])               
  Data Size:                 0          (95% in [0, 0])               
  Library Size:          57.22M         (95% in [13.07M, 101.37M])     Measurable effect: 78.06M (1.3 SDs) (required sample size for an effect of 5% of stdev: 6400)

.Scenario 'org.eclipse.swt.test.Draw on an image' (average over 10 samples):
  System Time:            1.18s         (95% in [1.18s, 1.19s])        Measurable effect: 15ms (1.3 SDs)
  Used Java Heap:       789.95K         (95% in [194.28K, 1.35M])      Measurable effect: 1.03M (1.3 SDs) (required sample size for an effect of 5% of stdev: 6400)
  Working Set:               0          (95% in [0, 0])               
  Kernel time:               1ms        (95% in [-1ms, 3ms])           Measurable effect: 4ms (1.3 SDs) (required sample size for an effect of 5% of stdev: 6400)
  CPU Time:               1.19s         (95% in [1.16s, 1.22s])        Measurable effect: 49ms (1.3 SDs)
  Hard Page Faults:          0          (95% in [0, 0])               
  Soft Page Faults:          3          (95% in [-4, 11])              Measurable effect: 13 (1.3 SDs) (required sample size for an effect of 5% of stdev: 6400)
  Text Size:                 0          (95% in [0, 0])               
  Data Size:                 0          (95% in [0, 0])               
  Library Size:              0          (95% in [0, 0])               

.Scenario 'org.eclipse.swt.test.Draw on a window' (average over 10 samples):
  System Time:              11ms        (95% in [8ms, 14ms])           Measurable effect: 5ms (1.3 SDs) (required sample size for an effect of 5% of mean: 834)
  Used Java Heap:       473.98K         (95% in [-71.98K, 1,019.93K])  Measurable effect: 965.35K (1.3 SDs) (required sample size for an effect of 5% of stdev: 6401)
  Working Set:               0          (95% in [0, 0])               
  Kernel time:               0ms        (95% in [0ms, 0ms])           
  CPU Time:                 15ms        (95% in [3ms, 26ms])           Measurable effect: 20ms (1.3 SDs) (required sample size for an effect of 5% of stdev: 6400)
  Hard Page Faults:          0          (95% in [0, 0])               
  Soft Page Faults:          0          (95% in [0, 0])               
  Text Size:                 0          (95% in [0, 0])               
  Data Size:                 0          (95% in [0, 0])               
  Library Size:              0          (95% in [0, 0])               

.Scenario 'org.eclipse.swt.test.Draw strings using GC.drawText' (average over 10 samples):
  System Time:            2.37s         (95% in [2.36s, 2.39s])        Measurable effect: 28ms (1.3 SDs)
  Used Java Heap:         3.39M         (95% in [2.93M, 3.86M])        Measurable effect: 842.6K (1.3 SDs) (required sample size for an effect of 5% of mean: 236)
  Working Set:            27.2K         (95% in [-14.61K, 69.01K])     Measurable effect: 73.93K (1.3 SDs) (required sample size for an effect of 5% of stdev: 6400)
  Kernel time:               0ms        (95% in [0ms, 0ms])           
  CPU Time:               2.39s         (95% in [2.35s, 2.42s])        Measurable effect: 55ms (1.3 SDs)
  Hard Page Faults:          0          (95% in [0, 0])               
  Soft Page Faults:          6          (95% in [-3, 16])              Measurable effect: 17 (1.3 SDs) (required sample size for an effect of 5% of stdev: 6400)
  Text Size:                 0          (95% in [0, 0])               
  Data Size:                 0          (95% in [0, 0])               
  Library Size:           19.6K         (95% in [-12.1K, 51.3K])       Measurable effect: 56.06K (1.3 SDs) (required sample size for an effect of 5% of stdev: 6401)

.Scenario 'org.eclipse.swt.test.Draw strings using GC.drawString()' (average over 10 samples):
  System Time:              69ms        (95% in [61ms, 77ms])          Measurable effect: 13ms (1.3 SDs) (required sample size for an effect of 5% of mean: 158)
  Used Java Heap:       315.98K         (95% in [-160.56K, 792.52K])   Measurable effect: 842.61K (1.3 SDs) (required sample size for an effect of 5% of stdev: 6400)
  Working Set:               0          (95% in [0, 0])               
  Kernel time:               0ms        (95% in [0ms, 0ms])           
  CPU Time:                 70ms        (95% in [60ms, 79ms])          Measurable effect: 16ms (1.3 SDs) (required sample size for an effect of 5% of mean: 233)
  Hard Page Faults:          0          (95% in [0, 0])               
  Soft Page Faults:          0          (95% in [0, 0])                Measurable effect: 0 (1.3 SDs) (required sample size for an effect of 5% of stdev: 6400)
  Text Size:                 0          (95% in [0, 0])               
  Data Size:                 0          (95% in [0, 0])               
  Library Size:              0          (95% in [0, 0])               

.Scenario 'org.eclipse.swt.test.Layout Composites' (average over 10 samples):
  System Time:              54ms        (95% in [44ms, 65ms])          Measurable effect: 18ms (1.3 SDs) (required sample size for an effect of 5% of mean: 448)
  Used Java Heap:       789.96K         (95% in [194.28K, 1.35M])      Measurable effect: 1.03M (1.3 SDs) (required sample size for an effect of 5% of stdev: 6400)
  Working Set:           386.4K         (95% in [-482.7K, 1.23M])      Measurable effect: 1.5M (1.3 SDs) (required sample size for an effect of 5% of stdev: 6400)
  Kernel time:               0ms        (95% in [0ms, 0ms])           
  CPU Time:                 75ms        (95% in [51ms, 98ms])          Measurable effect: 41ms (1.3 SDs) (required sample size for an effect of 5% of mean: 1220)
  Hard Page Faults:          0          (95% in [0, 0])               
  Soft Page Faults:         98          (95% in [-120, 317])           Measurable effect: 387 (1.3 SDs) (required sample size for an effect of 5% of stdev: 6400)
  Text Size:                 0          (95% in [0, 0])               
  Data Size:                 0          (95% in [0, 0])               
  Library Size:          406.4K         (95% in [-496.99K, 1.28M])     Measurable effect: 1.56M (1.3 SDs) (required sample size for an effect of 5% of stdev: 6400)


Time: 423.198

OK (7 tests)

no new datapoints in DB
disconnecting from DB
