.Scenario 'org.eclipse.swt.test.Create composites' (average over 100 samples):
  System Time:             717ms        (95% in [700ms, 734ms])        Measurable effect: 34ms (0.4 SDs)
  Used Java Heap:      -367.85K         (95% in [-2.99M, 2.27M])       Measurable effect: 5.3M (0.4 SDs) (required sample size for an effect of 5% of stdev: 6400)
  Working Set:           17.94M         (95% in [15.83M, 20.05M])      Measurable effect: 4.25M (0.4 SDs) (required sample size for an effect of 5% of mean: 2248)
  Kernel time:               9ms        (95% in [8ms, 10ms])           Measurable effect: 2ms (0.4 SDs) (required sample size for an effect of 5% of mean: 3492)
  CPU Time:                720ms        (95% in [703ms, 736ms])        Measurable effect: 33ms (0.4 SDs)
  Hard Page Faults:          0          (95% in [0, 0])               
  Soft Page Faults:       5.43K         (95% in [4.36K, 6.51K])        Measurable effect: 2.18K (0.4 SDs) (required sample size for an effect of 5% of stdev: 6401)
  Text Size:                 0          (95% in [0, 0])               
  Data Size:                 0          (95% in [0, 0])               
  Library Size:          17.72M         (95% in [15.61M, 19.83M])      Measurable effect: 4.25M (0.4 SDs) (required sample size for an effect of 5% of mean: 2300)

.Scenario 'org.eclipse.swt.test.Create composites and widgets' (average over 10 samples):
  System Time:             3.9s         (95% in [3.55s, 4.26s])        Measurable effect: 628ms (1.3 SDs) (required sample size for an effect of 5% of mean: 104)
  Used Java Heap:        -3.24M         (95% in [-20.34M, 13.86M])     Measurable effect: 30.24M (1.3 SDs) (required sample size for an effect of 5% of stdev: 6401)
  Working Set:           58.02M         (95% in [10.83M, 105.2M])      Measurable effect: 83.44M (1.3 SDs) (required sample size for an effect of 5% of stdev: 6401)
  Kernel time:              33ms        (95% in [8ms, 57ms])           Measurable effect: 43ms (1.3 SDs) (required sample size for an effect of 5% of stdev: 6401)
  CPU Time:               4.01s         (95% in [3.59s, 4.43s])        Measurable effect: 744ms (1.3 SDs) (required sample size for an effect of 5% of mean: 138)
  Hard Page Faults:          0          (95% in [0, 0])               
  Soft Page Faults:      19.35K         (95% in [1.88K, 36.81K])       Measurable effect: 30.88K (1.3 SDs) (required sample size for an effect of 5% of stdev: 6400)
  Text Size:                 0          (95% in [0, 0])               
  Data Size:                 0          (95% in [0, 0])               
  Library Size:           57.7M         (95% in [10.55M, 104.84M])     Measurable effect: 83.37M (1.3 SDs) (required sample size for an effect of 5% of stdev: 6401)

.Scenario 'org.eclipse.swt.test.Draw on an image' (average over 10 samples):
  System Time:            1.21s         (95% in [1.17s, 1.24s])        Measurable effect: 57ms (1.3 SDs)
  Used Java Heap:       789.86K         (95% in [194.25K, 1.35M])      Measurable effect: 1.03M (1.3 SDs) (required sample size for an effect of 5% of stdev: 6400)
  Working Set:               0          (95% in [0, 0])               
  Kernel time:               1ms        (95% in [-1ms, 3ms])           Measurable effect: 4ms (1.3 SDs) (required sample size for an effect of 5% of stdev: 6400)
  CPU Time:               1.22s         (95% in [1.18s, 1.25s])        Measurable effect: 66ms (1.3 SDs) (required sample size for an effect of 5% of mean: 12)
  Hard Page Faults:          0          (95% in [0, 0])               
  Soft Page Faults:          5          (95% in [-5, 15])              Measurable effect: 19 (1.3 SDs) (required sample size for an effect of 5% of stdev: 6400)
  Text Size:                 0          (95% in [0, 0])               
  Data Size:                 0          (95% in [0, 0])               
  Library Size:            5.2K         (95% in [-6.56K, 16.96K])      Measurable effect: 20.8K (1.3 SDs) (required sample size for an effect of 5% of stdev: 6401)

.Scenario 'org.eclipse.swt.test.Draw on a window' (average over 10 samples):
  System Time:              11ms        (95% in [8ms, 14ms])           Measurable effect: 5ms (1.3 SDs) (required sample size for an effect of 5% of mean: 939)
  Used Java Heap:       473.92K         (95% in [-71.97K, 1,019.82K])  Measurable effect: 965.24K (1.3 SDs) (required sample size for an effect of 5% of stdev: 6400)
  Working Set:               0          (95% in [0, 0])               
  Kernel time:               0ms        (95% in [0ms, 0ms])           
  CPU Time:                 17ms        (95% in [3ms, 30ms])           Measurable effect: 23ms (1.3 SDs) (required sample size for an effect of 5% of stdev: 6401)
  Hard Page Faults:          0          (95% in [0, 0])               
  Soft Page Faults:          0          (95% in [0, 0])               
  Text Size:                 0          (95% in [0, 0])               
  Data Size:                 0          (95% in [0, 0])               
  Library Size:              0          (95% in [0, 0])               

.Scenario 'org.eclipse.swt.test.Draw strings using GC.drawText' (average over 10 samples):
  System Time:            2.36s         (95% in [2.33s, 2.39s])        Measurable effect: 53ms (1.3 SDs)
  Used Java Heap:         3.39M         (95% in [2.93M, 3.86M])        Measurable effect: 842.62K (1.3 SDs) (required sample size for an effect of 5% of mean: 236)
  Working Set:            22.4K         (95% in [-15.06K, 59.86K])     Measurable effect: 66.24K (1.3 SDs) (required sample size for an effect of 5% of stdev: 6400)
  Kernel time:               2ms        (95% in [-1ms, 5ms])           Measurable effect: 5ms (1.3 SDs) (required sample size for an effect of 5% of stdev: 6400)
  CPU Time:               2.38s         (95% in [2.32s, 2.42s])        Measurable effect: 90ms (1.3 SDs)
  Hard Page Faults:          0          (95% in [0, 0])               
  Soft Page Faults:          6          (95% in [-3, 16])              Measurable effect: 17 (1.3 SDs) (required sample size for an effect of 5% of stdev: 6400)
  Text Size:                 0          (95% in [0, 0])               
  Data Size:                 0          (95% in [0, 0])               
  Library Size:           19.2K         (95% in [-11.7K, 50.1K])       Measurable effect: 54.64K (1.3 SDs) (required sample size for an effect of 5% of stdev: 6401)

.Scenario 'org.eclipse.swt.test.Draw strings using GC.drawString()' (average over 10 samples):
  System Time:              62ms        (95% in [59ms, 64ms])          Measurable effect: 4ms (1.3 SDs) (required sample size for an effect of 5% of mean: 22)
  Used Java Heap:       315.94K         (95% in [-160.54K, 792.42K])   Measurable effect: 842.51K (1.3 SDs) (required sample size for an effect of 5% of stdev: 6401)
  Working Set:               0          (95% in [0, 0])               
  Kernel time:               0ms        (95% in [0ms, 0ms])           
  CPU Time:                 64ms        (95% in [58ms, 69ms])          Measurable effect: 8ms (1.3 SDs) (required sample size for an effect of 5% of mean: 77)
  Hard Page Faults:          0          (95% in [0, 0])               
  Soft Page Faults:          0          (95% in [0, 0])                Measurable effect: 0 (1.3 SDs) (required sample size for an effect of 5% of stdev: 6400)
  Text Size:                 0          (95% in [0, 0])               
  Data Size:                 0          (95% in [0, 0])               
  Library Size:              0          (95% in [0, 0])               

.Scenario 'org.eclipse.swt.test.Layout Composites' (average over 10 samples):
  System Time:              50ms        (95% in [44ms, 56ms])          Measurable effect: 10ms (1.3 SDs) (required sample size for an effect of 5% of mean: 187)
  Used Java Heap:       473.92K         (95% in [-71.97K, 1,019.81K])  Measurable effect: 965.24K (1.3 SDs) (required sample size for an effect of 5% of stdev: 6400)
  Working Set:           336.8K         (95% in [-425.11K, 1.07M])     Measurable effect: 1.32M (1.3 SDs) (required sample size for an effect of 5% of stdev: 6400)
  Kernel time:               1ms        (95% in [-1ms, 3ms])           Measurable effect: 4ms (1.3 SDs) (required sample size for an effect of 5% of stdev: 6400)
  CPU Time:                 70ms        (95% in [48ms, 91ms])          Measurable effect: 37ms (1.3 SDs) (required sample size for an effect of 5% of mean: 1132)
  Hard Page Faults:          0          (95% in [0, 0])               
  Soft Page Faults:         83          (95% in [-105, 272])           Measurable effect: 334 (1.3 SDs) (required sample size for an effect of 5% of stdev: 6400)
  Text Size:                 0          (95% in [0, 0])               
  Data Size:                 0          (95% in [0, 0])               
  Library Size:          342.8K         (95% in [-432.68K, 1.09M])     Measurable effect: 1.34M (1.3 SDs) (required sample size for an effect of 5% of stdev: 6400)


Time: 419.955

OK (7 tests)

no new datapoints in DB
disconnecting from DB
