.Scenario 'org.eclipse.swt.test.Create composites' (average over 100 samples):
  System Time:             714ms        (95% in [697ms, 731ms])        Measurable effect: 34ms (0.4 SDs)
  Used Java Heap:      -368.77K         (95% in [-2.99M, 2.27M])       Measurable effect: 5.3M (0.4 SDs) (required sample size for an effect of 5% of stdev: 6400)
  Working Set:           17.84M         (95% in [15.67M, 20M])         Measurable effect: 4.36M (0.4 SDs) (required sample size for an effect of 5% of mean: 2391)
  Kernel time:               9ms        (95% in [7ms, 11ms])           Measurable effect: 3ms (0.4 SDs) (required sample size for an effect of 5% of mean: 4352)
  CPU Time:                716ms        (95% in [700ms, 733ms])        Measurable effect: 33ms (0.4 SDs)
  Hard Page Faults:          0          (95% in [0, 0])               
  Soft Page Faults:       5.41K         (95% in [4.32K, 6.5K])         Measurable effect: 2.2K (0.4 SDs) (required sample size for an effect of 5% of stdev: 6401)
  Text Size:                 0          (95% in [0, 0])               
  Data Size:                 0          (95% in [0, 0])               
  Library Size:          17.62M         (95% in [15.45M, 19.78M])      Measurable effect: 4.36M (0.4 SDs) (required sample size for an effect of 5% of mean: 2454)

.Scenario 'org.eclipse.swt.test.Create composites and widgets' (average over 10 samples):
  System Time:            3.87s         (95% in [3.52s, 4.22s])        Measurable effect: 617ms (1.3 SDs) (required sample size for an effect of 5% of mean: 102)
  Used Java Heap:        -3.21M         (95% in [-20.26M, 13.83M])     Measurable effect: 30.13M (1.3 SDs) (required sample size for an effect of 5% of stdev: 6401)
  Working Set:           58.02M         (95% in [12.38M, 103.66M])     Measurable effect: 80.7M (1.3 SDs) (required sample size for an effect of 5% of stdev: 6400)
  Kernel time:              30ms        (95% in [3ms, 56ms])           Measurable effect: 46ms (1.3 SDs) (required sample size for an effect of 5% of stdev: 6400)
  CPU Time:               3.97s         (95% in [3.57s, 4.38s])        Measurable effect: 718ms (1.3 SDs) (required sample size for an effect of 5% of mean: 131)
  Hard Page Faults:          0          (95% in [0, 0])               
  Soft Page Faults:      19.35K         (95% in [2.15K, 36.55K])       Measurable effect: 30.41K (1.3 SDs) (required sample size for an effect of 5% of stdev: 6400)
  Text Size:                 0          (95% in [0, 0])               
  Data Size:                 0          (95% in [0, 0])               
  Library Size:          57.63M         (95% in [11.98M, 103.27M])     Measurable effect: 80.7M (1.3 SDs) (required sample size for an effect of 5% of stdev: 6400)

.Scenario 'org.eclipse.swt.test.Draw on an image' (average over 10 samples):
  System Time:            1.19s         (95% in [1.17s, 1.2s])         Measurable effect: 25ms (1.3 SDs)
  Used Java Heap:       789.95K         (95% in [194.27K, 1.35M])      Measurable effect: 1.03M (1.3 SDs) (required sample size for an effect of 5% of stdev: 6400)
  Working Set:               0          (95% in [0, 0])               
  Kernel time:               1ms        (95% in [-1ms, 3ms])           Measurable effect: 4ms (1.3 SDs) (required sample size for an effect of 5% of stdev: 6400)
  CPU Time:                1.2s         (95% in [1.17s, 1.23s])        Measurable effect: 55ms (1.3 SDs)
  Hard Page Faults:          0          (95% in [0, 0])               
  Soft Page Faults:          3          (95% in [-3, 11])              Measurable effect: 13 (1.3 SDs) (required sample size for an effect of 5% of stdev: 6400)
  Text Size:                 0          (95% in [0, 0])               
  Data Size:                 0          (95% in [0, 0])               
  Library Size:              0          (95% in [0, 0])               

.Scenario 'org.eclipse.swt.test.Draw on a window' (average over 10 samples):
  System Time:              11ms        (95% in [8ms, 15ms])           Measurable effect: 5ms (1.3 SDs) (required sample size for an effect of 5% of mean: 949)
  Used Java Heap:       315.98K         (95% in [-160.56K, 792.53K])   Measurable effect: 842.62K (1.3 SDs) (required sample size for an effect of 5% of stdev: 6400)
  Working Set:               0          (95% in [0, 0])               
  Kernel time:               0ms        (95% in [0ms, 0ms])           
  CPU Time:                 15ms        (95% in [5ms, 24ms])           Measurable effect: 16ms (1.3 SDs) (required sample size for an effect of 5% of mean: 4583)
  Hard Page Faults:          0          (95% in [0, 0])               
  Soft Page Faults:          0          (95% in [0, 0])               
  Text Size:                 0          (95% in [0, 0])               
  Data Size:                 0          (95% in [0, 0])               
  Library Size:              0          (95% in [0, 0])               

.Scenario 'org.eclipse.swt.test.Draw strings using GC.drawText' (average over 10 samples):
  System Time:             2.4s         (95% in [2.29s, 2.5s])         Measurable effect: 191ms (1.3 SDs) (required sample size for an effect of 5% of mean: 26)
  Used Java Heap:         3.55M         (95% in [3.02M, 4.08M])        Measurable effect: 965.39K (1.3 SDs) (required sample size for an effect of 5% of mean: 283)
  Working Set:            17.6K         (95% in [-9.25K, 44.45K])      Measurable effect: 47.48K (1.3 SDs) (required sample size for an effect of 5% of stdev: 6400)
  Kernel time:               0ms        (95% in [0ms, 0ms])           
  CPU Time:               2.41s         (95% in [2.3s, 2.52s])         Measurable effect: 191ms (1.3 SDs) (required sample size for an effect of 5% of mean: 26)
  Hard Page Faults:          0          (95% in [0, 0])               
  Soft Page Faults:          6          (95% in [-4, 17])              Measurable effect: 19 (1.3 SDs) (required sample size for an effect of 5% of stdev: 6401)
  Text Size:                 0          (95% in [0, 0])               
  Data Size:                 0          (95% in [0, 0])               
  Library Size:           19.2K         (95% in [-11.7K, 50.1K])       Measurable effect: 54.64K (1.3 SDs) (required sample size for an effect of 5% of stdev: 6401)

.Scenario 'org.eclipse.swt.test.Draw strings using GC.drawString()' (average over 10 samples):
  System Time:              64ms        (95% in [62ms, 66ms])          Measurable effect: 3ms (1.3 SDs) (required sample size for an effect of 5% of mean: 15)
  Used Java Heap:       315.98K         (95% in [-160.56K, 792.51K])   Measurable effect: 842.61K (1.3 SDs) (required sample size for an effect of 5% of stdev: 6400)
  Working Set:               0          (95% in [0, 0])               
  Kernel time:               0ms        (95% in [0ms, 0ms])           
  CPU Time:                 64ms        (95% in [60ms, 67ms])          Measurable effect: 6ms (1.3 SDs) (required sample size for an effect of 5% of mean: 42)
  Hard Page Faults:          0          (95% in [0, 0])               
  Soft Page Faults:          0          (95% in [0, 0])                Measurable effect: 0 (1.3 SDs) (required sample size for an effect of 5% of stdev: 6400)
  Text Size:                 0          (95% in [0, 0])               
  Data Size:                 0          (95% in [0, 0])               
  Library Size:              0          (95% in [0, 0])               

.Scenario 'org.eclipse.swt.test.Layout Composites' (average over 10 samples):
  System Time:              48ms        (95% in [43ms, 53ms])          Measurable effect: 8ms (1.3 SDs) (required sample size for an effect of 5% of mean: 125)
  Used Java Heap:       631.96K         (95% in [48.32K, 1.19M])       Measurable effect: 1.01M (1.3 SDs) (required sample size for an effect of 5% of stdev: 6400)
  Working Set:           467.6K         (95% in [-590.2K, 1.49M])      Measurable effect: 1.83M (1.3 SDs) (required sample size for an effect of 5% of stdev: 6400)
  Kernel time:               0ms        (95% in [0ms, 0ms])           
  CPU Time:                 68ms        (95% in [48ms, 87ms])          Measurable effect: 33ms (1.3 SDs) (required sample size for an effect of 5% of mean: 979)
  Hard Page Faults:          0          (95% in [0, 0])               
  Soft Page Faults:        116          (95% in [-144, 377])           Measurable effect: 461 (1.3 SDs) (required sample size for an effect of 5% of stdev: 6400)
  Text Size:                 0          (95% in [0, 0])               
  Data Size:                 0          (95% in [0, 0])               
  Library Size:            480K         (95% in [-605.86K, 1.53M])     Measurable effect: 1.87M (1.3 SDs) (required sample size for an effect of 5% of stdev: 6400)


Time: 422.26

OK (7 tests)

no new datapoints in DB
disconnecting from DB
