.Scenario 'org.eclipse.swt.test.Create composites' (average over 100 samples):
  System Time:             720ms        (95% in [703ms, 738ms])        Measurable effect: 35ms (0.4 SDs)
  Used Java Heap:      -368.45K         (95% in [-2.99M, 2.27M])       Measurable effect: 5.3M (0.4 SDs) (required sample size for an effect of 5% of stdev: 6400)
  Working Set:              18M         (95% in [15.88M, 20.12M])      Measurable effect: 4.27M (0.4 SDs) (required sample size for an effect of 5% of mean: 2254)
  Kernel time:               9ms        (95% in [8ms, 11ms])           Measurable effect: 3ms (0.4 SDs) (required sample size for an effect of 5% of mean: 3911)
  CPU Time:                723ms        (95% in [706ms, 740ms])        Measurable effect: 33ms (0.4 SDs)
  Hard Page Faults:          0          (95% in [0, 0])               
  Soft Page Faults:       5.46K         (95% in [4.37K, 6.54K])        Measurable effect: 2.18K (0.4 SDs) (required sample size for an effect of 5% of mean: 6386)
  Text Size:                 0          (95% in [0, 0])               
  Data Size:                 0          (95% in [0, 0])               
  Library Size:          17.77M         (95% in [15.66M, 19.89M])      Measurable effect: 4.27M (0.4 SDs) (required sample size for an effect of 5% of mean: 2306)

.Scenario 'org.eclipse.swt.test.Create composites and widgets' (average over 10 samples):
  System Time:            3.91s         (95% in [3.56s, 4.26s])        Measurable effect: 619ms (1.3 SDs) (required sample size for an effect of 5% of mean: 101)
  Used Java Heap:        -3.22M         (95% in [-20.28M, 13.84M])     Measurable effect: 30.16M (1.3 SDs) (required sample size for an effect of 5% of stdev: 6400)
  Working Set:           58.01M         (95% in [14.23M, 101.79M])     Measurable effect: 77.41M (1.3 SDs) (required sample size for an effect of 5% of stdev: 6400)
  Kernel time:              35ms        (95% in [8ms, 61ms])           Measurable effect: 47ms (1.3 SDs) (required sample size for an effect of 5% of stdev: 6400)
  CPU Time:               4.03s         (95% in [3.62s, 4.43s])        Measurable effect: 724ms (1.3 SDs) (required sample size for an effect of 5% of mean: 130)
  Hard Page Faults:          0          (95% in [0, 0])               
  Soft Page Faults:      19.35K         (95% in [2.46K, 36.24K])       Measurable effect: 29.86K (1.3 SDs) (required sample size for an effect of 5% of stdev: 6400)
  Text Size:                 0          (95% in [0, 0])               
  Data Size:                 0          (95% in [0, 0])               
  Library Size:          57.56M         (95% in [13.9M, 101.22M])      Measurable effect: 77.2M (1.3 SDs) (required sample size for an effect of 5% of stdev: 6401)

.Scenario 'org.eclipse.swt.test.Draw on an image' (average over 10 samples):
  System Time:             1.2s         (95% in [1.19s, 1.21s])        Measurable effect: 20ms (1.3 SDs)
  Used Java Heap:       631.96K         (95% in [48.32K, 1.19M])       Measurable effect: 1.01M (1.3 SDs) (required sample size for an effect of 5% of stdev: 6400)
  Working Set:               0          (95% in [0, 0])               
  Kernel time:               1ms        (95% in [-1ms, 3ms])           Measurable effect: 4ms (1.3 SDs) (required sample size for an effect of 5% of stdev: 6400)
  CPU Time:               1.21s         (95% in [1.18s, 1.24s])        Measurable effect: 55ms (1.3 SDs)
  Hard Page Faults:          0          (95% in [0, 0])               
  Soft Page Faults:          5          (95% in [-5, 15])              Measurable effect: 18 (1.3 SDs) (required sample size for an effect of 5% of stdev: 6401)
  Text Size:                 0          (95% in [0, 0])               
  Data Size:                 0          (95% in [0, 0])               
  Library Size:            5.2K         (95% in [-6.56K, 16.96K])      Measurable effect: 20.8K (1.3 SDs) (required sample size for an effect of 5% of stdev: 6401)

.Scenario 'org.eclipse.swt.test.Draw on a window' (average over 10 samples):
  System Time:              10ms        (95% in [8ms, 12ms])           Measurable effect: 3ms (1.3 SDs) (required sample size for an effect of 5% of mean: 449)
  Used Java Heap:       473.96K         (95% in [-71.97K, 1,019.9K])   Measurable effect: 965.32K (1.3 SDs) (required sample size for an effect of 5% of stdev: 6400)
  Working Set:               0          (95% in [0, 0])               
  Kernel time:               2ms        (95% in [-1ms, 5ms])           Measurable effect: 5ms (1.3 SDs) (required sample size for an effect of 5% of stdev: 6400)
  CPU Time:                 17ms        (95% in [3ms, 30ms])           Measurable effect: 23ms (1.3 SDs) (required sample size for an effect of 5% of stdev: 6401)
  Hard Page Faults:          0          (95% in [0, 0])               
  Soft Page Faults:          0          (95% in [0, 0])               
  Text Size:                 0          (95% in [0, 0])               
  Data Size:                 0          (95% in [0, 0])               
  Library Size:              0          (95% in [0, 0])               

.Scenario 'org.eclipse.swt.test.Draw strings using GC.drawText' (average over 10 samples):
  System Time:            2.38s         (95% in [2.28s, 2.47s])        Measurable effect: 161ms (1.3 SDs) (required sample size for an effect of 5% of mean: 19)
  Used Java Heap:         3.39M         (95% in [2.93M, 3.86M])        Measurable effect: 842.58K (1.3 SDs) (required sample size for an effect of 5% of mean: 236)
  Working Set:            23.2K         (95% in [-24.47K, 70.87K])     Measurable effect: 84.29K (1.3 SDs) (required sample size for an effect of 5% of stdev: 6400)
  Kernel time:               1ms        (95% in [-1ms, 3ms])           Measurable effect: 4ms (1.3 SDs) (required sample size for an effect of 5% of stdev: 6400)
  CPU Time:               2.39s         (95% in [2.29s, 2.49s])        Measurable effect: 176ms (1.3 SDs) (required sample size for an effect of 5% of mean: 22)
  Hard Page Faults:          0          (95% in [0, 0])               
  Soft Page Faults:          6          (95% in [-4, 18])              Measurable effect: 20 (1.3 SDs) (required sample size for an effect of 5% of stdev: 6400)
  Text Size:                 0          (95% in [0, 0])               
  Data Size:                 0          (95% in [0, 0])               
  Library Size:           19.6K         (95% in [-11.64K, 50.84K])     Measurable effect: 55.24K (1.3 SDs) (required sample size for an effect of 5% of stdev: 6401)

.Scenario 'org.eclipse.swt.test.Draw strings using GC.drawString()' (average over 10 samples):
  System Time:              68ms        (95% in [61ms, 74ms])          Measurable effect: 12ms (1.3 SDs) (required sample size for an effect of 5% of mean: 130)
  Used Java Heap:       315.97K         (95% in [-160.56K, 792.51K])   Measurable effect: 842.6K (1.3 SDs) (required sample size for an effect of 5% of stdev: 6400)
  Working Set:               0          (95% in [0, 0])               
  Kernel time:               1ms        (95% in [-1ms, 3ms])           Measurable effect: 4ms (1.3 SDs) (required sample size for an effect of 5% of stdev: 6400)
  CPU Time:                 70ms        (95% in [61ms, 78ms])          Measurable effect: 14ms (1.3 SDs) (required sample size for an effect of 5% of mean: 175)
  Hard Page Faults:          0          (95% in [0, 0])               
  Soft Page Faults:          0          (95% in [0, 0])                Measurable effect: 0 (1.3 SDs) (required sample size for an effect of 5% of stdev: 6400)
  Text Size:                 0          (95% in [0, 0])               
  Data Size:                 0          (95% in [0, 0])               
  Library Size:              0          (95% in [0, 0])               

.Scenario 'org.eclipse.swt.test.Layout Composites' (average over 10 samples):
  System Time:              51ms        (95% in [45ms, 57ms])          Measurable effect: 10ms (1.3 SDs) (required sample size for an effect of 5% of mean: 173)
  Used Java Heap:       473.98K         (95% in [-71.98K, 1,019.93K])  Measurable effect: 965.35K (1.3 SDs) (required sample size for an effect of 5% of stdev: 6400)
  Working Set:           429.6K         (95% in [-542.24K, 1.37M])     Measurable effect: 1.68M (1.3 SDs) (required sample size for an effect of 5% of stdev: 6400)
  Kernel time:               0ms        (95% in [0ms, 0ms])           
  CPU Time:                 77ms        (95% in [54ms, 99ms])          Measurable effect: 39ms (1.3 SDs) (required sample size for an effect of 5% of mean: 1057)
  Hard Page Faults:          0          (95% in [0, 0])               
  Soft Page Faults:        107          (95% in [-134, 348])           Measurable effect: 426 (1.3 SDs) (required sample size for an effect of 5% of stdev: 6401)
  Text Size:                 0          (95% in [0, 0])               
  Data Size:                 0          (95% in [0, 0])               
  Library Size:          438.4K         (95% in [-553.35K, 1.4M])      Measurable effect: 1.71M (1.3 SDs) (required sample size for an effect of 5% of stdev: 6400)


Time: 423.451

OK (7 tests)

no new datapoints in DB
disconnecting from DB
